59240
59240
79261
79261
79261
79261
79261
79261
79261
79261
79261
79261
79261
79261
79261
79261
79261
79261
79261
79261
79261
79261
79261
79261
46085
46085
46085
46085
46085
46085
46085
46085
46085
46085
46085
46085
46085
46085
46085
46085
46085
46085
46085
46085
46085
46085
46085
46085
46085
46085
46085
46085
46085
46085
46085
46085
46085
37718
37718
37718
37718
37718
37718
37718
37718
37718
37718
37718
37718
37718
37718
37718
37718
37718
37718
37718
37718
37718
37718
37718
37718
37718
37718
37718
37718
37718
37718
37718
37718
12442
12442
12442
12442
12442
12442
12442
12442
12442
12442
12442
12442
12442
12442
12442
12442
12442
12442
12442
12442
12442
12442
12442
12442
12442
12442
12442
12442
12442
12442
12442
12442
7152
7152
7152
7152
7152
7152
7152
7152
7152
7152
7152
7152
7152
7152
7152
7152
7152
7152
7152
7152
7152
7152
7152
7152
7152
7152
7152
7152
7152
7152
7152
7152
7152
7152
7152
7152
7152
7152
7152
7152
7152
7152
7152
7803
7803
7803
7803
7803
7803
7803
7803
7803
7803
7803
7803
7803
7803
7803
7803
7803
7803
7803
7803
7803
7803
7803
7803
7803
7803
7803
22429
22429
22429
22429
22429
22429
22429
22429
22429
22429
22429
22429
22429
22429
22429
22429
22429
22429
22429
22429
22429
22429
22429
22429
22429
22429
22429
22429
47582
49594
49594
49594
49594
93072
93072
93072
93072
93072
93072
93072
93072
93072
93072
93072
93072
93072
93072
93072
93072
93072
93072
66251
66251
66251
66251
66251
66251
66251
66251
66251
66251
66251
66251
66251
66251
66251
66251
66251
66251
66251
66251
12400
12400
12400
12400
12400
12400
12400
12400
12400
12400
12400
12400
12400
12400
12400
12400
12400
12400
12400
12400
12400
12400
12400
12400
12400
12400
12400
12400
12400
12400
12400
12400
12400
12400
12400
12400
12400
12400
12400
12400
12400
12400
12400
54348
54348
54348
54348
54348
54348
54348
54348
27177
27177
27177
27177
27177
27177
27177
27177
27177
27177
27177
27177
27177
27177
27177
27177
27177
17641
17641
17641
17641
17641
17641
17641
17641
17641
9248
9248
9248
9248
9248
9248
9248
9248
9248
9248
9248
9248
9248
9248
9248
9248
9248
9248
9248
9248
9248
9248
9248
9248
9248
9248
9248
9248
9248
9248
9248
9248
9248
9248
9248
9248
9248
9248
9248
9248
9248
9248
9248
28661
28661
28661
28661
28661
28661
28661
28661
28661
28661
28661
28661
28661
28661
28661
28661
28661
28661
28661
3373
3373
3373
3373
3373
3373
3373
3373
3373
3373
3373
3373
3373
3373
3373
3373
3373
3373
3373
3373
3373
3373
3373
3373
3373
3373
3373
3373
3373
3373
3373
3373
3373
3373
3373
3373
3373
3373
3373
3373
3373
3373
3373
10289
10289
10289
10289
10289
25919
25919
4037
4037
3381
3381
3381
3381
3381
3381
3381
3381
3381
3381
3381
3381
3381
3381
3381
3381
3381
3381
3381
3381
3381
3381
3381
3381
3381
3381
3381
3381
3381
3381
3381
3381
3381
3381
3381
3381
3381
3381
3381
3381
3381
3381
3381
17459
17459
17459
17459
17459
17459
17459
17459
17459
17459
17459
17459
17459
17459
17459
17459
17459
17459
34143
34143
34143
34143
34143
34143
34143
34143
34143
34143
34143
34143
34143
34143
34143
34143
34143
34143
34143
34143
34143
34143
34143
34143
34143
34143
34143
34143
34143
34143
34143
4278
4278
4278
4278
4278
4278
1658
1658
1658
1658
1658
1658
1363
1363
1363
1363
1363
1363
1363
1363
1363
1363
1363
1363
1363
1363
1363
1363
1363
1363
1363
1363
1363
1363
1363
1363
1363
1363
1363
1363
1363
1363
1363
1363
1363
1363
1363
1363
1363
1363
1363
1363
1363
1363
1363
59414
59414
59414
59414
59414
59414
59414
59414
59414
59414
59414
59414
59414
59414
59414
59414
59414
59414
62070
62070
62070
62070
62070
62070
62070
62070
62070
62070
62070
62070
62070
62070
62070
76161
76161
76161
76161
70104
70104
70104
70104
70104
44624
44624
44624
28957
28957
28957
28957
28957
28957
28957
28957
28957
28957
28957
28957
28957
28957
28957
28957
28957
28957
28957
28957
28957
28957
28957
28957
28957
28957
28957
28957
28957
28957
28957
28957
28957
28957
28957
28957
28957
28957
28957
28957
28957
28957
28957
37501
37501
37501
37501
37501
37501
37501
37501
37501
37501
37501
37501
37501
37501
37501
37501
37501
37501
37501
37501
37501
37501
23086
23086
23086
23086
23086
23086
23086
23086
23086
23086
23086
23086
23086
23086
23086
23086
23086
23086
23086
23086
23086
23086
23086
23086
23086
23086
23086
23086
23086
23086
23086
23086
23086
23086
23086
23086
23086
23086
23086
23086
23086
23086
23086
29279
29279
29279
29279
29279
29279
29279
29279
29279
29279
29279
29279
6915
6915
6915
6915
6915
6915
6915
6915
6915
6915
1160
1160
1160
1160
1160
1160
1160
1160
1160
1160
1160
1160
1160
1160
1160
1160
1160
1160
1160
1160
1160
1160
1160
1160
1160
1160
1160
1160
1160
1160
1160
1160
1160
1160
1160
1160
1160
1160
1160
1160
1160
1160
1160
26261
26261
14271
14271
14271
14271
14271
14271
14271
11645
11645
11645
11645
11645
11645
11645
11645
11645
11645
11645
11645
11645
11645
11645
11645
11645
11645
11645
11645
11645
8702
8702
8702
8702
8702
8702
8702
8702
8702
8702
8702
8702
8702
8702
8702
8702
8702
8702
8702
8702
4722
4722
4722
4722
4722
4722
4722
4722
4722
4722
4722
4722
4722
4722
4722
4722
4722
4722
4722
4722
4722
4722
4722
4722
4722
4722
4722
4722
4722
4722
4722
4722
4722
4722
4722
4722
4722
4722
4722
4722
4722
4722
4722
25777
25777
25777
25777
25777
25777
25777
25777
25777
25777
43441
43211
43211
43211
43211
43211
43211
43211
43211
43211
43211
43211
43211
43211
43211
43211
43211
43211
43211
43211
43211
43211
43211
43211
43211
43211
43211
43211
2915
2915
2915
2915
2915
2915
2915
2915
2915
2915
2915
2915
2915
2915
2915
2915
2915
2915
2915
2915
2915
2915
2915
2915
2915
2915
2915
2915
2915
2915
2915
2915
2915
2915
2915
2915
2915
2915
2915
2915
2915
2915
2915
62563
62563
62563
62563
62563
62563
86241
86241
86241
86241
86241
86241
86241
86241
91934
91934
91934
91934
91934
91934
91934
91934
91934
91934
91934
91934
91934
91934
91934
112824
112824
112824
112824
112824
112824
112824
46838
46838
46838
46838
46838
14805
14805
14805
14805
14805
14805
14805
14805
14805
14805
14805
14805
14805
14805
14805
14805
14805
14805
14805
14805
14805
14805
14805
14805
14805
14805
14805
14805
14805
14805
14805
14805
14805
14805
14805
14805
14805
14805
14805
14805
14805
14805
14805
41615
41615
41615
41615
7504
7504
7504
7504
7504
7504
7504
7504
7504
7504
7504
7504
7504
7504
7504
7504
7504
7504
7504
7504
7504
7504
7504
7504
7504
7504
7504
7504
7504
7504
7504
7504
7504
7504
7504
7504
7504
7504
7504
7504
7504
7504
7504
14458
14458
14458
14458
14458
14458
14458
14458
14458
14458
14458
14458
14458
14458
14458
14458
14458
14458
14458
14458
14458
14458
14458
14458
14458
14458
14458
14458
14458
14458
14458
14458
14458
14458
14458
14458
40284
40284
40284
40284
40284
40284
1041
1041
1041
1041
1041
1041
1041
1041
1041
1041
1041
1041
1041
1041
1041
1041
1041
1041
1041
1041
1041
1041
1041
1041
1041
1041
1041
1041
1041
1041
1041
1041
1041
1041
1041
1041
1041
1041
1041
1041
1041
1041
1041
17699
17699
17699
17699
17699
17699
17699
17699
17699
17699
17699
17699
17699
17699
17699
17699
17699
17699
17699
17699
17699
17699
17699
17699
17699
17699
17699
17699
17699
17699
17699
17699
17699
17699
17699
17699
17699
17703
17703
17703
17703
17703
17703
17703
17703
17703
17703
17703
17703
17703
17703
17703
17703
17703
17703
17703
17703
17703
17703
17703
17703
17703
17703
17703
17703
17703
17703
17703
17703
17703
17703
17703
17703
17703
17703
22880
22880
22880
22880
22880
22880
22880
22880
22880
22880
32476
24575
24575
24575
24575
24575
24575
24575
24575
24575
24575
24575
24575
24575
24575
24575
24575
24575
24575
24575
24575
24575
24575
24575
24575
24575
24575
24575
24575
24575
24575
24575
24575
24575
24575
24575
24575
24575
24575
24575
24575
24575
24575
24575
24875
24875
24875
24875
24875
24875
24875
24875
24875
24875
24875
24875
24875
24875
24875
24875
24875
24875
24875
24875
24875
24875
24875
24875
24875
24875
24875
24875
24875
24875
24875
24875
24875
24875
24875
24875
24875
24875
