74116232
667570042
34046590
82700360
487911075
145833974
203886943
59965913
125335223
196642530
153821768
137058057
31865945
169065060
162089138
118900254
103203737
272474414
20482607
54234295
165301523
76846647
299405509
41249595
535875941
6716586
5309453
27563571
375507788
440356996
107830693
62006393
20899406
287856460
69921049
25296535
103942160
324780044
105167966
1988658
267617123
73773352
18279885
94913234
61957052
11198732
351108118
128768344
183137413
277053945
423449827
432903982
48388914
56403678
43939592
602448625
58786947
147501667
51940412
203724317
38741702
71303910
284909724
97101802
201625829
148111036
6908792
152537594
98518575
40445
352589617
221420599
49573266
31647399
260851174
64390697
197515220
61124617
108503540
5012235
-1
322332890
392767566
42444731
9852720
57204142
308927858
77020789
66375581
289265034
46146856
201806316
51508793
152888931
72083294
10674534
17569052
414084984
3125423
132415542
