3607273922
264689383
13120833168
2700139302
1230520212
72168599
-1
22555034
3255238663
2764259583
-1
346173811
219174485
5448494989
23310590760
7192282290
264534882
5101298907
4553049638
8843645163
61563583
57358616818
290639450
2717017732
368576051
2541851690
106236088
59194660
-1
5761752805
3177409999
191197222
609105932
100173494
3807515899
4681634417
1266975100
1469050
95040508
43407529
156103807
578460631
319643040
23877206036
4207691873
10455072
2916178634
173288428
30740360
9597546
1724640649
616930276
54483744376
16775123
-1
81351005628
4157174293
17701355
1688118700
28733292
10483158
86879209151
118206039
1953760859
5292016957
74890926
259999292
112352206
3214914844
371738673
180372049912
30162775
354672027
4821138799
1729936
32378754111
12670116577
4444584
1517344629
4133322184
33671014392
4013967697
39997726
1445975098
6525230080
24619
-1
59085416
417976096
18305672112
22919837
3836976809
699531734
2053175511
518126166
104494842
913896369
20030478
5317248852
17079975
1608453210
10009652656
176016759
228394
152589638670
6351667482
3077128
9873420
570227820
324427798
3025675157
5532289751
-1
48450464
5580661
188900776
193062558
201890517
3258525365
118847301
2177063509
33029038971
1533877057
1944086781
50531276
45098
23119291
369269943
1244506
-1
3791546323
6358554407
2232477
233436206
-1
6617914826
621678978
7312944
111139663
30585035
60827829
57324959
598054516
169139505
15835729310
3379420
4368007
51607875
227173
3613674120
23966226091
8611224501
199261450
716845182
5265265
-1
6626901846
18381781
18012984
1779962
13268016045
61096836
3094845039
7651284
20730150
-1
1633234817
-1
973261649
1514916
792085859
7540087937
118093
32902287850
42186130
-1
-1
883069298
90019057
37346195
196855232
3848346280
26178914656
326047965
27984604239
10539024760
6674006
5462075450
24839784360
21637718189
1020741363
485672641
1410863166
305139765
1047315102
55149290003
58415705
614298981
4011573886
1411277061
370183705
375096937
198108392
806510290
33718502886
412982535
1211842499
2081126314
15237914
3133737
922745901
544829
28783983
585955653
2027670945
7569424113
302446948
5236160
863378511
6838314966
-1
12274456168
9189485386
397783419
26058992131
8289353737
201201074
881777206
-1
757429521
2523450
4353618950
15638813260
486391331
455051253761
5994702
6132438
274670871
29694829354
401608158
-1
13235614
825807307
713429621
41256844974
1204
-1
1761349
4694797756
9401374756
244819452
245382359
94382459
-1
-1
101280
45735825
12506244922
1874876669
-1
11439550256
1687205038
57341937
145626670
324383049
611652506
28820122
6612845909
5304819817
44523427
76439557
21771193090
347760291
938540416
386770338
-1
1977048967
78474304
2838739866
53541672465
-1
390356401
-1
34768829
435448752
21547134
31448655
3670755385
505109988
2555858100
1230796336
14628586019
7087680882
212134425
107127898
131943607
3096183841
70952100
167288005328
9709563
6956768980
473262087
60623348
21419978553
-1
3511469
2139216287
92760872
869849
572944
349686193
1448024661
2916762172
599352
1840378379
77224639
2044239115
7397885773
174934
24384641508
-1
9735689544
257885663
596812219
4402785960
1433234
188573
14068728583
379837744
761433284
1371190210
43766790
2382511121
73074108878
137106656
683486101
3444037
1439142984
8682168081
2877835058
11248001965
410760289
7841657
72075256754
1105183856
116320014
5841900
643933
3910958788
449846009233
-1
63730377
25113157602
9395044
750293182
35312946
6927026646
8991914731
5008861
786360575
-1
13793904487
609288947
52126985
64750711
968659
18727
1188311682
3648947329
13350782890
299988353
69189908
31090992
178562542
36970275
403181487
21271204
6285691126
1028687826
1071208290
651935924
13602204203
-1
12460238
1346123044
15661916063
1208233273
810889
3692947319
1019555533
2150090091
11983990102
1339129310
1495557782
1108713080
26826317
1918979347
38124673657
13386706528
20428145
-1
4083640
297437322
3602149936
382362419
16261011
296875820
456376590
4798491530
1747861591
14928835473
10123464
2051283959
3005249408
12065034255
906962127
959293348
1293228279
6470842558
1842928384
31779876
25983066101
367308067
16074092
3209339676
5503452
63499354
77276976
6843089481
286162030
103105711
6813876415
8289458
6550543482
7672540640
18660810
63750458
21419503
26789762789
20284477948
21634003767
47347060
5557752441
1553124933
205536433
83686605
4551023909
1882266822
1028283
93648120
295897613
8723934551
609313841
574849418
1807299679
83528101586
4531865
79505333
55987815
1917250407
12813883700
185239
210819409
112595293
58988637
11141784863
22357939735
962140907
399299101
40247623
1278884
9928407
330359478
21754735
22085462442
821745321
1483251445
10979239550
614096341
37691588760
794795223
1022378532
345199276
532937128
6365472
43993704
2255931545
3062185
63504150
9605934341
6239515
123849438
714109
76445733
748044107
2393148618
-1
4815213995
14456976
2255701168
1883141
78683621
85652141
59003965
578394434
148667604
6091931583
-1
159809253
176111921
118513192
415723016
555495698
2234664991
33934759
23429107480
-1
1749463
31344445
935443
1105581442
993415826
1660532394
119958741
2342339
4632672
-1
1316715897
7867993272
11950400731
-1
42306463636
211255397
4174477470
25210300
7482645255
229697925
-1
12173697
3806364075
15107265
36304893074
2268297990
3459719
38945640105
5646352343
80585834
65668068
3264052757
66968196563
206089342
-1
4754086013
895866578
2729053
82852248
14867430
4081080337
3191112
199008621
1814342239
-1
103584944
12500658148
1762179962
1053854874
-1
27140221760
2720799628
138548702
54866178
105601724
1619459773
2013156820
52853492
-1
234344934
1147931089
11567856262
835332566
333187888
194775978
1987080
12479175207
5894669972
96928918
259168088
4122839
1770262428
7372185
-1
1762708206
-1
435882006
4751418268
892944855
282670199
630415620
90204826
250756766
486908741
18977264396
589372609
127025258
383559215
1219504461
734009
88122224
306269343
520509361
3971178017
1662292401
18050462
11107653701
45603818
4621747635
1249247
1742332668
19233739
4031180456
471662944
47860858538
26535187541
-1
860725064
168932275
11351218686
368441759
35375093824
524981285
8559628618
7745704972
3045406
1803822582
725502075
419162472
223167342
80153462
378838304
-1
13145442
162300706
96900098913
944266705
472079673
774817471
-1
161466477
440787564
3026194485
647486640
483897085
1519101090
5736479
10171284
-1
2781003
33077529137
728537896
657255
3909853
305180909
158419590
-1
163544024201
873370402
44835687887
1168377
1049757864
1709452027
648743371
282753159
11531815921
-1
1085905190
1294439555
157809348
3452487648
88306045886
53174253
3014359345
-1
191134468
2825104569
2426595735
299241084
-1
17549843
6618442
29745568959
2735416580
735123003
-1
525193440
934243351
1664193802
26468827412
262462601
27017188672
165485963
1379252416
2740038525
-1
35084744
32962337
45064698
3170029516
50837458
12507759837
1234932023
40348104
199816313
374046220
7489590270
1598271
12585083051
219076
105160370
291173612
77287084
7406037
228400148
72362354
5260498873
637111988
-1
649174368
18371105
-1
9340466
534503220
193980260
-1
59313658
2612144952
154946571
6370614597
126617858
10477104606
1354314
720250092
506443
418031658
2450564392
-1
934401005
253162834
277757340
20860407
2470226876
87513978
10741883322
3581404819
24629644
2739138054
21244465
37644369
501780818
29069
1541228795
1394449883
17643700
288257787738
111175060
167391093
434376
-1
884749806
2080376777
3077400
14186313
2542355900
3269584558
51193107
12189307693
51253937102
300934232
445611696
911468812
128821423
-1
3117921756
775822596
386553111
27472107476
168097932
12787658221
446965803
81797446
800913247
34909833
8011866370
8408748
3230684
1232483696
4441173
30084592249
744501820
257540761
1906324
14382378072
4784482013
41138242
5779454
189165563
21367974
3231562031
5114908381
38458592
1625491127
15880343138
3580747797
1321934617
2598046
450117263
3459126
3529585
414040640
160499595
2599823139
11302638
6503497592
606071531
1630797
3561241516
4867062739
29842617990
59028764
95261981
281995127
249836788
23556694
1248431814
231088977
11354604346
-1
-1
3934144092
18793
339172805
5382564176
421104500
26498341
5505168402
6162243018
1184167174
7360106291
11541721481
15888415
4652120
-1
280057846
500605935
14533115869
962606
523100144
20370165456
7372682
4812860990
17660486191
667366365
1549991544
-1
1028093338
3008128979
571080270
337422990
6298854538
13778451
17905081
413297185
340386285
199205843357
19417510
4137005091
1205848179
821043328
2634496
1346774389
50374289202
70738098854
-1
44137836006
16062703
1888357
7413070622
11730724
-1
84569728
54114503
1177358413
6733228
7801044
709033511
792938910
1434597779
2299543952
16027403
1673003155
98454962
3122543803
18631669
-1
10644954117
3668292145
184110713
136729534
638546925
3052615412
-1
2763818283
2106346047
15585146068
272713111
91900312
1612600943
3734363
10026188586
5623014
938663771
4376098344
303741960
8552450
2641531930
39592454234
1495892793
706822097
49625278
914635182
2756981310
165621692
16232631378
-1
2542141743
19359891
208500702
1952141687
13841662
101620661
-1
265587030
357851931
4874125817
-1
139447484
305438575
74944878305
133183
3864414422
7979314
1629978
72687656
2235000128
436509849
530142178
84080067
75470547259
1236038239
66530985
155227679
7451650988
210072960
816986327
127816764
2449875
-1
5856678
9662603717
63329378382
1257371229
1150106322
78000
110087793
13908895417
8548911221
122398169
3300802
2190376162
173584723
-1
60052953
12563947398
3673341935
5762034362
51086098
2594856883
32409499
2657717874
10105450
28991612073
10893069915
8040985389
1200860459
882356890
2666769856
571401966
8003600
1459811
23654512063
114060814
3929780737
35608031830
31758205273
1442792
425258224
766840239
52976355921
162136764
14867465814
1841859397
80771
101024983903
511024549
4351095
102889816
554899916
125669978
191940532
-1
4938901067
28666240
10203077288
29884353
-1
519069226
10963207
13247298
2774701727
61759710467
43904586
4474160
363675947
161724397
5079491
23790293
84289690
3842548199
89811467
-1
465853188
42203125
34529781180
812557324
20677433
16301003197
298078677
37231288283
78050990700
429368515
9148367444
-1
382438339
921061748
655921596
6074547
740807538
-1
1541794201
940034348
-1
3990207887
212415499
96855174
572335621
283024674
254102027
-1
783739892
925198756
41481408
5234072
784198618
-1
55158766
27354694
6291694
849951533
46261860072
53980562
48053864
1021068
599593178
-1
40225412
10846526595
540800859
859430131
4612632
51605507915
7567096765
781476891
1375320244
3578706700
10376459
940846
2168116419
41444587693
835835752
148812961
320668734
1382879730
604909
45755399837
336627435
317563978
3999287022
5529250015
115404352
604050826
3501755
4693701
444028436
3929231058
1359105602
1204947
811848
-1
-1
757830
6439770484
29179235
1107316699
13788173665
-1
8747845783
1555840
11936728
34085436476
3772550254
-1
10629490
899325562
7892658090
9891964
6268
19387056537
4599794420
-1
9149180407
2748090758
385289449
1102082721
160956473
162747409
133350954
3231558972
59090398773
2401641
5368557
1488659321
1446656685
6460878
2059197753
323605675
2093222598
9882809232
11900103304
4035615928
7012824
4488074268
27485560126
625335317
3388010445
3488144453
415320198
1179881307
215467663
58633697
4785964211
29071395
1158596264
4554995895
97872486
403598864
2587211126
1487922813
-1
893873
12554407542
208536867
78680666
258413271
238224412
23469307
5043429515
4022719256
2059849193
27251842676
5596116883
80438256
706128205
50144512
371772448
9055050066
5412051982
501194807
4075167063
8146863473
149971643
275146060
2454555
4495936
12160970
14863056451
18317609982
353293785
1112292524
6061193
4155851
36851662
166323641
186129795
89707112
936982010
751408451
1047173851
3424736
197311782
4858904024
36622237352
897031505
36222792225
39833221240
1069747550
103851186
1552786468
83921592
66828399
847527471
895536007
5117680595
4472891278
1458916
1476365
73617409
241750259
401953722
50132163
4358013
14263762823
42470321
638258330
-1
524942923
22349072
53135938
-1
-1
19597811119
543183
2071975199
17209195
542721887
844375666
26765609
158362
4336705647
4246244166
194604224
-1
179862257
691046663
27078747
54890503
1667850991
3368769759
250055873
3184569535
41790814
18453763846
344592906
55978227
1662310
353771261
78370982
188305368
74619061787
24136559495
1105903175
4981757
19491247982
154606791
274507320
554445168
1139918704
1526446945
166051946
37469517744
2434893815
8288540368
181041178
292874934
3330767095
11088566099
351172912
1084450785
14298654703
7496029106
2760174
324264021
-1
10151141874
518797545
2742583602
1996130568
417250648
12318885326
2811844
3154689570
611416768
2162596637
1461013793
24873055
2190353969
105171246
1156564
14046935
11362807930
961835157
1014626833
4147198260
44490782
15181553011
84670428
20379057
-1
159350892
992178
1967418
13020165
914181787
41123427790
1736954447
4293463
1495965
176426061
516880019
-1
130016324
2865774569
20340143
-1
776462
351115156
-1
36549234
1719153800
9077341973
72453422
84678726
82790771
116996616
6960572217
8730957
5528362687
759542374
229360357
11823839
753347018
-1
1048050390
36002883
4317049003
23362693561
1387743934
3642592057
18810044158
1219108830
268069362
11784952311
12102632652
1240541463
305548179
-1
2514886543
3396874235
32022254603
78238706
643725751
89373257
31427787
473589486
35658183
71018047
3202977656
2466017013
12306370643
1078088
10593062713
13175986277
-1
1084320065
1936508336
-1
6600332584
7627735
1141402662
26802588
14359474
24082858555
1739744622
122636444975
1109934720
429005372
7147432
22679078535
1252153
77976261
519742836
20492471
76871201
202326967650
11248693314
3826574
5651012449
113752083
3104057202
15655746042
595050912
115042446
31677590
65881189
520171450
63443355
-1
41146764
5000865015
-1
305536697
122022420
349008824
498964971
219528521
746681639
634144842
55275086
135998981266
-1
404491400
22596572
4103940154
39908114
-1
51485802
106204970
1683889925
40099394944
55657317
258430461
540501
753288956
9030899
11195644911
216087
1184291581
40084327038
176004775
19274953
22408918
-1
3587135882
6053191558
123283066
663991853
16554240
329463
370984
-1
29020378799
65711135
-1
2805671423
46857931546
2385977924
3671295890
24814185720
18931279792
8965056727
511760
12436176061
348167645
520906690
-1
-1
2923231501
631485367
-1
6284687440
91629350
216319744
62295850697
24467583981
907550700
315195205
513655288
-1
24452243
143082411
327750915
18297437545
789573390
19275915954
449305
7878159570
1509825
2266589742
28406370
98843236
1140678
-1
87267437
733200918
3563170378
14623987
45591069
3613533248
1590036462
-1
72544470
46184643
16278044
1434773314
8904947994
49718072
7378043
7402757138
577237767
1054374315
34819474
30145804
2615612
2122723682
8607354347
9680859
4157395
15488870635
60230017
7458055388
9540279
2001058
28696911028
142958466001
2381702678
1427052775
87620462985
524264189
109932345
108506688196
731135322
581850475
145984927285
132125329833
1223691700
25211707272
223985517
317323102
137836638569
624115680
14331045571
2543163
8195117
4232849982
11927395509
208810097
1818502450
1920630
2807650462
86934278
72739485
8289554
1253959426
2758756708
140459089
2470231718
-1
637631860
-1
2069503
1050006269
2745449452
8303573016
10407830
63339229630
142344839
10608743240
4791619460
1632920764
62888677818
4587724
4071551
-1
4024339
3134343671
17671835892
163966627556
98925513
145696398
-1
12314341405
233609552
4211010924
2419103908
-1
174064159
165297563
157902912782
9796751669
2624790240
2037470485
4243352315
356453815
31000565033
2235205070
339839313
-1
774056045
-1
3662544110
150059636
17993417
658374106
4027254
6142334
16356587
155127339
3685581
8338631
-1
46749452801
64247129211
174021520775
478698705
1443602056
1980348
18368
24981510338
3449727554
617833048
2848770182
212872235
69617437
28186692
15719346
26345761
889660805
3468754524
3548315207
5544219
950085801
2329518945
34118136
1171782022
33327881
679302380
298529604
4082371
9015000
48488860
-1
13294542591
163861940
518168821
1639091462
122793274
192951809264
294049707
1135962723
15604
187772649
-1
1913312613
344902488
267052511754
151524886855
9615399035
20667518239
1515402435
184008469
3374977497
45669597054
1937870041
201739896
12419039822
3530373744
1976280246
1847926
120376811
5778070797
1241790901
28843873113
919015762
10587850773
9408331
803127317
8103832568
-1
5549626
1975852
29673895
50377711716
622773227
4151515819
23273904189
272592008
2994005153
-1
130281852
63259291
5663052001
310992431
831636005
495115582
441633442
4327799410
545248412
2336424
28655389762
446038
1192922417
4702351
19536375944
-1
409780085
2612214
4917536949
8399237215
16397812
179707836
565755669
9163100885
44759861
385878180
3670708145
20110654
5326206
70710335
-1
814053159
150252874
2213774680
6227305972
2139082232
388649770
247547633
134897510709
2715020257
12892057
23894566396
650649484
71071664
40269639863
19461689550
176613067
4998156770
5752720
523950711
15498376
32137490
1130102978
2826055671
3278992551
30798727987
2447722814
9453518700
8442436002
313953403
29976902
8967979604
-1
867800526
-1
5354461902
10132795260
21514146481
224313547
97814602
133683085519
-1
65228089
2842079059
8716647465
427437923
779494353
4332759983
8912096279
776732
4122904151
6176634
158860983
1231017287
15096672830
120545049127
13786284227
459277024
1959613685
725706491
-1
18602129879
2428308617
195108388
66547203
2822510437
106678512130
580771976304
3180059313
6897814117
43442691
178391925
66413182
13286211170
1384847273
495372317
139678384
16179394
1175885082
24504370919
65849370
102617781
31122728936
17990838
882810239
64342373
169193350
405885494
374287389
565711066961
4598238605
2098469648
2950127515
299697488
619968
-1
13664191
8992944487
377425988
3248599
1774592447
145020296
2155541862
198747738
23342162211
-1
29801555955
32075972
47196048
63614969
10719467672
727035473
8283220050
7372552352
44253127177
-1
462112753
1114320555
11225770817
393473104
130583901
1272012
260670211
17104453
1401329315
14774360056
28984773
1127122691
5699186700
290324016
42794721
151041312
6724815
1103583897
149940821
33096745
7074040
5867521663
2174810788
9211642378
308046027
77027166
56066529861
2834860261
145553654
1936368470
10350872105
2166068721
17323056802
2104380
1586613650
189009820
5648885110
113449609
111808783
5171552928
1720256869
10435145013
48985355
929038648
822980557
118627919647
25365644823
4078549162
286441815
10203003
192012849
5250175023
5533073953
142527389
32591227
-1
1641534531
363866191
4974191343
38030934
287378938
4130074
1068211616
13547415651
1550821870
25176694095
-1
3419748747
21637751
3920501664
73429636
3564699
2765037745
129517906386
11433935065
2557947683
17912997235
589569451
1202754164
3819921908
13844228
-1
2715762845
41347419
306482968
420989147
6154617549
57106708970
11025176159
8111223256
42017228
8346689
4874567336
8888815056
1267763638
38609268
177673394434
5288098751
2174073873
7750409198
384317339
23000777024
666569399
1416206
39680892
1848156139
504418288
59851457
3645779191
36744924
29275816561
6516566665
54840429
70080
614808730
3868267205
24663002
29459003762
-1
262677501
114026334
2903730678
2648978939
58881596
2324867089
18704129
2521698519
4880696746
4289071
55073955427
48276593
159014287
7057264781
1038877044
45107695241
34673342851
592098
43213938
384876309
32497075690
11493077
86337711
1568495951
-1
8726687307
40390394
2430904
2007412002
522996038
45198903
106630856108
2364838282
76260931
54575053462
14043948523
12084120
2440549011
674136404
19847
1752795621
29594966258
21639961
481837270
-1
3592247907
42572338
3094262108
-1
901235
-1
240610543
5726936987
30605270793
144016332
121155961
-1
15582860
3585251364
647755995
48962889
2651252599
21092134
184896887
-1
14066387397
6928748
262040970
1106121684
47011529358
12025792340
837780590
1029484964
65500
1014036784
64697489
310198369
11945660749
23577419355
-1
1104339523
13630214452
74482200977
2982600305
285670764
1579275389
5821802383
2273081324
224372490
3364260284
1151878165
8960450766
55349096
376497186
-1
733603638
793861163
5155694
-1
10806676893
295181610
176444670
64182649
271729883
7082777462
5750156
34713330953
100281597
43238824707
69586321
-1
224963100
132503807
21133633821
15554446605
444036920
36640655951
2860337643
3233289006
485616891
26635172
19619846
-1
142451132
5392070833
74035844
18431733737
563268735
190344939
1670227
102360562646
1171742487
518349
-1
173456930
144956486
141470845
2679256
784884243
247497166
-1
1917686717
1920204108
45768325
-1
9099224418
25476317
-1
4917548
63672616157
10290312600
608956485
332679286
10209346
535518
44965054186
12374639282
942798015
1786545
1109623
6454595743
503917329
252224194
3742623431
17968017283
584727345
-1
5106743663
551092667
273892708
254679051
71800638
1711394433
1705545375
3395984152
89821325
1838000264
3986121423
74926
-1
74409439
96261082
299349578
38536243936
242254848
24084986
9829930434
2105761485
1285153614
100024590
398475085
1241312
115294819
2270515
30080855924
3715324478
182318898
202112458
768288919
1471801567
4261871876
51556074
9892019541
4443951390
2731940143
427522745
570024304
30890464
383663
-1
8119512490
5517111797
14240361349
261590564
11599529
3589012
1896661
726399
2410386
2512563312
9725304
1482096
22488811429
-1
-1
193213976466
3737540951
1609494912
22834865992
164327540
113695350
1251756596
4789785847
27536583
269505278
80235574
58308719
601336252
3093147950
1599555902
851576238
479296137
44058102514
719553379
6244039496
525401379
-1
1463561872
1041878029
36500742
295894878
52832872
2854221666
10329806
958722295
347380248851
10475821955
52935760528
1639478759
1404353238
11370633
77890439
2181960091
1773720375
434944519
49074859
3016402872
9029224151
83209963
9916838874
449278
11662387331
115995227
93268394
-1
33729079
10734343239
43580177882
7408932245
150023408
-1
-1
13905952861
8833665311
231889582
428981546
5507948487
2084635318
1569008217
111561061859
45006388
5135612002
5199938572
67569775
2958466526
487185080
-1
696278246
1003054144
33493603
985722950
10752825380
2357692
11189109525
18471866
2771136534
-1
17251961
9982881502
3358053642
57704964064
1626265428
1086402963
199081950
145483447
7521653873
2419051705
1344040676
7992751757
26173226907
943192
64349212188
-1
71506723
4271533472
67203397
730792896
258422
27704368924
82249837
21165199
111198884
6610287735
5034215599
247776276
256697543
218482791
780943450
25415502
1404547973
-1
212669274
2014408325
345622612
78805796
2031987761
942556400
13969286
-1
2833475
1323539499
-1
676971654
3365775862
57535356
377473
32532134882
23495629
2917053
798162277
69486189026
-1
-1
-1
777914289
-1
68941510
158605691
46520825
217440635
385613
19915498110
-1
252108965
927713129
50354909
5538857815
310984994
1773602
1976064332
-1
272170687
4295687307
6359050441
604929932
299195462
-1
2371423278
989997096
8449622020
108234388
473344624
3026299224
-1
5385844454
649735997
1980788
281999797
12732303
98112986022
117942
858091478
44954331453
16711867903
217728206
234034213
10544506529
28702925
-1
146462
25683951
1909000081
6440203
109449207
20716006
-1
31291149928
2163053
-1
2332751
4225534874
8361233632
93015367
317283002
2007448731
290835379
4356892883
22174222
5504353
166000038
39498101260
-1
740815044
-1
21715401
37103437459
108161377551
127420528
551205668
-1
392991980
3679491650
161250560
19780245243
362098194
14307566606
8279013099
18431772
2809905214
2949414185
3181108447
3985860
69179276402
2371238572
689329305
11859199
8449182
30622871
-1
1062371020
1377549
61899572
61099852
260655690
12223506
1286264305
354844918
9586176909
3822622360
3152371313
256401711
5340704490
70774992
45100510131
130503460
14582687
4051212
8164895379
2272742334
545256868
2930952300
-1
80232853454
111664075
165173
-1
22429151305
188508
1944797922
54442970135
-1
552255899
33661416
45372587
14649334
3053887333
32559475407
7971657
8320070971
5446531002
550715167
174986656
153247008
-1
9943812474
329241491
31311177
560629493
14004767877
613662
240035341
482302670
332362273
28409160605
155415065313
510191523
8990520595
24290850
2137590420
604679340
5718014
848663276
16653572918
21634673058
5452554
2104550516
4034113543
594279660
13969994445
54569433
480822515
4515428760
887146263
6121454
60872059
27003910
19543232
477322403
235149
810444540
157545054
2297725808
-1
79398026750
1452630433
23440176571
10165325
89498358
475464039
510578780
51263
6274086437
45531343267
72936688633
2800867
13070694
3463273958
15135924796
19102768
868886247
312986079
358331956
2315562100
1389610024
3367046855
-1
1753572398
1349449665
8038334542
5183403206
572422171
4610202792
95334415
5069679042
916531
23072331
33931363478
7237924158
1150005541
1541387251
13345870147
471411659
232083374
5376945902
6210051670
244337790
6102633
28044223172
101435810
211471943
110628010
2901865
295235012
3365292769
8973655
597627
23980242
14990174
76464700
16522755762
19225892
8589204
525350950
1997629895
127588751
8418351
1361904
1855835532
519812844
1788330059
149547480
310250037
125715187
1398212438
1613233631
789670090
19733005248
3676747334
291892413
177565535
-1
6445529
4198907
1800490427
97467774
-1
-1
831534511
32897131
3059906193
15393276639
-1
26049864
34116638
70703381
7453
10117465
44644262
10414999
7518518
55318376
50584142
406391
99606420
256291830
15592358
1319759
3740111771
1487760
806780033
1596870619
8119226229
77423467
31670936
-1
96919262
35187212928
14148365
4349127
649916001
68417237
359000821
3356620
8164802934
44131424
86246632
16941316
3256026269
7579513519
145705294
18753022119
1451638206
1970682025
6472844063
14151940
7860950
3551443736
4704230111
269345598
-1
12805250768
61582105
1212599619
3138690646
29407613
6421482
66592460
2460672456
9427345749
4845186111
738354636
232766087
87595576
50569971
11208273036
1962766470
847851124
4885998236
58367228
308309254
37501184
79903650
1039215853
12841596
193980281
-1
11332644
1099077103
54031755
-1
1457144522
1470864286
80825305612
58372
9569805
57888022838
109369662
36211
29598078
1736076
1802651
1399868
10555521
13516900721
137535013
81839281
13455753968
376451734
7633512477
254405755
4008153256
-1
838971288
20679869575
240917836
1126639108
764067755
110406652
15426902
14048
283615612
4585011543
-1
62886646383
354708690
9255571384
-1
7464988294
22880449133
861767268
267844430
2671076
43121289
251392526
163539972
336106023
-1
959964583
201114
649384242
194449252
2612948352
-1
168100914
-1
1227818468
25099115444
1183235557
9842614031
-1
104101844
-1
50733789
21536675
64190781
51770782
1507656759
24345481052
1304039589
18488640
2443729
23256337
57378226
150497232
3593885191
1849949413
13337979
-1
21758837570
5274181662
93789986
410977549
87859966
-1
128881388
1201788013
1678374962
12386728498
15443064551
762559362
115607731
153683043
2836417810
1148032939
330199538
4138615628
-1
203553588
262935220
782692469
32923647906
462162470
289841
11072499599
47047283675
1267359
160731261
1648427096
874918
52951786564
31869052
126590264
29872654
1588042974
133236309
1246172576
27929157
668595238
4021663398
-1
1082542758
-1
2497306
4447599
2751414127
7212254884
232166984
302756
11731467947
739138391
111716565
106281508
18405731384
2514412142
589439722
19578148
8799289667
11542347849
1599703154
20311152
-1
930515470
356704542
36715498
62799972
100951962
12653749
8852653
43060916
6736214925
2402474371
12550829350
3598272265
11889503180
-1
110349866
32062144046
689693
59006761
663123057
2682031
281590559
-1
13724763700
-1
9358097820
95897330350
4539262707
18350
1028954
1692628371
-1
3301963059
3006557950
208646012
908954191
2809659382
10215606801
23690648
14934286060
327522374
2806687062
16914132935
12035938279
495844406
780352713
30800349
278729968
-1
-1
43271024
-1
-1
46818607363
69767653
344181891
5499917288
149259004
24814265517
2014150250
8065257144
10385984893
25191455
57265241660
15387073501
3272939895
11669009105
1190687308
131117210352
100314950453
38217825250
1616494207
140200704028
40120188645
1601491
13676297
514782877
169607366542
2576306245
13064558825
140008802
18842054290
226800624
18427558979
102734391
310678995
18331714
175171388
758363891
11818352970
5691630593
226004541
2045595473
-1
61157854710
7000846875
1818340
14614705597
25316848113
181049
-1
-1
22480526
14285829617
-1
13903389
7732466019
1530582
28675332
834713658
7185056764
2141294385
370787588
2673031533
2897424
86242976
42235280
210857333
7840725334
15281174418
9429244
12219013157
1073117657
1391951998
350005058
2036650734
1449856585
22369039722
792709630
338895938
16534373717
317419855
17945707638
1265858172
8750633339
8533374343
33856804381
1516350454
5414591728
2001340
359203893
8530292
-1
3405906304
1970994819
10885443341
834508864
61004548513
64940109
20450886760
34421781
-1
136844034
624464730
394557645
628211666
163870511
37242780
4171674850
15035312960
27009631911
7095174432
93423515
203013404
31258460
12235021204
-1
314796807
21906640028
42810512
17122592897
2878539
7498241932
5197249780
422789654
789594498
809191224
35466899470
812521883
28867182
-1
80775852
3257337644
213902682
84766
8521904
12473793936
50655687
25582369253
119741088
75445260
2149555691
-1
122033358
1285637
46464214
7414058487
146624851
632573807
74491050255
32786157426
15176605501
99667548
36356831126
51521940
3009602922
2057687138
1789344101
743938642
141577711
111932215171
2968500
11231466
493220710
411046146
142647976
987807496
6886085231
5989699051
52188420
611704288
275672527
1375171730
293419955
407457981
53078773
664006714
9191442445
7235248686
63475557469
50050283548
581286811
9265480646
2463460
1235474990
167682259
9981988
154459262901
179390317
747503184
376440959
796980422
41516377
-1
3925642496
-1
111411285
499479234
18839463402
3379487489
539404554
48956611
485373332
9681936781
87642414
6605719879
3389112050
25833670
1602275510
-1
-1
466537202
8661651510
188505844
1791264378
274885331
2049651
428502891
36024826
16668262
555682668
29094660909
7098560963
1112549587
15597103652
42351857
18039412
2225217
189189348
2884637
171313235
75601787
-1
57495032
2531712
4786522690
760715209
315622868
-1
35865067
225961873
1835586571
2672046027
10862080444
2400024
8157550824
425081765
750658
3521515222
166021599
4884896
6335292
45866589
9877853012
12279401100
3776944948
1156832
7573036
3343664151
16066269009
-1
388682079
-1
7163196040
960209625
73746251
2849609619
39579475
165852335
448748822
2128181685
22684481
242704068836
2428230174
-1
316095724
8226862
-1
10311680315
920582244
8902021450
2288570
-1
3824954032
139133268
13159731872
6707887378
6477600
461218855
693092805
10394078703
-1
753818784
37809346
4836943136
3027959052
712869
32072366361
6378956780
-1
158
16437265759
33352091
-1
24052447
-1
531604402
166797710
70391542932
1204051562
16493414
634486293
173772180
-1
94123453
14967312086
1757368
1796408106
1646661205
20076795484
484798265
6305894683
-1
182974191
61101604
43977796
52204146
2090678761
850525
-1
20219745
4016927040
66765310635
49548015
6342066
114541067
344096853
-1
1423641368
38366803514
2121543707
304893593
289939187
46395926
7114833176
73861495
3108964
297223880
36759308796
17928241
2704698034
497189547394
1665582105
15735395949
4043556325
857278088
11426145
9039317
30422214
7829311
340977996
9495877992
52268853280
7654846235
95959680
3449506335
6810351
153164224
41559428
1416266050
29476604333
209118575
81764546
319216431
2644105396
211309509
38098909353
4000726250
7819768350
202343480
90381070
39876062310
36099594
310958889
44401701813
69423
1249717466
18314223
489646305
197573612
38400535
825645668
-1
2393398232
15609106
848750654
14087102
46377372692
48387383
3595321573
3939615
61564249
195673279
928810999
5466588
3853941706
5770936148
32755644566
12462221
872047170
-1
4881388426
221014150
89331522
5720992272
82879372
219648762
64828342
19252046835
12928462201
12952807
82598958
227956239
20303851
28867533
259358113
2597596141
446085797
6488695
365289642
32629362169
43333722
172917776078
393050834
185184799
296019515
441977891
5451870523
15918858
567341965
8539143516
4006604
1057016915
188958252
53359478487
20301529978
64666
12579141494
5210866728
337900880
71012814
244040341
146959452
-1
1440513790
3813230700
1525363257
4733362
10355971386
2329060
7232330
6529100987
15042769161
4749440134
31555015
3675600138
885154288
102841951
-1
46963
118611217
4682542175
300889959
661770311
1620338302
97821529
-1
712349
27650907
1439081246
22130171
29592312
8470918
41806739792
2748033731
39072366
116733896
-1
-1
3217240194
1764040461
55553496
3573192950
21211405
1797757443
2327722237
87503965
539608081
10045918835
1276066393
-1
3297819806
381062922
428082
10825872
353829881
917261005
30296316051
5113010638
73558438
1429640330
60423846
6762511
124351033
10425467
189254931
13705060702
199179988
741827
19372055780
5929248454
19480728611
22634430031
897793149
51914202734
128757373
22894893167
194231133
4914652476
10574607207
3694931538
261211108
3600684869
221562726
67214579
7261206017
22298302
2821691992
1046921561
276913973
93181
2380717054
-1
5961374604
8459303
7759669056
2681246544
558024289
38481731
12811055341
52432210
255857308
1797302148
-1
17891605
-1
90684552675
-1
2360750552
2800490131
18569465
977885974
3380287119
-1
230826464
29251231136
2334612106
-1
-1
18593202940
132901594
115331689
297905665
3735545860
5308284
605710882
38740396
666485780
3568566973
15886975025
-1
1511773869
489457640
38431705
18449335
54981320
58171727529
3046328114
53500816985
14471933
567310346
320733359
7854169
401512254
560044
89626406961
14930975137
171391350
602374004
41291860
347779460
175957
1441426177
-1
6223464474
4760311122
56437315
2635166371
3762365791
24480601
124210352
2081181508
42264405
1889290865
1975637783
-1
5521619953
2273233093
29563645487
297176954
10446876
657053368
19458009760
42813827935
50061093725
5539634565
94672215
416259472
-1
154693543
855310
11164211
1559150340
12093496
9726225051
11000273807
1389419364
3695042268
6784709
6752798
187693455014
25429703909
449036710
336739746
9989367579
2117659005
117646993
2965230994
107417694
357903816
2227504225
14421716197
121016657
96242806
33500608
2492639437
2522218239
134406091
62747856
980853877
3874433022
15624339
22096999
8312044
4126609109
124729213613
186282358
49204909
197582469
40644137
15232012
1435163155
1624536609
2501008003
286222334
1713991936
11719645
1033757375
30033377
74907890
40187793937
825480192
35617189723
-1
7919435929
1646866442
275421337
11583223
36776786
16332678
6083150340
52400185
335188160
247247585060
3035796135
4382792862
143867714
131376877
-1
7085441
13429442619
2704427
-1
87030984137
476253787
1759359956
205110804
1412258360
2669858777
36592289077
2763375618
81052575
4551688234
2370039653
-1
95428244
845439338
679162198
776410686
40034970
-1
2937047071
216201038
25450052299
3668010217
-1
1553770986
2558187018
5679667
10015241948
2209250
147336
10013610532
-1
823230213
908513
388651953
1933255984
2391255128
33489237418
532643433
549116897
218142818
-1
2895591652
144558032
5998095
4054345183
5339079999
23051049684
61052342
4125561869
101570933
3605086488
1007923539
44417705962
13793658556
1216998269
35083485
550010459
54839005
1111214050
72824203167
522448947
129925748
417338630
38033890
1608857493
-1
397478
142296600
81859671
59655880
199077613
2185597179
535500611
80017622
9772989575
73550910
2084925653
55703507
3627963171
19401987
886878829
34005535155
26194931
2630529763
2548557311
21293716576
108922254
9823574974
20045517211
22267268
2376094674
-1
17668744
27872193
-1
5418069
-1
213585649
28162389
123330280587
3731689350
116149277
29839919036
2222148915
895357616
623118238
261586
677159191
8998813348
50525748501
-1
320716255
14056143
520565954
56893999
5161042245
2121353443
3259916622
5776151
2201925324
-1
17031568512
758355436
2213082
13513813
102857562
71739898
-1
501223
130585367
8606665375
16100
522040212
850235911
9846605
822372180
11786995
1495244119
1259008203
86933
7325637
885087803
20657309432
12811338
18308500
101235186
3195932064
252950575
1972708718
665745012
796746211
15441025
2026814
38746358762
-1
68551092
37428731
120325762
128953053
3376734190
4992626483
7364857322
65919019
90149041907
2624806
5857817735
90223567
16373813459
220017361
431057986
5644494
902889157
1419407463
18680803104
165473831
419827217
12744636867
-1
232471352
1896542036
39507944590
3314309063
16299183
14815827
-1
1177330119
45395271
2351797292
182823227
1434057634
709684873
1570576592
8456636039
42584022
571298
2092082800
2296344079
453521204
8424388712
3512509385
48662305113
85338954
1845262771
134618087
305846
160185405
727721052
20008460
5278198604
315792539
1122172712
58068844
88687986
10409723726
493829159
620517357
42633495585
11596500
131935305
68932255
253328
562155692
153355337
3805977001
2744071
103143922
225256
-1
18508107
-1
429490062
-1
608273989
52535073
29043859
19525226
339408225
87078006
4083275271
2140062766
1497701
7922984037
357600819
4013784
11705578
381905197
575617012
510364425
3862369024
219914325
17540774562
909280460
34485456
74690929
1011992692
2992357140
77587559
175694
30120653
864077968
19280911906
1059771581
2934753861
605209112
54532116931
20432549
11555408531
-1
-1
6879060
374912
10627216978
22574730571
39462076168
180860583
793464
12428798
196725262
534349854
357099
459378512
118757942
5016444662
8153657369
3860254569
42196812
1186908003
3000561328
329484457
983453304
24010560795
27320946
124642951
35371575
48239911
82402583
405547821
1583319
95649366
6427263927
53786010
205914868
1185020927
-1
514786418
1049613731
1103825680
14579004307
4670375889
116541164
817643717
19226110823
3617467
19599136711
365082773
2123651394
150009182
64734731410
-1
942100699
-1
-1
905119170
7860831300
35949109
623896135
294545541
60494213
3967899
8200536580
1060470506
1925397
8263125749
9574205851
-1
802677309
1036342888
35603144
4085056095
2716517822
27808996
3283047426
2974005
6070170307
372008575
7564227731
4372035996
673096717
32793916142
-1
56087079
-1
82266851311
427276991
3437042756
379623405722
83672
8730844597
39838602
97588738
30447014
-1
3191514904
1034139
2721337530
1888485901
103465924
5346410312
168197456794
508168
517213925
97244495
416118797
50776852
163464512
6056608706
10767202
634803272
74567230
8042741517
4522891743
838181
105221875
1574853588
1659930801
1138753148
256620531
124875361
84916605360
553468293
1048086770
48659172
33313446
4865631305
6438199796
-1
25454738402
6715166267
308343488
5611393917
3347704843
1112733680
19711301174
121770538
-1
6216303
3567045984
6738510
7485283
1413692857
237130086
41574172521
-1
19692552880
-1
-1
23401853198
-1
1439357256
355630921
79758066
2189252278
121390654
259785699
566348051
3776553
22440748058
631440743
213016265
24474323239
165486485
4177619822
31780349
7639592860
47475544928
1175594
2693948928
8031341
722953020
-1
1031731
184413182
11743720
24161597850
2774693
244471439
28879072
7348088
572383712
1405904731
495289292
9889637496
63807742628
2169949
60286574
2350780206
20246910
859576534
69740505
-1
-1
166728616
-1
24444044
360855394
1331177022
65085173
2017796651
2175092765
108125533
-1
1114946509
4200136731
169799693
-1
104473825
261675003
842810167
3566562256
471109532
9560305699
58892201816
8942272153
10844739
43487944727
102321215
55184723
2151030447
671665956298
2881225703
-1
5081421346
3625439282
33262965448
66215594
485966056
1123727
1335807653
6054556
42566472616
-1
11780445
243761509
169303921
8738381
3448603094
460008227
352956953
2904659511
433134195
100225890
591693484
50633748
112360355
1270586266
520019475
124453000
21559963225
1742159349
1877617
375904714
654225965
5564093202
10959787670
6490242647
220666854
-1
3439098774
4939635355
877738543
118905530
1028989452
2744394751
858786766
11960289920
516703043
1811922966
743506
-1
32563794778
260632
29117353
9905725
3601877014
-1
2186793938
107825996
1033961532
15004660375
272786931
52431489
309861911
40036101
13748599
10157315
-1
426585509
424672946
634498
7124225018
2108655516
2576848462
40518690
6892413784
15643063
1274049
61901259572
8430257
1084029376
107834219
-1
153529548
3923900912
8948575380
1258578762
7312787
448305
-1
830654
12512967125
74331829
126736561
58781649
811954365
7537918131
19189992813
14574302
6731488341
15812068861
21136411
1430235896
514409369
10526144324
2298393462
-1
18027241627
6439930270
53652932758
11294297
806602254
10816822
96564247
2606256993
996123163
-1
2687438237
4471847038
7141558
33805346
38717482
6291603593
83718924
373718238
3039330146
420085229
116175956
1009714576
155409321293
-1
374129416
75125895865
63799709
7960323
48907
-1
1999654487
1600580298
-1
49070094
38404268416
-1
59863168
94029892
-1
20243554
37023658888
1650340
2353495584
846940108
525807806
88825721
488506548
455537843
20412804522
2893849519
791623523
16147053
15715949797
1376734995
88059318
13190408527
-1
609968894
5887921284
5732613853
16628871
54318772757
16772043
3313721
2302062298
114274540
342813930
25077906
-1
5812613477
5569148432
1345316401
270705421
-1
102578553011
75989857
9142223085
222883574
32083938
161573103
34628057
20035377
2549636518
129538442
530190000
-1
8483881471
6135020851
65636614
35074144
129087651
6198694390
175659239
418001492
204619607
5750184
2330680149
5197315215
2600025881
3252391
3740384849
32004
1019207028
2491640
6100690
178598882
142232122
7204704340
3345587271
243005720
-1
282599533
26135863
-1
1389626436
13082758792
6150186143
21952466647
279850939
1289695972
11415399747
89447936442
76372269
362579379
290029210
11898348815
1967225
462728532
1546479
8287718
19521589196
100905629
4408146578
978168915
59956250
31410
3067251909
296496843
57719493565
1752194
48968052
380686653
21424
16470141411
123955947
4163021864
28315778315
182058133
1021553
566560763
13058226977
38102837180
122826151
6124058
2628315161
-1
-1
610456375
24470193625
275886744
18886925
11858549086
2988005177
882533416
600742042
56415942381
33699014
36870522610
136709202
303082936
75792437
138381191627
8763663049
26838052
-1
56181629
918972701
11944203417
4496201090
93651357
1893837820
-1
-1
-1
15778276
11694384
1308678201
53579278
125024523
1253529590
79128
-1
216985419
50435427668
5167474104
31727592
12749031
9710539380
368268803
26145675
120769830
2561830462
1467486310
8250404344
457803509
64020551
11183983265
4048572018
116324124
3671311971
10699032888
129548598
446815101
37550030
34383713007
24347456049
18453972
7216
82406087
-1
2948576
-1
1680131185
20109144779
1345776
92174278
5893377
1577428637
39413846885
194717
2084602071
28015873
257935662
526808113
31695143408
145445796
357546188
285841860
82455997
423408283
126203983
53252696667
6645833
2615161754
753030040
387271034
247003775
254622992
1204974157
246754879
843385337
2394248078
10295151101
48322449761
98270780
25707340357
-1
1090831619
1065030417
-1
36539201
1123445935
53529087819
2647285513
116532418513
1829315983
-1
808844255
25112651837
2756248
1183303417
292598890
861582641
61045656
5092258340
615807408
22364870
-1
47008705
249923
140800534
11276522247
396870097
20872642
85511619
582709986
116450979
14282834
67690360154
5486844
73485550
2269296568
2964168
-1
416269898
1005967509
380847172
20729231501
286745913
66215094
93454497
419920225
3404546536
2159458493
34618358795
4810625316
2195159551
1101551
16768125253
723543660
1116791568
2494217
284370333
902347491
5959361922
7109609478
27326857
51778617
325961308
7681910
15449495
-1
412994471
1552452794
228023168
13839066195
15822675931
2387337
-1
685209598
509196745
19942197924
15859770
110856613
-1
144841135
489735894
1972654150
5529161991
53971240
476129930
6819141
233388314
143858933
849753450
40250064
1119475745
16024382
6007926
1387562756
2772991145
4113884023
1788462600
1639011
-1
162438648
867073
35085372
61282669
10025709585
-1
21616154091
8635907680
84099823
9860724755
2870219908
47293784039
24922634054
513999873
549271654
7818101
8142376815
645770129
33981767067
645480248
19405056
10684210107
13379277
709195261
4685994713
5578280334
9986660
10093034
4676382299
499167104
166309674
30558857299
17776073846
1953359191
4392801310
15362680951
108729042
100013666
4487225674
8328133868
-1
7029374376
98208135
1039221969
197414309
9809863374
297545
4290895204
85093750
72319355
2642185856
20202798
1116160697
-1
118082339
10743175
256420839
10249061102
193288385
3145763
64996610
7515071355
10323514
39616413715
6233561
1284235277
2656324057
5856225
925944995
388055463
14571844520
240628585
2960223
2829745
53455179
42370360
638889412
134209393
5207539026
1960188130
54856197
920053584
7991531
394763581
1454173
321628712
94062448
35648447192
4944315186
-1
5442350
428965244
12858715
248345906
3139011
3844185026
16149330592
-1
9523350
1346726545
2754583616
377394540
439312998
4051618877
15734697012
218283545
-1
6772495270
15547304
1870560366
12302316332
1535696265
95967259991
-1
-1
281145710
2963398980
675497747
2003524492
7671662845
875929779
747379211
840982326
157334027
-1
5389891
236689826
384514760
5133682
312766990
-1
11393040271
201467141
660988414
131153430
40021334
16714042761
33805709
178388646
178572815
7032978879
-1
656617044
119476823
1015757
39443250
2824029037
261913299
30378969972
1257214737
816173116
55081143
10800638697
83395891
3897623192
8947070
3650322
-1
106868737
15557524206
419523096
360239
405450649
266172243
76585528661
438131174
1701871361
118147658
154333551
1776973352
17103746324
140528
18735343
197353095
-1
25384205
22212186514
-1
2132684867
9450137
40844989044
259682071
5050949592
437303
287542901
2219175358
1319133345
17639827298
98362912
2627816253
10220887
8037313581
4079673362
282274281
2834806123
5276928174
199006739691
3577662
8881678
81181171
609142085
75966295
14685056823
22046517579
178175203
-1
-1
18253788
140657331
9927766
177512966
24393235764
725863651
14538000
-1
16281966
47963059359
23105890946
15012076220
108101402
1738756456
135627567
97298012
5581824328
442909613
11035471
9621544820
29483570
-1
161316068
51345581400
533289124
1175175713
89074376
6419873967
6227392238
22409676
1894911
5196197723
-1
1800479161
196124122
5129344287
3814117
-1
19683435
-1
972580330
12428702552
2726139288
9612572312
9329692
3230540675
206235294426
463286626
39052474248
52038016
97323361
299958167
2490724298
216637084
-1
22963719
2729504
1381433243
10654924960
10213918
43884191
12565055590
1211929179
13896490
67905564
22000358608
53985897414
4379648093
135526730
69637759059
1386757
2859560
9189258283
757636292
4020840
-1
27262030
564320814
478039795
32596939
46377866
530296553
-1
111745284220
2186689849
937052801
5325310
20163468
5080089749
2412706805
9294267180
1277299
2620785345
125565822202
3062565252
1318773687
97744068493
2586719887
510388221
4071255091
316383993
191044
236487017
12102031
3282450128
541970194
1439307502
113097440
1584850680
56379673352
136676404
4724580332
-1
257189516
10057886623
882671095
37420222939
177746612524
792241007
5085985
676784196
2616403892
542337523
3120877700
10243932335
996796406
1277401191
5763443535
137647288
204065017
2666273769
89145019
793034295
59359046
2314067808
27765959770
2022757074
1762833951
70979430
5864724977
36241466353
494261342
276936190
147601499
6503953
851039045
4314176085
537322884
30923053803
11669516923
110206187
1104854
1484400745
53585169851
9525755360
100376397
234271555
3400006413
27904185337
-1
161528130
56438257
5819412
2818120307
-1
460708528
56986523
855839680
96704918
-1
2241904306
8221213
118718607
1113768370
3480358951
-1
5199979066
2736568378
50950744
4443804016
2756751485
9713441704
403603574
32037953
1602875513
-1
358045014
15206813303
33412570
834008116
1829251386
26980936
48827080055
6997839970
132126032
22494159891
2256516449
6643221813
11855826296
19107856778
239785242
354691538
1411877913
30154673657
285409
80715820
590660724
196646757
-1
500574
104894896128
8603879644
34256528702
1450146392
3158214833
358952739
13308803
31093261615
13486872
123995814
2216157474
14063515
318737845
6928309356
6870304340
-1
843068677
-1
16828740
4018856228
1889368341
1341147220
7111819279
-1
-1
450843546
13469520553
-1
-1
41738610
23052112
501191321
852761748
6114668993
105925573633
584397959
460541996
18525653090
1471959721
790602547
111407179
3217240
1024750788
20766872356
746747501
222817474281
87016801735
159424810
10052558534
1036164
184743593
4289403385
1938903605
11467839464
67826951
85369684
90460690
95014654520
45324
501544859
14765969409
358390679
29990829989
81993992414
-1
88933299
1602313912
52242704
509773
4122445925
133862395
-1
3974571
1468878266
2048199
27841329
6984276914
30626619
236358040
77932477
8391266158
-1
111762678
147115175
495058478
270429093
154988681
-1
570362591
36976525
1767133804
72150696
203303588
1876346760
15409124
1111205330
254168082
776864566
16554010848
871950360
6605479387
50055154
1851320483
2155285208
10468080564
1238692372
5871067869
883594307
1635116528
6449951344
572699440
4926296
1071096776
28318638930
3186491
9015231
5511493692
70852407
420700677
1789273553
221333602
2277101751
2749411665
8511723464
16121511212
1695888609
3380637732
950522270
1628551428
-1
1239603192
194573165
544965991
4144669085
863626571
-1
3973928
6876271300
2142521100
256606465
201147345
2919068832
33595685195
2420549694
14700727452
733467
148361955
13010615
17368768
13129228508
8019814
-1
2559021651
902547909
37520629
2478357595
9334437
-1
13358910063
86946344
2973511
16852123441
-1
156875675
106076640
520714772
6560491534
80573212
31822659106
17060477893
150313054
-1
190710987583
2260878094
97955861
33585938
2082956890
2769084614
51925794064
-1
120824359040
14899616259
38702
1227726845
8836332094
204248461
50388
15044071
1859903639
89445417
4814300130
88505529
896980037
738531708
14667036
140880660007
-1
7736243680
2840714476
18671232806
1054998336
18717028769
339264497
936602727
86137996922
22439674136
8782578108
354744098
192242028
-1
3584338
19999976617
-1
36634296
618078642
3694204367
344312602
693457625
5424889561
58783197228
6145337
2129739463
-1
96397851
252891675
110281976625
3940240883
25573471
8012130989
919653554
-1
-1
16277678385
1011582503
104126931
614134585
1266622428
-1
293417187
2450796642
21974196
8189427020
84436511
157400868096
4316091653
62755051
443220178
-1
1385704650
427621250
24669534
8958085
103268228
3230881
220483391
-1
21313056620
657424970
18053761417
13484375
509487482
1323397260
27311019418
1491848880
-1
7869278426
33737251542
17495877
43952174481
13867349535
548797383
7100921586
57482713
2703138712
135737579
-1
4692482046
6035655
2282257
916753340
981860
118318312
44267943712
12921756171
38126875
4051673
1748385611
-1
16391806377
4279603519
1354220
657418652
452652218
3449342
20760926446
65827947068
10121781014
2936418918
2883818220
-1
717541
3950247004
1417001261
10904778
426170946
112488379
-1
77699640
25211629
369393958
1030112138
2761451941
11627768600
38698474535
664819456
48642901064
248626
19910920
2175545574
13932436565
324757658
-1
92467675
1135977136
104905626
1691306285
6871115610
291751728
311463147
2010686868
1738309304
300603384
56537575
20999153
19022712
418681417
-1
4613592428
649752319
123457292
3531480841
1334092
9591920
217354461
535053442
309863918
672038936
1722636475
337467023
102101594336
17221974
1913731445
2785596537
2693610
22368969
-1
11006972912
29282859
259430841
8018041974
323728520
1040738307
2076213427
579582021
12652727344
69248999
290584334
327252615
336180342
6530409
224693463791
102679395
5797343
-1
179436756
281157245
16852347
-1
-1
173117307
34001110558
72980365
3844509
4501822
20232850569
1429252447
18995610
-1
79235022
197766115
81478583631
132899659
976167044
26060021802
585589984
30978427120
34344681702
381535299173
47684911790
894738367
755900865
4681319
10380517892
599275172
471426293
27177509765
259548
-1
233483945
-1
4574558792
445223917
411180658
3050261444
24520174568
-1
3727550992
2430172076
216823141396
3696366
50482039
1176234719
459277671
1350354
709690678
1092741
3716589912
15427306
46660130
8178987505
6314704650
2234367530
2467333417
2883355518
-1
5756272
22432023163
1671342417
1724390284
120769633
2680002947
9643375122
20179545901
770190960
-1
2373121485
9410724178
24146242583
366290934
245137285
8551352
2644620195
9845430368
1683780605
829007196
914836045
141944370
8148643557
281924903
96800303323
2149262
15426369476
770302079
8472375
540510970
8252390805
2409541072
170693
13457251
258151903
135063321
927513450
134726987558
2980762836
1664269957
621441923
80247190
1824331
603307544
263232598
54467334260
20904026
4293939235
1153702689
1045966193
-1
1269307374
20767772
371256619
-1
4732591
6215418485
121733467
1063359412
76957498
34794079410
8873679
-1
12019584895
122389732
48382141368
1612142930
2249152975
36560672614
8946411
262514592
20906649
2539946847
105480
359604816
1009770550
3102349337
-1
18000286402
140373359508
-1
11349242392
113084210
8555711021
172921756
133747
9102124999
568920941
22246260
-1
285180330
43811611
312425882
226208337
466299889
529156824
2087087058
28103684
5234594916
26493954
239423386
1642931586
7204586677
604891597
2177004750
-1
274722501
10412802298
54711106
670628718
33128564
25414337
74331454369
1934623612
613861323
26977998
338769911
243840684203
6296089144
7433807
-1
227169446
4365964168
-1
66007463088
23565292304
3874717075
10878568955
514588864
59096
627038417
58362942244
1983219085
5462968
39292295
26897312198
9037399
548410505
393277487
171455272
4115247511
4740277760
34440779248
19316503507
758007204
9463796192
17890497074
129401903
1240759230
4832498257
3490201364
79629921335
3492306483
47981913
35952869782
166209737
9561228919
3195735078
-1
5243723
-1
43440
7809039
7610941
403675724
-1
22113556
80601530
434316924
105230135
109955840
371072451
1186271802
5430110867
349386796
28158512
4068335311
161466149
32708828204
13035260
3538373
1895065681
29536970
1941131542
971200918
15390609466
2042405399
4468974018
1351846332
22044161884
13412940228
135564727
8072450421
-1
-1
657036435
603847668
-1
20103374
18442947
27363285
3893906124
131775114
49587659
1266012001
1187448
2194421449
-1
224084609
9820488
155664272
701324401
4839343553
-1
32734657270
2339372034
-1
148205981
38794105
151269305
18485640
236434664
20054065096
189070672
160869628
100938360
470772662
114173184
66545264731
-1
293967
712481542
3020915542
394751699
1204615789
1324519498
659511
1161644589
62633740
492035
19821317156
19688200002
8153619843
33209685
25276565
2614
823318271
720335
456237716
1000754
7142857179
764625668
185818552
1834978942
916633
679012
59802431
59435
-1
260234560
92923868440
1692789963
-1
1644440850
3348144845
17198134043
227096824
82428389
35138901550
-1
1133222900
7037129746
28378610922
3583678
6129100514
5892012640
16244853286
5456685856
7734371266
16884905699
2106240140
135849
531400967
7954630797
988242051
141143449
7224120947
230978292
22273018
1221445519
2581376621
268244054
10526798639
17863425
73456250
466714720
1983304236
35292071948
1567867394
14418444
10726552002
6248917712
13414215
169666504
673353137
386253653
3181512228
2526252616
28700840
-1
37798573
146132876
2937326803
3827937746
7921349427
15559711018
522102628
11941543
2110576572
6775968581
3559185108
5868284542
7153759282
445231943
2711569082
4400559970
184022587
2263759352
235307205
-1
511861246
3237712
1415748873
13468611
-1
41958667
3222740
37171072
636534934
2181346182
2866420122
-1
1276042176
-1
1071863104
753015
3390544303
74183
3360077
7591
13393635
9419356867
652380520
146876976403
22079408
-1
1437492697
179997491
1588739129
4486290
5045954
10328955
2169439658
716508096
1737236011
6082746097
95865564
19472677892
1722685559
285925798
-1
1937687756
12539833758
-1
5688210805
23793749
13102040
71407292
58334392096
1931377159
8496330180
49420604
40275557
3048238
2315956348
1944092121
15517847111
211145203
4202378
1531095095
965655059
2218920875
1116913987
969819525
1656795559
1104520923
1354054700
1109968937
3721417054
81169545
53721548
144021
7859410559
14050330
976105
3529469
1301028357
315180053
754894302
5605732965
-1
9002920
60601581081
5110372740
5294422662
11413513
24785280
1206529406
795847994
518354177
22561368480
3159338734
27707951817
44898652
3493968558
-1
50332859
10134936856
12450684760
248939146
629614234
58697947
1116702
1112041220
7271247
15617690
18536691
1043862
1341040
71523007
1362035
9436290736
32319983
4689973279
710068144
1856841593
94353745
298448474
3907615664
456955556
8085071883
688305410
150347490
5439518296
6245991236
1344873354
17858393
665335155
338780882
341397
492142
84632739
42427342
83415
188841862
703106217
171603602
2642019985
1457701952
2051290510
28706344
171267653
-1
132654996759
131421991
714085171
350585961
10266248026
21961436638
14330872754
28220845
-1
7901172176
1646276024
391766307
2111480684
-1
261558132
11327950406
539225
603110672
3953668
116948927
32038809685
201996640
1086935
1353877283
4535115189
19012916078
2864701437
1602678395
-1
6957156197
7363559702
5489799
515496407
589838139
1270378641
508926315
285460402
2249205768
51484417
14236427389
39877171058
-1
4371482
2942273446
18642968300
206767513
12463070108
24161534460
318921499
3152317997
30627214
11948139
21629869140
9096277586
2957854
-1
-1
503614331
1777578
38068537
11189654850
18231472945
2520586178
86850853
1113232729
195322361
839814630
9061427400
72701506
126940579
2016039484
440113505
1939220890
-1
2973221980
738182124
4279842797
31214011
5702986
776450206
2670056880
-1
3291793160
1586665648
1371758
1518448265
23510830
7884269
12096933700
208806370329
16177468507
4566587600
208700713
1623603984
9892015113
51187712
68313108
-1
11848415320
1276963878
53274006733
1980282128
1348304347
661688436
731210394
14403732
130602420
-1
718361667
240757065
183741019
172584224
6623031543
10149624712
-1
59516855350
298616413
28847892
79807019119
4466528429
1614614378
6105460
4398999806
15298388
5631466089
4882197
191714283
1141918588
6346169157
96296008
252919177
12722013
44777886
692675861
116030659
3164199480
895511179
4932406836
185235104808
496496673
31183970762
-1
13706427
-1
40830193982
100347697
292579
24642665
463416627
851156319
15487799947
34120670032
980136422
82458442860
99134294
735295343
53933679
30665910269
251088233
-1
939656
15520240
547991717
33084687
3727002
435179548
1621270808
17207091
13385240
661222559
-1
45563950895
14161231
475996113
15768575105
1443134
151406263069
2067277679
442362005
2493886509
38162830
2287769355
-1
170734281
16241354699
75997586
34257953735
5264328
36919013270
418410675
532509804
6106714498
1532021986
62485667
26060249248
40744390
993654338
3265423154
1926109274
-1
2224874794
9781077733
31481334302
59368
2004875
767940052
1438151530
1984744787
42177209391
56810496
5455935896
8885797878
957244790
21731821456
7838604214
8228431401
22009370
1314144463
2152246
5919013644
10778810460
10591514178
500943221
4521999875
2259941012
3758640026
5575824554
-1
-1
156845842
8334287295
149636580
6680453328
8001995
9139330
2573457433
2486301254
9937505200
40807877
35215593644
138295203
76146228
5990433252
-1
3470385
761136877
59220462
11384742588
506523848
6372118157
-1
445758887
525254089
33034058
6974293928
324701760
16006479
5204996583
3915872900
49451319
46347378
34719761
-1
14734488684
1846494485
651134569
884406557
718893833
2679728
527072925
211402477
6601271690
95061380
19229135702
2653390716
29268301
48981672
1517410714
392340601
208515194
10423192
9979364087
7740163315
46678996014
2182369059
525497821
2185482623
3659457814
409264460
4326720310
7634920616
8321618
188410576100
1255790427
-1
290898078
2467956
22425110305
109306944920
262444005
25487523
29403292
2374800847
33317237870
55144272
23082900
98406934296
5631447
1346525345
9436854518
57526
606219182
10610432
10477068149
14472341
8082390709
-1
87284741
3204968352
46991097
201069286
34958436
3840222432
616605677
38047395398
125813085
11506067
262744895
331217676
9787780
474215146
95415149
2329684
68284431
4839225721
535255237
-1
7743738
14493090
14672673
614778607
32235541669
-1
258369149
1443748523
133259400
342262293
-1
2477787393
871769665
78647556
4525085569
3940200191
18840798
178856029
4371059797
55363372
492523069
9670302210
1010480818
29624759
-1
-1
121267027
3595285
17141194
2692062896
2353408
7053356
2263573968
464968522
94347780
77639793
82589208
36485636
405595
20331762
5139628419
602085490
2356578446
191511
13614067903
172387107
41297083
15079645
7476424220
191019022
4761295459
1148844082
409884199
-1
3961057017
636050531
2905216641
261225
208149288
19992815091
7151618033
564660417
623383659
1472199663
14973833
21719188201
1153475696
58848968
5620039530
254463970
4708722706
478305255
6553054
2400610218
4654635
152176719
114104938
367416409
160435976
1330773722
534573279
1175120990
2192937518
589627
270845
12650455342
44565111
2674571573
1032180003
77965
38750606118
1833908670
575394903
-1
302129441
2622787180
95165307
94083
1074052692
2843941
1124737819
628618
29665395
27429848769
45291616
3769552263
282145402
3546743994
8726194825
23289294
4847587556
33217354
10427934821
-1
19267644
199681545
19493786
-1
103119132
361247274
9629456410
16503749
12788631029
80736609
248473098
799831768
2127813750
4398118
251292262
7505301
9450863
407049222
-1
691278429
1157332969
6690488244
135798296
1941890
68271246
943996
424198445
2724814411
212842824
34397499
32240529838
19344372927
-1
15991401347
3685752410
4386581
5093914
1984089262
3165991180
74974229
1036505020
-1
339086296
-1
6347169
6842859729
27460521384
5360619
21566985
8440768
746071119
-1
-1
35512740
2038942737
149855255
1041042669
3218393386
1903965290
-1
-1
6393039647
400142
10512455943
-1
7542222
4189717
71677858916
569599761
989903965
5114971
-1
608061902
831794176
33634814298
112457798695
-1
-1
359923
146290148
3039294
8565256308
1050170292
160688244
202948923
1062206119
15957996475
170407069
28845805509
618194845
700112245
94170557
17747368597
1612483113
53290872102
11832176079
3396743877
398461887
164749761
971707000
-1
525265561
231862948
3874416417
19137651068
2455925096
86039
5035970952
774380207
742349359
25416391
-1
1683685303
55272291
226959248
2102159186
2283065563
290073945
608737874
-1
211862907
1794611
104133031
21932202
103853103
16168613237
2725517894
38037932686
3545137328
403309
24031428
8568584106
-1
308946
12227772321
12133523656
-1
879726102
3684535008
780726533
5652317
440533139
37920034
1018090619
27896207932
12054543615
7653874490
960095915
570739976
21784674
684313604
708945
-1
3390778
770634103
50193286
6253274713
1013526634
692855095
15649880879
5177812913
902587912
6424341
19333640837
6437286783
118517469391
-1
-1
68887094
6297182786
47578412707
1979450
190276827
1390366045
3103149
3352542450
927991
15018785
299285157
2422082
2898311659
35549045
3584881
588794484
377443863
188186130
37994263
379959525
648098832
5317553049
28487552266
28077911129
1932606620
1934304464
-1
32053802301
176377262
58401031536
628814255
673665044
914738999
3487406191
10696417687
21333777
31132030
2927544559
53584831114
1984585528
817441602
4577153775
376811141
7792549370
182497869
15805313138
657984
168293579655
6083323741
895767
8634201
51909790
-1
639191835
2164636643
38696471657
108440187
1443005625
29337295
2282298390
162989936
88663059
4081443445
763698399
3595895
7987231875
6139888668
146742116
1056278237
51717
5010360745
65782706
1346061353
1020992
-1
597625
-1
32868621478
367209989
4362405894
3954580786
218097945
86122871
18528909068
1646195160
5648931763
23778537491
2520156237
178229702
-1
2275799
1385746495
13034120261
8522046843
4535622
25129594743
56990788
5881961787
7728773689
4878021410
61199
23424918817
2285434
1028143670
-1
61884371
974334
16023975920
17771529
50004506773
9583699110
165817189
29367
17369449558
407252
10155274762
7235258
151212698
2694665
946605407
1013507961
378497987
-1
70521164334
46390766
340253025
2054829049
441643886
12879737849
2072811839
1764155964
785838910
27102567
3256866280
381198213
22673980628
96144774
76907303146
14748556249
7367052
35372286
104609368
161853424
389368242
71982746578
41816014
590218608
27673433416
19568450
207389135
34210267899
288418653
32247623
4047988077
12512734
15549309
1660409929
137591743
-1
1305412098
4174171929
5629642
1724151455
650426958
448011888
2487122201
30184507
817302644
858654761
587848079
727516538
109570827
695185709
7269570
2418330314
8658939
464284826
550639597
1243359844
48375958
19288204027
5132679
136687494
4707878
17398290679
556869823
21461229368
8343
2194007874
113438221
3506457373
-1
9933594831
6641387763
1262101796
260989911
1578623722
349692221
438082643
-1
6583100830
94382147
5862535
1801338682
17584837
11457488519
1361624407
43708466
26815323117
1229831213
-1
1591461037
1242595939
76610736
-1
1274431140
2598337736
133489109
72117527025
13643581670
-1
660530531
626982416
465238114104
111680371
100380868
3246509
76788877
1067588
974892427
62577138
2643946061
8346
266795572
1683556940
-1
32421086697
696154887
516578770
161882537
9645770
1421383
26785933479
1658313888
106630603
3428898300
10879668
1671707546
247645467
2447138638
3547903
21944760
3222750486
408942501
29410314144
3302406072
179252627
3098756
23576155
11877092
3133908651
53875987
22193661
950855980
1229914966
23665048
18119324
983969041
27103063287
694073232
345658880
7631432100
30887914
9279255042
1099328108
245382744
62722655
24381689
31553866
186058989
2262171042
81849544
76665
-1
48300631
50734661
1254506452
24719135
94324257
713764799
448977818
450352335
441584207
17980978
1363099398
1109942983
357807
686383076
11568217531
475477711
3052588566
1981749
277514881
1371778769
-1
30690865377
1492272893
11133089713
244713618
7877497
-1
-1
4525647
50681771
2906814369
38503138321
45220298957
52697390
1391240729
-1
183259702
95572701
30654703
1601593483
4847542102
532261443
84511204
2902244834
12343802465
4430467893
297354317
19726547017
789437961
3508685608
451233931
7665732606
111571993
45501968
1195185036
72026294
2519137767
31872688097
72960014805
2068513
1420228901
1457782
1224335861
25310384
30266223827
92512634
-1
252919454
413418324
8899317885
48094637702
214973285
3059847152
40218628
1159482964
37303385
51254139
596194653
18131746718
198225619
785660797
84092178271
3376810225
5115981519
208025206
160496566
13319627838
191547093
220130
1021930263
9021170
124380114
12357849542
-1
-1
4052713929
47565291674
9830707
23943188
34828702402
121682580
629389529
1633980
5487977452
6292473
52736441
12683595
487732127
33473350
43350997616
121240616
13886411
984364248
323596898
264918536
65575
9332834
5076728
5701857714
15076954
1764743504
380399979
181029718558
18038720394
3773871818
694664
328508719
42403279
18985316205
938343978
69546202
1069814302
62575730
15219518326
455434733
11666285
1228608748
85374000
6675313638
57583659
1599082774
291666619
1374081002
87553
28428589
3329836
6505045
25196557162
495961174
11563311625
4941029
3151988526
-1
15106
5140207120
13349511
1280249427
3486844979
2292509961
7079261519
462052732
567848606
11068791
1665142
237037440
-1
1307013543
12977342
893852627
40590990
-1
70960082
197714705
76526664542
37225458220
935095
362167
34386414
37597054126
-1
17368539
51673109
40855391
12471238
256525261
2879943
149133690
42970889
960616803
105830034
19833159
14525017
852291263
24304174
5579961536
8015048
3701907629
30264464
2147968127
17735773847
24473573
558227115
895647865
14884603903
118438323
8434610609
2256278281
4439586
1007218449
82684726
112239057
12121864918
9589788190
448743583892
198905580169
8626017616
15879500916
16800538548
9847475
11921470036
14531769
31406589260
46869377675
947650593
1967794617
127835161069
747732560
130567343
39303028
5891374280
32442992965
8014002584
10485972133
34892276
26835064
26572116094
637536001
10466846772
11379781
135088297
2970799060
4076193
9284809368
3197724829
-1
-1
-1
143305618
181006242
34485
2379335890
-1
46760751
346483162
99310472
340898427
132296256
459744042
56598891025
6394192
224218058149
623690537
271235018
111969891
11612257140
493504315
13804745287
2140226418
-1
-1
33514024113
-1
35898
4991500924
4706011473
-1
1832919
-1
3292586549
104400119
1367603615
10701572761
13338386835
4382466496
4053081063
79311760
321601
600516995
19339704312
179088293
1308949928
33129181
92805035575
1952196
2041813178
-1
-1
2924744
9364202142
7445920547
108697434110
947447373
3409197347
28293643487
-1
44158909
1821259508
665579468
767064
5957177935
11564866562
7768582640
6706604
389899752
51843691
175844696935
1157626
3132994107
48915789
5640019913
4461375060
5943857184
156315741
21580677815
3992109246
91903310
2829441
229174561
378399132
50205788
107352320545
69238
7171449
1751725338
5745322039
14349188576
13751662
-1
286551977
25078037227
1561169166
11241465
13063824972
93896068
15304984400
3518432402
19920589100
9929062978
11826165
2072926043
110486310
682484846
775198476
141090473
33613452
-1
12427
2293871881
65253569
24381511207
2814974617
65509019
32214953512
101342257
71141361405
67589862
3999932
-1
-1
917456799
10132778812
1285769488
-1
-1
99289230376
7502146
7118507671
81427857
117357579
11095563717
25981541190
13432824266
1375800728
446159865
5148740
4138269160
332376058
-1
77799941
148635076
805530561
244799095
17517236509
283747914
332218466
4560392873
345188572
859841
1320705650
33796646
128719480
960058391
1595179678
6904519747
534384588
725260736
1348265
175784300
91007090
2129320236
12012129
-1
22329287780
75036962
19612
798915
1076428159
33766393
67807635
42831416
934784680
89166935
1791445
268085494358
51222460
7105914491
294533369
-1
1438105157
472205
133962946
428792535
92498452
99320169545
9475904
2753229487
498063867
-1
93402457
123170140
-1
113024789
2655419529
2924622896
97705651
1683862826
1080238201
92266294
301146460
14782153
908648920
14958586
18625161161
2173304
629951334
90352851
21901880
230751583
116213456
16164360
6995
18156584876
134061097
3470709278
142088463
59102733
1460162626
45575281496
58054287
7885968251
45092980
1389026322
119692021
236101105
10990396591
311911936
4208231868
2819113888
326957
291345874
282417046
503028046
-1
-1
2214269
113462326
9729563
2203314
11076926
53090901
2809764570
27966012089
4010066066
10729964
288623997
16580844
481615088
829415740
508812590
19863218656
3315590
35298082
72448758
6347615619
955381800
4317545875
354294182
468698615
51274654
230802661
41724568
-1
6015945891
3841550
37961428
1054159607
5576981352
611487113
3843403767
354926519
94314172
960793
10104740495
30275940
8796512252
6680897840
246089649
425937
322488161
3612275
545835688
1301175691
43324899680
552214
17395271
1292722650
19040286
4291609454
7413162484
7397697738
5485238826
4843678831
792158577
15972812
12743311
70792556
1403988144
122539360
9480728968
4182081884
34025060801
1715438679
2716797
280068115
268350201
342111289
25488071637
18276
39744974
16799411045
361332236
143610681
309876405
1795995
4955552590
803571418
38887717
169301355
14440525138
415084191
2581607
3005160656
9448028
2588813509
92159013
-1
26381981265
5032026344
697177662
23137860
1044044
2790280519
560273092
647631747
10222686
422729219
43634013398
-1
224152540
40863709
130101289
246328861
276987613
8571051117
635702278
551095363
1026504101
1753286058
178110042
124353
2784967858
9947143209
2236382692
182960075
889402141
7355832
70639150
1093210608
-1
999556864
66236589716
1185835467
1649270505
58841835001
426914323
26593955449
45934107
27983495678
4784618481
18821020
4413208285
41621520
28870328082
24183905
10651089336
39828756440
-1
10426543
123020858
26983072593
726308295
19273396
13747944716
687928369
4273603
5501433708
2022449298
290320419
3778557581
2776821478
110067877
181127324
20330679170
335396
-1
5960456711
-1
2054643870
49304337
12348920
13648579
606047
2795156069
17730294643
159990317
264059665
140316463
-1
12108872
41420803992
46256217
-1
4331635575
144489296
249712075
1482151524
7696662448
12138630320
2876853217
1983188936
28690
3883867769
1010559451
28774443441
28154989665
-1
31229495
2478499032
250894900
1449079325
1578547
670822652
193316960
62158376
3830181734
24378213648
52729295
9863831165
6144716
35869014
236234235
-1
90385235
3393508753
65280638204
71062794186
6518948225
202843576
3422414053
276391361
2235310310
325110260
35757750804
-1
522513602
27239985
183729514443
161519749
1635208256
76112028
9462598
476742824
1154184225
6475626350
169943620
-1
-1
57619313186
103703761
1383692546
-1
313571578
1005512
2337483
22742333970
5757634918
4173525
62749192780
683038873
-1
981295
24924198681
3728198780
4872511923
745524445
2130512
997080414
5233000504
-1
6850533354
2451002724
4045028508
28241709150
1034203746
-1
1116554
9928724
18978860897
279710
1707185
445760353879
323424724
356592
1113301093
4963223
5184660907
23165585
1096696759
7378278248
141335378
48663342
4031900314
364024914
-1
-1
474185513
14297209585
9747624
35228389848
99197822
5974609310
6265404
10019671559
74616776
3272111934
13134193997
293714701
5559460020
10478616060
7931858063
853856202
456146678
4055995641
5833235572
14033584356
1006373797
277627739
57183984
361545140
3865386
74877215
3794350204
21471515
150713445
2225965310
-1
4552115221
111281055
417259871
57636967219
2312769716
12810025149
2556221
26229665721
36745238
97089631
3061590026
1237481945
396312793
24164621
3892750030
133257732
42306053
1020702
88405664
-1
3616752249
12721377250
269685096
31346785995
758035831
130960149
-1
822927442
-1
-1
-1
62769
571288
897152091
3467151161
46332494897
7990067
2902541390
7132191863
-1
51496837964
7401418
403761570
223977166
5617219
144155009
387909162
976511911
308982197902
510424
3735935817
13509062
-1
70735168900
3477269128
1813025
497496660
84495128
8081818
122373601
317800727
23598886686
4974173564
53658541
136243057078
1799039577
12230185
328821349
722553760
329639034
585170
30749099
1332957888
1724991143
140417222043
88392591
15565963288
2315575729
9780326
-1
51711788721
16583218
4412299479
5801833940
309613717
150012184
892511278
64813911
3708515531
37958753
138334472
12823426
11524966
5793583
152299752
1234925
426180605
21852219
472924442
1100271584
5530626563
53478190
649886373
1609983557
156607953338
17410501696
8875817
14816941
4410023437
21664198
5667484559
12558229542
356872403
-1
182372544
317616807
18321444
5697273721
86798843
1310208
60279644
116969460
442336
540806590
136986556
14046644
16340492835
891656650
1917673902
9069929
2465683310
98717592
26231240533
17697417
598266963
39192458
483721353
68783189
155156075
149067673
18079014
6752200
761694830
134773023
3484105
52584883
263443268
883028816
-1
5177529203
-1
-1
102818011
-1
-1
413257437
10912849789
3230868535
5214036503
5829437638
258231418381
247559595
3498717058
234922153
-1
170909544
32192349523
1799086036
156410280
26622463580
16213539496
305573975
382024126
1060094513
6693024
3605554
129505351
-1
105518248195
255673749
692403
23362672
455619482
476418233
156380281
183175524
3556164390
6197246
10144551
835023885
9828234299
53005289
685149
3925274307
1579369
3055468372
1097525904
499033626
10764413715
27467796287
1100190228
-1
288249528
81039629
12093295
241651654
741897953
381122681
22160585
534291906
1670575940
9668592607
356927102
2880809
30484061616
397351
9304158
13424210134
27086485152
9385401
4433972648
-1
14222831751
156206905
18533318926
9525991391
5389373
-1
20372530805
3480599340
1742151
1582334324
4296951886
2674046235
12363371325
178038103647
3429936579
3732001014
-1
99930372620
-1
2278234
91150965609
23365464
3188447
-1
1211422318
2710851
46008703
-1
108397502
482929015
62464
67784692
19278569
270611702
3224848530
347582258
27687880021
63816917696
1144797
1568023066
-1
75114951688
7988162
940558896
6477806482
2306834404
142088076
34103844933
291101995
156827947
6516314383
12675701657
8865611
11549600
2612941434
67249415
610882845
1992193
2445068119
43430030047
35491319
67633429920
1763505844
23320990
653576982
1529205
6053500
369517823
4826734679
32940098
12965786980
9931286
930105448
7753524862
8805699
61430932
11571349
-1
66336828001
1260910988
110967016
19425338896
6431804
13301068
11201150
59579193
449552868
939565641
361438636
147212737
649769014
57985511
736317607
3539104
42276398
7562297635
254264141
75750847
18635894797
11741192369
-1
1892520260
-1
50086548691
27947829206
1132104842
2676376719
5241448671
1154745713
102773307
822581458
3963768578
120503233
15061289
4916427964
20685836
30481861363
259479737
544191937
743752378
4530974603
25322137
28285349562
144749898
231030834
357724
3957236526
95853329
3991787394
7038716111
20822127327
7003857
42656393
174005425
357434237
4062598404
2520369527
21641800291
1369598841
2755858482
115133446
2817975413
2010226
6210908875
5872604071
3848139551
99021160
6052126321
2061005896
32548957
1106812255
2554014513
13783406515
3600
-1
24384410845
10633241861
20919616
27695355
52389165962
25669293356
192055009
11752022312
360641532
-1
58462427
33483392
12940124435
6889183255
655220488
7252167554
189669636
94233643104
-1
-1
4314830661
161103624
1532826638
7471702813
1414278
152069876
106555207
607203008
5260738924
1530281572
1056364243
4225331163
338596575
3334653716
-1
-1
997097787
3208813732
21721930306
9454068926
49296821
2045529
85193038403
1658882689
31332023
9259441
212913470
775986062
1450956803
179247279
8450450485
14083470634
123396898
611564136
-1
713125703
723759
171419
4239829073
333059741
29899883
4454822
2061050411
1339337648
1201270368
660445890
11605037353
2004869008
46631461042
2942431
954542
12345472100
32709693
13534562862
278520313
64825830
214772902
7251010422
1397871327
1701402464
35668504
13523756043
25420953823
905143557
1967702812
9570702517
279904
3882150647
310620
997199450
12026462537
-1
20441973
1094869007
3261132957
20381623299
64686347
910088653
-1
1762789
190674864
142755375
1986510
752745
1565942843
2572233930
5295190271
-1
2482837
7444962458
3538143334
3904668841
4686849620
568640188
-1
10492212149
4569188347
130811031
10497540
12595678604
6769775613
1750698451
1868796940
406921076
5103313905
2423033
5381958425
-1
3395920644
1365063
1882760190
543532430
769597686
10074282
-1
4828550138
69035849
228720
213072563
58896001
-1
37680287747
3474426056
49363076096
577241218
336836131
287208425
16522028012
90732035300
-1
1307220462
354947962
246199704882
-1
1632081828
8167261164
1182756636
1498253518
17010750378
95829070
347546523
11902180
10020767
2102024
744752865
8524825890
48200324457
1369902
-1
349464735
220969
3156003146
395994146
5713293909
-1
-1
1059112302
52278774072
7190881
8976570131
4519
-1
57211399
3173549440
421911832
123637
4853233
671869
212375295779
267555936
332113995
3076723191
467180321
-1
18727343902
42757685
1215142909
45819150
5497317325
627114085
1518618
-1
51882315776
46642017
1521598872
2572517047
60082031090
24322674
19285751
261829478
64780570
7540279280
29185569602
2419825231
7485582448
86107872
2014083539
-1
47268700
2144910358
-1
1788309271
67404783
1403580391
23860241
86633820
-1
99105449
7874413023
207572231
924234195
455187718
1273326225
1187864489
1051215
48830599
672283759
628959626
934889185
97437227012
24694063
-1
186010518
23273689202
374162028
1330968555
83180721
3782211237
1558668225
228842615
255289972526
2153161909
13445424501
17455437848
172019243
197222833
1028542786
792012431
31047753
2266364784
13433363547
8896690
4562352
5403037235
-1
432372269
1024919823
86184243
8662438
4640742
12627749829
5998039359
3755642
3203225132
2452777328
246112748
66899894
29120278
4627696084
978355169
8844941298
-1
10026196028
593839534
-1
433364
244957004
6800476
564179000
389427684
63204215
5393872582
11906923101
73549354
22959202
21128572
298152441
111229162123
48929652
11923133
288663421
4587062410
9881812
1916183
2496456942
1162629422
2943806576
15435987087
700484586
3378218343
11888541801
53239779
604361369
54330824
19551076
748771936
-1
91279613
4397941569
18132556
22055159476
4997083365
21723571448
5858506019
73903903045
2757698318
1859616886
190409080
1381490772
6180287684
15806658039
10590194777
516800403
708162964
49049611
2214704463
85238040
518671437
1922564898
1698271661
434031
1523105342
-1
22552080309
67541530
933726078
94896726
5987609605
675399047
32269045
285013317
36223345
12320207
-1
1950130671
409508054
429135306
8804893213
114670447
240332903
12556537621
-1
5012270472
18668096
1246524978
10957157
1609945164
5143848533
114530730895
117090611887
75758863980
3472969
80523401671
4793527614
41829856
677229413
-1
11689296
1122926116
55308512
226072270
15659548859
46371829
1234190394
19336417666
278383725
-1
464241210
28200978286
28478436753
1375220617
2457677246
1773043
1604139
-1
2322097706
700442501
202897880
1553439614
7553050
421810912
1284745
13788235025
54563452
1469681495
482147217
24538044
500663088
1476273483
30816780
313273459
9589693630
54010052
14518538001
923542089
18749970310
1705557136
43963607
-1
3212114327
7800476810
3036120056
2024284114
1939571239
329201541
94857
49965364
2596507045
1192960326
8980966694
30398245
1212633222
432458577
1308128760
16214783181
71279516
2524571535
1399350
441754428
577615300
18226095
192968453
3819509445
-1
15827394
-1
24528232210
248283
10162205004
45810784472
-1
34553420
550367163
141855797
611160469
1864297590
342178372
30314041707
7592409
10449524691
4308630408
3289926101
26601252875
6799479905
707500259
10010247
-1
4708690700
57259920
1107104755
152381316
6184741761
9824224
1113727991
9728820940
43541796
9948304
156490
341679
17112515228
2084968199
7830562216
505081990
643965768
6847455622
1975075041
2154739534
7427339078
2094013511
15141030006
7725626
91307681106
-1
-1
6899470835
287373787
166453919
2530164479
51095118
604502
3271337888
17191687
389790958
3864739754
22859743
13752799542
34133958
332665933
1144755
8324309
62722719
47587492048
14491596027
-1
3831705932
49030891
422585
30375363657
153298260
207543222
7257384907
6845874399
5132754583
415981099
250753576
-1
847475187
75990308214
59243855181
1074449657
607890348
4758339985
533663395
4386862
4800958474
245566759
-1
887150110
391651
1151524307
77603
253364859
1528899409
-1
160247872
17601532202
7971651118
847085365
8752774443
34896
19476627
1451830941
3066719131
-1
62529743
61809874
14167566
3357461188
2330388033
1108573407
71263
37331162
1372611445
403891803
387051446
12730744485
92434797
17298306076
1508252814
6812475939
19591480938
2987614
54943905
4688184
1040859
-1
4166133061
3713540455
270584464
7437433
8938052756
19262241313
10865329
43407133116
4009280463
27096467
39260979
15340452854
44312925
38281926631
168044612
383028254
9380425
1223402878
2570617401
127690
103261025
822497675
79779690
13675418923
19942022
2851912251
1743831363
6626899641
3955288001
1591975806
2975118139
19147251918
-1
578907
1896098388
3626518421
141894996
63684991
1141580605
73155724
11844889313
72588812
327630914
15135229
-1
3689977361
1033385134
386937847
32127718
45838776493
10088086656
386724474
38057088
950727
8473442
2643175
793625528
7967890361
32455417
7626195234
9128374
2782577614
90156148
17323410928
15710739
473361781
394125641
59632300
-1
406931053
2040236163
341575049
43678869692
7607143
270589233
3081082
905447359
883381258
683850
1223871395
42549480
5608822136
462953491
4946438138
22462024071
3174972459
-1
16006947021
652608357
292031210
-1
1530932816
44187238
45036985
4378702991
-1
89194273
588215310
13385641008
-1
33774780
625312731
22210648385
1000783255
1346106
1128913895
-1
28798213
8386435390
-1
2110378003
9819291847
285973351
3700201
44467562821
110069679
104226387
545722444
11926089
-1
-1
1015911781
5461968162
3316043531
1261672350
3040121
201284350
1172883492
107258649
14195230292
2385603231
363747769
1989818348
5033324373
3818774
755393934
4396040978
699793349
-1
1234481520
138642682
281884520
5191612435
972252400
7286874887
1387987122
2763074
663629300
1954499539
7340252458
947174673
5515384339
38693315
93617127
155477681
2159747258
100948161494
1253963896
6049003
1943505502
24560947
793125050
49428887751
749885428
13026993323
439662612
-1
176141271
7302547440
22924942
435123225
13971414476
1000802500
1206403767
212653687
387745228
27837140503
101293508852
45329355365
104435261834
17733475
1095785904
687676244
27359194986
61473217400
7808304822
8063243
271014533
-1
814569
1853361948
5257316215
11917974867
3469800941
4874977766
12004365
4635815648
898694247
78306049
3127709
14593528722
2092331640
170856117
5974646900
101151803
150172642
74451308
1082649
2761711069
58504931
428360985
142449516
2689794086
134813019
242531043
35678895
610386967
1363660852
42702992
1154306450
1267447873
451405614
-1
2016187712
1855185514
18059733273
441628822
61375489984
-1
43360538
3661381951
99878038
247602
142806027982
1553453488
54854842
4482594149
1488835543
1085498081
4826212146
8216738524
859305354
175790
1066118748
626019914
2625348489
36972873064
129030190
67896806
3600979
8510220
3195578142
5204502803
4542108308
1809016500
934773081
2763924471
239886
33026652
206268441
36841681
-1
628544898
2207352834
29973603
35425441
1238306121
492310769
23534565854
70585430
766838902
13205869
3880916235
12411579
15498475858
1032174
402308023478
24676945
1300752665
56643311920
46844277
1052168542
1217025754
12888362
-1
5008300251
75782262097
174689503
115935278
521516031
192314570603
6573969431
1064887
40859934
4085057394
3293445692
86638841
1828876254
6449014199
2588394249
5446688958
12158150798
342836636
4064715134
107419018
11115836105
80159976
95345924
33215935
5173742
-1
8548102154
71159061604
2836770647
123444641
1411697055
222550754
14335140401
1876378031
403995769
402446118
6545901401
55772179
613580
4005707400
104900661
2615464358
2001816662
1625045822
2624725732
3608020687
7558749546
2316072236
552195636
19048031639
1634040044
11042250322
61397769
765983617
1021287274
746521617
1265645
2465759038
6580888552
31655800
361252250
40614933
1282959
788362535
64292041
1173429213
1206500787
46822966
4837449533
274206
243828018
1096342571
43100056
24565973
17836875479
152870771
-1
6339482473
-1
554831511
2387103051
881081215
4021333
1837371816
2517356538
1346667570
14634965289
215871260
2941200065
-1
10093890018
801513002
16734649541
1328958852
2503806242
20903361856
11343653981
2049645702
16029158255
39475736
11087129456
4047427151
9678722349
310337121
-1
3993429
2621656507
442624798
1337595109
1251022638
472900691
2120227583
35440733
94898
631887172
1279220716
573263621
262096554
10241249781
268707108
-1
-1
27339711113
-1
-1
59747349
6157812893
1213842977
76276935
47241750924
8710560581
37381381282
31253581701
18460208
97068660
1182436283
153391930
8823832686
-1
3398105171
18649457358
553476673
2853051565
7027159230
2555826536
86255526444
432982825
1175551
8768621638
2191813189
1246245499
122107578
-1
718932
-1
1144349376
3793171109
519096652
54968543
1493118732
1618133800
468341027
23264179
14049560785
372542935
112208238
-1
15867256
1276508307
210370481
119007972
29999824855
235598505
75979873842
12136497183
10862170596
24406604331
7299998506
13509560696
6422535
2001933562
26914
87769854
13533011
12664865553
10459227
1039404284
2246447744
15835704669
7100800620
248150950
41616786
60266813
955831693
203811877
3099496911
-1
2099507234
15848200
-1
6404977
25038233
1459163
172413737
1919897548
1401525353
35937660
53934679508
291666050
63967566
10569768369
230105570
240208
5382733107
7883904886
2557506471
113697032
30094563
110958931
-1
59830533511
42943666256
793674475
1456571349
27954027666
211492494
10581496391
2887037258
8097208570
238020277
614245791
2131887118
730122632
155742044
128688316825
13954066837
2869870724
1821655
260959960
824114868
38689762
5120811
72928
-1
10406292939
56630427355
485125541
11798749
131546141
175115576
33864582373
32303485
3303206
-1
47964509
14992536
5246701
415522594
24476954
8507500
1109346854
59251419
492854484
422746369
5668326519
5262503740
26574182991
2460534
492827514
1878081219
192204485
10428202145
8078467353
583474065
275456578
194736060
1887055
3506249342
22342597
9531522526
1374838238
147068144
3456778359
12046731685
173732182
2562479220
-1
-1
858486230
441814621
533944621
15895033037
19016837148
2404826589
3568923
50114816
753004647
31850631805
32128592571
1918536163
279811211
26958970
1216701237
12712425232
25766148011
-1
1468593719
23355733954
-1
39908489
177472044
-1
1045749339
82790616
2068536
901681061
309274390
1590674685
1208961083
21892669
886101664
35320393172
26344934
4889184180
119415062
317528545
1258200173
176184835070
64313364988
247038332857
595877396
1636558716
2164532
1900517559
6900565
-1
22433758
85276252
1548356397
362032061
1955735800
964695189
1840018671
-1
819647345
467100031
721501892
1541130414
5311037859
19033113
21180012
28471955383
296855108885
177996818
82639429
34140050
25853759374
5628296403
364937749
121269400
18983356615
11337006
-1
17571214
4742822304
973877336
-1
516422180
8196267993
820339632
660460697
2521793273
1977323307
61071526
328194
79848455
14695938878
9215255
12985157054
4043459058
128289282
380886512
1122558479
1698047899
88916805898
85645819
629967747
3016008237
52785764
14161037
435714349
11588174891
24497147
5134389134
14790212674
1553919776
5322225
248855065
8136862
18408181227
382440272
392439
39804594696
259359
3997479295
13009568
283782680
127846740
1459388254
30432593
9973548899
1365198189
3539578090
863932
557013629
502885
13039676428
242284478
86642283
377452030
1655309988
546336717
20305002424
58107368278
374405610
17698365
37811345
881389691
1385692386
1861889
84126565
1516524261
2052660383
18258701793
-1
635419590
203396606
115648269
85107886
87127501079
4246929
6080124760
5498486458
115993910
12788189
655216
166229744643
1366040282
57544123
-1
14263186
332529421
15952322562
45428
847163327
1521805
839208091
59677541
7863779279
-1
2275398545
14085465
1728076240
601843412
1104403096
-1
-1
912717020
43407024
793968070
1164794149
465660907
-1
755257051
470748024
20803035744
186222194
176611353
10220558
191031905
6797968765
2586479
71851091
27191974
11383438332
217633609
-1
779762791
4146091
2596124
1390357884
3165696120
583887710
1014328416
4565193612
431471
-1
1605748951
213627561
6423939307
66889474
506950700
8811289850
3059881834
682348802
46526386518
1017807379
63827663
11940353807
24371123
183061735
-1
9035810451
413225293
-1
3269835433
561881920
-1
333638046
499640797
2094292648
713302557
5923791338
398444973
36987441
17248544401
2347577684
-1
467027956
-1
515331725
103968584
56079285083
234725
1435698314
525754231
15552489027
361251543
27921099229
9614407
1038388625
56116212172
1089903340
66844128
664935701
-1
34064540
5858060626
452500183
9381044
1197514081
134226519
273032657
129293068475
3986241440
46122939325
5894238555
4784619964
2175825917
90458465
-1
35114006412
3256745698
83617186
640776
236484979965
-1
429214
1319361281
252841678
1158873376
1970037168
117074582
115581560
116064505951
-1
223407053
1185760547
531616490
512816911158
7057832205
1755045711
13695817
5728082538
19691294
555677707
11218778
497299564
4576839451
534760389
5242966283
5273665087
88439038
19679562
302634218
8410533184
260755981
91790077
-1
1375255518
51522
565548207
-1
7883117714
539346157
-1
1236781958
-1
444391959
9145607321
1117649217
1779653088
459915
5932847
3034980851
105148494881
1219871469
2613314986
2684166298
1017281376
-1
7750984186
1367528924
81226590904
38287815083
1670379071
10300942425
994978
881988994
3617889384
7652421860
505507323
333332501
25446113
1522640
190791838
27729444
-1
3215420178
3207271
1893585494
708300735
202248727
533622310
690501
205804122470
726072551
1201168102
1030766742
44892731
531650479
1674534905
50763714
62268204
-1
887505992
48546882670
39708976
123190988
94598
417097219
1376369
356942077
40368311072
5331774242
-1
3559933
195737447
-1
381104181
237221121
191254755
1417864
-1
-1
5425405831
1232099073
1169649570
388545600
18275788
-1
45351799387
17982350
5136091268
-1
38201111570
-1
17375157038
4393161616
-1
8071249172
10626576
208487767
1892440171
131387133
5159612133
16259225
27327574903
10795026
587507991
79655
5815607
10643746
7517308774
51934457
7747905225
2919965528
2923598337
8873471
59732200969
1083746890
-1
5305323851
28644286
-1
4365460109
-1
258349201
2254168295
67276027
23291685197
27631097509
-1
24856540872
6328259522
2341387593
17699461
315378775
3640348275
100441489
9039926
127639037
-1
265416129
78939616922
1305266346
437364
307981636
3030006569
181706938
1474927537
4922347
29653562
42074727525
121050855
192991179
16203436
35706020
605139107
11840852
75533530
19198345625
1899702402
12332804638
5062659262
26836149335
13097065375
10220992119
31430633
17436036
164901458
11389684598
61182878170
7103064133
415019295
56083782
1004470579
26231
555180491
2684544042
8370134824
17343187
325114343
3026798
38034956
889769607
9599466847
16482655345
383488948
5111083463
86165672
9732784827
-1
15461483843
360919422
4400912
19873482906
429237174
27898451793
10496866052
7980379
167424763
-1
1385878359
58739299
459988084
112777628073
41367872063
62518
12126605
5443764331
1786194192
2900304954
880093
608122891
4472939926
1345209948
14289648
187237348
259985488523
2162040847
-1
18060428
-1
40956966
12318775
43022703369
-1
5804769624
2491809966
1527096429
140236159
52327520353
12362249249
43689835921
650510385
57111038
13738345
501778
15451496419
3391273407
6558451
305191427
1264960
433462903
66944305
8474
-1
2802366634
1692447512
335458539
177221502749
17949347537
1047498108
3487171102
95356606550
67795401
13400724740
36670039
9001884819
31799326823
34605948046
16501338296
-1
1026267071
2643479
393217205
1175772072
3047466625
79733151709
-1
21229097
21870496
22156957327
3154268059
-1
-1
124557134
157042814
4434811383
828518
-1
10441073
745368
6265746848
108452640
12492752
45025501
25958192
445209889
17919701120
662381977
3030417881
45568747177
3976946070
30279466
2063552829
5803871063
1835480852
59818165
1963057919
102547017
1462693597
365207732
-1
36062979
3813074744
3041702
1769585938
30592856119
579745510
2457561032
485880615
821859
2679793644
413538921
3739244138
5449456666
869552521
56271333
10532368
182097171
6676138055
35659966083
90442346654
661512
40353859
25106201
438633061
8208881059
7216802920
4155355757
1237126377
79434209052
37896317659
15663120371
890317425
204763780
22787564
61416693
11315203003
5693303348
3587448
24132724426
25551652
47666687
103921536
13937150
459220
1323308984
1476902269
29491782110
5267354135
363063902
3690688857
7703134174
3465421876
34829835328
-1
391428467
476214376
59140511
2171136959
22583854
2544435473
128101
19607532045
163329522
3320385147
1431928
2307457250
42949893
2295294020
1627838624
127071909
10769176
76738336651
1007348
8824948944
62499632
575805
2447326445
3568891708
3603240880
302395359
120144613
152343110
425755
99996495
5337602345
4367319884
21855801
60340055
110401528
248702225
3276172
2741792797
881209038
21119030
23166828542
3546868633
846460219
1640318137
612488338
745026191
441792156
29155835156
491333896
9597532281
2218770
1791584967
848508869
2565866424
56233190
302439510
10582829
140429295
98903035
29254270
8868515943
973670047
50945819
42168983906
-1
501523506
13103547108
1880246392
54819818
7199468
6736928414
8329245789
6131819099
11469816402
423431956
3296306700
58914671
77681
1952655646
941801854
7729143415
66629847
162981598
7051653981
211417933
6691744805
-1
4205840539
4541864870
948259712
1329145104
3015735640
1513582400
4957907655
181630744
68908721908
238907051
17402613263
78987837
25528577
9479917
224396993
5144738173
13123212328
1033447410
15400548294
391913291
3983275937
10011869457
212638842
383374
30068944204
174867039
42815271474
4596897895
812299786
12978588355
2173190759
8707118602
1004413847
16304208140
607297881
202262688
421883162
114370183
347016084
33527569311
2534044513
527891821
-1
16372433
1181710778
347539579
871905
1720836277
86377828
19033870
38684506158
295070861
12045222836
17810417466
815779008
4390953171
38352748004
17625819
702183592
182529538
8524115456
326907623
11362760860
158310608
8922683954
2690981138
571612895
214198
3879053428
48248165
1904598
12773393
121686
6756992307
-1
1531556396
483835041
1820900998
27889439
58651201
4659909941
39801981
387488200
147461994319
301917170
8648078550
1114685328
10125308283
6827152420
2308381
3677909
3043248349
5382047811
102668988
-1
6000560344
80879
10570686307
6440735873
1062188094
6207063
-1
7039129276
27775445494
82554388
91466032
1650751985
3345178734
45145107
3506426
2297491024
618775235
1233611458
764457499
61884854
595122414
253033
27664666
92636844585
56032661
10514197
687993465
6096066
-1
-1
18445722
108610994
15928432902
2515387497
18296627
-1
-1
-1
958898407
143397232
124308065
39429103819
28210571
10132041538
6498786248
5470042
175443549
4649264
212278824
510976312
372947235
11395410
1048772407
-1
-1
4583437478
2980593918
28102294
8091425537
1511474114
-1
5512720891
303219241
509497971
1558587940
8643177
6000901864
3146496138
1153448215
46170872
798374981
1802648969
9689041
196054
14513519007
1688389342
328947236
5142223368
31656733
37011863969
22701135689
10174298195
4131311
