3982469453
159461
236727526
157393173
1007396847
440720124
735155323
1595186
-1
86593932
28426124175
1950546961
161623831
2217269739
-1
7025178578
6228626583
383024106
27226366
48763566081
-1
225350028
25897327357
313374723
3256410278
131254379199
763391838
2018611
56746037
1544964587
52325016796
586153332
1827907805
179672570
862527163
4029498
4310169851
24335305
6855909
92443756
127996417
23730188739
195924499
2035929
4970011
29734260
2531153
5145164817
29592770
1410742213
151000610
5872787659
395453486
60023
2879750669
6273180535
198312013
24884728363
1615030880
-1
175194440
16356955
167241666
3878894
176383364
342971706
48492157909
280199
19549645101
203697092
145565794
892104260
1374181475
1917799508
39855212
879490387
53418881
5308616
121628124
-1
118913
23842077
19419098981
71789736
4555153753
634865426
7514201968
1450964772
2280918878
17512
6516171779
713413748
641601873
34306400
420242667
4796016035
-1
732999581
1791730212
309010
532321644
1282139723
-1
54558168
756521896
11396708
258561189
169810650747
36182989870
130353485
-1
20679193411
44737746
6110048770
84777424
60445723
1735311969
4818929
724249661
-1
51585110
49933
20314067432
1210100484
27669700
14918073
615596350
1453521
475620183
1570262793
5370180864
4282087059
93687825
544649620
39527134
533067455
1119237241
1359354
-1
114027322
392236111
1889579472
799325
322683
-1
3287865
649834153
3326311685
154941743
55242016
535680266
2981469611
183696
657852840
62924289
1515106581
607479061
3331170
2483757587
1602664
26967602740
47297811
51969565114
6432776966
20124705
1405452
11187416
1323220
25025765525
2167467029
164519556974
10296591793
8781018366
11821097397
20336988
3621197
1190689374
23223570
23829944796
471287643
18770939697
1434474824
2914869746
113010881
672239687
317448221
27019396445
454106113
1383839631
1583095589
60803570098
57976
5483971678
9369927476
811230
28190422611
104906226
10829583080
6621478
902720
3333747179
28500267
11818235249
8669605
2953435959
4066426654
519188763
204030324
7167233
17313492961
2976960213
144901208
409459269
8132699853
1456948005
6538478148
265020532
2211280447
529043026
3036414
6526057178
27456836003
7948507856
29028390
1604048954
176895843
55276
118343268
-1
2805184
1005125
14988990350
-1
2320580210
10612016195
648422406
42395590
96957464
38379215
19663415
12246395
5735564
1429610985
-1
-1
4930412125
36678580
5339831
734362134
779041309
2704792288
101888257895
1289419903
1190596624
1662359
1075733625
3094609
1493818325
393166
805283999
5874758814
69037697240
96785504356
947165155
3580323193
859180874
139277638
81549305
12482654
113187150357
345522364
55130151677
855190828
4003543926
430034141
3403673694
14571544
142098459
8867523385
1810614071
10336696434
110044
9091956413
39711174
369223806
8292512
651829040
27830
496607101
6789280949
-1
10220930
15426928117
177036
5512007962
-1
2004315348
595899808
3822730
-1
597331835
59897579076
21080224
717551940
1871150706
82726202
108300961
48047850
230182405
496971896
3962685642
10060697
1221677103
13118930
17936100024
873623194
36889606
5640607697
479682077
89336073
18148529183
1529599842
12219540
243685008
11265682077
37644489916
166147078
245016967
349349315
22644334703
38296692932
-1
20860489
3786720866
51853564
26192454151
789908996
7888007153
25473754
265195051
-1
476975969
241927209
102211461
4718840205
226224589
989953979
2976
6336592309
4416280310
1908209
-1
68760772183
71094091862
-1
951139924
144575053
553656324
8621728409
1269022946
-1
-1
54625149
133157733998
1507495766
260056381
7050175
620772308
-1
-1
46081036
6155881514
79351088
-1
1315579490
13832997585
558230
442537017
54805965
273765228
138559960
-1
7176615
30092217
5075365
-1
3614437860
-1
35567733881
4278383678
210482848
-1
1659996228
29589543987
-1
611807272
49183293
1321495
2728217130
578912987
6705123190
4691514831
918143774
1061884957
2873130593
27131716947
1074898044
2173037316
3637637
275784776
93780552
13954623
307723867
286576685
14629778
794915234
245024331
12123893649
16150979699
200240410
749086160
2143216004
21726473672
140260597
15362655115
2047244652
1267499
115314227
1979343556
48571020
-1
64930782454
53932458846
54966802
269201325
535043205
-1
26935990886
-1
4905583230
54827587
11678741459
231291231
291977589
1037054120
377021470
3391867916
154314056
1255366247
80823475210
-1
3969375195
457486247
125499613009
912598703
21051436
769776767
2950127546
30152939
292610
158169208
-1
8034307149
1605666038
789028764
105378910
15640880659
112348524
1546926646
3504545995
634310770
49208185285
414328
37191201
18503735
-1
1821762350
16965541
67286162
8404361
3379939572
5512876
29702529560
13617486657
881931975
1649209859
63962363
138395541
2111259787
4588363945
13455387
68736245
7473363
10904143156
181136864
-1
81757251995
3021939403
602928904
108337862
8094715
138223494
1029739352
1034042086
1981052159
215468601
2965382803
974796502
4338386
1877406566
3080941009
492594051
8544138872
43786889
37114391
2961109948
1016193783
1632051221
41193291912
1859272
52549355
-1
53934656621
56553608203
197385157063
339263916
3486440940
276378051
31378797
6254134
8351770017
71688486665
878388
3476166303
15954750
951096933
2452072120
1448468082
1733575197
204299104040
3015817628
16285942
-1
1626450738
9621967451
150371965
4573824892
50564812
26893530783
-1
194077619
8197542073
10077575056
272920652
2030613974
30226814177
239445590
30772692397
10763712793
333373401
195625247
30476480
2688494147
364213824
15723282741
4341062884
27471037
188114917
382941890
7933541
880143140
1021652429
4211490738
45298116897
14889953383
303142662
24005670
4410979478
23473953
91298458
2723056502
142834628
15616179
866101
496396457
552235849
138738947
10481145
18523309908
499719
390117
35909918
9462279321
705293414
55054631396
2235061367
8782636952
13121946938
-1
2893351822
1396012706
564330074
1784000
22961972358
37559895
13532996429
490150746
14827937
1944704003
2099795850
5068470298
148956916
1829590010
2056103166
54910802
4242444441
2118161682
451599550
1340758142
19052166416
1011361410
2906143788
1658620156
22966871108
3669049787
147582728
29553481
1908660043
11593547617
30621336334
1466858125
41976218
479717530
28434907415
193503577
3573019110
789633438
22823118
-1
360188322
684985013
7777698638
13244033
188823466
589545858
1476569749
3525082
37168471
24164826821
618319171
14035073014
-1
20230689908
5732118925
6569010
3612962
5056231
18464332651
654644257
482388153
9427592231
317498
142928475090
710279944
6790530141
1777084380
2091176291
125504630057
-1
33483379
1344866492
26048835010
-1
-1
129021452
3856042424
22914683654
73171507222
8125101354
147332472098
165689404
6237761338
7167370632
1059233680
-1
30969523379
-1
9894048
177399495
27607
13934931
3155182549
1481418773
1542798305
40646424068
193095721
14058389
109285404
1538165284
2085294
570773248
1829881621
30445589
71807383
30431014411
10416807997
5935055096
9511289511
7511337767
6289626247
-1
841670739
2270764585
102509128
-1
272941269
582049102
115915324
4768284
19888180
9318886874
38491905
9208312
1898332187
-1
8446229024
219931741
2017518264
4498511601
20216515926
17332780790
-1
181142206
16559857
43333285102
2717376
8051346
347181563
702914305
5447971676
7971263070
39777918
942243808
3292422895
38743842933
117784474
13914204
499149105
129768439
80422515
115388090
40185299
5174956839
194779259112
1246555605
31559522
36682917693
2497910
644411408
-1
3652738306
4149086
505852786
6071247640
6344808330
1490270224
3686027623
78740112
410316963
43157661
336436617
17209401463
130375009
3519734908
14530547
-1
13504474
9250549845
23297651849
2133032196
-1
1786130
197841685
1380398771
471226407
89245039
384182768
2250765863
18255015292
65690492
54034564
1865375850
683658115
330282984
2937069
2414471251
11347916955
946967
91767167
27852746
79221723
3543915334
361694241
5572331
15790080
206785405
9259029712
14890599443
1514941
13462447
18988313
1516386151
1588664112
4635980959
7550
26036391
75446173
-1
42195169
224941725165
591385814
41196220
1406668
190493174
-1
-1
32548917309
76813077
67535186
812990666
318800736
23621433197
372569970
89053456
1459438025
-1
4286354
5657972181
338024897
260065491
51932466472
5697783
282060315
253215029
1622473288
4949786
664436960
2119216602
1390362180
-1
-1
461654768
6632960
624526699
65537109
8166451
9302955652
12524876534
3280729438
2721521515
41238675665
-1
3270109
188315415
28803223681
-1
7764577384
18832
4770728
117538051
11777536
12654609658
135894538
3275316421
2079357784
5862578
183977797
1713123226
273369909
700509293
34818316823
21567020838
2101290133
-1
516145110
737299056
91182716
24116083697
1987085741
13348331368
160241226
872840050
-1
2931056
1029201772
2090200135
881648608
9798463052
18589340
3129799008
3099901831
105793203
3869710912
44469473
1627728171
1986281790
-1
63971573260
68368184
43186297
231850906
8740535697
-1
27877489708
38526361026
259009457
10789131
-1
420145483
1241374
13227277027
160424
1082238697
16856982967
1652598089
558768962
10017859
3072241
2646027689
1253013112
101690296
7767301271
3806867336
2950097
13414595
27600783728
274942631
7980973
101421835
9248356
13787
-1
778408447
614581273
70583252747
1467462806
13729975
189133454
234631825
-1
346198755
6162415898
142190236
514526738
20152772
6517634902
759142607
886245177
2698417
671604
1071212433
-1
2422332399
347262936
3192390924
24062902431
561805059
6566593103
2900604356
10932985
9603486646
794455751
11818511041
264226154
-1
365509280
4148756195
914302616
56467269
-1
684321672
24964694221
3246311040
47488187180
21934546
16006663
40940062
1762767159
22157443
335582251
6682183938
47722275874
2126262738
5912044860
55795994
4583289
1361022676
120803836
606268
14811190556
-1
4000776108
-1
15480547014
1780000282
1225963837
-1
-1
4956154
1166318456
12815833427
28338276126
78259490263
183934065
945569223
7386529
-1
87570063
466137417
10327201187
38325450522
5615770874
-1
2424511
2981957719
8495627116
9375792
1980311273
2101560005
14253525
41632731475
27525070851
13422666
1703880960
46378538
4765079
2142149991
78526665550
16438104959
7586426
795815650
-1
339356759
41479140
74796
-1
54316824576
3144785022
2933207859
39888785023
916042395
24900148077
132734861
568406536
56636774
1673286479
29455857516
598265726
112183929432
27626309073
4982202
1377269605
-1
2120444949
3206880182
-1
431863603
215027289
23597088959
8369233201
23407277036
174384936
4129782
1178851173
173987896
2308386429
12728405586
50125358
11271885
63391478265
-1
20022109393
256580651
119137420
38910833
107787706
2491181614
50119011
1077716964
373072748
40990699
50800330
-1
7768448331
5198490
20472319
-1
705525083
3122000
1641069173
577014179
2583279
1831154650
2741673767
227722035
7501201
10122644
274002991
2872329641
189138501
15886018753
20993030966
145326497
46217075761
10412911101
8706290
490313780
3865023830
1423888099
3035010083
500002377
7626084045
7869603433
151269502
140845456
3690412350
8764
1156116295
1831284717
6025972879
839013543
2892498373
3359782685
549836
17572977715
605193736
1338542254
29464399
65143097
12608764
-1
283377
5470754290
652594023
5189096912
334418688
137805976
611576323
46237331
1777939894
482112182
250585222
1781138728
8182229463
3993632
-1
107266
2385619194
-1
38835895366
34106579
17937623
775786208
3379529920
4902896
47430152
48601231426
224413275
97125063679
2001486974
5370083
1496066371
879018433
124586197
1037822
261616910
-1
104887
12946851001
5087770760
10367878
3833544611
1607523
1580526
1275535601
231773413
69524759
29304234483
21352834683
-1
-1
3804403900
4710215
127283746
826177668
64528664
1971453500
1000461471
734329
1879917082
8726723466
13680389
463027489
666425961
7566569
132866082
786313635
58100973
-1
4964312073
3661219801
5799182297
37101314
3714661029
106438461
30324330
120867983
412970097
701663692
-1
12400
15068056
10445468083
9955846
1521924853
147953308
2925936714
16432536
1179617390
112750193
88630093
46038030971
11662340743
5330626
52744805
-1
202973391
115068782
571855186
1573349941
81777669
128055232
548921923
100331055530
50262012428
82497615949
4361240
274797107
-1
621547629
1610893302
5300718061
118992459
2039636079
3861907519
-1
2192206
4545711387
7967543569
1127226566
49022655
220274068
18363816
133686302
2128578986
85564419173
24619614
40154059186
21911485
10016774395
150090035
4519735625
13729543503
451144299
30164842500
1159371358
-1
49418644
-1
-1
26164217
41084366
7344393
3429735
2396349475
1444675117
21199557134
941781
231604117016
12393860706
941540
15843605
263566879
-1
430926215
814614391
3310977167
5067550727
1128335590
41290141
91341406628
-1
1989544991
67520705588
-1
115107211
2461083944
4010842242
11172835786
157505802359
33793239400
948526394
6788428583
24039465713
2424113191
480594468
7954904507
58066435
-1
71827987
2297160388
2140148395
-1
1129610196
1302839324
158952629
13960013
-1
544640157
-1
1065183814
12799801
-1
1773548265
30750342
21947341492
1876779626
1865292
883565
469193861
-1
27916554145
198985952
376026985
268146989
4504562400
4575140
295419595
38023585
121808772
414259910
3174685928
3322348924
32803223
13813740329
352851
39190439
4090589495
73439599
18197220
27081287344
14633587281
5362391
632445894
20833246455
23181632
6090902605
34516363
285629346
128986118
2889138401
5515544864
-1
59224182
778244092
29216859824
1451432
1956989393
78736509
347249988
375697735
14549962
-1
13343922
1311106265
1056859384
3290691
286739009
55895335
25642191845
9985835440
36929180
23715429
4656408059
17325325548
201607549
5624136516
5916995955
-1
314865734
70279341
4110944
204486078
10924275612
16157978984
72584741
2717556411
-1
7109673
44795270
208276730
8744417
9602132
-1
55213521
1204304353
610952751
198018258
2930331109
715451522
314364857
31839275
-1
949217
478088749
-1
-1
305312895
682230
27383720
7041942112
8309358475
27961188
2776288024
8451487
296047329
353990649
3545216
2593168386
478852165
52192197
1008008452
2252352556
49471151
5688271447
6812377
2256460265
3780728307
-1
158777156
2078059600
10957766843
2581157076
33885893529
23381222183
3908011394
376037625
5195784
2056172627
28261061
15404013
2062779177
36679369
4853385560
1267113347
1356945855
336277638
2237563557
10610512
51565460009
98154801
9753477012
6012499286
21301440
3111680200
1816799283
64552367
6837823170
36941056
13109931640
-1
-1
10595059
48955265
2717656776
2859797351
26849306290
296263826
2440272999
417378012
184463842
25451599
220400511
2253651982
51463439
1864873920
1897385151
3901897749
30501738
2088011215
889682326
130501100567
111268832
760178502
336862294
1432967742
250320882
207926
11086243173
2416750245
1315385283
355400220
47977524736
7283581
6496346770
22816979450
17974274843
3374661417
23769208
49330282899
10881239632
28149734
514348484
17031403078
197499
151527929
27564873375
86409730
554939935
11519243552
1626728153
782851772
512973378
792813367
33792276
778826451
4742587122
24631439
114121602
4467042913
1104181101
-1
87585933
590562929
37936177
857555845
37217652144
2643888616
1966882956
855945435
1214111905
2505974515
8170764
-1
1937402
952442
230719132
51685407723
722052382
-1
11102722053
204700133
46968079
6793970298
415455978
66575489
335880990
1311917711
5003160287
-1
437633
458912168
16574166576
551386
2726168
2444108738
2251656512
1447297567
3817974146
396699889
13969336602
3310
5220687946
283879214
86101407
8209920199
2860556
359048262
899360777
41555195
21456388
124942691
3311217986
19710694792
7468096
3007695235
130376587
18449861
191818314
2553613442
480040908
11320288530
12212682600
1193429885
-1
45664473
8722258559
550024331
4189061140
482863716
185212549
1878473
1641329118
2519794162
4031211981
2733851530
83265239
1595996
3856977524
33294352958
3102245
16321734
1046378
10889887078
12704187519
358226027
86358095
251609631
62790677
2206831221
3275805485
17513650187
938749956
4036725
59243103
13803723570
133110618
73519996467
1122932
399248
94780982
1002274559
46904698635
217436570
24560238813
-1
65490866349
1019183
1805174729
547077160
695865386
531024947
-1
1582306
5971491870
112455750
1680526
3908478564
-1
-1
-1
838266936
32772671086
6802525630
12537592
75757974
100210442
4941995056
65946469
5548644
1848762725
-1
318437731
25802141
579433470
212073466
5292579523
1221163607
520290265
134530651
23419986209
160497132
46861884594
3106824
155612878
452489268
1617053363
43111373
8107622
36464653
24808774
539644936
344567409
5959149026
828001266
219880
4931169
7469410
1603011075
254491675
-1
779344259
128108
4905390936
3134827393
62544774
148595220
56304200816
364075
25166552202
2892472750
955932035
-1
82114136
13600908293
3411014241
358619593771
170560727
22679706844
3201014
4953167
12611604
287426688
381903526
15521490
9871011
-1
78329487
741900916
362988292
10453856573
-1
3910264
7112461
18595885868
998083938
1411540442
1896282
25485179127
75551286
86457980331
587698774
208744184
475486655
2194020
332009469
1363168459
2094912397
260747946
92921797377
186759626
13277437933
244212703
670918583
-1
89551919
11790718062
2883167317
7330264283
1197610
3341833301
13137483990
17912596739
126895081
231947819
77206
1240538
41958069
9017220
-1
8714606
74922554226
45028971
7878242283
25941243
9092887161
1431682
641926824
-1
124076443360
95470917
886093422
174561
255630390
108243580748
2021159651
4402329
2053248927
34837503
29643042926
2177617380
195611883
4168865
5876071
595732411
1285317
-1
6044234359
102763966
10230788
2410970082
29487891820
91714424
1130254
-1
1401609
34015064
569435540
106577932088
26097047
25872706
1285221866
47863024089
13491353120
46952878015
55349417
177015315
-1
17186412
874454
3309525484
785354573
107578318
25417194823
123559337
150591226067
1487998
1079559020
-1
11896418827
141464167
605559801
66489962
43274885
49705
711516772
-1
6007050363
1249156321
7713911486
261677112
1404300524
22588797975
15730304041
16780237
306951708
29808672
-1
5590081566
1869418513
10551794649
9287734
223978305
33801489259
35922140
-1
126696655
1311820603
751467
56935927
1805292130
19471762329
361104
5511279487
241580746
1526157030
54184586
187582049
1010761637
14104142
921546086
732747352
44915174
12988665
9560117833
10465042
1783995294
910783678
2402323100
2446250261
315528002
62391547
-1
46518086
11164914338
124138672
75008188
20534534
1153574352
298117115
32742604468
39583175
7610481576
6210754732
20164041
45174317549
-1
-1
152927308
-1
-1
69385350119
-1
8762804
1264321821
3129952549
96510830
32720641
518238059
9367363954
190997218
12816715
15294332536
-1
4455817431
2335977565
32940326
78773942
416909087
2712358987
197850365
90679488455
4488307798
160368876
4152943075
9649707210
669680688
456671853
115751477
1446055
3069823591
18105908
-1
220709452
1715460746
29566498678
79933235
8906982
-1
344254305
5929181634
1220792830
3367376874
458922669
58832
8862222258
111261237096
29211062
1593869766
-1
5786300352
57325581
98013927231
434339015
5038990726
2441346915
4764199571
535108683
2300624370
1834127647
-1
8056299736
61894159
31805357
45359348833
2294225
-1
6732748111
25993203182
1516001
720768174
1101128296
398371587
48085540236
42504776131
82650983
1568713391
22819387833
857256079
10012505
201926678
13736664
75305976
4896465671
6687190458
1270899754
942320
11274329594
925852024
828449645
2987090
5634114358
-1
16499383
805444632
5766845378
401101368
20584352
1960714482
120695797
906794117
368882972
250671843
2504047907
11193731647
1130254477
7499410
203168178
120329661
16256442444
1852970997
4257547948
16737208
1446104149
20710568575
414075
17963608438
57907089330
-1
3369574046
2716895848
1280454111
3869623
11097776
1115560605
255051722
1895359336
1840783811
411599
-1
132188309
25542494336
1163843983
2162543
145351839
2814188865
1515665
2987855569
2287338744
101182095
26059420945
15783353067
3131679766
547652146
18339758746
1168335745
7065699481
17203913
5931329543
64841431992
9789001980
183071068174
5966379784
36374954830
41562703
505655740
2664168830
52653607
71702866
66549965130
4102908039
400543382
96994198
2645011953
3442408808
22094973
21239974665
5747445692
230212146901
210621547
46408339
3194494
9152947727
7334149601
57797245
853934261
3771944
63921782
177246700
196653803
6826679983
-1
5414717255
240478480
4799478584
1514676544
5389882
161851
144731504
18213961765
48762173
6151449669
3811920329
23692295
25501109325
2276785336
37599035
63494901839
1940647
4394520694
105838858
605410656
87910941
378514509
146070972
13760508662
191161268
199561422
554810314
9101399933
11733840
92376297
14948127057
-1
141302249
38821219885
303531142
29160655
25223044353
19446646
-1
852671712
1472809346
5043285134
85749675507
5655792
126549713
695168446
-1
556047568
2741257730
39984919
93137
6205461834
1786505228
2266436
3421321990
3545362443
5193207315
62431367927
2586575022
595847666
2543368134
-1
110472167
278727438
437648106
10986760
2181334985
1404767512
334602644
-1
55363304
330634533
9964266
15802210
955409311
27645534
9401427693
853914639
34159389247
4068740695
9954327222
136383101
50301420
1776523234
1158365085
170488003
5409573680
5770010
-1
25219994
20889758370
-1
28719366852
174139045
4582589614
996531055
53204996962
1656549
117320825
7603844233
944462157
96365554
257473660
5958231113
179931556
29725
19742272
562702678
4249711369
74781317
17171209
2341892056
6628429
808556581
500815
110983260
1376207043
26073472
58338082
3211546358
1582761931
-1
109402184
16332875027
590315506
119136662
-1
52424344
26273625
218770294
183615986798
193232058
1557832740
309711690
57974638
17651963
286865180
3564315849
18282299370
58833022
900050545
9093736634
11411412017
141833
54952933046
384799
289310266
4737156417
3804802850
71136177373
9585614
3289115
419578150
23342659418
9613044150
15713134781
36401632338
53867177
1020838406
-1
-1
-1
2989875627
1631313
1602901837
20414890473
-1
-1
105262299
24175100
207390213
22820951609
80922447
5822742021
83614392763
72615472
22991486
16978861286
3145363370
2582580
4018809054
3679414497
89899015
17501692365
-1
62791829430
-1
742391843
8067110
287764305
2070484439
215466148
-1
621773088
1386795532
32466245899
27746097
157719892
2590037637
3417462666
13289746387
3131209760
3693766
400124882
209537849
-1
-1
1074594945
22881832575
3216423002
224300685
18977649
121456451780
113326736
2296461739
172226267
44637876243
363947515
2236615
9324768615
-1
11234376
2536209589
206080034
56728139
12092289
10146028313
16010569340
1761611529
200485390
93301809
22796473302
2895832949
1952909138
2788317456
17577889
364257866
353245
178770940
13808749
29256869
14885674685
941299774
594998100
133512205
2467127520
1623139872
13063417899
40668948
613456301
902405362
309367357771
87207583
87175839175
25330080
416319764
287237576
76344319
8002863489
4739810216
494920660
19729621445
24796314
38565607
-1
376776767
2689453612
365044113
19650280
-1
239186688
-1
501429297
3451076
9235623293
9031916943
790282522
271667
3096351679
300916940
57038163
16362726
34869508
544224571
18970697762
579190573
148980103
3268089124
16657499
4143176176
5044564
116331364
11348411
2406700
118710
18168547
455646864
10629760146
7280993996
114841537
16910088
3225252469
2606548614
10794160562
399688759
5565681161
17315852999
15929355935
3368708943
896420584
29639446235
2090503404
7873798292
1857762130
451643163
198678503
36855733716
1136519118
1457972574
2566990
10717150
466676993
15236943
109156066
19959182
300367196
-1
683548768
2724311131
-1
6573685535
2302283490
6715256776
358421853
494013929
46689335
-1
1158938231
41498373
111408204
8262172
1872936785
261011
1866089881
359670731
270302996
4855835798
2616075557
258179626
-1
-1
2824715449
26484520694
-1
4710818282
992316751
438289470
28339230
2450026189
219767787
583640474
1110176685
23427675
180487558
396379
20327544
33512813638
1058432278
464982488
-1
55878073
655616011
5044020232
80212941318
376115645
211290618
1002230486
58349072681
2152785984
256352682
1635653022
2665286
32550434
447826033
1709811968
6589492441
188419051821
85118906
121838448
4891929
10679804566
266948559
-1
855909084
19266135235
3492251
4383472644
567215926
-1
-1
80460471088
13297429677
10300347668
532813864
2844419960
1208746102
5743194041
207256101
120325633940
443796768
73332294178
39295598
4250612437
7211802
203138785
127741149478
39377450
1281724422
2517723845
35141003
441803310
1554043403
2178606569
5619160267
28503203
147217456
73710053
-1
5092218593
696080763
420131096
1702473
3240424511
6480723497
62078061541
79011210198
4574663
8387175410
6410171154
3359406100
69686516
685631419
3971474
963249442
7732535653
71989180
39004023873
306199088
4645703109
12098298
140019912
778306932
398254901
342650
575291482
261477282
4891341445
39329881
479648389
2081224
4629383581
18939801309
37602420
3468604202
-1
17163625341
82560917236
4213605889
-1
4555602
5332023243
472502523
6063553655
19488682959
38686287
2103470338
89634686
10428983015
64076829103
-1
4868
4271208618
3547585597
32214566
721309646
373746678
3122749
1974577881
659556510
19632361
1760593942
30171971958
20121758173
40037116549
188395900
31695496768
-1
1985853914
412915601
11488358
9394348
51003619
740744529
2535563241
4837963997
207911711
141174738
641161
32695462
6531461488
188987264
549581139
3848203957
5038530161
86673696
130551651261
1306637
579212150
91367632
4519472167
20978698
4788589739
2941702866
-1
5868177639
1273288772
4159922479
383036601
137334563
209609436
292358394
303951909
1591575459
916830085
1401452939
219671711
143229637
6210
1189029885
324133333302
907567663
703029006
20972625
349467077
-1
140821822
480368826
158399
58699732322
6334938469
3102483
1662523682
2119673215
831334215
23416456582
486803555
6158003063
217932094
815644247
7364858756
13239385259
1075567602
4777766
5054851025
283187192
3388491595
62167
1172917890
411150065
3643119523
88992059
1057132946
155328115
35279445659
6649083686
1539206215
99519493
973407
8791213162
96161328
515716547
2404340341
14536352723
273790932
7753120967
9825098
5111506
144113716
3392820
1613500881
83442102708
282378216
1454197837
1202496212
3080922438
422813
74231635
7616366905
17967184
32616495
5424232
36143254629
601306183
56130060540
13396631316
2792507619
1620536135
177427672
14689918333
4324743941
23268268
6075652
4550448946
1681306549
517727553
87384855350
940734984
2075745799
124994726
543198957
13951082005
1490214
1101877058
118456875
92260290
802949318
459222819
3974490887
572507799
2208554262
42563
-1
293710942
4827750
-1
103115561
7244177634
3346906837
106259979
43525
5608294361
3549900720
483717
225801905
7606447220
4891134
11115469448
27595050986
2012021868
2912566005
-1
5388606
804214711
-1
-1
340539885
7203120
2370849701
104502773
78767966
12005363377
-1
15395744943
1669057099
3182670589
17697792329
-1
9811593026
3248625163
-1
15986725
18648830447
51294983
1726207
29026499143
23212250458
330140031
12277899
6443594
1510011282
219162960
15278880459
10418181
-1
433685221
5149922
18189113
43182892
149051140
19348792659
32121467
11488203
1114438295
4655435134
-1
6852424910
1182884540
1264091824
39910840372
580790
44177025
1607506978
4261568033
54143071
24898794137
31632202629
419762887
73537431361
207429923460
2003181706
39614857286
1601476161
932280060
24304972404
-1
1134616
365630686
12926846727
1263635718
205074037
8104892780
1414794001
62956255
260662706
27317415
7636
6079202581
210419257
727561455
108202929
7334465844
544407335
924029206
244400
14321002
2659982193
34195233
229332879
6049675
-1
2909662808
790163
323367778
43086207
22937758049
74623225
3754454961
33776741
4021492
434825561
91843304
-1
9834386
506201320
252769935
422033
74646865
9297012161
7648238636
-1
75050267
911037247
195804113
2249339427
45915263
1224153311
8248610345
1725491796
4485283004
6404340854
4542072180
569203383
89632227
929040616
8442426715
48062918
194431537
1311115936
1785158196
255008850
761346606
4924117777
11533594
1234265583
550619603
2025790822
971201054
610893258
108973541
3269354285
33307855939
10462260807
56132132
68050949
7576135
27604110
7845348759
3375268400
4442770
36514695
34753861
-1
353364794
42881
19525269403
476739790
3419447746
657107880
332751555
64481107
2294911926
-1
141203530
8489484045
18501557
6748196891
2989470118
9258427907
195880725
26813894982
202132675
1671548
210833796
18992586796
2307275299
120749793
499944562
1630309260
26238049532
52875
352040804
1565010603
75657253
10958924
167461985
226950011
683004645
-1
1034845471
9003444995
586703
48380763432
138962548
5390746
143116783
16236512944
937041
4467753153
3403548372
38771041629
300895229
531324986
37350081
-1
4766887210
-1
220905433
12305268894
-1
267213277
885143828
2261822440
90214935
1201031
-1
-1
33574491
572735306
-1
6697369914
9808556542
10555354377
62401880915
2529729242
13614284113
3285631077
4616719
-1
10858080
-1
1576056367
136695926
741250543
578797268
27218565
800807092
418483189
2161890308
1943517960
-1
880338903
7594375346
4656389590
1230245965
577353957
30197495
8501685
201152192
5704875
329825561
-1
3228083605
-1
1523806788
778751694
271769425
794001
7369279485
-1
136452155
327881444
3491003863
9423363586
8296590910
738368688
-1
6931262921
25026516307
15593518807
225804961
101723
1755453647
327978844
54400874
33490454105
22499201647
4649630493
6260326597
193037924
65378548
993819759
-1
528076591
28472671333
422693615
703182843
87319867
3229957191
694346990
384069653
10114458021
18653294497
5238489
34398857
45411425504
145552673
305176857
66562960
774748681
-1
29693813948
84203
12204292002
1436799086
1806127937
11410945
2826508696
3025420844
47717660
172821
1182037
8143008941
3862336571
144640144
43948558490
3636418493
554649417
3071562224
16945302774
13175651
15944146
3567627511
374753038
9948683
1464029753
59918402
177294
-1
90083512
-1
749230417
850866
21698829
118947515
10254306
8016443282
249359294
2716821
60596457798
1236928
116458374
199857558
146169960
93224351
150940336710
72046949
693686776
377609047
3148222
27944557
8074992013
12136627
-1
57750068
710565779
-1
1091927648
11513217
1674986233
298896649
294408049
11224032676
182802
1795598433
205606034
378785750
615424
25296385155
211628410
-1
340550892
904210853
146893937
89430970
5474212
3262326855
24640597
872915867
108842984
14154870949
17098101835
1023465
1878300399
47348041
22820916
33555563
6378193
105532454
4459238740
3357103446
-1
2200603165
4394612742
816468691
855596542
-1
124062573
108484034
165419018
12839874051
170987572
259994695
4046323
51532552
9826903348
4123556
31651503
-1
9277353
3299775456
25488135
45199396
2848985515
213781141
245137359
2196578137
213485075
13080145422
2088418614
11871646448
-1
329831282
34883536
654533875
34200061276
4992033159
49859955315
51746045
7152367201
19706094108
2276357
-1
3835633690
-1
17350194
2817232565
537537
-1
22718023
-1
44064794
58959711
11276726
2867108637
22477368
1725768001
140913937
3147604501
-1
894017162
189865342
985640453
4042036814
242750657
258497342
1538040119
184150101
1070056360
1434749471
13494732936
347874473
83566924
20891148
-1
4568850841
5565108032
2050169257
34271000
1975348801
27818774642
28851091006
9565245148
10379645297
1878332164
1289004384
1554066164
373367088
55131633651
14025364363
4870458
92261762
1118719617
4239771990
17117185
23474390067
2665208681
1509984189
832681642
4533222721
22188
351886150
25779077
10283632641
1468384966
143441298
3203837132
3435938933
5671019839
34280147702
664479714
29404490741
31880256
3963418085
132345803
612107074
76042633
1494578
35071188
23410963
17411804
11753298
5263503103
-1
3543677
2880368553
206358146
125310959984
1802732
846297605
22215155353
316474130038
668323675
296824
71490885684
20397219247
202855303
1692005636
455377330
12451173939
17279451899
4505367
14541936286
45439894
3525990364
338800090
485907
1350040890
1592724
87805151219
14435611237
844051
2739688823
193202636444
105696259
385441748
96390065
2078139531
258968257
-1
101818026
3014129736
594065903
2742336057
1650401410
7375334904
1609949437
20052534
112506148
51422051
27418504
40684258037
42026554987
1273291
13454911645
796412
598053711
-1
205497314
753644330
78520451890
170033648
766010691
76616220
397650822
17115090034
339236565
9141996
134296
59917253
827430
-1
680121572
582756682
515595186
633482230
93958509629
1774277786
911707981
2715688186
1647369
4847998816
267077796
387974043
20626659042
23738032962
27435066
32965747
6443682135
12312992
32711884
104431971
4693933055
428677
881119
32002345
-1
2012628713
253655295
288818
21851902
-1
-1
1256496648
-1
1365734722
535767276
4812581
13905673135
2491974327
4517892
465008868
4187808555
40671448355
273657063
10663942573
6132256285
10499000
98587241
2288343587
204698543
76663317
8312385
50900392
-1
1737375048
21287594
23627109433
97237019
283585680
8539246
2433132
13613324378
-1
-1
97337232221
15130162530
53804133
513810
4750238
8719368999
24098658387
431477868
298363252
9692
505449726
521766489
6141340121
1830035456
-1
720890546
147767772
-1
-1
30592892754
3809582483
173493590862
5000711
409628523
2512135069
1786784211
-1
3278385518
156055958
5939972622
938444067
2306285239
8100176428
18565738
4062010254
364477311
74961911
270336473
77554578
7749077309
1807995
82006332598
575163592
2149610
46688270
10292133934
2100903480
1203166
5385167
977646105
2074894473
56304080
-1
13682820
-1
12500622685
535919803
535110156
452458116
296815304
3365415851
122873541
33232816
5258198754
8828715985
708696931
145010834
523424453
513591313
1082720848
1290964937
10948447749
-1
220734538
56231465
263676022
1573273158
6267062836
4656657013
9953866
37630715
212259192
-1
114587473016
93411244
10679095992
-1
1031375662
194818821
16381174
1397903615
1208627660
124815367
985692
1071650766
2724797
118467
2459356
9100983527
5659018
27302403159
1990162465
55109
157376275
1455450
61889044013
1407054434
1514637
1843445297
5079970197
17774416
591975770
30666565
306150765
101266151
34229347
617319700
6951082
293674631
39493998
8186605
-1
2835074
7667414227
3550349167
533817238
1773303050
8003272128
742953445
799555139
495223891
19206232453
4946105471
2391379848
1414386
5773071703
2736739895
2204724043
603755086
952708316
3350681563
12163338
2102957123
18552621
469449272
9730744374
-1
118326017
86971241
18599666
16847519
10774300
230713562
57261438043
113440650
1422822
537518
6400896
3512547762
14355120855
8268763565
3486766756
105724371
207029695
52069923
-1
2044259312
1732947419
19567931
17942406
6703350
20000985375
4599605
18724492100
41151502
3534408
180732729
2909252557
325894826
218190598
1057416191
642126322
1079670489
-1
-1
1339328200
19765471588
19175090074
243149036
291310783
19412210953
882916236
-1
158658239
96350863
49231057282
176799908
577391
3375966426
11348378504
15454863385
2278181853
9729092
4839250121
33697236384
19487013106
199598304
168875182
19562858128
325692721
40418331
6042178
10846841
321164899
102894923
424275372
11958905497
1493078
290666301
4819970
9407672020
5631288406
35175991418
1931329766
391806818
442584393
31208550
3101512958
25208900
1101628887
399032310
8696074
746495019
40554358
698915623
22024699039
7615522
-1
9840637837
1107806990
7344982786
1734890450
2492914
340882498
10985867815
14851839955
50845040
9735041569
500713670
549440735
1662971294
10338610
3315872894
2433587
11042253705
493264669
366274121
8558103995
9543089596
9295323059
16126803
1630830135
8225918560
-1
3636251064
-1
1971738904
1790647799
1176592715
105055933
596010843
11317309
1053898960
80991549
203630957
9920526187
532558
91470660281
294282252
10516902062
874772630
178149503
66392890
176795006
18709104
27480680
32556973
31410180088
312249552
11109092991
370194830
1283457547
935237659
246462
811616811
3571157199
32939455744
336237
8284383836
40874
33491587248
42861761
-1
236165052
-1
11776355195
17157882258
967665156
1921214056
1435947488
102269827
57589490
-1
69878846
14288163
3525985054
176777
4366527006
-1
3910233514
-1
7757665
6660240
12113319
988252811
1181997100
16705887786
-1
33720972
86781497356
29542714
13952922017
30890811664
43040973593
64562421
286855786910
3422060044
12157063
11823040659
-1
215603947
112812011
90462700681
1149610532
230236485060
8080605114
463079157
296432313
87786796
8095158963
5434604225
-1
-1
52526435199
126441155
10177961081
2226417875
6679435019
6917564914
145934844
1998219
8243888543
11859203292
245396202
1858658362
-1
21237244
2889744360
-1
7661657724
4849293157
4475718628
509643257
484510780
136044344
1955357
66088770
594614668
25901570
16785826
5522890355
308596342
1656477828
45696414
1930787012
-1
4317653587
-1
316572691
15458851554
9267862
1241661477
162437339
10661167474
14319793
-1
256454005
309379061
121044
32614937840
220570008
66848236
23344457095
110470175
-1
348017642
4893884495
-1
5202156711
704648740
156516198
190280030
1130222440
64313951536
573645680
10892163
1768191175
6554576428
1137298023
1365368
2251722352
4758393
33581819
6354114101
1604473861
8253125164
421640
367241770
771502615
685225272
-1
2354546366
844399263
4460981
36813926
2942192244
2080033
81410071
68006601
87977561
83666140
2412797456
689723959
4459805921
30190011
809038696
-1
6423251333
-1
21573426672
69526726862
880600871
5397490
1158237651
122053616
12370390542
443407678
22663
6621901
5884919803
40056
3015114
9034780079
107733626
204779244
4769351
9949307272
174560298
14025969307
20236231933
202277847
30638493
18074595093
1576651577
40024871
48320916
3542308339
1050745155
187481498
926614
69170563
6502059493
11769
65168463
3125328867
14032982994
1577159331
30554664423
4243311425
3641824286
641056436
99668991
83156827867
424794600
-1
-1
11732099
7336995
3593739610
116640654
9519312328
68263902
496072627
880120264
1673263760
5378325218
-1
-1
435394375
10771803284
23599686374
-1
7329592
3578992860
305159151
22917990
3889185429
101852851
33106565
429244968
12501456
373792019
2068242928
3663501612
8357520887
27463107754
204568118
-1
1079507838
458431851
9658634766
12620239
7939726456
530443705
104791934
29326536171
171779451
-1
15140295081
-1
4908068067
11259857562
103925087
2728119540
3731665701
6395526167
47980813
20219774066
435440657
1409143544
12387675791
403228316
2735236794
4877200199
3441767286
209497097
316979815
2614507721
15304383964
634354659
-1
6303752932
3939866834
1295472055
59410486199
55197205
103188269
475627272
11744050387
39821179
-1
18817941
3280947772
8119850
11556223019
67739289
25149680
21870141
141832190
2649463124
1086766364
965288627
32996175217
428629
176985547
2042637
286870949
11923809
286765172
12205698120
20947901
47004811445
1075353834
889155100
1787355647
31109446
141073598449
11761395
7788886
13602752
441541432
153057577
1274489117
702435193
32099039433
2269183181
9050682422
20675905680
16148774469
4972426036
11482291
12588
7646006705
8969390810
250061256
30274
11337944034
23992986
96070621
4046578496
10519465
738735612
7562243252
7238103949
44660946489
292893620
5624522752
14974648290
145712125
9600570446
121803
4168443755
147100717002
5220855
18248985
188017541
-1
1106650516
78528122
39535459367
108324223
14713138765
949215763
1076164431
20479315
428687794
12294839055
699431963
65865845
626155385
102497881
7079301727
577730916
21260251116
1120945033
119555795
1080371300
8756765798
114377342
44532569
8760762
224556918
544658403
6768385734
-1
1730992
1678822338
3023477695
2024920657
1788942280
1395188747
370987301
607060517
27412386
5014584950
30910003
1285440276
110231882
49715925
2446827348
560959179
2877605878
101663456176
983057219
162892695
317016288
1914615
54335389
102475490
2086560221
168896
1314335614
296657332
27739293
7132280980
141137658
12492685574
1985365997
286135868
17760267
13723547
24946908492
2810691833
20303247599
821281257
1794488
3647383032
54098507
3096775992
380534158
1824167
4786951284
-1
1357490
212617445
6809048849
3234805202
2181005234
490954254
176172514
246778791
62698220010
2654302809
12569797
182326605
7466309805
499566706
4197093751
-1
8295961240
624359616
1294625880
6243918670
924984760
11764295388
66035907
291152627
1226724337
3548733505
1489977162
4832053997
1623210759
607059755
26414311
38373800
720358193
2167147
191272103
37432568090
107613840
-1
3960714958
-1
-1
12158535699
9975894
508352348
378338
128385599504
7860718
19540600600
21755377
3707953816
-1
416769056
288551112
1958036671
360584839
27538901107
3925333484
615093313
1685401
55436130
32052263
125714043
3304253061
128973665
-1
1110762082
27550930879
29103909
813749567
77995
40132762225
6476323
27557086090
13256542952
9846127784
28355232
124726
-1
36886861498
1013352596
20963196
634813227
198405653
11514330303
19481244391
1462065934
8246994637
441385415
10320515291
59953717662
1555214584
297590261
1448205883
1829104709
-1
-1
965426
260592628
-1
14162294
2903468983
178323856
9680205289
540301870
24284806
36046302
19370615404
-1
16026764853
20793038
147965081
502966678
332862645
131843988672
3981356739
370673395
179143472
505416403
1087127991
419115928
105258
2184432556
66712187
7817181
6589722
-1
674909696
4510648778
155546374
114024818
1019170121
-1
153687473
5781723380
64263203
2415569407
466732
808736663
5081138669
150138780
10933064
2891974
56148533064
8299840279
628943236
1517132695
-1
83463004
2518453077
2292911
2393748928
1907257902
517790530
7950873
132508520
3254096908
23215959695
3064852769
46755304
23104093497
355291356
-1
5337209640
224106401
748577578
150139642
399114379
34698019344
133560767366
648432490
-1
1266843
58420460
817736898
768094985
5246503744
6783725635
154844788
44678851
55102023746
29370560208
549606839
334259042
936149935
1104957225
23102448
83194621
65330559155
145303559
1555941570
354614638
1242424866
40568616512
526979929
25908170564
904049607
4737421
370811879
13255762815
4771328037
162472704
150133698
2300501793
18401360
1633923438
2544722163
9517516743
24456646
47240662380
8178699187
1876256
3921531873
49576142
17050677095
55647612531
50937952
34907940
3374785187
202189656
26508486694
12714472261
649376332
44437245
44306152
357278898
85046062
97054107
42922954839
105993235687
1005454307
345495
375701859
1292312788
2634183036
5859957246
2081750
10331656
649737
2378407819
23578546401
7158860365
384069742
481372831
93383933
12052533
8147394657
138451542
62622709
24795029
25546484733
2509560256
69200014705
23635404
2923055664
106129258
-1
1031968557
9189654
104475017364
166674
86870882
1870550512
745926901
1380686
-1
302555
458527
1879899050
1429096
101076686
78726758581
652413
44028660704
182331839
87344464
1990855
409693391
3235357
-1
7636246028
106938595
36477702
6554653955
1155425873
4599364444
1022609878
5015
7084264407
1419843751
1020851194
5952221
26284648
5557195122
984441352
7322771505
5030030
64273153
10624582759
705286
12944647862
268660511
74988972
17411720621
-1
16684791330
714413212
100494339
744485758
29688677
212173515
991399
558686087
-1
1677441095
6646419648
24291612349
1373919
29710078
7695096
2411693979
1916518464
12099222
31776301852
2921899585
16548565975
736426372
441386998
38862911811
103562577
1183114792
2598799
10727761377
2853963257
59293441
12148514558
8734404
-1
-1
17829674
1749076973
1442553562
38124319
76836649
1753759425
7251270
-1
35952410848
231987704
10727555843
160095315
61811660
771149657
26714850
372998043
6703630729
5438920
30233425
24601230408
1084023140
1927361921
15668567405
300660661
16708236
86016610
-1
627188858
542308774
75745423
752562457
4871242873
15705438445
27873573
32471623
2001232758
-1
25152031
46822499790
1576121
1064465603
8159172
6699784083
479277
1269428535
3635838188
458968179
1023200869
1083305982
12228193746
72857337
83786886937
780360697
197239288557
34329553
-1
82437635435
204378742
191546245
494961904
2672330659
102678213658
16440909
7705169867
374935601
9245499763
-1
1414703775
393926014
825373339
1077331999
282576160
15169722617
482733863
391449879
660388719
98906107
48623790526
1385357924
12281601995
1810837197
126009497
-1
13562139885
20768698
7372146257
4245356709
44718878
6242724061
159959147
248328212
1349469502
16618318762
1142385277
9378727057
22605857
2566785095
51727532
151924468203
53467697
1124627961
100777553
49400679227
551891300
39270759
542304197
624951275
35359378328
42969340998
1200871758
358361427
1956720183
33466148
37005489
-1
4791863104
51322365079
184607522
2138418329
31589064
-1
36343585194
1684210748
268706281
467900047
91723819
17954383
1338416182
154878648182
62764252
94906466591
235842921137
251244804
49028877
10650835776
1995004262
33623236419
-1
-1
493639418
5086394456
4926377
10767584
47846834
3282627705
804579788
27050619114
8100075551
69225
15949531667
332448
2142384330
11583176094
24553487078
2127162579
28415901675
303324582
273357827
594544084
1309552469
2751372
3408807218
252719384
1095413576
111820331
12255613441
94654558
8309205364
80720424
43127246414
3672361163
1125828334
4295735
1316464961
3979946806
3296443421
6638143
1752380
2364294333
7236677212
150083781
20058734
2583609785
9862153650
24198082982
142159453
533756876
3649342
10002121
51374379
7721720606
39503632052
9230189312
1345896128
-1
593637800
27389986
18775238210
1302907204
3357416612
1950479088
6743011
68485387
180285730
104168
43517939
66592211369
43393814
90461684
208415160
32124503
521218438
71327248
222893702
30917304
2347390745
8513406241
583349395
-1
-1
6930366401
40172225
18114537
1897343854
-1
723262803
-1
2686425715
12610425046
31536670
38283873952
6802908586
204912267050
6496308425
972674705
1349392
1107280811
58110065646
208920
6627229347
-1
71587301
3120721
158705575288
14331340
1249291536
6923975766
-1
36847099402
3416674
176670214
135815320
26208332
4358908283
401762631
-1
5375881725
-1
8602071
4153487081
120301813
7351295151
39942258571
118774073786
18095044
827879435
587160642
5013311560
1146376
29617999608
8612946630
40512842
68636160
25325143
12162122
327139004
36666334907
1320252055
5198969093
48776060
2201700478
1231451205
1240666104
71568410
4813964733
291227816
3002688
639785974
237153126
610621863
323906614
606738270
56474067
11626713
146956549025
10026826844
4235992661
1270367482
-1
148782620
-1
-1
-1
2677415072
13285685548
1401084765
126016736
50589114902
4333046813
124316328
279170579
6266974379
3325942210
-1
17752808719
2087205
16695510052
5167861269
174353925
2424678494
58986773
607331923
69633159165
153157095
15433820
29951623
-1
8887606606
7002556
455438271
156908355
29280536447
6614605375
-1
187478314
24445898681
-1
33055513
1887642806
4061270575
63053364
39689236216
13843438776
346471321
1854984249
16832152265
692499455
50085031
17956071531
2758895515
2005292139
5248778865
15856985346
6897742799
1024441576
2030382857
1183259617
1327469078
4892357529
27104881175
1167434666
11017137
2755553687
1176309489
178994425
1018001626
4213245824
26539530
-1
162249841
1858188289
74863620
561290306
72660144
682455917
322715170
7841319379
8719144899
55647781
23025640940
1552660
7866869840
53976469439
1297962589
10826916895
49355340
560325894
18963612
190208
6307624480
2680357869
64028168
187024213
25264114183
430084965
628311114
168625
80962123
9045577
572528283
-1
26889048
19922017
4276557655
91919177
88601156783
1806445295
82615737878
1907258616
3215238
153868856
1684143119
48954480036
7961577
4093513522
22334355578
29390069378
495615966
-1
18797790045
41483932625
11401264430
1311124962
85876490
5044391512
31305460119
11012962831
129790383
192976319
-1
36241982862
94827450
503722013
526928614
79461910294
551671
4762324024
76242126792
12239234429
13701910
1196939671
74430690
64314460
3897456
12097552994
2799445598
-1
-1
5843599143
90813612
135054420
-1
1120949077
1962442121
19429422097
467328415
3823626646
46903096
58252249
201071
7308152448
26339258749
16728715
1986870243
99011713
11917339811
-1
7625462888
1658144099
-1
170550818
3668881973
5997153642
69571678
1539816495
12224636186
19481053116
11858564
2279397152
-1
66595916
5070681566
8394849174
32551238402
2569518
1934356113
-1
817073439
8803513876
524167897
5285647947
1614444
1705652
54038177
40759077
635152164
15291555700
2186997636
2267681
5161017666
41574511806
33899394
4006366010
12867408
2866318788
32264110851
36467236980
-1
-1
6035740
-1
1634641922
975540172
9502192
649161274
2603798740
20321362
3352231
3486547007
9647904348
35732702941
1389307119
9825471
1655351720
21324263213
332998031
6548860626
3532405693
71839167
294484850
5138622974
166319128
10252519
1366356479
977396680
42822953
10114912999
3399949460
9571020653
1085301309
24439171633
473305932
4321888396
70003987
1456942
3410129
1069139006
217364857
9043470312
1418012
52123843
65216003
7775457650
362410280
430062102
469712969
4993332
1524278886
1326701140
22563792
7993477
3071534669
684098299
866569704
2275016469
1474861191
18579216015
104295665
2808529978
42721888288
841303153
34927515708
3676204664
881050517
439881535
70628404
50439157
183137124
7965636770
16398409811
1557449995
88360478
1119601234
144977658
67326083631
1901238
19204859
19048346
62429668
26959599187
20832871
12663
3636637
-1
137085209510
57140403
247082265
154224196
1866982434
494545139
3010823
33605530159
2872579
311747743
2940639513
243757465
349674635
317869242
432349522
16413671008
10214357792
3533199027
161946744
36453786465
1078857812
68524474534
28378500
1908524
686397588
2463665
1830424
26610881364
-1
2820912255
582757895
69547836
679763927
55619013
52921231
191908847
31455360
145610060
3411508
200441599
9869914077
16913211296
1720275677
7454075436
27571043932
24182058208
1900703
-1
890129832
2103262497
3335232
2383176
175707872
213588647
12514814694
405479
148845106
34525013
860559753
78791353
536108
-1
33721087
1455242590
143332685
224510358
25123258801
1491603
5437102
-1
998680199
38328067384
475820146
62112214323
5529437409
59910875
10569393436
1155224
163839893
3164221590
541077975
126091704
310199043
19692345
1380699898
1805591298
3119300272
3315556933
4723330
102484129
41350805187
133819
4834531526
1312874358
409982447
5687712807
10566893846
866390210
15291940
841636903
-1
234499400
101443451371
532567410
8447063209
6611375966
3968032
-1
2903382
32102032197
16881861
10289122560
748175239
43515648
996348074
59843821
393511314
2471555422
-1
5294495664
442297109
2204574
2221573236
191475
30978821
6429105
1275750440
430439906
123641292
43040009
4692362465
421012
12194035622
-1
176092136
6290766470
-1
6930770841
28194919
134313852
1133727171
7297740
1347330704
9814187
3433341
124422399
96270531391
26888516264
83379643
4775655
200803913
2044999885
551552260
828802804
9167380
5832489306
2333108
12559969604
21861650
1472321120
122434478548
-1
1925942004
259610904
214556308
225744562
896748122
4295461957
31008126736
151978043
409618
918859345
3820144154
122339201
151431264
145140357
10047878
55083982
51906652
3699882441
7284485
188137446
362806843
18225896861
16914840
303421106
5609624847
17906013540
705710302
175697367
15206468510
372403779
240961516
-1
8864663938
2043186159
41886702122
168056209
365588315
2685888
135313540
37890729
3150933232
8736458762
228295440
1022531
1275861579
6830170
28701629881
992459520
2819461
214434816
142960980
2218001397
26092351133
14039546
3410899653
574592097
129084261
4399553343
18902469574
43246504146
34760228
3152701
5367865222
60186492
372548411
608548515
20348079887
212309
-1
3121892990
5419765413
2764603
37876494206
2103791496
27733885017
8945214
12874459
299642538
209119657
55331378
682393217
2785563618
16952502248
506105195
79258304
39757276584
3890832709
739108217
133879766
166800295
141858
1405451899
2154917804
3577033254
58889186628
38310235
66675908156
41256700
6245779263
4503797770
45202437
239551027
2924433200
2233761878
31213637961
6941741
-1
1719778740
280266778
66098949
21867297947
62249097
548712308
-1
1283930
1525323367
12098275125
1521996733
6035298963
17503992811
358646731
265881431
160349484
14911691473
52840434987
2392810
117966478
3690926779
28051814519
54109421516
6896864349
1415077700
122945336228
10814079
6000525472
4194579221
24658028
794344734
18364589
12465774228
175081162
116600128
21833639
11927212776
41996071
7943818
1203199678
54984484668
7774524
-1
65510299
845585848
1538605106
145656776
64419952238
-1
143972876
2972007669
2432990
145819743
5555183820
1277151476
1510048898
9482526185
3005366923
90076155
39343327
36441099
44691385519
321531676
193161656
3144951006
1682299079
418333541
186214
1344040393
342929023
118908802
1025503997
207522950
9181292934
24427495291
539742697
1573359960
240040273
-1
4957145
335328224
-1
90692438012
92825572
2037355124
15761894857
10031385
2391637105
1115288356
5574968187
27724488981
13448116
495435665
1226812577
119999025
491462342
508495014
3991225468
382430855
9157062308
960285668
42613378
916005898
5427646683
739179552
-1
5130365850
428030925
214595483
9837189
-1
4982761
151578574
1829752
2664645108
8522213069
300966
4061328232
2410639994
531314070
1852350
57211559477
142306603235
7153116826
4515572548
2669138
82900400
16669936
264571177
47462540
217869712
9140780
138656502
918214228
42453010017
148731595
1143443565
5771165143
-1
87433929051
3745352
535431390
2138005562
45546314
14808918238
6727991633
159222336
67511110
8421971664
12501254427
-1
65454715
6561626
3411264050
154426850
-1
19216318411
1473319379
260088126
666247
2416529604
4629348164
64056672
329047958
1332543412
3011106870
1621336654
53313977
-1
1911848357
147625145
-1
30298443
166617277
34395643
199490454
10549169726
187109368
14594839337
8177198728
355290069
1705610858
17751180
15415693964
1560580176
230141002
161408919
15183018764
4688977381
174643660
137689687016
-1
530338085
523792
-1
-1
136602614
9625575710
798005167
2291222795
2363807211
-1
3360960211
6856167802
1355471672
1474447403
1845207497
20770029877
650913782
872400876
92774750
388685641
-1
14776536458
-1
2166617268
191590456
30564144462
20636715
-1
63804143505
18381120089
86900668852
1299723102
-1
885648333
4307085490
371752705
7389905156
813258
3599494
1703592103
71932686
1396132
17781086
3757244533
42781796
222010631
1499241075
5514454747
56843942
3150929381
91738070231
250923398
17077860
683751255
4755384167
34988175
5011426468
24955805714
80914624
3837809558
514816529
476910318
51792585
7767220303
257930855
275063762
459036394
31023491
3728691693
-1
82676572
8008297319
15573835880
4945116288
401282771
134627255
78823116
-1
54872653133
857679745
4219949934
3196055209
1422513127
5559795080
193541222
2846191
39144991
21570711
52086224
923051081
5834109633
40089064119
51216949
128766181
217959901
776659026
1516597828
200714688
4818004001
3789674988
3509237054
1277189360
61524010
2189803264
17427187596
353272426
142317244
2334973003
1278815212
1518886310
5532931086
366406549
481579
2241768864
14218651
-1
145984061
-1
93947934
471217
112653296
3596460293
1145158302
3618151485
24833079
92994174
102702155
1980886067
978061755
5183564982
378130951
2901038
817148500
99474410
1919145059
20828986154
66781060
18118703
-1
-1
184032541
998876246
2701049102
2524526986
392032754
1798934111
21084245937
1031384049
82659930
1624115850
644951075
550920855
1015168734
168254676
2003722443
2806264370
7092353084
156144950
943061210
2689649043
1452874964
5853329894
2494656896
107399938
347435730
2758500087
-1
19367861506
113684840
7203857
2736818783
1140107262
5499048
1588925573
83679803690
295594184
1161523118
1425802230
6132006925
17663847479
65113570734
209630536
26932034
4535363
20245526
149778330
7895452382
85776408
-1
8225535901
236830319
-1
8547379
162979
145979528
-1
770664725
74887152624
94863406180
6245583865
609000087
2330267477
735483
10043365
2742556153
119529315
2927025
81161206996
1332227419
1329525595
540541800
17893319525
40919301384
406884103
-1
7778804694
829041196
1504653526
1239756869
28536847
96520545335
1808127729
15448594015
711978986
50591048228
-1
143086281
1999121972
9763117385
119438238
3156076981
4896408
6735295
1144098796
46948757366
82276529
202370932
1147228386
7118773
1982003660
-1
57146133183
13753489
12024870027
1198543
107405191
-1
-1
668335943
10035267255
3685535483
3641598426
2331718237
643773545
484053132
777367964
167234941
12979146233
888114445
228354546
1720437879
17163988527
-1
202681222
5345116
2097363529
133657521
209824939191
23627148226
441555685
27178117
444446092
16536897002
33222304
6931917871
1043627761
2162435276
2510227376
17848066
713379931
87073174
2907089
46101606
22074453242
30844198866
113868060
-1
29043349890
13622402
47688692
123495842098
3794395372
167898
2979586824
642163173
8482975904
112755685
75969076
3196561274
12917069305
34835530
10492185
6254109090
411878406
6017881085
366659698
1365530596
30186381
-1
6633640
-1
403164005
901124385
182316606
958661
8363476
778606043
3345502702
11797524346
62021270
1054705915
13695979
63863993
587645230
-1
19409428671
3623645570
322854488
238513715
1005186350
66183588769
14244512725
5712161784
3196359
260248
3510884178
4200381142
438526767
8174662645
10942687
8319187
2859895146
4719170551
1096169910
10629568016
12618495813
26577912554
9584938
71083815596
5994748501
-1
48114132
13081685317
4048076129
229229976
2478376841
155650790
1032086998
1116440163
2018259
1794284580
879341814
22694849
3852866227
8690786
-1
8075455
75837532
30998822
21667787762
5827878379
2221150290
27805
105074140
3958642
2103164390
8805022874
2211615403
5991984422
241918608
857406
5858389244
3177187074
4361173705
63005427
858025444
5867551673
802572637
554741765
4528614634
12870671036
715829030
183761967
283003302
39357342172
1143014180
3187137
121363624
107415858
239208861127
1296438
333718328
70783075
271657529
4448692886
4739709
32431386
5425197610
124918175
900777128
5103960
22101104225
132233556194
9427848
4122347585
-1
-1
9901915
25113557192
1004735
87044773
76997472001
171670896
1701852392
16581010882
235687
154777766
162415339
2731509347
2841131
12932864520
4028611
3692417897
37097454556
113401200
807933134
719311815
5745715251
-1
-1
337090486
76435210
66820874182
332846136
3423445489
1051261818
1367051
1661102917
1429427912
36385602
94925750
629306978
12262268
-1
140483964
11917520660
948823
8162919770
258406176
-1
781872
212602457
909308513
9836049014
171803557
681375882
139055176
8917037922
3996344860
2093687857
80893885424
534328213
1229003517
579115007
19353105
282033477
-1
-1
21024124
1520699676
4013821011
-1
15692793333
207812075
348322862
-1
1546232
5751427039
101691339880
-1
848533703
331776108
10070971
29388218269
5762612135
22653544
38486206
2072931966
7522811199
6864403
155075552
-1
-1
1128027724
690573161
603268454
17932472
3913677481
477782589
740170979
1647584894
6048575446
67781445
14896244908
282590033
491927129
115070110
354829085
38540590846
1860676561
207629381
-1
24167739193
8502963413
221229053
10081024
202040054
8726435156
103788694
2616926068
376317973
23356971961
1393666
5332802999
95629870
142239189
28595362
26223098455
3891813115
94289653
441331003
-1
166110459
319352938
1196690712
818798666
176466736
43195279950
72442276
628372211
315896482
386722
1415979729
6327394
3973612281
914576527
107311464
3029768044
239622301
26665766454
19112511501
25752287280
4407242
109169350
241100115
22029037271
491902800
3327836
-1
3308474718
5612655776
4607227399
9942400
554243
1162048526
813703096
309730246
24703441
1612220
17594051103
54292089
2420267615
4074134812
251410188
930348422
660824496
301440186
626014619
238305229
1456891389
761513957
15413451451
2196200245
718347847
10506055808
63124876
201901840
2653415483
27306086
21532320124
3678908810
593931402
13455076
750708113
88208878
9965112751
23718687941
6773525881
1140878019
48814978
283153071
5755095990
1113884341
43127630068
320412312
7820191754
1254621741
9464413
229758122
3159096297
6530012710
6298078887
1829087633
36001853
325001547
-1
139215741
1178827869
28573244
5411890817
-1
9854089837
57883578
772790802
121926346
-1
148610660
14920944401
999073760
1252278042
103044181
6857409
847521510
67530020182
18364000627
44600736
674422571
15316395353
25399903
4981418
244601854
7601536
1242490813
4093506946
492690876
-1
133438218
613682320
44785825
47098964716
2984372
21924013441
168534794
1806819446
-1
11552584
914848418
583825
67630607
9840513602
49945396
699933652
15832043227
2416324293
285602248
151089650
141731159
92823036
3603496085
18676183443
46588938162
1817673067
1693418248
3991928475
207449538
1845862317
769903137
608202376
3212943920
32333205429
825938049
65567920
105339889
5400588
1912376348
168159968
-1
9105742935
2367174586
254067045
3036888
41839747
1032034462
-1
711569543
6693071956
2060084152
840584124
305221572
4378912044
256321120
3376181447
11842255793
904822999
139947489
10052245724
181148685
5592434309
60867450312
5196773
2169518935
17253279174
133326026
1191090880
10325837
79436964
207441
141013262
128442297
410389585
62276768
68186271453
67085055
7844951534
-1
2955582237
43832522
4579332715
-1
163847202
2177126648
1189439517
21490161
5922116511
27591946539
354744754
595061436
6362307046
88958649
367934974
3059063943
782630
9249378
350945734
77485181
74639521259
7235748480
4887884170
509631347
623559385
265429583
12413821518
111270897
329384307
10383366
2166910355
6346890675
32638283
712271380
424420536
5534717086
3162647
243219705
19025146
9328156439
2943694489
156724959
3338689219
52280026
5997324640
140824030990
7842350
38702584
173651540
8975456
131875674196
8712976879
4458090
718575298
-1
975741299
1806164
293074281
101729762
2273818588
32846051727
1603713024
-1
148961235
79399124
-1
787649541
124309417
38512531
295629204
1951202978
19145029423
1011640760
1867154
88092717
16633275
1423884647
8785186211
591271831
17421414
50785773
-1
150033018
6949368785
13179497990
3856506630
1963637972
18690869
1141531100
19793670
25951664136
2578354201
581926531
469254274
39075364
3059640280
4432392
361820557
5178137
-1
17534345975
32884765682
4334352109
10228910260
184607803
775019656
85996451
119318238
396740535
696243908
19731946709
7864823
105315513869
2638129762
568381108
5549194
3553193
160409811
-1
159086274
1138091846
22955035556
-1
89273575
624160928
5110292353
35695885
3966937737
2989229811
3131241413
4545701856
19775644214
740681831
33597323325
1907848101
4381784
12437058095
21687516730
3826221272
569596539
2117312210
2383125396
-1
308960614
4003745971
-1
52369050040
1716379382
822673985
-1
7323789
14349009518
-1
607384558
18754874315
534598921
279411343
2375632575
49570660
9157217181
87228649
488813297
45671463
2160857470
4882023707
1766177259
2945419022
802037
39191562
-1
707420972
-1
72138772
494089
75477682
9298533603
-1
397242
20820050
1176986685
86367558
403194564
-1
82849227
-1
58884633
103643045
269989650
1462396675
30504682
571314870
815935154
66537950346
3354453577
4401145520
2883966501
22835506
83117754
944029
11378051
291466238
3284191537
5887769910
318160667
715472581
-1
2385371263
27269601350
1263568215
99849500
28853932
6418175598
83501060
44573665455
115947707
47785278238
78564369
220663654
41052828
361791316
77908
4350909120
296992427
-1
2984784916
48880862
972009160
1660412645
167821256
202841228
6083864
6670195883
2725346032
19026118
1670806
1382368184
465088739
1916923796
430397057
965753474
3836587016
5349068594
3726114
6765666368
948276
-1
807373274
35548738403
7927191372
3594583175
-1
3621693123
3570163160
80146535
77582422
13185447
39953
8372606
-1
7479838013
83483502
6517009
13378155
17616471198
127056584
3306940624
144932
1761749801
9759256161
1152393115
510280872
51960348911
6854641513
139005966
7281535539
1032062914
28888625
1571686215
65369448
6299028597
20378897
153315631
20248834953
3398792574
-1
483382960
1149572138
603654244
90998123894
3106444396
-1
3740015057
4268643674
1191226
111468003972
5212292927
3159442924
796861113
-1
529904730
106981243
1499207739
170477119
1334030346
3678920
7519098029
16175421961
11299821830
2538758143
124864014
316002926
1326590077
565634594
118902570
7371182947
681840210
191049062
33227791
54931487975
-1
2198302909
3369658497
549957060
17052792226
40486587
10110303579
1493806411
23137781
217174994
73810812448
257254019
948880187
112253370
1627556
7093392
217091829
6476388395
274496100
999252
5342586599
4089139
26664485
88930399
11721844
13047150465
270105435
6280615399
103725685
-1
16309910
110771129
2720816093
215136
585843975
465781053
11503177
1145705
151936153
80049141
2224546145
770196878
2774902
886132549
-1
92313087
120562581
59931642
-1
932641456
942887050
5749086758
5372541407
4918007310
7073917031
-1
19011206744
15027755
-1
-1
-1
477825636
15829510883
399319487
419415441
48041560
9620579
108317349
1076211133
-1
-1
41340231722
19716221612
246878772
946059
576345557
457931
64687854673
46908294
37495334
4484919093
19178555
2426922404
3944958129
2398958015
214622
1774484880
6757617872
11991391579
4665940818
13920771248
28925092
12953476
180725717
83953032
5067321987
1564344964
14134241
946087837
20818914
144377
46601478
626906548
7292545
3827646529
829924258
14299205693
987327377
23293520
-1
22910020178
140121688936
4655066995
38368310
33487171
5025192878
6155667339
4405017
21234189
12791688692
242790404
5696539935
2967788604
2050082155
148623884
24944302
56131
-1
48845117
21685656
3473596301
1630495005
64701823775
1872818658
2769412639
63575112292
10517663
-1
1867892925
10740101629
560117870
110180813
813082175
6702824
52110924
3662835
25465957553
17766895
7805491297
1789964
2700815224
144603696
222424132
20284273
4716578135
-1
552635876
3053
890183239
9904189992
13043113
3511106450
-1
366847547
1180200396
4934602999
11109562
318334651
3610992401
49257835
234250654
4279193179
-1
56608948657
10681071
59043286
282764482
7010272
14776212902
10712810
6329519408
-1
963223065
3594841
1927665453
379932407
1917479730
12056700213
-1
132384041
132112632
33243415876
-1
354852568
338789552
16997089106
979328030
988878310
-1
-1
352015810
34538019234
3415887447
376488830
5157561248
1104047
11655972430
659377656
-1
1183091
2160009179
5674236828
768781127
1343478953
1922347421
129798572
9604427
107181512
114306063
1966390601
2474265534
33709255
11416902907
721768
-1
1367832
3827742460
-1
668021819
17990457149
191278382
69823958357
7037122
288614284
41943
11218575244
3095128597
-1
8163753469
27423587
811935
86503402458
125860242
41084571030
16955187736
22375386824
1606774
613985165
11285866
1260155184
110929922
-1
7981782169
118272956593
97491480
909820919
647752674
70259531
416843098
-1
1964708935
125227181
-1
238436238
-1
733056147
6847697
17862325956
70902770
293182387
5123151
2977672
260606437
3320743
5139820
103805683205
1025015352
475073945
885843104
391001642
5488773793
1637809
2305883
23575235057
8753983
6505921046
626742538
1731728977
37652055319
735670467
13570570
9694544242
118511307
4680365869
1176988950
10538801
112125357
2232406
82526746
154850667
2317823995
2970448
543520038
350610954
78438537482
779399683
7497981176
306614070
13813149209
4350957579
21151768
7750175344
403321927
1120767132
36051043645
-1
5314652
524848521
35456
2457968771
551473015
8399079
20453731
72065302603
3064875999
75751
101135478
3747421190
1037293928
18205701693
1654468459
13893688
15837104841
129631221
2334053551
8623954
40879602783
2083603
3747414907
43943009
24646617214
3455310559
23971155
62707914
6704189
11916343
3661638034
1675838
56769742
5819322264
1145883339
2384379305
1468239797
225211
513643367
936373133
22815371
62042568516
10260585
1733223661
48843270404
56392
4175046411
14583013401
-1
-1
1651445674
8082530
461666755
149289966089
2832566223
933152841
1681732148
145677899
1716337
1937437127
4886940118
444935
1277241
174788744
1320093
132535010
25413881665
80323158186
4511109369
45445155784
6229310
172053
249942838178
5055833994
570737341
275674319468
4800086
31835474
50783
19703195
1728765776
-1
76287
4280631
668492394
3006590132
11609518937
38395737
2648846852
10943575
2001029
1129042202
1291372577
-1
102436629
-1
174695653
1199406504
46214104151
243799222
19302194942
-1
163545852
447095179
34986734618
12375795
86877115
11874257
4466034423
609562145
5361921373
771616591
-1
457938524
22020932668
968059840
23868369
24159879
11685356003
-1
5421982659
-1
22620
8525019234
1056471188
4785711941
2797516760
19859652
140446504
1485119215
132231858
13412488
-1
97171052
73270467
-1
3488730046
332381099
243922535
1389493
6126113523
30521549459
4663483
39246102760
4770564177
178123880671
5490632
536761172
65657247
131310491
133728946924
244536062
223897588
1038335996
975982272
5746660561
4707756691
93890045
716045115
229170801
1139369871
24503654
350553530
18613697186
2609282628
24259115
64134904429
1653790941
842933
189492927
74031085
5655326919
1038420481
17462303915
420631603
139670709
-1
12351404452
2419770010
-1
493633140
1634416326
33437270227
9467675605
3187594
57115064
513182547
2786948292
372530327
441912216
-1
4880360989
5013508903
5129475
53410941016
530036095
4642981687
4704794
3070001250
5165954535
1011900108
1087811642
11751165091
452007
570359083
-1
3342902686
441317302
21524821894
19017175
27378841
891236692
27887101364
176030349960
1709430590
1428241899
13392882583
1730907
7466252465
2415945050
36003083295
3893638632
100031709799
71865038
61193843
402975
7482181
7512753
5738308835
52618518
171394781461
38356447657
1540449874
4548698
-1
3623221141
-1
15106365218
29805980460
177188892
55591525509
80944639
23368181
5413587577
78431724
697627675
29942453853
6832753610
24745
2780962186
499560324
11939032680
680720057
21162824
31724098
33111392
3700829
828788045
16788363
153425325
32270495285
10630734
389578859
79230631
13978112949
4458624
33888106
19531124921
70915655105
29487750
16311097595
718887085
2521480779
182363371
2039953784
28759264
-1
152384045805
1308771888
1620098396
232556
19596085
1499413501
36510861
7116548
2544204785
181507716
534617942
40510043649
1599037
6645296866
4510642701
103222783
-1
72431291854
4220156487
18309363357
169045387
86168081
2900454896
16549665
255898712
1855254926
30699902459
3232865152
22035657
11406495017
-1
574520544
2484430096
624812117
66056193
711167988
697369934
1429491792
5465374454
953699
3086505
145680622
288104257
1901360324
7947524423
186205410
13310044379
1423729721
2721930302
402931376
29395018
15006479648
1890569
1484581856
45514343
1178798
13815749045
320574998
37665601
253880523
3256223045
310397737
38281941
24829067
-1
647541505
2752527091
3514551
577336999
3280564662
-1
10586739283
2844849
8410890933
57303976
127089984756
1636087359
-1
860564
-1
3079158
225131
1812146837
1830974212
17137205
2571017101
-1
18496178190
1510577741
56062632
10633037
-1
38122974
95422
1508985723
3340894
13519777
25348989206
13137651375
57612675244
3020430357
74627713
1659569039
48841687
198813257
926153967
590742027
1863679581
23751395
337724846
1451612373
90044426
13028699171
3850564409
104560899
329215474
12995563
18999544
51114824
343198588
48225262
810846525
5461922895
112905406
4393817946
1110909765
10283343033
635049
4320432
-1
8223957470
15152464177
833964448
407528950
84020254615
12462523
8658886797
29321815029
-1
439381371
3535598345
11241075
16045557
13424959738
1711299252
306559623
13969331889
-1
4645662265
475308
528738373
488755092
371991492
86403752
1491068482
197943609
138334979027
103761474
1094
3719577
17180120569
26976296
241006378
85821012
4106354
373471763
873381608
712039892
1918746623
274653880
1671115628
10229770
3533672742
79062822
578635096
3808153348
-1
466840588
17206520292
2165010717
211911029
8888594
-1
100776625
15233557052
519654846
6809439934
83741572
3689327845
2100036483
2802326
13745517756
378534571
55826330
4258936980
260789048
76429140
1377116119
80299735
4027301193
9340427143
605449457
992711119
152300985
2746146995
66674752
7730432
12512098622
5772531710
619952
6606243
3766838
130851776
2427959326
3441439940
5054217785
1218596052
5330811
48346737271
74138614082
8052948166
210133
350410340
1799537844
5821837
27796086259
538923060
14425137889
96212880
19953383573
3149358251
12331190141
5867521136
198950
11149975104
3275678818
1032719123
507907999
1274442245
-1
3810553
42093643082
70124655
839602575
113412969
-1
4753737999
-1
4473519077
6468948554
2494310052
174711130855
212286565
55139272
42164445127
580951446
175823744
592259
12660551386
2813269
351399688
61482284
13705
6182986
6443640315
-1
4150519195
438117995
137421
11472180
582493994
21639131
127281768
44934429856
2998973015
2692089582
293713548
4344027910
46270861
33965868
452681933
4169264915
105566368
2742258049
105543677
1168717510
12985137802
927778330
1782810819
153186607
8169678
79472200
670030554
590954
803828699
8844922857
6033722928
9240850727
290989256
1066470
20437987115
87303705
102120177
49752753
2942072750
1914477913
6310219171
2289300899
914864811
28218705952
25731446
785386983
3087
42619774275
3669550949
-1
11860805461
-1
442437608
3674124798
330187484
1721219022
159902054
12574469299
13954938
94423950
205761782999
-1
763671437
6465671071
5728590944
2139237055
129811191
2334130
28199003
4726939759
14023903
-1
173578138232
95814
49439726
46889366
749963
-1
21111253505
750070614
2312628558
1324973
896200
2069520401
6471569
121468669665
17249082
2370526907
8174055
344466140
2771069137
33590211
53906432
571829942
382985768
157121379
4736398528
-1
1167006587
3756237371
355212477
2772526069
62770
1527810345
178016476
-1
27041676373
2395250017
53023975
-1
22197621960
45145259173
25813526093
24552066824
-1
-1
9253182641
3678109104
19753487909
440786623762
231360263
46573775
3441019
872354
26570878
9680669208
1497755
387678106
133188965
-1
350035490
30657986197
17929405065
83599
2740400
258998111
28749159760
1716619799
1620104437
507408441
26004641123
257007575
268117494
20009433410
173856161
871170413
1213590881
3740052733
74175635
1544405
33537735
14337326
51041
1680298214
13707540
4150403367
5366018
1217612445
27686062824
43827583
401997506
643354230
187867946
1716094789
1411259352
13606032
600669826
244846916
31888210
84852260
51723714
1549792466
12035082956
2688984870
103972693
20289398
29986183
3942561451
19705049714
2589562937
395760585
920144733
11603956
38337495353
1104440592
7280468696
12801925895
1637461344
66264
14158219801
931063545
64443691
6410391936
331342185
182789486
133511750
35447516798
2591250398
55439814
180805743
24212604
1842002528
418948053
-1
22975653
48179244
80644546
-1
896717653
262786172
4575990
372187071
1538771526
32941998054
1037186577
336406687
26667265979
869731
2446239007
177564372
14703257
11557164
384028614
215178
7355610142
449918067
26052077
30951820643
2046429210
-1
5165580941
15726
502745119
99420982
25573275978
62438057
643668741
22154118535
272895630
7672167356
1692624303
200810527
-1
218104917
-1
390522071
22220677
8898092
2579439852
26362340
1454013
2866480638
6405263063
203626172124
1922789
224871368
-1
6111053
25384844
65785279
91361228
47152113
18256918
-1
40535108476
278223442
-1
9161330526
54093534328
254024514032
8015932
542211567
439127800
43639147560
171555
7419739
371009347
3229073104
242544681
1089623519
221148501
4215114616
8175
78014772
45910433
83212806
-1
1164248754
60135890671
673825548
7402519765
4386802786
10247297337
183270717
8959287691
-1
2982377499
472908332
4880689
3711805424
18491813523
-1
6026539572
1809985725
1757764442
13675625865
-1
1133585005
273093519
197987299
2019526284
46407155078
1157670092
317238482
-1
1926455335
346299
1723769495
5012500447
31588978493
11953502283
-1
6264797
410207431
10101067904
426525136
31730409
10751414112
593505
3563326561
-1
255314890
14590961
134730697
6700368952
411274681
174834
2077510447
3183305956
24778836
709950697
117357942
99697490
192953043
359839740
16056219
210599860836
283669666
14610489702
4024307013
272906741
-1
5150730186
51742251
186512939
207657291
204122132
4272895880
37179087769
993903817
836948642
700123798
264324
135493455
5327745348
3378297699
403436118
33844795
115123484
35929902749
426431540
3947066508
-1
22965835
276914208
37853557836
-1
42675136
371367972
1274639189
3576506463
21910218
-1
14520985
1018169380
6594155866
24317017
42232598
70645878
38634332
3281955671
1973589004
43494245762
2385375242
114595469
59308481
24493088266
4198234602
1545709702
9607436029
3971785
141916
57648038
4243782
1011198820
1743256579
773700611
3602620824
5675627242
93470088
1703515088
21667246
348314731
110458926
5650475017
68738135
895629881
98340732
10488252739
31766258
193706457
5161519131
1353683589
2142278337
411700981
326726381
982765877
253261803
29954821
7766280
46412890
987006724
22884490505
138407859
685429882
26084952
-1
16999117
3368498518
20359530
129173192
1804589310
367539357235
19501451
8698983814
898998011
652196810
655976703
5421250
8245211280
8613015904
-1
-1
13562
360775983
30733978554
3121507126
134587042
27317842
277443615
23206503
86242443
136258626
-1
24202571796
31084443000
6416412
438178375
3653256536
-1
1838507872
11603244699
36044938
90358315987
14292464
-1
577971453
4731660464
-1
23873756
6653728
183125858
532286519
940620426
123487995955
6579923242
1242972260
7573739762
40518275779
751280540
17171244
3530230687
69154819
184487513
51490551
-1
27241677
128394440
4987996384
872931977
42991547877
406316938
-1
22511999
1904984
11785729359
2560445172
1085202
18789211544
141279908
496471
724229468
-1
-1
20528656866
24099340
32273346415
116529086
570861178
4362442
52813265976
289391969
292604046025
5562140957
1970773
52090729112
89271336
4154678
933445071
9182133620
-1
9960748506
235364770
2510417971
12318910590
15760956
1757941
148431448
819809
3434271
70447991
24180614778
30734772627
638117736
12406726606
7932965239
318184942
10816224222
35015701
99606558
35151918
2954599821
48973514
150679459
3618853386
5280122
205934
3607861192
23920942219
2550152
400619910
1172009
15800302
1597199940
158463987
8211959116
928760
1674325490
8416263074
102397786
316727869187
4895193671
41294252
1281128711
1576631443
92751598
4380803
1789639661
460011373
2100283242
8684168
6144176310
11327586969
4071398730
936975682
36175916
11199066645
5624092018
1014361979
3946406
8302859632
555055523
394438102
684336727
71604273
4231534
51351902
31858593659
13505344810
3708752
183960382
12875288665
81062817
32549659
8999478459
5621214
106092998698
-1
1849354054
438847
6414637452
4617178108
114375574
1426819012
1993315166
244025266
261275233645
1139044
4183981018
1312921010
1352801872
29702784
30476288
391569682
6622023
18003534
5103348292
84018027
-1
834440018
46013153
80281853
616843407
54944371361
50067600
5546200622
7637020809
1212630312
4541411555
1085312364
-1
5506791519
11879549878
11986669637
1677315734
252973361
22990153301
163758004141
2818680596
1368585538
10282928
-1
21286153
104609291425
7487660
6873898383
8102824370
344476355
110887278
6948087199
35395492
8486477085
-1
58082266
163409808
9327015
349697319
1199400
2528539443
6344487593
9797019404
4471807702
2002372366
44774934
45929741190
124340390
55187067
26662845
-1
5108328666
2941958824
182060744332
678354170
-1
27736420689
5414037320
13019045
342944
-1
9388025934
105615776
329939737
3259880882
741782569
678464628
222663952
11743837
2546364172
21155839
-1
274308311061
180186226
190157760
22518305
1169901122
313118396
75759451
6924722
5000694096
6484535
-1
17389662232
2822881
24471060740
368314
210958288
11612567
1044462361
464649909
-1
260822273
189827763
1585648298
37087968669
69294692
73654074
125102387
2320615741
2848030803
2115620040
7868416
1428026454
228829063
-1
99359316
14552448
2627892
52518078
466115221
140097946
56717825145
3652543
-1
1104206834
-1
198527
2039268510
1354905263
33060
39292785
2844335702
1124101587
1685496064
373682604
12113924
1880871590
2015608
16244473
42090174636
2166438
50734095724
1434506102
35928121
7748813
1089923662
24726573
16606881
19179788
1013298771
-1
1062415824
2057585723
23129353577
33593118650
493170143
1694238931
2037523057
3500910135
31069878
2143851304
6228186
-1
1093571859
2978675
1008506422
17331443
-1
79160006
88458020
155908560
6540514810
26538269059
1362296683
1195387504
23269245
1135189963
10347351
195377976
1066780033
5499726698
285834890
4685163268
620113274
-1
2784342223
9120462139
38850283849
33130396
-1
871693178
398346350
25547169
1451883317
3346933624
18398851
9728680100
982123218
6287500532
355492941
1138474444
2163479807
3755461104
211304362
5710977584
1044958578
2912720872
11654818139
15986134
-1
5661734998
4768678
36957215
2581820499
2485486791
2594224425
-1
10272500685
18413012
16838033
154819029
104267880334
1006416596
33752023079
53933485159
6042520841
-1
6102300
46213230
117506012
2532304376
565310432
9873812657
1349209
2769867
4186702
2267225415
240367723
622180397
173845938
12368088814
446061753
896396180
10975166702
53557054118
1353968855
10167589297
1126186390
1873571147
12162962836
1260835565
846702946
2192404230
96099389
110045106
760748441
38210078
-1
3071236466
114832679
157956962
109996203
95501947965
9766520764
1314449304
42053753
34645150
-1
142475115004
15560982
12440323
1143732804
5533746
9515569829
329639108
2732329807
14282551
5248260927
327200558
30638650
2526346398
94108206853
79233616
5729
7926249
28449646121
102794137
261322889
523284888
31838460830
38829954
2261230
2832542856
555285114
4929873667
2539305
70599658
50034952
558635821
76614311
-1
41892071
89833664
1150002425
12132707863
5252870156
201526670
293170622
2414998750
124777801
8015719
25301491
11456552
77755306
1111314847
30458771
1941731180
24660798
19576365
353744382
212285973
723566810
-1
9204831379
2626414768
17248665088
27840965899
93419720096
3526633161
49100999667
24335862876
97855203
973575884
3629409824
2389858359
13915851029
59153
4561009556
3322419
151691583
26300509018
1161740748
134357986
24439120794
3719882
2296089787
1246523098
-1
314168735
241064488
20918161
918537710
3538392700
2626183858
730951
588657227
19756214
9732491397
-1
2885336982
585922362
2078252446
1081739217
6330246
7817409318
79111551
28422654731
3378611462
-1
-1
16923524
6054977175
22963500009
-1
63595255
-1
9542485459
267038033
1762859593
745929443
3687698682
1564593097
6478356442
12495716
5874065224
-1
26995793
1816308
1383053
1732554635
277983990
4071617211
508097314
116047612
168440361
296975009
939630707
36531090
28776495
23103207914
71731896
2796598748
1253332087
377462754
2267653177
9406189603
62456235
316883462
3891415152
3075064850
22469572658
882579107
138797284255
1165435
379554
434915879
62633094
140398325
3940952818
4260062321
-1
730461893
77940776018
-1
370948876
715620
-1
1918634319
526569893
-1
50709295435
71430549765
2696743
2179072663
313071780
11631805957
2279499393
3560694138
2574500985
317750708
1164002530
190449
4536932346
725907910
16743799276
6716023
16397805093
606395571
41535907
4937085736
197174
314631254
-1
25228131
220296915
8263419
20667178
1490009000
107307173
164131119656
13675028
10430012
276975219
2466579
23288305863
337949568
3535508502
8685913987
88553622275
19767175
976414926
755221500
4353184752
35276411
40906026
22976602984
6259199894
190291785
83602011
-1
38847609
583726257
33794682
-1
207802
-1
334774330
1151035807
12573735
1529352
4619893624
1076513900
13041140349
6043117403
2216733509
3012869
10593665311
80434409
27039757469
3402106500
65392972
762699
5633212
987489877
334152484
5156544
622665144
104006808
2388597075
11198814560
-1
886936443
1074299769
102527558
22429958
48564312
-1
17009747
-1
8229769298
-1
2283932781
59442469
19639496
86637678
966286755
215914116
71852213977
-1
227659840007
4517025811
3030060806
179888187
946919
111644101
245147510
23854196
1838060850
5404192206
54597818748
14708713040
17975256
18901893
72586769
236056426996
3141269
1363404734
5782130557
-1
8264292086
928207876
-1
21559587006
2064735132
11890809999
502413297
-1
8295406755
7564329
356486764
711457746
33389238
5151576830
136606655798
85274582
558502736
6464090261
3925884928
7915622205
4676778050
2570197680
104721895
989097935
1013203
-1
153193349
2708531
175439
291378222
4526378
46997195739
219751056
5597237
8173162
122458913
-1
119005553
37401595426
1480790819
3114255048
4001557723
423975524
13280624450
1465705629
881880
78144391
11169829091
-1
35147871017
1115121
2320304866
7382279
22136021
48611529
143557050
77447460201
4229280213
86127576
21785947726
3752557
-1
-1
1010375733
1999081496
1900210526
24649674859
315202
4854435
12515208
17297669
149501229
1291225506
4411036546
14445589346
721191
938980060
5971470840
248350319109
2024783385
52906242
277586721
596269109
1621411389
489706
6702344078
3629427
456384891
85853070
21364147
2674466460
56135041
-1
120647494
-1
301160663
354452360
5944710969
10070310
20934240
362717569
-1
8280811641
-1
56586986
19353502237
162380129
2506779804
241210461
4911209386
-1
129996530266
105199786572
1491156201
532884276
294443575
606745558
1526178113
151312862183
5439435
17035678
218170440
31027410
1519441321
1546745999
57629858
-1
2566525871
73672109
8615783717
147294628
-1
68826872489
1936897494
63913103
1322508860
44492301
936325223
-1
199561724
439518864
1943516
26334663
14297684940
2071433
104918833
944943303
50909302
7691927343
40048262
6151375072
2505023101
1553890875
334224472
360286645452
43764980
1526217
2237314246
12506468926
295990320
5361596
4947409231
2757441415
30234498599
376467976
2941726
1482972492
265803526
23469604711
412256657
2899018512
115215519
2991589390
-1
9686874711
8872659580
2745477876
14891759996
-1
956027696
361748987
251233785
381324
9121428683
176073
82313154
8225071817
3287384
556943891
19143582
1440949
2437823121
75688807762
295661358
1420437906
42461176
43155754
29775990
191492927
2076048474
21591342
136113852
40476526
1348063254
2580827115
970216761
920040664
-1
50262070
2190836559
58789369571
39215857
3797453769
571801197
18795326759
176782401
657434584
511312794
2561314871
151269855
54849575440
60970811373
12975720
2926327788
22170266431
2661987
14470583046
10059818161
940321818
18048700
107834909
260991752
-1
116777950
54724411
129667294
4838827634
218422085
1450818990
18337752
-1
589302
410741785
178479718
-1
6175839064
8336401
5346005
13272489
204201975
1447820582
-1
2464462
-1
11803033
208436
61286402137
6471430494
239096289
306293113
-1
139814116
5772004791
188197188
80078755975
2691683062
1288147100
49494204606
24111375
9255574
349307671
567900363
27631457
1713506758
1409127116
13849573313
6201255913
694565027
5177952592
4337431
10453251074
9023448460
546309121
1610960022
16073405
-1
535210
43575400
521235
3956501327
590192
98084567
164765017
23785949
479798607
769591401
1252667
7165129091
165134104
4093626
929438
103927271
2594473932
134574515
6869849186
754701870
2675308829
20268614127
37431588
59845106
379850157
12942139757
1413282394
1027036688
4007955891
27350155222
5365500
1299681705
2584461323
98699189
91650658
1030026547
833631412
1165321
239557926
562303867
12677537
44878468
-1
1893243574
6287819991
165199545
43773203394
15329497590
20653819990
5615356151
6631778
55759862983
-1
15355705268
990285898
-1
511161673
267557472
77014345
10667233
122985
3120994
4092860321
629423685
165901059
3162801187
106812985310
17065047275
372712017
2099610791
113582177
1170030776
1397625638
1263876250
13731037
9960046613
5443192185
2123630
3246024856
1504423103
48230904
4269609788
158069937
734164385
46914014
27363622
2393243324
179490085
770889631
1759109329
417732682
785830641
18138348
41930
1938012047
124912815456
33066613
7688081
1863564424
95253346
35807171087
7997830636
367533304
-1
378720483
36308
123625048
35843175
4945863934
82569703
1569272321
1932534213
1201015751
-1
157705697557
625742
-1
-1
65539018
347420029
458653751
1121109176
4982698538
11159556460
45961097
416305709
196155
287735360
717749486
408201295
-1
12366354
55779456448
3284725141
4998449
1415042245
21876232390
540437142
7600884346
46481270
223413972
60852154
2929935
9632
-1
45430645
190419810
9160685
1338164684
4052925985
6531703
1142722
50291302
23747938
1990322757
1163569216
37014160445
21201981368
20480540
-1
20641891198
340566498
9301872448
341586187
2312190543
75159948
29522113
1598205
281041822
52411599
93994964495
31219376586
1228205899
1792075081
345183615
2910668906
2657704273
83322160
2196805177
115540564
16937176637
-1
2738513020
317270473
86280248
13790876387
298674
6709478
188438765
99367839
335099631
-1
282816058
21874525411
-1
558179074
34588684
1612775580
40331927
434350353
-1
1223598884
867200932
822318840
8149058
569309823
2747958141
480993745
1049004
789895462
17108055473
10325423280
537846127
7654429141
4410763134
18356545
30920452
168681318
322175707
47820223
32707187166
256855305
6927441016
6470635675
79673724
93089842
72158209
625299675
392904732
-1
2053400495
2294651
17952345
-1
54061113
403754312
87643918
-1
448753312
139398098
1991725934
47752485
10097669747
74805784
1024794
38682227
-1
181397676
65531184
95944101
1097060277
29320246
2963147
530366537
3258533396
551332397
12576871
11353363435
998018733
97252938050
23738559193
2980505484
507881658
71861896
11610286030
8948527876
111528775
37053781986
240869246
778078383
1546626421
329692912
2503284
4669851
753017352
2609590460
297060329
12068486059
-1
-1
22538098
12397955
4177943
6747126
7038171
41363186380
37058802
871242126
27073732
2414493711
11809393439
10283692429
82395824
-1
1001677261
288997666
360542936
6608728
4918405734
361114819
-1
2946704708
3052237024
5779131186
6113704044
44242531727
41381869
58613170
1970326739
15585174
3992916466
33910133
173651471
53365107
342603721
4269438490
1931672192
-1
1492942677
1077436797
23372716
-1
3262364906
26288990505
773859545
2147087219
249458573
28588266
-1
34494476611
59561941541
1696925759
16424585587
834860907
125273148
1861444
23641545
725259
506356163
9366164063
7368426703
4985837480
3853284
7629940275
9396272
1800275356
3060852269
4647497298
11670589080
1746814
-1
198441274
3110313319
373970662
1632571
1990258019
953912
2846132
16705666
1045633382
48385936
1352236196
6468784923
9555650883
1099173935
76430979
592929457
575881217
1565065789
17241330960
94245659
268374534
8868899889
14830092
135791447
1598704
20647270737
26254598877
233406027
308476224
-1
4366626119
1784339116
470056
7854192
115597445
62275633600
8838342
14239282
1947791652
1002961475
71310707
307391549
133305271
97136051
60303576
9385457
451597235
2790543491
33967892
39705778
1234536092
25616426
267919586075
379120681
1171251
95715731
189561340
163041913
31180601662
85533487
249823
6604362
3472966641
127263627
111925303
325677
14186058
648389606
-1
8480328883
49969543533
103338305
2378572484
3661269759
60157500
2455530525
1615475297
5130558738
-1
-1
840440466
239358999
1595434518
3939874255
3189685805
83456388
50079393
632026
268336155
24453653
-1
851106
553000037
486127547
7584882473
14157285
2936394482
4721245965
39383124797
3986167014
1103441
171499744550
2022512
864754515
941674041
260314092
55708020465
1536235
105010410
2339648
-1
64542983
11526360975
420465796
18841854
6580754177
-1
1399281429
-1
51993414782
177238866
70310089933
-1
264126755
141972064909
1004190712
8912595012
1728942
13510491856
493014538
-1
10815076927
2007889651
54339170
6088537359
25405210525
18865881
1463851
158620458
6244389782
275633541
4759632667
6398831831
105353521
11111529
1597378885
-1
33321902416
744895036
6593185007
302718253
195458790
378531569
26894494835
47431875801
-1
1217370795
124498647
642712416
1677720481
5681944979
-1
1770430
1592917
14219657
324270226
670336200
919785
4222217
101208072
14983844
40902249765
38688267779
294424002
10008286
8483400565
510429763
245143794
62481549
151921506
3053184
3410344867
697598366
41933933
138432427
-1
32205656143
6383276902
-1
290426779
5406560075
74994144340
1259990
7538246608
167189146
9955176966
278005484
491228
5535421115
64735713
76158542
7169712044
1878323449
279263240257
6157407550
22378194386
101864419
15117431
385956498
-1
11564632707
5747769
17670494
186309937
5197084856
5122820801
466945546
4316364468
1942014005
44091660
669320518
10915250033
75357203
5196144118
5107637
-1
3726449012
671586254
1306000648
7346770103
1173489
408110065
47731730
6111284218
558834090
6393320009
15050874912
42855183109
146958326
13928164
118834404
165864666
3129794218
5251786
2092149631
3487669474
22229357952
27352473
2799763485
54234371317
1603634003
14179227812
10048586448
5509025
-1
-1
5975236036
172094029215
19231043
343725963
3586613176
541826494
324592548
30810500
18697994593
4276934575
1017740507
6453544226
1574178470
342996837
564083336
634592966
18133630
21435026632
1277214993
69091630
7663979594
8564632
7135137933
20753644
39914016
17444199301
1147066871
37562701469
628010397
648052465
2914516353
1142947382
4059794477
32243973
9662104795
17590097
121794
1257769878
4724515
-1
12236913373
2478091562
81803435
1624619248
98526268
316906697
5263758913
28558995153
183529421
52077774
53983017295
19289881368
7000010
95426377
39500773
29001906824
-1
1531956008
59069841
3001933592
26802225113
1244949704
2679185
2015038133
4358874113
67799150492
110387549494
258271764
10459319356
5104944573
1334072
1592680839
31628611
5536059878
16379503
589570240
-1
861677942
2160095713
5705994350
1024108192
86594033
53592625978
-1
7480652
456013852
17053670755
141483824
1793196201
268578340
23424126
20470025
97691295
-1
4821109
3323349306
2786831778
222191675
27321531081
39082292
8468033400
1299968681
175876057
918454710
28352785
62343238981
15557485
16539717926
32295257560
2112805083
21236984355
4996634
-1
35868275
127986455
5636393681
141809761
181188
175249458
110127682
115220351
27733042
1360826967
-1
2401538
547098
400230868
1994453310
6631039701
5031332
3859910395
66684337
3389395
333416
4889135905
44435159
2739691
1470298108
1090556445
81186203
4761427284
1781659490
835740369
54270630003
-1
1297489285
22061437383
2019062559
253054197
412137562
3347823626
2244634679
763249580
28602649
335136220789
2142555229
-1
320860
92695394244
877661884
221334447847
18677674
25344043
146200626
36987755
1909843089
1975422505
771623479
7119625
1474776912
51029263
637067622
104062718
141851575
274575207
7675033
276005126
511728572
16441718
95735406
154242748
1326319567
1530328806
-1
32099968
187713091
421498
1103552310
39137048614
40215303
25108269
4478329921
172689987
1867475048
1675559
8331463
430208752
6224021
-1
2118349419
11543004037
89848858
506314474
271141374530
2008006521
106446069
22830346
108040710
950875255
44656251
191030725
11157542099
3928204092
23858334431
57591126588
-1
118125221
-1
473948
12462392933
7464270579
63267600925
180001810
63347789888
222752
17673514
-1
24433138074
-1
5934189029
15807636801
14185848955
528222001
1552244
3095871662
230136953
-1
132519
-1
1606557919
647958206
458737
-1
176081240
-1
139167368
62804292
1759057079
1846643104
20800081
125584995081
1373669635
592058144
15142112581
230851651
529755626
829576071
42717670
276130847
2206605452
716305767
15201353943
253371645
273003898
823541180
5850834674
1070277207
21404750645
29712421311
1361895437
6243699126
44277555229
2399490
5644173957
1551746340
2965562477
-1
6679145655
2122244266
44072929556
4601625142
5203409632
-1
1624880
5727023744
64127464637
6883873490
496031763
16702935
38914212
-1
363493437
11767522
44674467
43905219
3522048292
85008528
-1
3128709
10313498
2323415213
72455470
131493117
461648490
1130427987
422554
205963482
-1
-1
1759071352
-1
405673802037
4232064889
22005070
939598196
-1
1988802620
4497803580
213581366
-1
1790442693
347395829
1273165802
34184576
128722213
331303005
11147584
221557818
1720276418
278173982
17149197
481820766
67652774
127384879
21618893637
208163350
1721576
6436444
-1
83903240
-1
5779751027
310298809
16065341
574778077
49714604251
604553088
4690329127
2274605916
9969461230
10755672
1791786994
3042464
1972997458
840230215
4888582284
27526725223
-1
1394510
191009187
95800640659
2279039441
328395815
494305829
15088608028
1058924894
6259529
19259975847
56408702
-1
98928858706
90451722
4515718
1198603788
8015619
281794274
4564857042
610469392
848057892
68491434126
7538043905
5833956257
1068817348
93190765725
2948451
629113516
6759386
20614365
37693240
290979384
17466025
140480929
406101699
554062457
-1
8329126
485625519
11082904
4373288
768684454
188807
21820771
-1
30236708629
8369785600
9922871681
997529944
-1
125619235277
5475220
17764708
116208598
4086631397
1560011457
59394225282
2984594836
1554837092
254543159
26256026691
10370904
1092387544
43178137
137921599
31393501
238960806743
199976527
38088271
16344598
914836037
132741591251
241624
459997831
44472421607
34945804
593141
503913944
1953066959
714545739
27169131
315553363
51511234826
927754
4046536682
2591848876
1048824303
10232762148
90671445
846401
4140918222
269333572
527145630
4303266411
2349457093
3498882
2868448587
92630006769
75894898921
19834595
10702464340
20687823
361309404
3462895
85217759557
19796698591
17486453164
795743700
80708077
8408024055
1197276467
588065884
674062326
2566978252
6203015973
1603010020
71203843074
-1
33363125772
-1
131366374
2113737
681884309
73074388
1099633313
84722067
5972158467
384288562
9255665633
1069278466
465232034
1638353410
273740081
2056951153
1927544
322919047
91963593
1719220614
2106023692
608682109
52853350267
1389927
700269849
3761069241
4733395852
7118191
191735888
2287599559
19169594
24071657285
1951913
-1
47117094
306848163
10968917602
32871215158
3352755798
6539781968
11032061228
396625849
727897501
122324671
-1
24253776048
37241889
68281493
45827408213
15600866
6336242682
-1
25697983
135893197
100986313
1113500473
59518014
106221191
116241266
3545641817
188705275
5926787
43092773
522322765
572525
1868013234
-1
608315121
