65967502
5691641
18639923594
2056878431
1532120771
38757
20579388603
199373151404
1110507333
771268436
17358663005
23703976096
8076874198
22829239
10423802
4949906204
19635350
2888326
712685
8809378
209262230
1329163477
21710649921
941735845
28857480
1602892362
1875643219
46892630
6052685194
5364423454
97378
6483332694
535390508
868719952
34625474
241393369
107899567
167077439
186924550
619795391
6933644137
1684441
930730625
992805429
136340005
19982518
144871414
9220393
156068156
414933784
4317943299
1693747150
9919657558
68055816
72926989
107045
40076092775
1772249
279355647
2009293211
38308571
12388207205
108032716
-1
159350357
16953447469
196012441
20618025
-1
-1
148153041
6555355
221496148
676243916
66191566
71659043
268105974
31210329212
172678373
175864431
2434619
43287481
-1
35230922
-1
54666061
128619464
2412677895
356555600
5593685676
1141675913
2448563041
2490170776
37369257
69801416
22611662437
508892578
40120831
472254758
152397940
1869500416
43431273
1620253054
34611464
427084008
250539390
76553992
5337068337
38269050
2250131513
-1
907655
11198799
681006
-1
413367187
839948553
8453518130
1357629005
1256502138
56864880
12785
5643490525
34634473
463315701
2182008201
334987566
290261749823
1119556983
523832184
327258301
10884201996
43265229678
3805747689
2640250
-1
1459910031
34737096996
197247419
3691182
121585157
-1
-1
9414766
15731729861
152160717
246749527
76483885
17488254
26825923470
-1
561527380
121805409
-1
104362762
9812913
1343316522
3306021195
26737542
15956728039
2317565751
2079394495
191944838
-1
10357240520
4248657680
5560408823
156205179
835292629
-1
3388764659
111100500
13094547072
8243839
-1
750541953
58040926
1687791691
11406601
25355591
-1
5027576946
2033462409
27082474942
3025854338
14408404186
826255444
9023256123
299914744
5558253581
7812753
1454629814
24903406599
9804598203
6831233
82576089314
108544117
10069836241
17340027366
67887616
8100592063
554154606
904678640
169201483
316674186
2545321946
341587688
77224931859
-1
9618141859
29203216216
225171480
109600719
11921429872
976291171
88732988
12458884087
998482
-1
5812304077
3616672740
5661821502
8227059
37557971
1427563
563020591
19924912726
3416389947
11819807
-1
4087837073
12416609
25451080587
819813
257549916
3148059338
121219436
-1
25078798
99891442
77267615
585122531
1276550251
16880783
160739065
3941671188
762677142
170185093099
86045731
19597158
99470238
98706491705
-1
137578725
323292167
-1
10437904
12825035
12040001
-1
10915976936
69534953
342262236
56280310
4959442
-1
336593283
34455884070
8069838
188569247
17096512903
14996779806
8993710079
15899617802
247616896
8093482692
108962400983
799408577
1166984839
233788379
-1
213404355
3440421471
484104521
24119069
1608457731
-1
56718813
84204785
34226919436
2379136766
146378094
3108900
57329159255
19029488
722566636
4853277665
416767202
282560013
14348242
5670985081
36540359
668453
1247536
1669320709
144248485
1598456
181170013
4565985645
644645142
6588798647
736149597
7899804195
188963726
6129535
238501136
27128330252
6117967014
25978993339
1790536833
827073128
40962659
949811786
4703266140
27385922701
3411312467
959176613
17502641315
1073927843
1621934014
262082174
81704
39851118
7709301
233748457
23823093
153689468
113059069
4778188
139890419
107226458
46136202529
542369566
7513887927
1024542732
41759667
1254086244
52948403
34934005
34291259
153967601
67322713
328329263
461645210
1561990055
5962501919
19882247294
1162935541
5530731842
56849484
30778886
11239684
199013301
869134095
3281282
3348936810
80712204293
-1
10887374
2495604
518661040
5283479
36406832
3262035209
-1
33492608
11523215002
326036
47327192287
14865214
294782349
1048692823
-1
55985755
1017431799
3734149850
47117076
7667901912
68781309
481051130
42988478954
390319454
58670500
268244355
199143845
14896842877
31654266
-1
5061306
1444149496
23964927469
12427443877
872579716
-1
10341967208
71330344
650726135
3168189
431298915
3068889908
459840662
1645401025
1617343546
110004855
-1
14928096857
5044945436
4344095778
350497203
-1
298984338
2549035189
122959656
668271052
142347268
2927734872
-1
338718690
7704211
2704346729
41091162655
59566470
1377097916
101671666
-1
2442249191
3418898315
-1
12139652563
-1
1143764317
562625243
9479321606
8283481522
12592425997
7131172548
4270445978
7496059267
633279088
9074287745
2512199063
3084983912
7361676258
261741653
3152606654
542322542
3131285
109658091
236939361
1021366655
346137369
53313184
39571567495
30349932
2791148866
9254
10734942936
387544170
20715183849
-1
106315722
15996565507
4885108204
17906685
220486382
5422560138
5863714342
8616020905
35216943
9315626
41855117
1754253
2327270091
42498152
553619108
5772773364
-1
62812801
323950
270294828
667926235
40303200
194166829
2423169180
180010524
6338028031
460625727
25685586431
177876760652
31273758
50708943
7192984433
723952159
806005490
317632727
4805507187
-1
22799539673
19040478625
70011757
8884521
84532425777
35125845904
629043
-1
1019898394
46267879480
6148922206
793837
39067193
66111002
197843800
8472289941
173895144
11794904338
451471445
327161671
2173502
1275280349
303521691
25463608
5569772339
11054933070
7588437045
1315386307
54892577115
1167941167
10078950
8058231896
12278204015
2991792230
62500959
-1
916634
2485479474
27399092
14921213
378448536
246031816
38949916
19688712363
704385114
17234519241
2146494
10822691170
497058210
137196603
3029783898
2974104160
1630451639
31341902
-1
4196920
170602394
23031222472
2503182113
5558963266
189320402
9490936890
136041
32011976
295176715
12393060
-1
3284227742
42470335301
833691
1608037911
544821651
59690073286
155374977
19592851435
1333633
498385459
143003361
58534430
266100165190
423583556
298884839
239690590
37500258068
195374152
3689197566
9145388906
119414959
166961499
24930043
-1
8835969
790706532
19132000
1091308900
9266699
3468610185
474568761
249763575
-1
24414273
58789519798
3885380969
949438
4394403624
100451621
10220026026
13001713017
13941863
2471271
70076696
1987623487
1205862694
1548098534
1708138180
2280239870
2773976
241867334920
128834757
2691857784
11293458459
17496221
-1
44813198923
1222584305
340344508
-1
779684870
4504417759
441536452
70482140
12937735
7810959740
19723635309
99781917
117319763
2837782507
254982116
5909258399
505471236
880082
9145044179
55250955
245738552
1743198223
208496797
10064154258
1018165322
-1
1121942831
47762655
1365809479
27398488387
428171912
4156145013
148451577
-1
198941
29555985185
69218315359
4755392
607279355
12773612597
89619562137
544684949
23894476
189823066
-1
22410051907
7543785038
24489783287
1611573162
4540075630
1138460
1841617731
8300246
1364109148
1265093408
7675511981
17989447
10512819883
49267236
123532508
635136137
78575477
522585
5310507446
926237174
1263286157
45847534
4655897933
4224570978
-1
1758444806
25206769
8309573199
1707045957
4495728549
41293536
22393
1023322794
30568860
204093535
3040646346
82256973
382265615
290178446
40794031523
439634097
-1
1048627549
493926133
18444147
752356
29921724
994474567
1412064416
14427
4307173830
4243399
1628146804
6232289182
3685940825
1522801980
2913215779
-1
14883383
36369879
157704741
88763223027
4169390
5429349834
1530597264
823118149
320395628
38805820561
2648671280
21602834277
746532221
1792548
562181873
1339664
168599257
2395591485
5330341
437524
11379277
144398097
252229332
63297329
239077769422
197139082
31062360319
74467637
35769361230
95067104
68350927
603745806
1066950429
200649901
177580108
4738823
25491328
126837425
937587181
11393434216
2792855907
6119365061
8624684563
2811933
400907555
1593491371
292190837714
7667375
357700
514705586
63148321
171014319
883270603
248010154
1324564472
656993
222734603
622074780
1209002130
21673772
2558426949
10174476732
1290642
534828324
17353784312
23354818781
1269580845
14668707
725794158
10340691109
1624393482
20846170533
84434561
578186193
112706
399816353
1345106938
18554470788
92256047
59420679
26894186
-1
4610925
991309591
204316994793
-1
2195544
29772600
921773852
-1
29980798
602680075
49614127
640721406
17287936398
10752943373
59240425
1406290631
155521494
41163729
-1
12452597712
-1
-1
6740886
3913793
29732570952
5890214149
44830346
1678196671
1277368283
2270184810
2665798337
83498135
26760012
887455888
4748791610
19592230191
958629756
160783368
76160869227
133320764
21177197230
121887285
56550444
-1
116133449454
7034853175
1512885826
54198897
869042806
6356517700
159136919
104605301
4730157
792465472
15309200
-1
131370887
-1
1095451
-1
18248721
16144720
3350652
489504387
40326913
20421107
13963469
11803664245
123111004
1675718794
5873780
1741954
2073130949
3398614701
151509568
21766954
15931149032
42216470
3029057112
2851446
2403286560
82871090
4938002198
-1
-1
491708550
71187614
5833547190
5949661553
311590217
473727807
20601916302
93963052
33907410
17391450
36799401
80935273657
-1
2823523
11345065750
-1
9914
11962771
753893794
1107612952
1721692337
4287792573
728920759
-1
1674774514
-1
8834799533
839293402
2314754468
16016930361
147434821
20431371369
9089992
109530897
2216028648
-1
10579946078
11291092254
5186346
3221335736
828076289
-1
6178596968
2795011141
6167232925
13808141652
659778437
-1
1281100
336400185
-1
521065746
-1
7735739283
19744365017
388119475
45211465
511804570
8100314
8106463635
2567522004
444928212
7199469556
-1
4156108
10503775
124007376
6643456179
1751205881
39366254
658027
47717439717
297301
-1
18312417869
258559233716
148568705
845639543
154609786
5210270
3774510770
55665446
67936241026
4096675456
631172343
-1
41008918
14371128198
176863265
539433
1515404850
36776609
77566663
11978349728
480379577
122981
143616419
347793949
1233498130
1205728195
1500335002
988839596
45819798392
17197354
11367455013
61276343083
331146787
11699481570
4082857794
32996904
-1
112433
11116543
2496374697
26584967
3563774478
25511807738
842380882
653061796
2804242564
-1
3873938
204120904
640161392
-1
881669652
96836244576
26451007
67006257
12638050135
2416940871
493008647
21887200
-1
684064467
29889839
849816526
3962742019
-1
452140497
4400289287
717846949
20442376640
-1
625746
797515455
51700484755
5193142766
98798696
36531471
30861144792
605316698
1323739
108653469
2710704348
3370830323
162410917
37611329331
5959828655
-1
2207227130
314255390
4211945220
5157966
6974922
9285549587
8081872972
758418556
4522783659
328744470
122112823
1745702
4449442341
2780204155
1413196814
75198799
47088704
18017745
12132627011
807119591
6891263794
200622633
36780626
1391251577
923412013
41352092
13158800080
2120718906
48083935
12515119686
56349867
213563455
3545090
175548738
67263914307
3289637548
627273517
8703014
906858
105519916
567777766
372399751
-1
2145319942
303416146
2742910115
23323449242
18185411
49192098
38585512
17085771
433017544
17090400745
12814650
4716166544
56366456
46552450564
22203731327
12490470662
1721029
13756834641
21577862261
70964826837
2830462188
305886863
4926561
3352504020
181271773
3598454130
29176735
-1
4850333068
5895977
18447743
14967134
22700937
20693451
4498377544
165896
26226549
4294009113
2865636
3251110197
28126677845
-1
93396267
6548816150
4544594551
263363608
1952009285
139264
1568106365
228514737
1968734906
8287286149
17563956023
130977519
1006653668
2599304048
53081411
3565009435
-1
-1
2095878234
90150575
1865876357
13737829062
9811787906
28760806
-1
251049668
706528130
30374416199
-1
2310468064
737092734
4865995
19795589315
29545882268
72050327
204306944
314772769
5715749913
25153138
53081141
65382686
-1
202724172
2235435454
319082220
84884995
-1
1942913643
408698748
298285199
38942977
10554045
-1
933939928
-1
1221080
9781638437
2866609671
7044759529
3717147386
2519838077
-1
418989825
808453723
196927675
4362065357
10319604481
8632432
4449261
-1
29119575
758926572
12670233
89961371
41327111
-1
858572393
12331931215
754375284
7093713328
229067449
15832908636
53152084500
25673649845
426961876
696087934
-1
6557630832
130133485
423034251136
3233624
1799501179
2106706252
1272419709
3407191
4700236278
1599130361
407156314
-1
15427246357
184721134
5809536218
431696650
-1
923
-1
8816199
-1
9579100140
6964450
653921489
43659753
6732459
395906233
168816252
22381546789
1380468851
207232
376252523
-1
168708699
1108904548
228552053
4888831853
298413148
100134894
18417627699
2051934741
130062559
3313256
10330225035
372846636
6565200300
290554899
6047262627
250667
-1
741
300427115
6281376543
92248807
12343260641
390394613
2900126351
-1
733200882
1993778814
3080876
99817577
42348423124
5998094
76024309
365797798
2260238446
3149228892
32067330
606968487
3095668617
9956772840
4142190754
13988575571
229380644
16279961
1099196321
403181525
3225928264
280958456
297786246
-1
316281751
159480384
8445013237
367702947
575057591
10030327055
25722164008
203867781
-1
3226072178
3006562
5418519192
16454610749
1030025661
34981145044
1265016
219951106
512025145
42205331
28038535
364044
1142789166
13551798
65143604
446466
1925620645
1099735933
8611261
853328330
291244231
994006299
2271076565
176531351
33654008104
2039122081
6082042817
34533765920
3432995849
1331545
-1
37299859231
17997991069
1115546657
838697
-1
66685477856
436136598
168752373
17719208252
-1
801826111
6714972
4885108358
2832923
1822415534
74584564
78191071
2228555224
35393469
1898503307
853832423
4630140
259101341
4543276442
712913949
3052542
12125888814
27130249
497071972
65914488
-1
128422
205496293
18369786636
7478683793
-1
8269579277
21208076835
11637311338
4845962515
81891872638
391151720
1267456567
3020702410
154190930
19369853454
267281262
395799141
30571903
83872626381
488366915
6084795362
73398849
117524691
35180379279
-1
20471314
671598847
22208790
542354850
222687750
2470945307
281413131
299619643
55851998
1012547765
343437761
76289186
1821061700
13578838
190322211
7246989451
5053300
7630487833
-1
1327191561
332062142
222084
252707563
32643062
6400847358
2123800272
1023526385
1865679889
473705
123212459
-1
3055053
1046485390
98607032
279226875
1007100007
6751875253
65885367
256268174
19026690
8588382
6121417
4618664055
726461184
55993642
15796031976
186677827
5118050
32695886
377217246
2171750596
138567485
7552090991
85210244
21250747
181654410
45798503
1319978186
-1
137171587684
23551581698
21055877
49754323
22122997
254813924
1336245407
34008123
15746054
72868591
27283192
-1
2055092062
28755395
2156712
772778260
9081054669
24454393398
2310156269
11645711
19395106303
722324903
7442284
47561647246
3808386
113364914
99331869852
3833137
53332724
87151384
763898897
3276240599
506053917
44817814
466207429
2431818
2212477770
74675806
479499
4592313004
2925623611
456423825
-1
4649534689
1661987011
207382586
14578205883
8203635624
1744163379
3795237
39573455
18980291410
1299159142
377673650
1714280548
-1
2286575
1435147
48315383243
816035725
7769842951
1835765
2464112509
3195886
6627056473
617780414
7694675401
400714578
723628629
4905445535
279102731
1036363
750305
-1
140778942
358234375
90219922
35598676249
7481815
3940485680
4815536188
15996953783
9210104
6711267607
215662245
3663424613
443398458
1390854935
-1
34369282
57230575
136629828
3019392135
182674575
8041273804
11830840311
1632248152
114098968482
1414535558
368982950
101673395788
954519043
130092798
403189484
23046961903
308660
5994159
320506403
70047003
56933942
488301748
23962179346
44678199578
1353536787
4556831239
-1
4333507
997250340
89916567
-1
6422934095
2561426047
613892046
88495401
1218882273
330305
1455208615
18663844908
53326538352
10048514357
77581774
14822546
1746649859
11056240311
2755259956
77648610
22777537
165674901
1429633284
8928304
-1
57073782
1295705477
1670656141
1646534660
10543226
384270
3145542415
9042786564
1112686219
480378618
-1
3294948
126592775
1271050467
6336397833
10659912
4891878909
1560797034
1250271
3011616105
180149609
-1
13530697
25839059
112552032
37776900054
2094557
87340373
50159826
1119891567
21847595137
12939830
3172932252
-1
27066399427
6917487829
69224975
47636872466
37144459002
64296620
327626115
2516828161
7278021566
184972033
159058
28536084979
72784755
1961949067
181170330
146395377
2012094784
3974592534
5388390
276301941
191572952
4110608004
6639588048
1744856635
-1
1580449043
506740408
51926240563
1422274692
8017532858
40592011
60844147782
10640265
33711131
118258942331
1153917515
9521822532
47427293605
3775355454
30059032115
3915702112
-1
412978104
31526258
-1
681856009
2333376272
6823909582
13360589
1260297743
150639647188
94086766
155991517
3537519115
286299213
1389172
48004545512
1332107980
1408457039
-1
454442527
75367046
50535826637
-1
18378890465
1227870911
17904244877
77197138
2060099187
1236021974
30911084905
3753250149
12433602
1091606422
37332789
35587365079
54676946
244428252
1189095111
515724235
214532480
354613548
56113259
684053759
1365768913
8199988136
55356822192
17045795382
1753207800
597450829
68085741
21832262
-1
455360247
94415510573
2861135
1160427439
3251524
8520853521
-1
554161918
412744083
5697215
3689610651
25613893403
918112592
3423268227
140700240
827485250
11441962377
198509911
89725885
4552600
328901203
421874
241014795
187551740
33052886
4780305903
11124911031
9748894
10147697229
3162373485
2190670
2886433046
169137987
3825293
9534044
3121748651
71169300
25432069061
398967595
4928083747
388365293
1049026193
4788973287
480158
2045696431
3040586582
3070790017
55353725
2464986
1678720890
56936097256
221164601
5012189793
728365466
54422584
83309653
1649620
11205919239
47471326
202906978
2612478092
8575396201
501169158
84408472
118120217
27965184828
8717745512
343177069
-1
219644594
674267359
963449754
8579195085
137457239
-1
2328173751
1126998837
302651341
162723
269905317
947673853
95544094209
4121698823
-1
880407116
8299771244
36249538
6490191
724869827
-1
61678023
12614418543
1765768738
25186292905
7058562020
510297078
148391932
1431987507
-1
5857192
3476446578
180817714
-1
17814168731
41688247
125701293
4307700874
-1
-1
15698440613
354554626
10771416544
216972278
2438849726
5460985961
308411793
9374001095
1142025306
9417886
827887194
150587372
8078042
43457114
-1
3580523554
-1
8416608
34152398
1397461543
4587098772
902507161
12388881823
111660842
238443805
116366304
637539808
94675
11897703885
18304292
723286529
-1
4845800
4701856439
32940192
59619900
287800626
10383851613
-1
-1
3240576557
79982019696
-1
2731269961
1134819952
2689650986
2907106273
395551264
1809191639
24518956684
42796091
86582766
336666639
69883738
8516929676
572567307
1422824
670346112
4024153113
804718312
4988112420
2893906136
4344514679
2780992622
-1
2470153
133985380443
13936488208
157857315
215369464
1262443506
1914348065
22763034848
149115993
5790354914
594684242
200636215
7891887564
8656187126
64822728304
-1
598373014
-1
66271681
782854838
33391038685
25869456024
15824534
83878642
101942673
389128481
290764924
215566782
104117583
176124121
808207114
489611245
16730652
1034217603
99344238
401418812
76401011
3562827077
62984160
204918879
5534218144
2815720012
570217
860798262
8435812
1104048565
-1
19311471933
-1
10616938
2214941
11510431741
324059304
129506890
10068034
164574453114
183022329
117269018
2081333672
33406274305
115126986
13417652017
7037507392
389879784
367801393
152395330
259260042
237169112
86739871414
352157536
361509457
2087498967
87915144
41325581
8650337790
28424873195
758276152
2688255198
404360866
138542087
36649676
87460255
706852039
11261562117
143934699
668421045
1948052194
4830058294
-1
1947073956
11140485
1324812
-1
765502
-1
340993506
20794344899
16270326
1604114958
9221175353
12403523081
17378933639
-1
246783396
12624671830
43790026308
600368301
41539406
4611502
52917755273
-1
268369524
22253185894
-1
58266238489
3996777743
16759030
55193004
274894989
-1
16426066285
75354066
-1
16285925
1020194244
48380771
40868599
2754366213
2920147114
12623957606
193874
335745433
79376980
10431168
1833422229
1816800371
2425525889
2920912211
-1
32977868818
6385938749
32454161155
16172702969
2449751592
155843405
23280719924
1308904543
6691803213
31949820
485629811
7707935
288628956
1746353574
52206665973
196020627
92369059907
4674744799
219851677
-1
34673951289
240104202
29351319
2786307
7638461789
11669108
344479625
235079610
265173439
208393
-1
200112
11845883896
89130290
33122710
59360066569
1648824688
2664143
22324583418
682877455
4432608955
834552474
14541229
4666313739
-1
218538216
22387075385
781446
199073728
99387448
6328722678
22096715
16290683
117721031
84296413385
22093542
98863942249
133910984
8326798
59658561
137316081
140541430147
-1
21350514401
990293348
479262291
8633900767
1539779
9867225525
7304773
64218299
382984549
2318698
801961517
2836626772
2183377884
3159815792
33137385383
2801004193
751027323
26758049
-1
153727823
24453269
61232244236
16064634722
8514670342
663829574
2039058894
3982885413
3767113268
712503796
5687460
4971762224
15257297
10559127842
1158062213
4409705
15547514
153996384
46292104412
2503251
4653758135
5859458
138437144
32635281
170894448
162216674
-1
4417941608
35999981
2904381269
5230254
6319253
23795033
413173991
45482293
417704781487
-1
81898385
3491795
7479006065
2425
741606141
-1
5273095
11824801294
24971434
196049020497
1392455291
137923035
9302848
70318376
65649216
-1
200027495
17456106396
35703380
408240972
17530290456
927907275
2234034437
1047977157
-1
820932055
492628359
17437705670
123143
19550109505
11632891
8675180448
8461331301
327647
2072230346
1655948953
31923305
330754067
1865666
1961775967
139623916632
2661024303
4218268
1231331532
82281022
9446796093
5753455441
131689342
3317173393
523561164
44615990
47979815282
17719808
23393049
-1
251533278
3104173155
6069179776
16488659807
56171244
1204300078
23832517387
153476053
-1
11635870013
8585969
5490168843
-1
5198389
8909626777
8146827846
373266601
8763468795
218593131
88467133
54996879
2380264
12581701446
215724062
-1
194493458
41970645
778187574
144186536
1106121302
256548570
67339844
264636624
1604752698
24002910784
1762409760
139404229
541512725
99537820057
115235634
10239296495
277060725
3682028171
509588675
66630651
6801020581
1772730
203658071
605268145
702028115
1745935513
3134861
16190137292
3897220351
4118859760
497141978
731290208
13233777700
3155672230
570378085
255234662
28090106
614591218
899775989
47994235932
4173239
9902982954
4095037
11798568
146939024
65676320
58025415
8631141706
14534150
10708175652
4847701479
-1
607862960
5829996915
2679827384
952464507
5506811
11489993002
52294851
487267415
22376693
318783566
2281848049
1033296525
25307137265
211270446
5650941286
11162542099
211867878
922652902
354049506316
24309652
1953611845
238391742
2901497
1073551093
44322935017
-1
2894501379
62045266
31019243337
750886307
1897554557
1307874693
1373532261
6049423832
50199299347
1940689
-1
-1
521591736
106349073
213044091247
170359568
3600585
1860888063
839692
358661525
228516407441
193918237
3707840430
-1
-1
7293550
11482950111
3511320853
8673852788
1322661065
736664513
6972975499
-1
1217866632
4256923000
24752071275
1197477
70487932
5174451928
2732236926
92746075
8177102450
808225501
119512457193
970535593
-1
13857496
9547425978
8582762
3064563655
956210690
292956141
31003069
-1
9513709
1255381963
40236155
11037885
-1
24813478
28607006
19553211
718150755
10935917506
7506502941
7871
127368144
270235446
748553189
96657586502
-1
729598
182431928
386056830
395295367
1368476970
3166717207
269384762
564622645
8115898344
279234020
809248064
619315950
88225237103
214882647
102414276
9895696288
16759394060
47820716564
-1
3908812256
5013184
8704579129
612911822
-1
427126915
787163977
10140721
14840927934
2829131163
5460463172
8261192
16363112
1362665502
507710390
1386898877
320064755
574942141
390545
5800234
11914765680
1434076586
2067158
147099872
13132386
181464225
-1
206646128
6744880
20196439215
25046668967
1456422015
96891
100553744
1367253
5355669
263207047
34503174311
931425982
22310835
-1
2079133
-1
125139043
1535421218
1521675312
2319579345
2015089966
223113927
1943810991
195925122
-1
168309729
29551483969
16184796
89940760
4068655689
20242336
-1
752043
1957043957
208973877
3156180881
4188020070
461600213
2463966712
303496581
4860981798
224307040
7209273707
67161844
944819
514753427
121157286
5906070845
34329891740
48410122
61212550
6955941
482907342
2770213754
1054508551
2593587016
-1
718580592
136877649
820703178
64921184372
14886276880
733580689
592399759
6133597
-1
6488798421
3313243343
3238795181
22426627
-1
14831398636
646199392
793683
2272836777
368858450
287792814
1359562221
174338794
18878820294
4714434321
146538464
3464069306
382427839
58883460292
32088622363
35213322829
-1
-1
-1
152683662356
74735167
385838191
528354840
216996845
47961903479
35283650975
5478238870
518696305
-1
209680193
4414156196
188550340
125391341
-1
966729
14952195
564354995
15800811232
-1
832468750
61274730
1478537701
65763131
829699
4832748015
916909897
30567993193
34236972
566307226
166742048192
9963357
4054645848
23764465
1079233876
3016764
10356113
247976935
114985441676
6035048649
5948492
-1
10024673564
55371553276
6015015526
10045730601
1810881
19823787
1902027309
1735033649
825160
47671483
6771234976
1023599
6334104
36158677
3878666
-1
1079326648
60418193
28796390
41304950
3160311154
13452734757
15345988129
8917049
737725665
44232213
61576124
12230826616
1142984762
37131904
2733614118
40332255307
26563669498
144565212
10419878
54038371
70137970
59911671
24520823
22226156073
9303132
1457069204
97111261870
455123772
1657932430
398721640
-1
362138176
2233302122
18120404
392576675
91085879
1569451890
96822880
628998123
12735349614
720485780
30719509503
230186761
1292369220
22462553
242964
12304413918
258676104
2943310752
3259446816
573659294
7022266
407337353
51311174
3549631536
536905839
3484797
5206977864
2810772
4737781419
7572432923
8784907164
-1
15793079
271832149
41986945
48602646
9503851627
6560943384
17050408242
5432728278
1361506644
3277993
1052699
176464
6064202533
355702898
7511978
444172590
129892968
4676330957
-1
-1
4196966568
10785357281
1218018202
5462026
4765138380
8612111325
9255739543
490211107
368491879
-1
3497343772
6351410069
1380397939
5637359256
194098171
16256695
19005842943
-1
39081013
6181049
1524590288
448061576
-1
21770710837
11688706709
1383723879
509656961
11414309402
1088499115
496511970
3990956175
2898344495
20861699
2763989486
65610974
900992406
881520406
6735408499
235466862
2359233867
452136285
2909193
88635443
98889807
21337794223
23206525288
587036271
1099243367
89960
1635693789
-1
30933473791
393489471
2632357904
1643244469
42369039
5617363178
88470339
1893055143
8201240751
2875561103
1269906068
45341051728
1575778025
436227278
-1
45964161
1732012618
6359129582
1681343949
10321433731
1523609661
30042579170
7556595777
4180412230
308153
-1
333888273
91178796
1272336242
93117667
5177704354
813575500
142467552
1293847506
227714873
3302231418
61706975
15105042
303334049
8943289492
37762453
5520601851
2258884
54396642
290825143
15011738256
8629148349
55915324
23939970
316699
99240505
3207772219
14002346473
6605113275
206385768
278726455
1397997253
15489654576
9066963
122563023
1155492
559367270
248863586
-1
67590708423
14086819
2560238649
14665787667
2973028810
49605159
155248
25567172
2554892601
87629827
2280931890
20276309
1268773945
800567256
1390557520
14026805351
12793740388
270803390
19924134
53809123
917141240
10299701230
738501664
805629193
9879906517
2508532727
3555971746
241313159
11625780
177588722
41958119
13437043
2559330739
20158791454
10317832
34875460
6719391040
28286334350
1658129762
14209207
1337620200
1407662161
41627722
153107
728301975
-1
92365290261
5296
439298919
5827309
-1
270198560
-1
-1
10377962
5578446009
14029762
124914190
168852888
196421384
-1
7785000973
1840695569
256987912
1495449244
1225130520
185601995
16154454816
35127636066
17827136019
34227345630
357340306
-1
1045202281
200529064
23043155
827093938
2760283796
-1
2911303292
2608702413
133202905
81799108
35053979
850791631
22293240907
12823394
14104127560
40738689484
136362759
8503
691743541
22327206893
10841856373
6100387
60675771
31333937
1971005632
-1
239479661
1292500548
2518145891
356970333
164332793
181700814
425423556
1779448110
3891452009
3775179791
14619235
1495514499
5096323
18017098
26599273
128920905578
36052098841
15025779312
1255100795
-1
3986326496
20849921079
-1
256229422
103586453
183609471310
488063237
6987210927
53167917052
35338112
2437327993
1137574133
1623500524
234788863
353349822
154976948570
22332653771
628516977
1517635931
1533304927
844746556
1551028401
7030080
472195798
810516979
507208576
694760474
1329635824
6695987885
4875635037
3407995522
68079359156
4028401697
20209323
197112819
12325856166
25063910882
2249613849
14230206638
10494794588
-1
2523253
2391549971
21837166245
2135541037
1438337417
6784631772
8860897779
39050843496
599385297
-1
2089447
1208741837
7484381966
2332759431
2668957755
2409762210
7316030796
1484038018
17001196
6228358572
29080507179
379890429
374408130
10698524583
438573380
114066975
447190366
180827862
58739541
7484330134
202218427
1294970
43874427363
6281986949
2293418
2631366
-1
4822310
5553640673
1004591535
1964395449
832582097
17329190
2649771645
11854877123
1382961
440577
70524787
179759755
16377767
3880048980
102300722
3846068550
40630513
38755505
630566768
4523934262
7031980
120944230390
349018
5474953999
65218820
1114645593
1281962
96047521
574616125
5565077077
166255819
13803349611
23863925
1894109
1729127049
9212404624
41105693839
281348612
724393
-1
44995562
1006614090
222527209
624443139
11451735789
336038461591
641069
143956017
73310060
55181164
8400955988
3091276454
2201176571
6834959
831106522
487362253
94343743
2071171327
6691141839
495537907
248177
2771026634
3706143624
262722528
4442799653
176777744
247184695
290829113
495447127
107933512114
156910525
159841192
242126728
41056827
349957196
1512388961
499368607
10423141
624257307
71175661
3740038316
410213128
113827269
22974308375
1252658
750325
74101641
7291527
100449123
20000565861
176508971
16047273
180547171
47089975
1159762821
11726534
97934827
104903898
1212214583
586516997
2689112060
94978685
158527
742306861
20222751915
4900570608
3659538
989689069
16209086908
375845246
893106
28294262379
2096189071
554134823
-1
42514184
558926019
191135808
47499096235
1073983563
985531380
311224561
2060428967
393269402
869884475
382589855
76966744
567601107
2216138503
1891212589
102137829
24098850666
697888454
15674280
1541876827
6613158666
14703332
37872963
21066322890
1304600810
85665666
18919702
679920023
434651117
274101151
1332528381
688679686
14729863344
108442626
6539013446
-1
69845205
8810858751
-1
12741216
1108326737
16282393780
73351318849
31553215932
3012340502
10463265
4867800611
2752058589
33579763066
900615508
5159480137
24643717475
533999847
705009464
5682990089
3368858
235646
50378
4269337062
67546424
2588891628
241464500
6173447755
620745488
169930907
254745104368
2569377376
1490023292
1875499145
2320771280
3340281483
4653394
4804703861
860306
27790747
-1
216342307
887576766
217767064
7303328
205406908090
-1
118955229
1279952
526783971
24214440
60206538
2277601270
4929069467
11876069816
2718540
25198007
488434267
14549348207
164331902
-1
802998
-1
121148014
52654957437
252412739
48064581
694354323
-1
61177607
20690596
425314289
57548504
25454765
1136354391
15065462
5012431373
9006384740
698467990
21311040
955613968
42691139933
7157026758
13544597889
2112406954
578734036
1226999
56774170
356138795
1172896
126052898
21939097
705346251
9056617851
2882783
98381337
17919259268
3899958139
429615
12079055982
1419228516
-1
5437893179
221554624
77424596036
8002181950
43135
2538571
111879216
36144593967
5620252134
468353865
865653624
5293427588
32573658
37528143297
27049251
119640405592
8677503972
3469196163
4300451281
4249023705
48437428
10606398823
-1
10441018824
12973104168
22222665
153977258
2362682530
852606963
2410430576
334166
11227863680
237927211
2126060063
235757143
8775176225
-1
12069950004
1049012
35974276
859447119
71168452
1840675737
155141188
-1
20826868923
200746370
3333700068
124612026
91620430
796078969
9199322864
1428031
-1
4973233275
254334969
188798
449477420
1590850330
796917315
49811033
108597796
-1
397879010
726808029
6495309357
22027532
5354551
42047092
1681540581
7566801
2648575796
363802767
249957964
46269945
51764906
29048655
3731497632
960199394
15318117675
124605327
1090808384
302627553
136130533
892120358
195480291
46954
1576712
10748571412
4436360993
460041714
147066072
4322609064
649729645
1321189162
272812401
855623883
2129803600
371290717
656418193
10023386732
356116811509
75137990920
14404474
101062348
65596891443
5256687059
52145023
108675895
2872528573
25925731
4010367
36790232
-1
17375708050
7001
1266704319
742874461
1279783486
145154044514
524777833
88657504535
864836565
27705765677
1085788835
2892996
555130912
203165946
138981923
30076
713283061
1859742117
6687722309
71794133
-1
34998294529
3509976560
3949839862
944148638
533346
1973342
14958547524
3707174999
3625758423
7833137542
1787473619
13370668513
901850958
826931710
212293
8365328830
89804446
2923972308
21690962
49089402950
332505414
-1
628357243
754701586
594864987
2484896598
6013677802
1048245294
76848
49885417
121260609
138140021
103030421
1793465126
8482072
77827949
1872795647
69355672
122144707
899079286
221052497
3361909152
152535055
293929
54505457912
7782507962
1204894
39889461
13081050268
32049402
7377502
94269618
1946815879
594880470
2110416
13263257
4017166126
-1
33413600
3999175782
5088976
6653397922
3104184293
6399394
317528807
224389088
15714048
19479446878
1801056795
4184315
3322102433
2380318744
774654
28364133244
4622955414
2213732
14153937
2584863609
36461905
16236870
2242555299
-1
24680545
449264827
-1
24478332
115894589
196736847
8187591139
1859301827
16049623558
4163064186
189196613
1158403895
2592619811
299923870
290621670
22313748495
404016645
32408332062
-1
232861923
2763939454
708902056
1513667028
11985189
24743106
-1
427049803
315286234
11719418648
787344928
45475360
605620602
993213953
-1
6834377747
685305107
218959701
15576014
-1
1006545964
75178239
4414966674
14809079
1881836317
163246307
58809303
13489804
7860402168
2260146682
102748285
1883112
31877630
47340470
4791522324
626966322
272073581
2538651673
50036934
34597584
1082977773
2174196444
31201481831
136779508
847766006
86145416
5445665
1257902438
894120
3636916301
14304299280
134955773
1224220838
55527862791
177293997
79672244
30250880397
10950452
1147684069
361132612
9681328261
25516359600
1027288151
17739995
112188984
1223707079
272613581
15041600
675734763
524732
15388201
121335696
59044331
453732271
72221279
8307075
1861118833
2396431
-1
47136113377
-1
12937124
256874898
104262334
14328196619
127933633
-1
22408759401
2639495105
9400875839
63004129
236795136
57570785032
3517855048
305966429
186669833
183160008972
17640905300
7990112370
80956660
30810
546099781
2809686018
1343278552
72454457
37300168
9147050
154434462
86975563
1002531
326953
878369455
631954746
13235272
10805538
425178522
560556732
234995114
18293461791
1419681877
178577543
129764219
6932027928
197512651
24377314
695121396
48296697
-1
-1
2860775249
177309694961
11877490313
31531563135
65801406413
-1
-1
10853792709
9300592185
50446279
4345664347
1360341354
1720191775
2101341207
-1
18588127
1001779083
2400199248
3019461
59042058
38436208
1252304
1795515113
33065498
1042939756
695687768
366353305
3165077157
9411121994
21046933859
15983294383
5377839
181373606
1532752781
84204510
1537026527
1208955052
42042188
2599357370
12725556362
7794725
12138998878
-1
478764679
1599527434
38865487
292764821
-1
304726
41942333616
27043229
349236801
9369100751
3534583413
3451945365
10669638794
188067355
1352171947
2258659602
-1
3093495893
834775192
1360519656
-1
2260504
1864423361
1230668382
298760148
4975595037
1526083229
19156332282
35507188563
440434626
17573099
11205895884
1486863
5670218
3581624754
13763976205
17536508951
1632246225
31830141
4811038873
2032183943
19127616
709146018
38091531
66236732
42975186
692160728
2786033
-1
249082755
965810608
515377575
-1
9092508365
-1
627123284
427817146
-1
2126291506
101696086
430683777
14329315
354560837
10440136009
1732667480
21712970
106841582
2467966861
2034413415
-1
123414
1351169384
4623212431
-1
-1
1114437
812580231
840844793
209845332
31457120704
68110800
4155486157
523749742
2324228611
295254252
8674406980
794275845
27957112497
42460223
146247012
397825456
-1
10488512574
41920540
23231824
14429037
14647034
15654896996
-1
105589587
826824064
716630523
79256077
1745203733
695294187
-1
282796552
425746665
1545243457
-1
1095208847
16284668982
178118071
28566670935
140744491
736252205
4483378493
2171869616
-1
49597356
524609503
24103
248056750
5211802440
16235248341
4951899755
651975837
5311408999
2659330659
5320906
282556824
3220133714
573523191
115387949
118048892496
240611881
644219234
23225722
16373524
1100410179
8394794316
14834785772
221805800
1003158140
-1
-1
5524465
60618413
-1
4165034
122101278
-1
1045809019
6607023
111492936584
114581199320
1454466
1492480511
2133748176
678169659
-1
301743503
1239121742
782387438
14227895677
130641285
370897004
46223741
661507671
64366357
2765804084
1707322853
643793501
4757104215
148501369
1279741131
369236314
10496538107
4655691
2712764
4167833353
1412236644
7426058389
2105415253
497997522
2542252
24747764429
-1
3278096809
59581836050
3186317494
670432324
8848427319
4110054
1710456
887839885
1345019
1490669626
1092304420
35889042
4549821
99014669784
16404357047
102299481
85817113
70998869
19617388285
14567773827
4685384
1360321899
74927311866
63971800184
1465909420
50182660
1194042774
327167119
59945334
2903869222
10447440847
27086221
3516556307
54572894985
14429966799
21027890930
8754274599
242828071
4362497837
151517199
-1
1220611546
362468458
-1
10086490263
7313928832
2015566506
15482239
14008655522
120844128
174496352
22753201156
14757689
39138132
16188149
4511253475
2879604085
123514463
6989719
22520192
-1
6965051676
5074047961
519454451
347857649
3068548542
1052573365
5314293180
2429129489
21648800
1315697356
77815143
48655568
610055029
477841884
12690822352
2800959995
643395929
223856752
45223672
24163453870
37875609
253206002
5581568089
43434786
13952880
36072500
1000564933
3502784752
6994604396
254570581
4715354975
-1
2252925580
295251601
42464258794
115753732
23618233
25918177235
99982053
-1
311876432
12952513
574396081
46557376263
2540284300
5978678900
232357535
13580436086
11538101
185550
330991262148
96117583
617986909
68549937635
5164471
15431037
64435683
13129354490
1319502380
83361939443
352736938
584444670
1991443020
1170357196
87704966
3508619137
49366701230
83331091988
703130856
274525
42641367
98628590571
2451930619
2806132
23646150
1909319
16807632143
61887664020
10992964872
2839405149
3352640100
52039194
2807137147
747161172
2888590561
29434
43726772166
16458510586
2439205
12365661
6958186906
1105249107
183475605
5658447517
298272580
706881718
12928902
1137797031
479215708
3489706440
1147059165
220785262
15024305534
-1
275626719
-1
437492729
7170005
418131
-1
3608670923
27598980
5034349
2560176
-1
80859060
7173147593
43161509903
20133847
23839768
11878982951
298479243
2497116481
731436535
34257088
1818931
7120450138
537836
7496896
66429010268
432980623
207040740
2082288447
3668079004
432162728
28491273130
-1
94876349584
-1
52823066
5656670
28763707
-1
-1
63166019
-1
11997155034
911145033
612145399
384992917
7831268
14682364995
243674945
5829340914
87368917
142819103
3892899
2158820
25288004434
724177790
14229020
805053839
9679946932
388730192
1491516854
20228158
8338349250
12259988
41019904049
3575017212
30351899127
10219183377
1960090169
2293375799
1081887698
158036483
176143647
7866331884
-1
43148050
23233936986
141099775
3272073441
742209269
6795022119
16402880646
4368238
1765097736
1854611865
2260178
2466952311
-1
5727538241
4099404
714050043
344661350
966610145
14449352178
2487713227
7906608
361509368
129981209553
11728605088
27477379802
6006112
247486395
55641503
32038233679
8911817963
8092335941
118077949
-1
6054723
1063591697
408067069
4390353
74372536
64140048
-1
13984789
1991126109
1645929
2596132552
-1
17794134642
42422880
22870951
1031822
279682334
454645069
2355256038
2081036459
20765184
681907213
490649610
22905333843
107235888
-1
1141783165
1216746388
5113994705
2314968224
4463427910
5707645856
9962353
596349754
128554280
537033634
6423069888
-1
14380137314
3934928
7629908
-1
2956290334
31227328823
2607803082
12066969844
47521983
35661046
920800742
47076315
563007956
15600215
5867931
684151696
3710922550
781761354
751402732
245966640
4613776
3871498
31104842
-1
10203277
28451636292
726906155
23580947603
19803708423
-1
3487094230
110258555135
2228624065
261980624
20114085
2274996282
2698286698
47888299
703739
4408605292
20141036326
1311609530
350550478
22295167
61359069
94862485
153138464
42318693136
127094374
8912876496
20286216610
405019020
4458456637
25704103534
1988841885
437386785
7817109562
88420580
3634835715
96515
57213888897
16738843780
555930
60562676131
-1
1424121
2764880
8334141634
40482754
10612803424
51563930
63128881
23714470
3430693883
4126807610
1788147835
1170857100
41503739
67200961
86421401
613842271
71199902
42892412885
-1
233956043
29383580351
77234538
963550
-1
13697461
215047603
47055093936
57310930842
299838461
455794528
259724957
190178537
66670
1070885605
5324046941
22186038
18969901854
-1
253999947
917504490
7052743
5724070929
108242269
638420571
47417183
722764046
338032500
505994834
25985391895
441709935
3092854440
53393727601
1294994018
3750100206
2107888584
1796926376
3048202577
11967587454
-1
48155114434
1952376144
4224199645
27116819
560921811
1003971935
-1
6068003
-1
28446329
121575157
1336525
1851648534
7357263
1435087866
-1
106221
184241521
625229793
6514201445
5427547
3687761
3558962773
191329199
1161582260
4474881717
1646637934
20386836
1947793777
255515380
1124104076
509741894
14595020259
168230061
13658423
272938942
1092443937
-1
13324379
50790168
7213078945
205399615
632400542
549930890
8690896
817303151
379123782
308847184
18805279342
60044129
190829447
837378641
3387094501
3340269
2492202551
151792900
-1
80731739
1048670608
180831
5848561
8149115715
42830656243
102977903
4596071
22552112201
618279602
-1
114396152
71721073
198063603
149655296
344742655
141087051
105721749
5721426692
1091354037
297774814
14527557566
59696736987
31345609827
7486029183
1201719133
16176843
5904194632
1212440402
685224310
42410805
27483139
34946045777
78720303
460756855
11180289149
-1
93011294
1331118007
20186394
14469401
3454263037
2248121650
1181217370
21979450420
257063275
360383103
3428540381
496839261
4109269
882969788
-1
120876114
24786773
1226131944
173185195
-1
14993713740
7666923
82157398
731111152
2431190145
1164712932
8625335
2014901245
809492887
35320187322
391467343
62852188434
563476673
1792057139
310405200
277128182
5379283105
91246211
4496891153
987614583
11028893301
955363459
3831769438
1394027701
15518046
9741088635
502103350
2974398
1528548563
74500058
1057669908
1611738
288266964
2277618265
23160743
49339148355
465307847
44115396817
198805938
71179377
5586924022
1615104991
379236198
779580061
-1
160545589
7084949
3768422
126016141
89649261
18874804169
50898985
19075770
4206835392
18745597385
-1
2282595
8336334
1728038046
14039236
1381982694
5667819855
374948603
2494648560
63777513556
971954
7751261
-1
117557
225741596918
158799213
11663529006
1356521628
25844628386
11689061451
75586268525
6324632033
-1
36330811151
1327421536
1053912991
2475808762
5562189898
3549351854
72970073
3924733
47474086
28481375105
13384138377
8721090041
1529486216
3363336
16292636
14178036362
36286600507
7421498798
60339201
2326896347
55591470767
2087603742
5393612263
10259209657
3625287001
8287683974
3436857
21269571710
4531825
9602361042
-1
75869431
1380310965
2373556455
55309758
426675355
-1
46232807
256608341
896786317
11649765387
8593205997
17939161
16172356
23966285
99191
850854504
35295283
11964298
32841
-1
67991359940
49909297
445066513
149232784
4175587544
203352179
77844538
8884536605
8982063539
30022799603
67075
164655340427
585916686
1033964697
14287147
1430173972
10271631313
103409028
776491825
1486166283
401358268
673561994
1416984942
3210165694
2661233895
9573902355
634580020
49515739089
154363975
280264200576
14292098182
62632168466
2513540
22906458
32747198045
12557340775
42314820
446946246786
321317219
-1
89639653
1371497485
-1
797419860
300692289
94162018767
298615650
4489264946
-1
23326552041
28202925692
926590
1454244
1997206
469990
-1
462220932
193217751
-1
2402651
13458848944
12042734
639839
5147317
51753192404
-1
233150972
1884536947
11748618807
26302830
324172911
7634740933
4935417
117111031
356388645
-1
26004151509
4155653633
178769912
-1
355269084
24492595
126797671
55534592543
828694881
2055596071
482783496
42912365714
77549328677
24613925
-1
-1
10251167
1748638236
11711567330
3160464119
-1
4583139
53536953
138764526
-1
4238790627
100094892
272845340
1015182769
7321375343
43124927
-1
2804204590
129672550
70932947
36222988
224683
239118992
971304
313078852
49195306
17384530
238068647
824716423
167668688996
579599064
1913167877
312737572
8570093
7359305445
110881457
6651790
12640898
1397153610
55396739
27931378
4675004016
3454816
1723199406
3528914629
8162328
279007017
16083428832
4443344382
441692833
663545086
253384207
5095637280
2777408539
13371331
10480454
35033798809
13550088641
370242685
89939493
5168284
17882091
492012285
70960276
1261558
-1
23455448
134576328
8185848166
18539130821
1390857089
7454183961
204654371
-1
14251317560
-1
27009651111
3672120
726939533
2046489058
128537502
135978358
15335909887
10858634877
178368142
519403288
12660758220
976208213
29307088777
29814840
62207984298
941201604
3852342413
27247712336
94022322
17612126
2121425479
17759745905
408732717
931745977
-1
638005905
-1
898575771
2545473650
695985477
1793086375
22009419
-1
2694595790
4858946146
26297058018
6631689558
428772260
680206356
183247978
19879752601
67385014179
725410651
-1
47287542
-1
17484964305
4164685933
67038655
30027878499
59174288
242126804
1032547360
1068845043
23593648193
49059145
11783607457
3073083635
3782416098
6523160669
986450076
-1
3225816787
79088725
18163999
1242792294
8852608
3635645
139238600
4259649378
843271776
343359150
605672940
4941365872
111906341
284289694
-1
838487183
90999929
11031186356
3942153
120951741
534833946
9034303
933103
919781487
-1
3226012320
1801889983
1471499270
88100366
2679986641
971141628
1825542547
92318062
109555380
22096289048
-1
62742065
8822151872
23797977
525548283
703687
827963
9610957094
8064870886
2404400
1197943747
6105217760
2386134132
197348326
891038622
1525336484
207130622
144772624
20871368
259891370
4837504
5705247783
690682
1418615023
1294695954
22272098
-1
119005602202
130745906
129300702
-1
75038154
396596834
19553672247
43920266583
3384280704
127328352
-1
5397099
445601291
1072297427
66962112
35144014203
823914016
9192755870
708464818
11196358367
398407947
953854154
450548112
623759884
5830434815
19136533456
47313465
18937376495
42616399642
154048003
1902347413
143143
4935411642
20814411416
12310860590
74322102475
28322143
46672758723
51060982
2156714546
172951366
2306763028
97872618
19286741143
19989069327
100700680
2242257965
978333052
1745653461
37555675
2544595
100293670502
18696654018
2478559
11303792487
148964888
3080162
1046332824
227158587
33109570295
-1
662559319
1868262
341868027408
9106294723
14346259321
35715325
-1
2019065348
177102273
14440757061
110538936
204725
16969959686
22300139
657528128
990323965
1024191859
24606255686
12508165281
20099384150
-1
737889401
597893726
6301650
-1
2686848738
136504857824
2564855679
-1
12297650
149024005
-1
7315647289
2680255866
3669411223
31805374
1128445
629739282
273916596
2203098700
12677075243
22168192
17185578398
18009750
1349777469
12535457
1114172772
484078208
1604667904
45492772359
9284325922
70379319
20734617
24594466238
48154676
-1
30816067795
26405079950
132620923
21340040420
6575584580
-1
9924670
51075
10334639
34174568199
7076905935
915931302
15015611294
4568242052
146403055
85184950
71330924
2854911
4282925204
12643692290
3933529264
873653080
14349780
12903488
3109222
16472389
8096178
3791348
54759417
10139775634
4155589
67989051083
3283429156
58188730
1576639831
46540470
4908181167
-1
973200646
5590686653
15376313229
393509
7183104
293250391999
-1
2102020847
1443214470
9780600897
-1
2823459036
10373535
92818851
349096950110
5607167938
279030
2580883801
7253538
2943380887
84970989356
13915695431
6979625951
137987450365
3885455257
3175298325
-1
800486
21906043
-1
3800194863
733862260
15881771034
4971485842
7450962
5494904508
2781398298
4448342316
409590
1591586088
412973570
292779939
54546682526
169126577
980083023
-1
70308571
232673379
1085642715
38892039
581619723
1785304
-1
130395829
144783975546
741486369
7560812778
1845325213
2327716347
1200367475
213141874
6507323
1267512845
342858289
3008258676
1356139335
5168060056
1339465432
5422882269
1810765826
16781701
-1
139860356
285639267
9965443
132209718
67150252
689402438
8116256692
-1
15685825367
1786851
1074714191
1732307061
17213563907
22073978097
48426625984
3910429053
69205301
12875981246
54510385
53070494
221374817
13918924
2213230
9236146296
641331508
160994363
2067267332
4025058762
80523051
169759143749
70857445
212878737
12632140
16828820
2153626778
257126275
5675803
1780890175
312613072
949059790
83780221199
4443474
129929702
158597277
4631760052
56025737542
1993270332
71524644
41516418
131158723
6599446486
400378294
12616856787
-1
660159394
4998503323
5954802436
1532894975
190690762
8806828801
13415919
199701792
118539247
604409325
816241874
1559250308
-1
2949950301
2255214
5052142898
740850093
35058613765
1279351240
2106137523
291967570
364153582
-1
112343855
231020516
3006072
107238225
23825275099
140487
-1
93797221
3898917
2663332
-1
5255438
5366006
2939355689
16708050909
2245671171
24036772
253784141
2751371890
12205069590
5064748208
1184428554
124871509
120949833
10918220926
394874345
12419954
-1
58846856
10304273136
1636932865
58715118042
3595000535
8671212
11792444
6454681801
60067413
151631990
36644698875
869116752
79440003
414862934
-1
5576447349
25625554
13614962
272336702
3408888
41185392
3995741429
12667586635
123135287
14691434
36011223987
835695137
11368009047
26310765480
1693044825
274965338
5869886237
10657311
24358610
2545697453
57494100
1156241
10354636638
226222468
3632326172
2814783
5824056682
2678308
6356387685
253341520
5793810138
60807
1462495445
7833648319
212994897474
581773934
8574072
347949928
1263108319
367870238
384670581
135047494299
35051390826
110294
226300817
23251902
610691390
1736151488
437215694
20970788
1854230540
-1
960680
13790920064
38593629
358855904
-1
40008001
683791968
3874426994
390773824
3334415265
201512528
4524134
64260422
5324395553
-1
219145520
113607918589
250670550061
257474
-1
836672788
880769113
2179984371
-1
145984971
1623121092
5690462026
8215907830
703491817
72019603
23796185
490827626
75320691
-1
3526074366
99466075
413931377
4770922989
6462982
-1
-1
515971522
1079301738
19132774015
112421325
2946208476
8044594
597882641
3467254505
256416565
417992451
9162872654
20560886839
13828632493
97602326188
6215297271
43720511
3792448627
399300922
3586937
989370862
2090593761
12785482
35994513
3029462674
187935439
2770767
37763322
1232696789
16075386
30378651
-1
818824313
6817342
7935908331
86327551115
5747932292
148890342
5013922052
26836027473
-1
17376128
12431860486
32641
59672680
687063270
6062826475
-1
13011453061
7279831
166249278
41127343877
3371756459
63458647
-1
2964138256
8126697
605333374
601531198
1151700878
27809450
-1
21096633913
26582321
22857693093
23736722
1160780045
241087889
-1
765831
8719347917
1213082669
4990648938
2569238401
20276909833
263460130
6962073415
280411166
1877518672
41198325
-1
790973527
4998105230
524349460
7119838360
5164824509
265904388
254993265
3070263561
226902670
6068081
4723025
6324566618
4506505419
64923389
1134110729
1150396188
660782302
1902207969
67063540
13332298
-1
2327826354
1452108113
222833070
1794531096
17908478929
626903281
47286477
8066727
1563612805
1707755
8695265276
3465280861
227048911
15094468
339655665
2004368571
18257743547
1352481595
3030404444
316780297
25173329386
121189069
831607113
10690383232
21793448
393067432
32134009743
329108529
722530661
7549953357
986977131
5239287029
3220962
9026611968
3695511109
10809700800
2273789
6711799
572771582
54145022240
-1
19955649706
6605494
642363550
532048866
211003510
91909485
20971765229
92002387
2724821059
434225386
525599347
251697102
6016422987
540262057
957048732
229234115349
25346693
9638067848
1115871997
5673056250
-1
114603386
18863894351
213978337
5152012693
84322
-1
5857499489
708711210
285393
-1
6015913661
108452948
448922439
769992230
11855497
1395085436
1866609794
232895314
36302500
18226291382
893808991
1425799137
5086675355
1026929483
89863796
39043189
-1
369588432
130227059
964019009
121867628
28286849648
82531611
1122121557
1597059
1429125328
194506551
281394803
780948072
-1
683282710
4084992
-1
546142893
95112093
1301723919
78708013
17238679
138950774
6226183570
-1
1807910048
7421206399
1568637946
4586718262
58114578561
4743247
2349685773
6533161
35587099934
10016667055
393011
7977275977
1135045749
11421185273
19913185
693711085
13129532837
1472133
12922815
671489560
510497
116024013
-1
9660720
368348196
85069209329
6383541193
4376499831
457155362
24129759
73992707
1884800474
12875053285
40430002
35856781
104893565
396585565
393791404
265398891
15092781
10861985352
567173
20995958516
4410903
8357974111
2139541507
654067856
4543862079
11336661
1658514289
69296197
6453012570
1100367735
7805797939
5923825
3892933723
122515391
12205183
2534105476
2541398339
3324627827
4230083381
2948191058
829222512
2159764978
1145908868
63532579
15056567
928453519
94823452
15980891
127560629
6528122499
14854271844
1971061272
6487454
1021228718
15037097173
2096806202
3890091557
589818088
27582474
11612637063
333548796
12877370398
-1
16615410756
241380841
6200592597
18882964276
9392675317
1900627922
248470892
11507810822
13682721595
2592554
3275088497
607503608
113312632
332083176
2660145130
458067383
734878893
7769169149
-1
12604264308
721580276
1130307327
74892393
28415511042
-1
5326742624
9428105603
33772201
167960473955
2405525781
15725948466
4256842504
417222963
5428618394
3016313608
8370779210
38558755
400167959
73256111500
8657870902
877930280
25203814
98806
4816183933
-1
120707
31559862
1534570
49637350328
3629186
21807729420
1659705091
16538958
15002097
239811
833615142
43817055
8521226538
3601089034
17081094
1174805079
-1
46566151
126259295
-1
17018
-1
3230784624
199725517
-1
1260771183
3210681
63713428
-1
9799820406
1994494
479315973
3746213
3107306857
1138965470
160926266
337049926
745440537
76048012
94693356
20273560
597265
1948072
7474
7744669667
334566627
9615592675
252223
234072645
23477660057
-1
3549436624
5300733713
6607373092
10009658830
19004061655
1002299486
269034936
203561
18815950
1051336540
33355026712
26529016
-1
6140341870
3045015004
-1
333465154
6024275112
401641748
11945963095
441113525
57099526
7205074869
7104532324
1922778445
197999398
1518868167
238458347
18277763444
3392608913
53920816
269749917820
1897023
-1
812340324
2721527821
123624170
10838863129
3387540
244058030
16187295
1466243739
1920037
53777367
14083722143
13149088551
68291246
459365410
10541189327
92723192
271646594
636523188
629345
-1
13149246450
-1
3350911501
3566096544
1139910
30548666011
-1
6010091
32790709
720211536
28585103193
4157893130
795076280
138366517
26949588380
-1
-1
4174398858
343773187
10568830729
369905653
5913092669
472638980
147633
2109852309
5228246361
9780196837
2718503138
101929968085
2825866536
18740434
9284112461
-1
888363425
12367785162
7156899
22698508559
-1
7006436369
871172
167589230
18286923609
75193800
26549628189
939916442
1316519379
548546114
205756656
-1
2217256792
20878415276
-1
1266298398
169516344
125697587
5428631
1042234090
-1
101839371
33099714153
1231483549
16961
44823796
25498925
1355775
25654991413
6332315544
811215702
4169865
11393251
35327962801
37692355
72755520
2438500929
10175682
669037847
15000318
157228887
-1
3657765582
2373231731
15335783
1080306258
326836
79963449
1422565349
3944699882
-1
54594059870
41955200879
5569050
761631
2026763
6134493779
3088970064
783258806
-1
8382031
2206560354
59248811880
5390363
87480050062
3171592
553452523
1681443375
864226
670299176
434211039
1422500090
10580328
19292201542
357870956
21925674
256052745
6793722520
1039770977
910901895
1014031781
620065649
-1
20132237259
289612
7297899392
1137009999
843444709
424175581
23352953239
19554119894
2300885
74844028
9963449
2792166
26035129
58674650
141180892
2503773234
-1
2714955731
237457488
242981915
79974750
130082078
410565773
34626252635
14516795080
1493330424
34934443581
1092464135
76578640
48792
146008650
8948631292
6589053
5423089245
53092797
5330905008
76712194
2003427818
5452844286
23016794273
2264710185
20588867
325390762
2110688
408545974
40357950
5378926676
18750387
2395290431
452662820
9846704343
5420502
2701112529
4308682851
2807135
-1
79131080
189705266
3856403024
16177401
741935854
1965215664
9298594188
16393756879
104274288
1127037126
-1
3444558
241555561
2816937521
635672215
145362079
32541784071
6967693095
17922810924
861705129
20103542
16068840
444467958
8643368764
3256882284
18211350781
1624626
4863317659
-1
224613135
-1
5020153474
428806
-1
-1
1135521985
580857936
5063514489
3577344718
193700242
1028436
2096621641
1724801056
-1
-1
146604886
100029292
605660482
-1
1182060360
771025
528021983
-1
41323114
543037628
128105690
1215389180
2603164336
317829864
1086535947
1680660
3764115459
16466957509
72822911
-1
107025870
860166511
17471523780
-1
65664401979
21202531
1474926580
2927935635
-1
260993817
20565253745
-1
72610245
2713673570
10453968
63767047
117481
11537489573
648411884
836092061
434331507
26058679215
5722151777
14344601862
-1
1374533
1203743557
415886739
2144882
21939818250
51943639527
34412095
430693235
10672251
-1
131022
43677547
5617156
589045544
64808044
791615824
6225448263
43241621
85472420556
391057534
-1
-1
-1
35428347
76942521
1720533474
24803657360
943293
5145268
81945082
9178485
1753110173
2783317400
46106775
2575621963
88095969
100237909
144725642
58751895
27320867
131087328
1059191609
8898872000
1192009267
36071174878
888085415
825531
122614606830
37770645
779522278
38661468716
6231239
4362931713
-1
1285071221
5841729
34053949
5103139685
178308097
60366953769
525948170
7023106148
21993349658
26883438011
2408834268
2783062619
99803033
13275790754
54493777
3760713
9330137395
363087221
1584528
87942
24105140
19555380158
35608728220
9125928
195422638
3444074
219563
5728911723
12797166109
28951739857
29365787528
35110810
6945138
47973818
-1
1759629601
17224234665
473718993
24707622
-1
23890764534
15790515
18664769
17003287487
142088652
34562103
19926184994
3505403833
980112474
139669773
12250554826
20190416
628714697
79305855
929410
964910294
126311678
1726518882
328640984
617683014
9141020530
44020498
9074694693
4541836340
5705863
3458444786
562599812
1275969
-1
161135742
336587721
-1
31459280012
442635098
557407493
6786880592
396672546
3576567
1296438751
2357027087
4995412366
471647854
-1
46727505
7039624694
396059
506499853
4601677
157582393
24350135
670340735
26307023066
5101900482
91009595258
2403238593
1559877415
86873268
-1
169631864
28372505
497581304
17682001
-1
838409933
409913133
1958091571
2670088154
375181761
19072687990
1334104476
1260587
46249687
373562088
1710142368
84219007
994534530
14005860255
-1
3455957156
64069605752
-1
6685756729
2837263677
30676374091
-1
10847976
16262538737
23071760922
-1
87087633
3651121
1264534332
-1
31729311
4551619848
5391173483
4449705082
3872965289
15692201
93122073
-1
1350756354
15807536
4349341
4649528413
133806942021
180817953
11454476832
-1
325484586
36553195
78013
227377366
413755633
11918756274
433950454
6050130859
15405829393
-1
1572408577
3398501845
260580383
585296939
28492988575
239636876
4050487093
-1
891426443
98764957
521629399
14654504
14761083
50618151
384696503
65756889637
1623600
890238267
18465939490
15887763801
1337430546
8594573
55611992328
18966014236
2836722069
23876955
339992
-1
73904416
-1
317713652189
45271768
444889212
921031584
290850513
767758132
126996938
89552192
616253
6043710
4050948
929169722
-1
3428
26035524
417634
33073877
11136905
115924638
3868426
11027029867
2458303111
580656902
103594
44163250
30070991578
22956030115
9063485049
58602762
51263
42252113
60598680078
372632686
1252827858
3272465067
220097445
10716075387
80106632
516843447
1713251975
21115733
647838
406213
163693
575876
2685727352
69294541
433432896
1978566365
718010671
1378178
30737859
37247212624
149652430
950262335
23549509676
-1
78972093
13077173
251481620905
-1
24468261
23891477193
2082975637
-1
5936326102
588234117
1342917461
4061768957
1670234928
10406482
11125959
10183498259
710222282
49493530
56036684
3724776530
1273737678
367419144
-1
471370
430528845145
54859045259
300393752
86264991347
24291198736
263312615
42784417
-1
172613843
-1
31380344
49890557285
12390933306
43903949
32913845
93457332401
5106287916
-1
4312597261
1348981143
445181364
3709988
281442315
124682633
22854017260
-1
2277675495
21385294343
1527057804
-1
40191263
57712038
158214
209998357086
3792128
160145004428
921388
5533642337
57182483
1882312893
-1
1276338390
13372357212
88580238
-1
6612230
34258561764
3441736
-1
190802130
169260517
9656498
4809864143
795690903
241795876
110609407682
98318067
593099821
126342128228
10556491
6035854
4025865905
555044
-1
10141114458
51966997
-1
2626981998
1076247
23897027
119407
604193092
136479329077
9038088179
3584832
83886057
344914944
158209539
62975914
2296881
13836845
1170100516
-1
108827490617
236350075
3489826651
14110275528
3756796525
203463166
7179895061
9253298
85341269
8032092233
54020782
36458760
316054385
1440115
52692301400
4225230012
44407621
14713596
4314047
-1
417438418
22996335
-1
865465
162951492
257480
5832734200
9103926156
15203436874
40603592
270235734
165908842
961563870
-1
1887448388
23183409
3315644838
1244332
10080570408
202844961
51803710
1066664009
986817614
-1
8139649575
789628
135639586
23823156165
-1
60626752
91312663
456532672
35603049
1866602
23397073701
1700812
12101934464
1979656159
-1
199928745
31606979
24652979389
349920105
42160006
1281317
1911248
48638494
279993701
87633092
-1
1069915536
98037999
29487749
1443775040
8316418989
7797087488
422617
-1
3080240295
6034284096
19137713681
-1
65287761
211927535
7647908
7048445
-1
132873
4309951766
154824873266
2112196847
24635630605
728910323
-1
17765631640
10916150
2132607084
10489952145
3820626258
9288444137
4257025930
352260931
-1
624431183
5442165437
2064479502
1117939
964322812
247936676
6013240748
-1
4705934415
463729013
280435
49394079
2791195253
1161359438
5976446200
-1
-1
480066818
1008284424
-1
1874455
21640488
603067717
82028506471
783101416
34628540
47720015
63494153
928715538
1569078268
17528357
71702333
8675154880
43450678172
14984534
206629072
482674099
3654410824
2762411652
4746673745
29753788
3380172908
721096993
1085641743
72070285
45877170
1577013633
313113364
28514081863
-1
-1
2535678152
474477566
165199024
29673590
2397491679
101492220
418535772
5616519661
19047281149
-1
8125779
7819324390
27077464082
549887461
2576968687
1960477421
633120862
150452037
2303597796
6398392
1779969150
4414564386
42433200
130136448
4701935983
508808834
1655599115
15461318
18426546
410341674
183624582
227465918
1274275282
10262463739
336059155
27930066
10228657295
1417941714
3034983747
28209814837
127005830
5932910
174962615
698616752
2181629
558503259
601912
15488636751
9074301604
4346888014
-1
10417058741
4706874224
2157268425
107447309
690670857
124867677
105693887
5193297611
41389136285
7433151739
2130977890
7715672540
14049876388
566033903
10493150063
172503652
-1
4060702726
561352128
35124176
176952198
2466278361
255190184
1298504189
13680233147
4981301148
332209671
212745243
3545487
19436553
123034367
46521205
1670202735
24888418
-1
2035317395
541805992
415523263
30169438549
123580142
4118037
149004303
343841798
26405522
9494669536
21944779258
758887103
21928453835
407316001
17543017
10293964282
-1
20438108
1064330112
6844323739
18939810
168275108
1112652123
529817001
3174173193
4856119
8905257907
218301445
8867547
1311936496
102931946904
3054207931
899012305
55662885
18388040604
9661171055
282369389
4233719406
-1
58643558793
20382997
330386062
564584
7278748
619240930
2878033
42264592560
2367056670
323086376
84814455
3116771551
3396223109
209126472
36337867288
2447797322
223552972
4350754238
100014763
1498783608
5573632756
2764243
23339000554
1011445
4384547440
3573897
7184023505
26508541453
11139235
278895350
14065220
3318383493
107446621
1147522
23134356
2271705091
284996788
88322256119
113926856
1907579676
136672806
2171766562
511276158
1757081946
23666380
1490702872
38508029
9140696620
84610284
1684901237
455929661
1519912317
118153438
116666
657993250
719122767
1179001
34812176
-1
518705004
158812
1311671214
227463158
115175300
249883729
855641277
3817478790
43895569329
80716038866
2193862388
10086388
10366333817
-1
1978416654
47056300
74475
7367078226
6806968984
275666659
152325588
59352047880
1105367617
190360955
90935410
-1
5022392
580693
4216311087
4242148
9395361038
4970321188
393834881
-1
162897840
2875685
12945394
184754548
14784879
18928630584
20383477
4271296359
39328025784
1875312895
11153681808
10654733855
3211132
16944673334
249404922
309381
1232119946
4273366851
15008264618
14364808475
424627983
202006903
103711960
942302746
1457396115
14195673965
998057500
1398562692
430255773
9224270
3028212160
41384309
2698864166
363183076
71417496
-1
2120304548
868394901
616810711
1117848931
942691531
53067894735
5667446486
134632955
60490605
1057619111
-1
17718649236
1125959
8438514
2256658321
5288769
429066407
8659531469
5466417
19374
4146029069
1434053306
37016372
243625789
24788053547
2593729119
389429557
1534480506
27591171
69599259
6193150608
-1
1902052
269532866
691754
5180013429
187480437
4864692
17119283
7351214496
114837904
69735698469
240239035
25528169
1246798655
310709061
15554668
1939045
2237349536
862656400
1094817911
4214631
4030841
722980447
21550739392
3037170379
1535804835
50277881
3714481
670011106
417958975
9487057796
64613046
270754319
1246407054
52947971
54078407
4226440
577941376
2208313782
2550151920
4523876341
8952701
14136114718
7581885
3594317847
30338687
1575622531
675438223
15475605833
-1
362972450
172552119147
1911560646
61503073221
2854419234
1272947083
122488489
5739480061
6643544992
1448162729
13059044313
591600285
3070324872
58866546405
68020067
2348775
-1
2049494037
1704441190
38893743
104271724
196866895
6710618368
639325468
982938665
5699559439
20039739999
355389904
10283788277
83822422
2599404476
211593585
389517
376861594
107239507
4651543
253691020
110845188
211506888
33033271
638903050
16198042370
727593771
30414109213
6372568263
9479515921
123571598
73778621
6122821
2694259566
235704813
147136180
26684041262
182637232
46582668
7262072949
6593082
49800192
2255411739
139555050
148154889
-1
4848200462
3777984748
-1
49040740196
1457174593
627587526
66069877444
299064354
2172411
178321884
167354266
609705238
8064732269
298431253
107784112
545280825
1493894401
3137093381
747134057
509879035
16645500
1384052121
1151289784
1477195479
131579487
5370582589
1012829523
17544114985
103770021
195619738
1884356
9462385
8131403295
2785730132
-1
178084
2470375
23070730475
58235678034
59095110
86728242990
2078893152
343764411
424128920
244334537
1276865498
65424753413
2829341031
6266057333
4832280155
1232770
1169192245
-1
-1
1001331295
4860468300
11342243214
916876814
4183637455
379325541
5553122930
2461949281
13069949630
187652952
75507398
69081687242
49958054182
10942441
240243790
47458886
527804809
-1
1965418
19429186
64890847
155111142
7622189325
2384390916
8143419582
190905983
195372520
2609052558
1063822895
1079117189
138598832
484874024
34731229
20740196804
12917200603
66215732
16158047
97859420
70229247114
9373121401
20287255814
26878644854
-1
673897930
35814498027
168442205
1675006234
365717063
99337052
105714396
100881863
2987912047
4098739
214480
82449384
-1
967067380
3999233965
591270201
39564278
5252962326
2055612996
1249540
9469765
807218063
1023683481
2063660532
6302437
1312439469
3530209
299188487
-1
-1
1849811622
7974503791
7838875384
-1
4909857308
1577486057
52005439
14927750653
-1
21893319
265826
284875725
3636432924
15602407290
3412259725
109914406
413477460
4775326
1836058773
9715490977
736404706
12423365394
303928017
-1
1451180926
-1
27157263899
53737967
6321609986
3458678105
1027208225
483983759
47057797307
71213816
5737522212
2951589633
281283391
2208242256
-1
1471009200
11979914499
2727533964
64586159
247604394
1826530
3463224
13609983162
1112640537
16166030
11608708804
493440409
32843357
805249658
10844473838
70383338
77430861009
-1
48103461
154266804
77785956
7579434393
288532563
17609623005
359726180
185896413
10530700
303724333
329449
420754351
10547458
3399918645
512393
159597
184801317
1493542151
5434321524
709754173
14861796089
4515971358
479886140
43080412
886365645
49173602
91595
1043075872
49733021
-1
2999464672
11213158
288879510
42275893494
10725053131
35227744371
475479385
10745511240
13200228073
6688065498
1842633
3025007460
1234366990
771483867
5832640409
13953334885
14326898876
1522421528
26232243
1202878381
8727039906
336135511
49651237230
584792830
-1
812997
127500633
2918716097
25485558
17258771418
88428
4596236
-1
7289137960
8228663684
50415620
701857493
21996105
135769575059
51349148
11629521502
474400761
660897535
13125679716
3878964485
180600775
10752984018
1237630
32948405501
15340308279
-1
7248651475
18443185
61919838989
265519892
-1
142466445
-1
7827856205
4055079556
40840930
20107382017
3993966039
8425743
1966998627
8609647077
60258133
288896647
35655516649
500390865
8826889610
11135372830
3306990789
1331222253
30831511
1999521491
508547851
3505963
-1
696042125
5555820
3966951001
408152827
-1
699351219
546879084
3368754555
139110804
352252969
30449709365
300653688
177495618
37786574
109175464
-1
47281894
-1
157562359
2178864
1690011579
782409608
14229137403
55446115719
-1
5591272
356867334
273045972
327409840
92790
116703989
45235233
5162482082
110987951
159586039
3684687876
11187841
215682915
865058400
840890
548764391
10554545158
3424257730
1932844481
13324675405
75105252
4645987984
898305
6345660865
-1
78035710402
2189175825
43631
90495397
20597679
13831973605
1883885368
188324841
1436254410
-1
160259774
3636653812
25167040
2677242587
174858325
452403
6076422159
15697056
53874703
4149541389
2616635722
33401368021
17988004257
28348576
-1
438815664
698727145
-1
-1
109550817483
1341894
288578883
4428636109
1159004
186132065
40660836
300482754
4607408
80993672448
486073651
422349416
6347413145
182348201
4683890
15051535
366790732
14936213837
31178576
3445129271
85465674
343824905
194752815
3598259955
7136145156
850269973
102744366
17808080
2705172
16953588
3275492502
41062963
4362020
7686404853
406429415
3536238682
46730800126
105846176
992097817
647414717
730648203
6954843
396596835
1319060302
3085494355
865841532
1742728911
252478182
2615613621
145531557
218626949
644167456
42406201
117133482
10781257463
10664742
24539807113
622216263
39490255670
11567085011
37655719131
714446394
128979168
-1
5485107500
46121
59418926
2112395537
684541281
597134812
3230243627
1724658738
68047425
4256466
5387901
25469341
40032735
5025177350
-1
7577593671
3432277519
82419120
40874918746
990896506
24936230962
959408224
110752197
377305135
20400011
300524174
15701680130
586393273
877209024
6441477
218679691
294414802934
2438370753
20368376308
2186486396
2989322779
-1
46726104
2550209974
359587930
92195212
41041548
91491415
470674733
49063268978
1263010237
10896535
146645614
87582795
9321511208
18923267
-1
156307072
3049512
5912653191
-1
68703600
54402873
209441533
66957134598
278883288
81125156
29673918
49067161799
7123204922
9985884559
3618840
3611341210
549404939
63562903
3093165041
289681374
1088007002
119450165
-1
2090061673
-1
15198622202
30175797863
718313167
1034277698
2619601476
13663328867
9449907
805322
66902375654
2050915856
6215518592
157295340
-1
23254502420
1657094
3347818218
696212212
152954005
41040481
88881282
25386265
17979398024
19949098
384718152
586070052
-1
2179134822
8470165
8546233441
9332002014
3235015
15502147
-1
843616496
560025307
1986047386
168791798
10229560
121748543
6949729981
3276703185
944780839
9753577
499345483
17658381
13503981124
19698572
2227111537
10483427950
11323275556
142184982
-1
18272799
440377145
380735277
29320763119
2381953273
598725746
108169875
2945438802
291887967
3218661883
21696404
59629706
1662858
1237788281
571670934
1408279461
69562926
2399297255
99747345200
782674025
18061901820
1326075157
572644345
1586989504
8827809777
1646025697
3111259653
768702076
459308614
9642960
1013671893
7378985963
43955179779
398174448
6454102
129323
138562115
5588374019
722699630
391436549
-1
4820003
4853238448
4026945
598717
1043468967
85525842
47685
7697304998
2146034442
2727608113
161956882
1870113844
201314360
74922858393
19489617
1488441422
1348760191
13279783628
7282184263
2437446512
43218349141
810989845
230435857
27208327427
-1
8855966172
16400980
12600898
314350091
591899849
4690276141
4526480
1826168559
5825613664
3953120803
48006691767
108902642
178049264
18429832519
1926418183
-1
12978180371
35383411
-1
37607311032
1633065343
636308331
-1
75815273645
2177910335
21774656
891642972
1967057
18761317191
1453232475
151978673
2883951577
984283891
12014308
669291752
14261134846
410535916
7931470575
36236420
6146156963
15268159726
318197579
201417020
30529493551
2856972603
1878361330
11393058
18817941
102164872
3247755779
-1
132460175
56294791
682585
12842014651
5014602636
674349169
3687303105
-1
33445757
137506893
31911338728
-1
249745211
54505107
72062854
1223037921
679626586
15118840889
22067043
-1
215646977
21549305
94405913
2862959707
3677014962
343859
-1
1812501317
44898459
404556315
147217
97287801
759115359
2904027525
382853140
3797457464
787429505
21412354822
-1
13244102
7051950
136155546
381044171
53026503
69157943466
9110688392
1594754
5939787442
220051469
10336858593
37437717
17699996127
127056202
19597076336
377760475
154639834
2930715
153137500
5919854925
10291380
68808081
2881803
1434924
9160947805
38962240
17041157226
-1
-1
2283399191
484268
31862824
1304706625
299268888
61285337
168671472
1515161449
3117204
3762358584
17680351
12208152993
42711512182
-1
1005466143
357332489
10231780692
16396398569
9247745
-1
69273879
56982345
4764043987
139152405538
29885860
55271583
739146552
3188918305
18179058
1225785743
3005462973
2200883076
32735854
1044619169
2219789961
5312695942
140159048
222060440
641511410
3117874
-1
-1
4987729044
3478832898
32005671289
49568104
-1
30083535
95342784910
4644312152
1801452862
7377352
9525244207
248755258
1727780353
-1
75345626
-1
-1
119693169
3023389062
227026346
-1
5350378736
12426766887
190915022
241649822
12322725928
15431374257
41219269087
-1
5040695780
17324991
7231507284
7502656
501810
2637418395
7346008
435552696
3173791842
-1
6298683527
504851446
3534958311
1336727605
495236686
2290932836
584635629
2741520294
5925613691
10258110274
-1
-1
2425516979
2175371555
37898874
3294838528
99396269
4020218627
3265327
34612883032
17820325
-1
604500754
1889831035
-1
6213705964
32767284
29848659403
18545545518
1680481742
720042018
4595260411
83204574742
840506916
6512947698
3547965890
131084661
16175855917
3841217593
32342049
13780025511
3373415
7792760180
2810664
17654756
69657289
189146743
96405832
344197500
33382372
3263147216
4607287593
3684502781
131650600
113029179
2236016709
125619302
12787143
2103095777
20023109248
1332996907
152396401
-1
145142014109
531454902
315272208
2805616270
2139153628
3031025510
387228972
19230879361
61042553
151426850
270606391
119465220
95386997
470033395
19210238685
12555743
32746935022
-1
1653162283
10656408163
68150128
44230060
738399365
23944507
2611536671
105421282
21153091
1037122941
642835126
418828640
7295216101
1468610994
40958167
1038713481
1510601
6110222449
133021686
17493842631
1034408966
-1
35558605132
-1
75115671843
1147501535
5018787949
29415922
5601443
853511067
21066666
16021601199
1844900383
137712147
1209535685
489620145
12648249764
161446937
336044903
6080736
3791568910
2434374464
923411603
893521718
4263639
86332701
460360756
4922948795
38872761
7071801458
5043764
493426780
1267795032
9570574984
6720119839
757330956
2395738702
3575205
291071554
272825686
20248327712
102817218139
129228793
47975931
11863202823
2669307847
800242575
125633781
3848706
3813688317
375955951
134242011079
2363492698
6152348313
1269930210
526480073
107114318
877818276
541324443
327553339
5148389607
1743349306
37862716
5861617
765375827
-1
3454297662
21422414
372838175
604034778
90778372799
29069208555
7088
47448810
445595268
1094499691
1702663
64074740
5078011
3651800281
5795867745
3095990
341212922
966369966
95245255
26669129266
2915046549
204424071
962904817
427165964
1384827687
13334145427
1711510081
176043296
29110592402
11956089
3282543205
8969736416
1819758
454419376
1067104992
121695229
2176634562
-1
12809293364
10936742233
575375623
22868050030
2926892
763206
66727372081
2234642636
2016480265
38257946
-1
51673336395
626369139
47719424
167580661
18360317
31360967158
9274552216
1893589588
8718908520
4071065
6226575692
5927703
4660949877
21146987270
15419976711
10076916653
30899495
604488218
41864200835
17887473
274434315
4694495317
30226747589
1014434778
-1
48897841
421404735
41680318
116271723
121605309
414849610
193269560
5358930531
85702945302
5568175028
-1
160434002
70947068
1792378
9555291664
35023381654
22458567296
13223983516
1646051053
-1
22230964087
10660167
886160811
-1
309188567
24409919891
12680501
302294263
-1
6407545397
49530848
61117474
811986414
443426526
57484930
259667402
21936871
134988116758
1598423335
-1
-1
663578582
65638722
45162413
20527141404
39382822
16880855
3472309603
34367802
200501911
142635516
5344855871
71924921
121517646
92917711
203584497
3908894
48034227
890234864
445043041
3190933510
2756371147
197023639
57260950264
10403933322
5052666845
10188624209
1226328
68352633
204010375
41865092
6470289
228098277713
13593772512
5302380352
-1
1494525201
64127056
1048428753
99971470
3605373398
288660049
667522807
7729582097
-1
1081444453
3940356
477364511
321130
3662210
111977260
679121134
-1
1217045
12976159
20013424663
1549625013
84699645932
213459016
203488353
16706332
1499976724
2684861322
218791252
271497507
389652022
150944593
15084262870
4555934688
6770004
3075375474
80507995
1242101787
14894836168
11782310126
62267597956
23837979801
935375
-1
15684238
40301
46911841
18433754
1632086959
-1
1193621539
84113190
208541494
805673
1923593071
10239558
8092695
729775520
11406873316
13327547619
2638836
470845963
11562939321
95074727
83519047
195100536140
2976187866
830483272
541064119
5282601089
630206043
1371682189
158713417
21650737
41227095
1110429764
-1
918475501
161765713
767475356
10400894
187450857
6205362
844393204
17275516
36353035
6803301126
36998460680
2070650
142218
121862796
2961299183
6025540104
16543803
1086777552
19409565
375308815
2505456214
171296041
26847960807
1216746796
-1
1785462363
1261991020
88402327
50928706650
-1
52661764
30800834450
-1
24867385525
14633272551
-1
2226840717
2713639586
-1
646302547
7189416
5223708715
5842434832
4254622
235922092
14482507
2156521355
243022481
293852675
3423711562
1659102239
8893998947
127947241
6175290
229866075
-1
30744074
10610794
278698351
450837415
3696822412
-1
26940431
7965846
17187310295
5543202
274378767
30814814092
2598783
925790332
1298232322
239995579
-1
5845482377
-1
5344069132
1395336641
708671285
155315454
59261862
12940433
3444915134
13991116
83531158
12888364
93052340637
93716058
14889319791
115719618
3623436717
3489518481
10659476693
122866250
176443517
1997164509
1230261
29455454367
3902129094
92607897
114580996
14368473
3267891
2215619271
843507485
1793156895
154709629218
120778622
7356901824
80217797
1291237328
10349655
123929072
15171224
27164738
842096030
23216745
861347017
6348
6687444152
195255773
163704300
-1
33489323585
184695310
445204989
219922053
330621519
378790044
11219208
119872128
141831
2283800542
869119310
2558023190
774059
88134943
395942234
-1
110754384
167581514
22652127
564141493
65458296
7345922741
15656401
-1
58081600037
119363131
75389420
891169871
-1
479994
682849725
42328111380
-1
2233182276
82482182551
38606175479
206075253
4654874367
66681301
14232525
5066127075
423974574
6791987514
-1
1343851
9015514808
25235573332
59977502
-1
78474779
41288985883
9153283295
352852770
1188591737
134627481
264048367
1173570878
12565390441
2073896
10054262569
8043965
11356454514
7533200286
573689009
8611037
4439379
66330669310
6352985
3301005051
2636146
4665150044
4461171964
27993974326
1722079343
13391192377
654050531
6068550434
198672031
1718300601
61780314
163999345
4596580
2233287327
723321296
1825910274
1845635307
11488391673
461381
3516450497
26015497
773482326
4670673081
987843270
188538641
3456718202
1515427955
1383529380
178217017
216606421
4115393351
1366768164
8134568045
486193840
307603075
119736121
-1
1822931967
75591319498
17186584
245197315
289984972
-1
3169360741
5020052956
15402172
36785419
1646516
2455204794
8755408231
300736215
47831362
5340146818
192493532092
-1
14137341011
-1
4128910161
264635136
3011147869
26845911205
-1
2619959407
11081687246
6910416662
18981193
65954352
36666319
410174277
2533649125
1721209525
23666314
14664
262843770
76186844
-1
41362883
303330486
510729734
236490954
5464316
4281836125
8827901045
1890992267
56062834
14541322355
1031870548
16152507919
11041533639
1163250077
-1
685593386
1977876
5308067111
759296068
33349474
2802623
11728957847
197646694
1325191124
155937137
221948397
64751442
88505839
1911533717
112781908
474997626
-1
94440389
-1
8630132924
14554158
124932236
196983788
396060095
413889505
1247744
2462880432
1940641
7275869577
300726321
245208880
465924718
-1
614851277
2103478
586627799
89707061
3743925437
175124
-1
-1
21747718073
150617034
208526698
3024351189
4582207
91821
25992910
1600684902
29451589544
14731981035
391491144
1071594034
9594995622
3111361
231825043
199476893
-1
192989706
11292340596
2131984
13635571469
200209549
11876121290
7216983367
229741869
1663420579
35634453999
1308268
11881095045
15567579
152119584
72140586724
77814779562
9275512
128911178
-1
154815049
2680268965
121238383
2363920
-1
6085678
3893770
1379433217
-1
14840706
70381338
773247
358482261
5456620792
5744513735
7447751
77496649121
106531
4290481
166344768
-1
2701805412
28730352
-1
2830182
29956539
-1
31487652443
101432195
366450533
186299566
759483863
8497475
847308616
49039184770
-1
164856325
-1
618046093
180302270
54696454
1197912663
42681674
8125765024
13348747
10948504345
15206715954
3070009900
35255206477
73585891
4241023009
32715026
1499048799
38786863
276532310
-1
465003915
1461517285
7360401521
5502034792
5486460133
1224692
18953828
600129884
139755112
-1
-1
4007874
1123340970
-1
18992034
2116734
849522113
20282967
101057283
3030712841
-1
25747125
586769147
278433705
1073216739
1291346470
23758597
-1
193682936
9314088576
2845448427
11872766
78994921355
3978294176
888842181
229804015
874331867
4357763435
5932440
251582018
1098065
354179970
16019620
-1
15119195
295301074
604084835
128371
1028860673
17392774
764444604
3641336
533062462
532705078
1388918966
360999428
25564953339
17517498
122412
1555836707
1765351907
225904826
-1
292395377
2779139094
8119512103
3993773
44024887
854347605
6720536
134629063
19094489
270288
1402570591
239525005
-1
9106529105
2369690876
23779373662
458851500
-1
700805
-1
127766937
260859
10818795065
-1
4193585555
3908615034
20036124573
18658481
2041670480
21222903322
2582410390
4079207624
161226190
1356002465
48341488
6525710692
71396655
10177349599
1814959578
39745635722
12736370
368494107
198089562
14813091453
73850154
589701310
10603474565
406059938
27351
11371721
107315999
592306769
45984243071
231635344
642254395
19728955220
336731
1249011156
-1
676255
534496603
566321775
2709044229
-1
61835665
65405425
43547454
23375705078
479298395
5135854242
18086351323
-1
1246632723
23930155585
194263228
18418020221
11153720
142498090
35372775
11960448
57564785
-1
34454969
9141589924
339416207
43104876
7910529
259997244
1341157355
31338931727
-1
13054884538
13163280412
3523854054
228697377
376260157
3041683032
4256094896
85798227
3910178668
98832026
251058668
296707592
2122360117
267402043
36212622
485171278
-1
1376048882
2024812763
191868509
2074774365
3039606518
49258236
1775982204
13420711
1739235823
1819495083
1394552938
894389466
6307197459
17640232980
535918869
-1
5500855010
-1
80129322
5913468168
4958530573
14316637006
-1
911734231
9950706
1210978639
306816145
20700015
69828281358
162493175
823082977
70014832
151824989
7413296047
-1
61658439
778198701
-1
3109096
20005258
271322342
9300382783
89662475
-1
4462842896
7097128817
384188540
14597413009
124001796
486664362
2178643857
8434919846
77631125
-1
5181990305
3849475625
8966222967
4520978025
7821503
662453380
1082522401
14645678
24372565
1352185439
52812
1210274
2148799867
92204190
13744543
86329173
6529004349
6571712346
554404130
-1
2375001708
574879304
21294171166
15765094843
4967068
504269
-1
-1
6975951937
1636162354
1037737025
203526513
82420544
234587606
13505450459
47178353296
143233976
444302044
-1
5563686774
-1
12740591194
25344155030
1947283
2672334
4280407555
696374714
483779593
2813990016
2899981160
-1
3424578792
174271397179
25098072
15049316687
1268117373
1037331173
1383248124
195422079
58873928
6083060
46345336712
328607335
637548292
-1
3234340429
1710799427
805281558
18321373550
31677494753
162513720
3723029731
18542818608
-1
951014556
3570391116
2119171149
-1
3390144074
39270602
6947612
138264295
210785893766
61795
9269074
14880890454
166547
-1
10544365029
172418542
23450186
1102784458
7004109
1566897
-1
57769107803
8589507817
4370246
-1
9069626865
6268129056
216972271
5959957
105467808
721530813
685148880
33261627
35430795
351000902
10341609
181095220
2400542
2918177623
31558640
6352110
3798544712
-1
5047574527
3329197084
7458841
9633492348
12132818800
-1
89328
654822483
-1
542136000
3218536315
12652351
5972009
227391251
8632181
2731718292
20123623711
355782847
463026531
6307389766
726692121
2547202163
-1
76033167911
307989441
19000494344
794063298
9125021862
-1
223007534
378610774
-1
289102579
10225235
-1
2563469891
26367254
4492312941
12929101
848809429
9449896
3678485981
342111644
18523253
181852961
1621862855
585121550
3238940830
459641204
1779540516
4739625
12144228144
203968032
16124733
43618440849
61845655
246164799
3107668837
1875238946
664569292
84625730
4600862486
194073188
40469553387
1271415
2967527263
2133242811
225641154
2128169565
280810868
440243332
470773875
-1
12055356
150033466
16082914277
3083225259
786871789
939888521
85235531
4580266825
27461172
898573011
3665398180
-1
2949860
8068802814
4095934833
8560134640
206142689
214459875
377085749
422859299
3084550618
236248807
7267615002
7762400891
965978931
162147509
357836385
39653837715
23474054955
7655333398
1353449771
4306893488
1300834522
16888518016
1389619
2487200
95297744
444951744
49311971
17359357995
611875072
2057378
831697823
466121361
461237464
375089702
137434922
449766042
25619088
350009987
25152998388
632266871
-1
7164731814
23599754084
213185632
1419324264
20968049
52241146
-1
3848669013
135929014
3841151274
2810368
1263245347
614038289
650815901
10831612
255270039
2362820456
153202908
74449206
126537599
252760041
837472463
9569446543
3326057937
28909609
2860751853
-1
252314000
-1
726819906
23152
-1
15905766
45443229
17722650047
4700033270
119728
2484695675
8463051
-1
19317124316
112979055
1083719123
696944931
901011830
1285571
2331390
27290380
2532332347
3807734160
1028839375
19709138
-1
76819069488
2594926693
161965817
1886562
25727681
1261444426
116322608
660505851
12818796137
92842218448
-1
1427121558
7713845
218888372
858779
1149598624
21998836509
8624307
141234222
3735212682
745252254
959914938
32716689
627740538
33470766
1341624
519721154
79360216155
664151067
3266857624
5003659
-1
19950466739
413848
18313643
54276854307
-1
16809765188
5569600
25406142268
5409569989
15676278014
383933265
632016658
176305200
22589499238
27466866182
1226596
2404999
8587353506
1706728
1580556782
21108840
46358309
2877447
5661414
42239224286
1933075825
-1
916549448
33637802
135842765
42261123
143545296
273089737
227339
27800620532
15347975
276315296
6631470876
-1
220434935
106686987
8406829
8104743234
180577256
53791320
-1
24405098
16728370
4878961308
371397010
16087276
42110771720
1945583446
2150855
201708127
36614605
11451529776
749186385
4805185259
255213955
488210889
1849168966
33727206
7654671655
627722479
-1
2831508164
22834072342
21026586987
3088320
152801945
334368795
1445715080
4262707612
144129405209
60764960
3198717
122489446
15046037403
50481129
-1
29036498
18313988547
3191321
2235257
17293998021
1142943512
2500618
206716665
3774180
-1
174360791011
3693713759
65695914
73343426
29329946
89093
318769549
2977745145
2865195761
110508185
57074608491
7768368969
11905857
45757203733
30533530
4212551323
1939010640
-1
3540311865
-1
955954471
4260550225
6637881589
530904483
519884337
50706002
5958169039
731568673
186854005
12252716
7158345
607316040
178168745
1516386136
233123413
1798993164
41088403
-1
39301527257
202823963
194014295
42259
115803914
2860788135
8465095056
1053785945
12183349487
400208901
587148030
265031139
3345850549
148301027
5678373791
250315598
928756086
1351594011
162444346
238736136
24078868404
7534007
7727111405
21091883
277048105
1304379044
-1
-1
73507765
603690980
99754409268
1247806124
612301232
124061400
146817438
4848129
585431517
4940687516
4619948690
88918020
89040235
54283201765
130261915
6798011559
81447990122
240957375
-1
57208109301
-1
6142301958
123975321
13933935691
29335660
5629709518
109983914
24709630
11836031680
58244858
4771433298
19180085569
8025525607
2149091
84293128
17321126679
2952291
1842003
91715273
-1
136907199
7268336678
13493461132
-1
8720086
65426294
-1
5909812241
89609334
58009821
6573875099
21812363
300755059
3633287
247826244
372420011
3296857335
313308934
5091151156
18637088586
251437463
8448331809
238823500
5333960
1326904266
156063339
10011177853
555470644
210989517
-1
2762161273
4253886
333430938
505969208
14652564339
8856146174
8311093880
4273400221
96396313
621305011
170317313
25145494527
204408836
158741449083
28706361
2067075725
3705356090
10010075086
9567035
147208778
48758352
12710637890
22435196148
24670502889
63243933
13662915318
50780487193
980992846
3012064510
169724341
350683625
895172422
85149054
21345084929
3726241889
-1
144012413
12724220
7261753774
116035184
33979435202
41608891246
261514899
2047498540
5113008120
48711050
14534176061
98798185
63388262522
26581057
45023103
690819138
655546590
2959606665
224040905
643366133
3929233041
2388963562
222742335
323152
1889944632
2266334104
2568870
523240668
15252459175
173676365
3561697010
1494051173
1849477969
1056550
818849758
2586009
108362800
59163321909
143502
5515774681
6220690777
52730520
4076927050
1151372414
317544081
10996008387
25706249322
975117
922487497
66549
7319785007
501400509
1804537110
30691535
23116354854
-1
41950758482
-1
287706763860
5927027
59438207
2144722
10555871352
127414760
1695426659
40296664905
5801367426
104195
383087945
14012298621
22944710
-1
69538225
6519759
1168375501
277490492
-1
1363740
27190508
423644359
8730958392
325545110
244257633
29325078
1423487840
10875703862
1862148816
8586472217
4448047
689865585
101241491
778209777
2301759771
149389245
2985091
4720547104
820216449
114128701
50592082780
-1
17511017976
4682977418
424890568
898325349
207446634
15137903
386741787
7117105
4073949316
2601835
58493252
25664130525
-1
5282546759
4929888208
158151323
215371744818
25440402
396069088
178019561
1546416679
84804850
14157315040
16729238287
74853947
6705201134
1502586109
5947202285
152797832
144488315
17373203331
1923135327
318748963
41736541
69759416
8433382537
8977831
2282109216
11551603
813644740
477164520961
4084634
309456969
51691717
27427829
183618735
115531354946
3695188140
2917666399
1169702751
-1
1357605974
87193929
280641531
117035823
2276955326
34775571670
5637679
728749871
1163768350
211646395
11452838
63334295
3613855287
29108130
18337041
641767403
1348373618
247638845
38269292
88702977
54685481
-1
552959
70360559
522965606
46505648
16012448487
50768612
27040063
30223602
27997811
107311599
13009873863
693821923
65013720
87763778
1120438070
28462994059
178400
8771146820
24646072
2136927618
444044279
37618095
817904078
5762425
27627420914
11753678
2331156733
39362405
55361204
14996040612
29358065955
22036912
291856719
1570542546
503269908
1661767603
475563
32971491
693867793
546968164
-1
138792323
5778796
316115530
55252554
21456703455
34802754
2088398028
244606160
6463459
121512697087
1218499231
-1
5536717823
1233978380
544905884
2720843746
1641637
9674261241
1174863
228176435
410128857
18057270692
38625351425
8813048
8283423859
-1
9127457533
443636332
4315859504
29990155668
3868055
22654867666
4060084772
1722365536
-1
5495458221
9309845284
1395801928
-1
159782957
218277508
264132246
58206727
369362195
40429380
12950262
105849921186
2124416240
636506872
1062663003
1453438337
10710844844
186577462874
4477787130
1860895686
8088741576
278576809
4864928814
2910403453
4545185
1035894107
1049051
1793674
2654331886
332539855
4191861088
734551823
11916905819
146148052
5595933166
20924889804
14844886
424383141
3008021
198427947
10644450
5091796517
58251222
1322800416
3571253230
-1
814643330
1268612056
29521752
18374986560
1854765670
39199335227
6126028600
136341373847
7602796676
2590740679
89134343
97411075
5218993812
24559039
600591
65373359
8275336154
3958586889
13582354690
193574450
8068923666
1368228
22021248690
1089636378
14560430
8101067
1337508720
2041515510
1361195836
274500329
61342846
143743418
692233167
622804484
600144665
174437879
30904046331
53257342
6892911870
193392406
96281234
21807215418
30383844
6664203
43206217
10823819
391908263
3164042057
217916518
80235468
-1
14061053880
117004301119
703871537
161287738170
39788222421
-1
6780816868
9686794
20129309
198585150
108528
765550213
18153218793
723026813
39956928889
626659171
2126974603
-1
76753774629
2337367771
2542100011
1314759
90026054
14599885116
5191872649
34805592128
28517889715
1360498727
2785029670
9471399965
735686722
-1
63734370350
5799869097
21911971805
17619598217
-1
2098194112
98893636
39794032
479305070
40641784647
28922044
65067219398
1608917513
10161054
37989146
-1
-1
5676271791
20831922263
4206726244
2531605553
211817381
354373458
13412214983
62795399
18581647
52275814375
31038383
307694373
139061743
213767145
-1
575092483
127791121927
1666814
11165668873
6442834416
688686852
3228689419
3169799
117566947
380307123
1150486559
336092533
2319397332
129348880
197426388
299772301
95031543
3564249380
6183275
3376267465
286671178
-1
64372495219
4693619
521730195
42161014430
35079702906
641928
69195157
1859593932
3284458269
4194642361
-1
-1
265932148
386463472
4831740754
905147925
16524310463
9407733633
309259449
6588035399
4412668840
580481521
20358777
17117050
12123696107
9015387
33638826680
28739740
86260317
483962976
43853725587
429731400
23130878828
8223383
3137338
15032221918
6959956029
3175481718
2885216
6122673439
692348077
89994661
19128063
19892184
1842380
342558886
284576473
43818041007
9669085096
18679639
69268634
5786229224
20181159
154572001
3171634925
86621932
4555841
212732489
1503626933
10362332
27411029137
4310815777
6620507
38270240
1711322
1106027453
-1
1782440982
31595040
5715648588
28407636043
-1
6063537227
979731114
160015301
1503416681
13013748318
31904062
10569294898
534735005
28401459451
-1
1100933
3803064538
123847902
48845711
-1
177734708
2838191553
2268453593
1821234
1314019
56712658385
4110608999
1115686
17026153067
8094972
4979736054
245228596
3330284778
208669430
41722217820
1341032963
187081989
310121860
18985474352
4448991
53276561359
52611708
5119333430
9453637684
154274539
42640999
210134
1446069900
1351676
2440520293
2524782467
30587256571
9003993920
7612157369
2096276450
44191651
6985084778
902352929
6416583563
4398957508
7366546
103687728
3738531448
8296354
26763920912
4330404086
1032999730
335882961
123157889876
113988885
80445959
261778228
781944255
436556298
61903985
2145344589
7229052383
251161005250
382821747
85312619
540078
288099229
531661338
12448882699
62508622064
-1
666154
21504138
2446513306
130374816
540449239
447540207
6024346
21187837
145558340
4626919547
-1
283062513
102374337
101510786
5498905688
143699459
30703347
116532089
421469518
692563786
25571209646
1793388130
229594006
131397618350
70631443
260140648
28559685
11676692408
3202196913
2661920588
-1
5759202662
14782550124
562209022
14047453785
-1
12585951
67362741
21980395292
2256681451
57555128610
7083641
