92270773
12185978
92597697
43961807
499495175
127745174
264086930
5522414
25498577
20092893
33653700
110425562
62138440
115757301
111853557
101138067
99817374
155394787
2207051
-1
30485440
210636002
10547947
4885378
38573528
289821477
66230199
38422884
617977676
17784960
140062441
595263252
236261447
19913950
198071625
12186230
258408753
85607979
84018049
296012933
377270606
294910859
61114753
174399026
26910119
128797540
9341420
194345022
140675640
123660964
-1
269021026
41233169
586709170
176533782
421494689
1229992
647437955
6476453
482652328
47988486
270915783
230673550
132553511
500543107
4780831
-1
147653844
62254707
10590263
260483933
55248
272667199
661768395
426665
27578104
47193001
148860753
311472104
4869987
4028341
173679236
129793885
339029728
5024348
105754176
196276230
45847549
480614681
214548939
28969715
132141228
5527076
147981811
81073145
307837646
108878424
162999933
11365140
416805832
