51067810105
12829913
4730299110
101760682
-1
1116692856
371913211
3200032769
237067501
1146349288
2621430779
6600245233
9234280095
7912077242
667523806
-1
691179525
3102070376
32123190126
23681063080
261493574
189122899
15754524835
112291346
754886403
6969399749
-1
3805687
243858900
1289005002
1284696
49520815
10545295275
6717016076
1036304
535715646
1178417790
4086506
215972767
9650492057
4175
90500206
531113574
-1
8116151
2328668446
250838727
11521170329
3833550
145546706618
4474539725
-1
6430162
1669965
1071499731
78801109
5956839
11757661592
831843399
29762601
6612219
921253710
8322032378
26167103919
2679563263
-1
16131015
-1
66750929
8443756
15526057
1202385633
373287427
12749079
3832398611
26853758463
18246688032
-1
76668471
156839458
106997904
12878569
-1
77150209
8967380
8985929
3742269668
2230757
273461362
7664816245
16931203719
385634908
16472485
6236927840
821861612
20230784497
2436725432
2083924907
56321254
13782814861
2304667231
650054943
79557550
495816673
4163667
988859823
139841243
-1
1100213531
237602507
727857217
3156599
28603998
21068646390
18710445105
682390974
28901613
988528605
11376252860
-1
307547227
225173342
4504160453
434999
20600828793
754183543
531210
613681513
206560406
-1
58310765
16960112296
46039158
966198704
973189794
3037047597
189755460
9324296678
448260654
5425597390
82101948
3008163542
3546363558
20646311179
1061121687
73774050526
9813746380
-1
188476876
27629075
59357169
58157784
221614114499
463990732
21762358952
-1
109446713
603200
20421682
8107557030
14331040
-1
9563777588
42722385127
54307709
2092262056
143773580
797639481
1715513
410730429
167600957
142619253
112152348
78145916
145672216
421734
70350409680
45526455
1015617351
11260363807
418023476
167161297
7207225
3740241389
25118616
48560260
16363803280
-1
12635645084
12767568
19704227236
37224748
624974345
43904557277
2230939858
59643677828
8802855
1573392
35909748
19677765
258484514
397466297
43877
2342775445
1750105
4102749776
141287118
15910673953
885420888
14056642421
384262631
1452800232
9768772367
1062452566
3419372762
34917045
8665248731
199849641
366894566
312936432
4681596
113435932
13186230700
-1
2036133325
60024494363
65420621
88788
6755647661
1298967233
-1
89304130
42034549
16211003868
34404214228
1823077586
-1
971597464
3771917526
41494002
8357682719
-1
27698435
111961
3089179
5314981794
718260
139486337
5830741274
195945185
42927107
35397707
183795693
1591661
33731296784
298532093
4669509063
14102277
935614
50937135
49356581807
229227903
6034106
1502618163
3034817
700868525
34694732
14161745
4206465189
652031127
-1
11789425920
857179
76816506
297468097
292361848
1410758978
11639285711
129859773
1506213199
-1
4066960503
93898569
52040466
354356600
4126603470
30642375
118262773
61573030
3084766284
74275665
-1
13048792
-1
144234355
-1
-1
242736958
3242608207
3499736519
-1
1809929505
1183665217
520691
2677305153
160555829
2054351643
31873494
30932356
1300205187
7774320012
24440225
5283058889
464752050
-1
6099545116
55667232769
688514
849341305
180249852
4935042005
39087298
1207576504
273304520
7108376
1201333761
42200654366
940236
8576355
46680511
336563870
215351907
1503294
58575565315
647156343
34213240
11098999025
7126374411
3829626485
300141820
4462614
1199627
38845971799
-1
32153230099
-1
103975466
-1
990669890
-1
207677137
1457343346
190648721
50727303092
60566210
11117005
1173775848
1326982152
1266804480
50916627645
312018
50394797
243397284
79929612
12008466
7426211401
78384525
73685247
-1
1717579601
5262015
5842272
22257697315
50731467
951408223
17094800349
21032884882
945913327
1335934
3651543455
103124101
13066
2738222
53846705
387475748
1720579682
3646755134
804063
2963442640
5953500623
1487335787
573831228
1319855413
-1
6078304247
3955382120
10635827250
149621919
26982203790
98439651
118187800
82725287
78117288427
29883058690
3090529464
5956404
1296969332
141300679
2811205110
87645537
1430721664
9892877
5807243
5000941765
1442581788
49442032401
98692791
607198394
1020551962
1178806364
5244762324
82621948
109473436
144153670
1315558146
330431326
2050124698
4442979015
708540848
14809166764
2100293344
860717229
-1
40587220
879494284
187703744
122908510
5323001458
25053894
2688330
91831354
10227930827
26791492
171075610
3223608943
114486808
23129169215
963583068
511444410
828051137
2374999042
-1
1274568948
2211834017
86781622
71126942522
2502119906
5767654156
484977723
143211003
117376338
10162541073
250649
31497622
1345999864
2896413834
-1
4709935994
834403434
37935149
1511735203
1480896032
6772704131
4291694503
1116522198
-1
33940964
-1
28324083147
5349689
193117766914
4889868146
277687149
15476954
410771
48202990
603720080
614401562
2019446560
-1
3355009012
20057216471
4087421485
606481451
13619259
418152558
15177721
495926851
493920751
46338073
3211907860
38084466425
55682787862
88414926
-1
11241509
3865076819
10092132
4659622815
11346329635
347482
4177395
462062356
1369783988
3406666483
1358106187
2731299162
185752490
39343210978
1724694
5865905
7016026867
5115588611
137131656
14603180
56112950910
843271966
7122184
1101202904
8046404621
6131071567
-1
458642699
46141848
4448927447
1744731445
1832185082
113179378
6026112473
700430453
4818353695
1492711270
1228365772
55348841425
406960299
919835839
-1
1159114699
4472495353
1041685861
1900325201
2034004373
1744514
256464037
5225224
36617830
23498815501
-1
10040014
1704926
761619797
23106416
10806943905
9436278374
990819318
5169793562
611135234
418245
8276649214
29985554
106166001
350599253
486137420
49340012
12328
62201
81105485
1333773864
58737108
5814906
28903184
48712796
35212290
3877665334
269855204
9979212489
588522045
80791167
5563357983
68765136
2032375
549332092
1845811215
363894783
4800736
906499715
38119649284
10515753560
542978722
233678111
5258494
85127094
1370255357
-1
1243328
23787
362667537
2547875910
1470039770
16559183
841355799
12057008847
1194945100
246237917
603280447
12799632
5727659
38843625106
306079193
2109818982
46581510
37668238
-1
585631065
145903
4851601850
6608207442
256949384
67010860
4851437704
1054822
855396
381986
911592775
3670514387
263327309
246632495
37312151285
6805471379
11745230
1857730725
1009516853
-1
-1
379050981
64070656
96931862
2355472718
3569125468
3189596320
31367967641
691008
-1
944810
1157538688
44563815971
114801698
239798
96761054
1290147
6590843183
5987942758
166382416
1178545846
-1
68404532
34030628
263398
6419335278
89022703
15725368285
38334041
463050672
8845635433
211326245
4662606377
843959681
18799556
6708935133
219487
227520173
3970656609
3534446
9797044
14210683703
113577653
7794936
29159444299
1708754543
943346435
-1
8600386962
8790085
1266333941
91494320
1854754450
10283182
13612429950
7760934208
541505580
13471583
6003501844
2676003857
4208067106
546197597
464533399
-1
109201280
34488215
8493786141
9800706
440015779
390321541
494510843
764507719
182483943
-1
63402102
29939840
5339617
-1
1779214185
27017550
5727917433
3209462651
587062288
-1
13345444
3039053231
16315248
154989306
251609604
4306806
7860127215
4145325101
5454662
22708565314
2244866619
3695722105
23997022
2492915
-1
448856832
797952
1650577
818501191
31808389
2759407324
15631089
10775175420
1315145048
41164751604
267809417
2317511095
78094536716
16412052
-1
818499334
5753640152
563218962
16633481435
2678399473
144651680026
9476943557
-1
256655451
1201606608
29391347
-1
-1
-1
15445201
1406541044
1646535985
60722040
7678870972
38094444409
4034547632
210116771
-1
707234368
67809943
928699403
1710340
1250415
277927768
41560336
16225503
2519952800
178508141
111077616
173458
46151002
799323762
614049384
1625861410
2000509229
51839372
2407149499
117671252
924975
99033530
130906194
5158087420
12000390
9224658
2210948132
4666699125
463434
1745061276
1917611269
485177427
108544923
581557332
7181294375
49554943120
29982197
2581912352
3790414032
6112913173
1479812270
37901152
7156245544
217535035
39530556
123822339
4336381226
2032999984
-1
18918734994
10882090732
3877152601
1024355210
7205873
2047369706
269383687
897490741
126196172
1813257119
1951890088
157175667
433791934
62188987
401396516
9425872734
18001120426
1084560586
5286935614
437832
114639067
1489162021
218499095
1168552535
647502327
41550862
16074900
3543585306
5092973
-1
306503
1119938551
69222621
559924341
164618934
8500458976
2456106394
218074120
52811753
1740445984
516041263
99887090351
-1
1900430308
140991127
13105945
18536307
9515342343
1131110868
177602802
972577495
6722019075
46833520935
990389420
15680189433
71008149151
2903074717
1059028381
5285746781
-1
3021655381
81356798
-1
17597890166
13199028271
1304724450
1410363632
3333674
107394983
31902838
94368173439
80051507
70025572
222075283
20471973
371946319
74559165531
2013093452
1155233585
748247
33408763
-1
-1
904287063
39407106227
62051055376
29620494799
3136217479
2996912262
2074938
1903349
88209889
507368570
457805109
1865586631
308700843
186757676
1192665092
669408371
-1
3033421723
3770951036
995471085
1664234222
98107317
433398538
-1
3144994797
74971212
1077464
244019109
96054383
460732811
903080913
1951773241
-1
32280271
753692125
5345959276
96526566753
165307
8540260
531960503
5232119721
1358858459
1697022952
726969908
6405102794
14715731855
165888690
88944058958
1444292103
32787777646
891158723
1327668197
690856847
4796604
11540203472
1358812786
1036224479
21856943545
5008145809
63279879
10463748049
12756306740
364720721
80674150676
1762810532
1654807810
-1
39182892
1312466455
20109059
3217501931
85300038
-1
20713483
73457429
4747654623
156058065
1682252877
1260435612
591924545
15051991
-1
758385830
1432167
158822555
2868037924
37018028
3867817269
-1
962722621
67047742251
398356954
112965815
19795943
163523177
42111984
2823797165
503502588
38054730
17907858394
5950854
308556307
58689359
703153
14229174
28539651
1734759
9627897347
8330375215
604583266
2688019840
4650197744
370060896
207931325
49814042
11776091
13330215
18725410980
7761815
4574451801
1233583268
39174656879
228857697
31857557
55919718
-1
12437565895
6467415174
8392132797
93774893
54469846
1711765
1057995828
-1
2599293074
798044253
-1
1710558520
13714907
20979095221
4749958779
169012864
594571317
1406761
5441659889
372435013
7365324880
455242886
6703437893
34576779
43111107
202258
566345
-1
326429817
11714
79653914
8798575878
304706181
56678263
67408802
5112981
152758647
-1
13757919
37225574
1310480362
846973350
9545169470
-1
2803442200
327998810
1558011
1217967301
383982041
1394469506
22782999
387443244
171421166
406426488
144046006228
340231571
73158390200
11218910548
42094846770
114693285
1393399996
873465361
1126340643
190672859
7907435960
230843831
941393148
3766764927
-1
3191980389
99191898
219733383
96963655882
4366220494
292303267
298756689
754121030
2581419816
159308515
78438169
-1
250700429
688920
-1
2876569886
11256668
629626674
549869248
7128880
5764203168
2024683361
25759410770
687075516
20364169
3119372
4159610
51716066
46313426
708881
327233950
486905257
23649615
1994522511
-1
2135672122
18389534006
9793550
21654927
13346586124
1494679396
7674030274
9411170
11199467867
16723183842
238073543
508948594
-1
28586689
6787240
5786126496
9254345199
2312934717
23882424122
2556099
2581509
-1
89251735
21856044838
218210308
890662
1910440175
356038422
780744
8242812870
-1
45054210
19830795023
2640676
52761354
12264688
11130633672
9093057732
-1
324312699
830756051
-1
2822488947
458399027
199236244
-1
15895060
1542617925
41923658049
916621160
7863430
4425836
57173183
30175017167
264366300
1707018
4819254
29811245038
2632272
27996461
1826701902
2210196363
-1
4023358410
235949825
85268746
321212619
79273902
22112858
977704743
29270012
-1
46286561
5015500161
95490553
1353498886
109811524
22777240378
18889214
4278498303
359018457
1597239224
15814376467
5499776065
71347814008
11863437812
1076994091
36044930799
89676211
24608569
1616677700
16109551807
-1
281982342993
1383220765
473788
-1
685586861
49862126
126583020173
1269910024
13411111738
6332815170
87354825
1189634
2042251047
484875942
-1
-1
18818114030
1129604229
10254240
6027490
-1
4148329770
90026584
33038819
38338503506
73990181660
-1
36018778
455280232
5829733020
412745494
5792482380
531075760
3397789492
2490547
6040770299
618664206
7730183
275195746
217661219
741052838
307959713
27296089
21138271132
442742257
31461142
193585619
5295070558
3091738024
12071653677
13538064877
25166461
25798256
820844949
1307142740
415053902
75503502
10257857024
4832687
973663834
1051469
4564448
-1
-1
22986244769
2337127199
44403802618
-1
6718951933
4845368517
1041656007
79044
628403705
8725592899
320766482
157697350288
31737501
98137131746
4453956
1062868949
2732868268
527001676
4619932041
275057535
64347071
-1
941635212
178714416
12131238
11545387481
2298998113
270361688
23534842
-1
342068016
5472726
10684914496
38316330663
3306537865
60314299
5733610937
26151812
139613625770
10978963
2031997020
665358162
2892498247
10398324107
-1
4102516848
53201991
7020482104
3423533
-1
56686940
133203292
137714957
44321052
79942271
167964286199
201193126
-1
3269233134
538482197
27517520
5700756947
198299853
18952901
2931338430
29904581
201913391
-1
994679588
9537835705
1060524083
-1
5661241731
5020312812
141611268
-1
216067359
-1
2295911722
901853596
11545220532
22859757460
2468323671
19036271
-1
178803666
21873885059
3007799205
1162706058
40260587
325556234
1319753020
2858883595
4550159
42212556
36518183737
130746250
282477489
505518677
875903686
7206192
29839627
1337620368
60269622
554893474
986110184
7762551
1057567341
3131891
3945559685
275560125
18247580154
74917328
361119796
4738369453
870166480
2423918596
1328350693
184278576
34306052691
1668892531
38355768
202490
1251540641
391226311
42872566173
9349239
35574695627
6736308
135197435
285234583
43112555
-1
67959367
193043627
298472544
689582430
1060359769
589646259
56322442
1884479990
-1
37915
1336349027
-1
12908625
31600950223
41804904
1074266431
48441795
123602932
421825533
434252562
540380424
4251541054
387529961
19476283570
1469829378
8799249783
531416952
814779517
1160033491
70608850633
73806266834
1010625884
3874
5249532
2857620315
2062466139
13744601
310251841
21762155638
14640407185
12737305
-1
9564125
273185644
3308633500
1557582358
657007340
1184339
438934271
-1
680315281
5971996194
27370412
489580235
241942190
5320545163
14551748949
8200155374
3481708
16404761667
44558741
5754400
35182964828
3564078214
223121821907
237772295
275828433
90382276
32070309
27761879130
56040597263
293980593
6569405763
8039575580
14605621992
27497566
4454595684
20010967
197284719
1600657465
37795721
167722377399
162285536379
14681723362
55527494
-1
1174622
2583114765
171851354
704154
28240603377
2532275528
10412966526
-1
801907286
1400249675
37276453
2193313469
16442794
181756766
20534260
84864564
2378135253
61252967
488414
135586043
11121539036
4146377
541030242
23090006
109131807
68313238
13908947937
57713573
6654747
31875790069
-1
-1
33902910133
-1
671392965
584182
6912919
8320694630
3080029227
31890891407
105227747
2291572598
12519427207
2464048
28940678
8104958
220631382
-1
517568589
12571875450
15966413985
880226965
14693850515
-1
535172492
2834222691
41309270680
4988855
356828174
13979508
28907201
222012272
205609168
67142330
31790074
211343317
3148647873
13642854349
-1
365804677
86029194
8978342296
2463995133
1429870471
19954725
3842664123
305074724
417394275
22830764746
1827838620
209582104
1146621163
791337764
4234661477
69423
156343718
6274565
541915571
33806770
-1
9692801
5350187
4846275760
2512206326
1835579705
6258946
1779427621
1658537371
39021477886
2034589561
6050659
1030197705
-1
60684853
540475036
178799441
-1
1053951
1735949122
592254304
356868107
34452626
7378452
360087068
40307113229
1265487344
2612316
-1
2770507378
22813284138
-1
147709386
8250629189
79174887
760989170
844785927
3301700722
2374847307
193285912
176682059133
2230362784
14575852
4275942152
36566974
325239759
12975858671
1161027028
42733447006
20982188001
2170833113
-1
-1
379777859
202686812
2383987468
981975447
135639412
161583406
-1
12722669809
21121005
1834560310
628592775
143555829
65354092
10274125021
21108735730
1346969419
53883769
107113018
25107578
7254725
457634987
39992126472
37155931391
1645810356
86569049
21121393149
155785954
542471601
1706292
765456592
4397654026
92955668710
-1
-1
75317983
36970064
1078651233
803449347
4956046074
68171637
8450927689
66292225
344136485
9240649
13149324347
28059349506
942912
20974839
16904105
1235832431
13358155780
288494740
178904491
68268742
723522
7509191673
7417063542
93017738
3135072292
21169934
230812906
1270028132
362248092
31376039591
52818828
7820866816
1003655048
14324075
355303675
-1
771565381
292467694
26289101
2087349249
14818300
147675017
-1
1168854958
460734125
68693799
7444354
4683371599
13120135
850514759
3485526
-1
133376211
3451335926
-1
223682951
7611331734
1798582190
5867859
-1
1291570650
539451981
423296258
113148160
18713391010
4825965750
39721899
3823668010
435218327
160120897
-1
421275761
21949831736
199630578
55290455
451909527
397354713
4217171239
140818197
480739622
366254698
19167215932
2380411137
680729767
10699285893
234620206
28852507
114695478
1320793967
67073514
-1
320520273
-1
125261530
1065155
8934214357
134326135
2423614444
3941074377
50476198
718292959
798543325
4337926
120550566
120899767
777515130
8079558890
98760462373
192411190
-1
48069550
840885488
876916450
43654879
3777942087
1376264
-1
84208151
18624131
25673828
152049039
915507567
33171769
13949433
42982840
2846618238
2612195
4293395231
8771493114
5737797283
1332231280
3722732343
2393248
-1
61723220817
500661946
-1
9122173
94330415
14287348
36545097728
214314050
4710066702
2963943071
536789383
-1
21574418638
402740667
29162863291
155680818
1580618136
3293391326
15011550
25867489465
2667254288
21063713
19180066
744164
35128678
5806044704
814848510
1131637281
6951274663
48610279418
98257965
17280050609
145266965
64471449804
17275690015
3339196019
1883038365
-1
1162304750
1581939548
67887634
957694615
51224435440
7716038
706185163
487687682
50984051413
168184632
479335
180727320
12167322206
2961187390
-1
39466691
-1
81760297
23509633
88203446
691601426
2436928
4153821867
-1
91221841601
20978853
-1
8140322336
955069
17728154
194705657
2049392172
3438671881
1088622142
33945316944
99858566
153649094
1131968588
265155574
83850262
26030694936
-1
69878823
10276956
3650588607
174531768
269240809
2739715
-1
23384781
7812492872
199004591001
2055685563
311834001
7244296050
2256885417
1294807606
36486617
2887541558
-1
329839
531753674
95940122
34478049201
9639110041
92955448
983219188
84784962
1797880668
674502383
1472414266
4104641451
2193228573
89020484
8373034554
3252445945
948411148
12959537
2801995550
380044849
2666393458
451728806
1410695296
4276821179
1938028
4043661433
627657034
12606708
13183531416
17983413
8353414408
1089581058
86170038
14990128153
7526199236
1908903948
1618250807
202242772
93905197
81911153
36251873
673899919
44273130
6327654
-1
72029012
38067202578
10099621553
321330800
23041613
65792966
662075449
110078852105
145796825
-1
166343689095
259982959
47097655
20634442
1705665751
303797360
1423021511
24920207
22798875636
-1
1115677
513039707
3211402450
116391486
1666618546
878429035
157302459
3359722327
3915072
655776620
18860049
10501675233
-1
39006218641
2395479977
408721187
174853689727
297314511
-1
-1
-1
243729088
2930855477
-1
-1
111001114
7346327152
101225058
20141783
997350104
125491864
-1
81637066
6434795417
6816541692
38303852
17610355
718482
1249886989
32674592
3029617
2986186970
162218031
1610342
23942685
1480548782
4537449971
554648094
7800727286
152885338
3533350
2327123388
380337597
14448354477
1428178479
54569578
7824847527
3460937085
346151086
2698130807
82719608
1319087895
148340236
639516382
500771815
1100546981
1018173616
730289
118790
54911466424
234182440
4962539305
5216145632
330031490
11689157
3281630137
-1
16707313754
1839659873
789504
6748816
55935889487
5819666058
25074941
493957766
263259924
410280834
77151721937
32376276363
9783341060
3024995461
66261988412
3965291832
5484510301
1217350524
2388239
863234137
-1
8587981250
-1
-1
47582267
2314072208
25596261526
1530733937
98353829350
29145924
1045457940
3840425830
50996812032
24954582078
437848212
17239239224
27534355384
511618846
493146016
3124849540
-1
5891841
5497048
6547535620
-1
268899044
4878817756
4227741877
76988592
181436132
3128283874
244567526
151774172
11868123387
-1
1892615568
600407932
2745607381
2557732
22123778
-1
2211740969
1128610415
553005920
47303516
1272368814
14446473014
9045577464
4290212551
65424849
3656513587
54431683
125169296
7615812527
6677911718
134131309
1128856737
2595118287
71304162953
8539997900
24744134
345430285
945279620
6204945426
9093150029
207913738
-1
200517867
434019023
3761375836
27561766391
546179242
4814371806
28810153
372037896
-1
1086988865
4218776610
71247670
428247524725
2921629723
-1
740553948
49785485
4666401
-1
17527748068
10319421960
18550090177
4746546857
655817509
13260660
3705076044
404818
4412987671
935457120
18832391
32530058
123192837923
10267214118
-1
17608382082
424617550
49996135
788019730
-1
64878561975
289105977
39701084
19233518
372669015
66834728
9571108
32516226433
4877406446
-1
5911386803
11016534091
170456343753
155825950608
1705717072
6710520711
1667715535
-1
119011650
74616602
1059017046
2600518178
962261
241494407
681190150
653624012
11508959361
1280138557
144713393
22746582898
579208781
14701454492
1121345709
-1
62877195915
1994947870
35666346
316039500
2833932
-1
7780304752
46863781237
17187667
9208222224
22384101
5495250269
2209100403
2851964887
29900307
144809161
34823411988
1252280137
2466438645
223037873504
2479283718
13169620004
54361331
1453851664
639378464
510880
15444340
-1
32259546
843146558
20333326836
4707965053
135812434
11007115
795493560
47793103432
2079866424
166613709
621730757
586744739
356875747
164641140
43501351147
15622925
9077784
2311302641
1015886459
1372327231
567545998
5667516824
57573951
11558951
111103131
3138951725
746705558
174510623
334007216
-1
5456356075
2884653704
27277375933
46224784322
1825167405
129441759761
388111143
-1
422595133
5403465805
17932737729
-1
145961593
1878131
328143757
29958752
93346338
470614165
566366499
3209238
684212215
-1
52222048
24546699
575414
2206391018
1828975
7090643971
841293513
74423166
3010348895
1240931612
6336817465
-1
473921736
12868890
2171608208
7047190329
18836777516
74785874
3534674
-1
-1
1210047356
73091363066
3877974466
-1
229495958
6158164136
7449618568
462109138
1070348634
34730479
37570670
177329199
133657509
343586
149137844
5212806
96984316686
16878197017
21165567739
21251776560
165218334
1883732460
3853774656
6201334
180184139
-1
186372554
16641949
2027496
456162027
12018817130
3725063244
55582631747
5742439708
147110661
17097599
27435372
343966686
662353578
2990071412
4015
98423517
77122356
46752397524
1955571920
4205160183
4235973
59137591
58303212
4108193273
15436350233
190143400
1137232321
-1
172977090
352027
4369412673
129843093
145365520
38174018613
2277670655
404276334
81234210
-1
182735
10693906
952628004
14186328527
1294432
2318773381
445673
5717842905
38135214
1742799520
1136822817
-1
1496468646
82601155184
1294629717
85294603
-1
56569835
278036305
5459968
2997827
-1
13131684
-1
123085819
781118398
58811101436
25946167
5893148675
-1
123696736
12738709
2685549498
1302228127
13700758041
811627
-1
496462227
-1
1511673959
7063453287
7191036898
364866349
28079266
10059302555
5043975942
19838433285
-1
583419600
-1
1825769
133986925
16470289974
585578143
106534751185
68207329
255484164
60368534939
-1
591602682
167300049
18812443
-1
242006439
690075504
998799905
60501882
150375268
1281172683
23534729
1383907486
2038702
161980466
3749246236
1199620074
841265558
14996298930
1413080996
1344225896
6065320
92486708
144930528
834210257
1452985904
29126077720
-1
78973004
3495758241
9556554264
90973770369
2785501069
45050316
81959656001
6819139
180904
-1
31416126971
14950014
888226312
23419390
81789767
283432143
332796320
555699827
2097982301
14420196
258651790
8854105713
2439076265
758176
109136256262
433829295
-1
961025799
280375736
2065128993
59625750
2147864
421876017
8537896653
1665938529
9815968
13472439751
82461137
14474357
650627512
30954274954
13662776830
84298614717
1403280214
11450662055
4245250384
370922768
82868922167
539506888
24262163274
4000182365
25583057835
4587117685
32857422
604489902
6874664
46444854271
5000818
39646034
20040
50392879970
226495101
171527682
9518334183
34893547
34657740
348717641
38867311
5183066372
955286068
490461628
40497589
-1
1015996752
9247383
83201918
308895
193667464
3424123737
3932132834
24977705582
6494633877
73196194
1042313
4795582678
58497941
22262932
11014832
4730230269
-1
64450212
3457905860
114641951
8808000556
5636767
11985658061
49058188
32393861080
1815321198
14150881
2859064144
11862160
17616165
357651469
491586
5578019
5633206112
305021103
120888937
28692997
298211650
137006
-1
137731
11728415
205372888
388921531
8485536800
16669691
2618628520
138150366
26894801181
353847335
55796755
-1
9957442
44919134
41590262
-1
5476506732
1824359
19522656
17510926884
83874254
389724788
118283600835
23550894873
1806965484
12601644
3941216275
1571791129
85466811
24818272607
-1
21414924
3238006949
11655439
10298740
5939564
6540972102
-1
505417895
4555144192
28762435025
37997999
1132751371
-1
50744857
64455788
13476638883
59215956
503804413
59654048107
89800964
348527300
6235659121
2348982325
10108515987
344246228
-1
163909927
341706388
1119968083
64023978
8505899901
338562374
110508955
42500568753
265685158
74845088671
4097985325
-1
15252290401
744340356
16134392872
200893209380
22272718068
40689103
71234015157
2159760078
2957849644
4150830354
993516389
8091400117
1279711333
1898308607
5421817
89117641
1445487183
-1
510424828
11504939963
108997915
5223961221
134456520
172812426
-1
2110036146
3762497714
671026377
2134070
-1
7396153001
17397614599
17332481
3414774956
999621
8079837039
87510873741
12965476426
172547126
541184153
620162422
24205042731
5740464680
21673460
17611713
1686940
-1
78544066
71957205356
6492627376
1150114791
2397293716
4030033
735342552
298875693
141925495
1506647433
690379509
1948856
1792581064
16190343
16624754086
740361212
18776904492
38158557
353953302
13411641232
711111326
11380470995
367921160
1658765195
37053622716
541111657
196432713
388641209
105476792
4252039
53623322
32614030
2029622555
12216144827
140065466
99921011
463931553
145002
112104350
26509946511
31237071006
4496354827
30614947
80119874856
113737438562
9302770
7705757794
63196009451
5314562769
79682886
3896462053
1349820115
203997827
15364454684
-1
68662003
11341574616
286989753
2675765
4337546763
27457472
46659824620
48242540971
12045375836
64848815
114861227
917685848
-1
-1
1108913086
5733880470
4516999894
1785108298
3298283681
92822289
15277569
6071319031
1890347988
-1
15699814
1109737017
-1
19272751
43476384
1960789
228768929
559839633
309175891
1258840539
1346225283
1096387576
144878620
5963705993
15974811
652792200
21297951093
371737532
83190336117
22186638748
-1
-1
1610769977
5887906934
1610650010
2200148636
190474423
13800
1256504477
40673808144
18232392075
1026863429
203338763
773962462
-1
65190196
7697138
6440126
-1
1481973499
974150866
46052243964
19929206346
435134284
320812562
138995939406
798532365
9239422540
9639058
141499550
3927585084
15402720705
-1
158565271
3622443208
304386453
28818958959
8676476328
97354584
1787103171
3629156
60729339
1273081631
5968720459
1199944929
8988060
2401042749
6099747873
11274437
16404585454
2457001269
38058613
48829642
228516229
1366437954
1913630619
4241981322
125814934484
18373128
892248145
8891836038
-1
3387868786
1547567
1252819774
49311632
2608094839
6412655722
18239329
-1
48844277
6289114776
722013266
3352136580
451412123
114346819
1272209626
222052401
714014851
602542179
-1
422440906
328417006
56612570209
-1
10056651397
-1
61929148
131723387010
533848720
227402235
2465029721
3367167861
52512825
104081
23442433091
440864428
30302232468
2814363
47697506
12070510
291602207
173861578
20510113717
3410948332
20808139
-1
96032
861786536
813468904
143394403
62801473
7282828239
5129803265
299676624
16121293528
38498249
35433166499
277622
133167
2011822687
1730370
102267340
14575360
19572003
49922793
59734338
25627970
-1
202750153
9131125
11635769
369890268
7994912633
232131639
830446432
369979
73193658
41553561
3573838
1330224271
10198656
131238
2473789366
1986469629
-1
7793340396
37475549
2169952141
4286541787
804099687
1838529995
5784800680
3933308922
57823100
28028308037
4892964633
21822115
3262022932
39957932
161645836
1485278655
48230333
8346424665
445942
10445880421
11043061167
4886443132
-1
4034216751
9010851
-1
20070573
8620558699
235608047
46915473967
61991125
2917855349
13005587
25391170
32833002
4378969
3945770118
12216534344
262717202
534374097
161706851
12792189
453191603
26568241902
64768662
729888496
239685899
1833019400
765499777
-1
102832394
1082136958
1299829900
4609944
4339014665
102068933
1451588915
7111954
296654810
2413356690
306857542
701416526
8327946811
4969679653
67826907
4015678167
-1
528296
85692078
414626645
4651357
2026621968
3661018341
1295301217
2060654098
343624785
-1
554639
1911811287
-1
448347
99661397
8999479205
-1
12552857
48738370442
646760601
28066079987
4855859770
81409401
9987411162
2816518692
56334418
1381325690
5296938135
1841469961
136578789
315742401
31547368787
218873708
431925672
-1
5684822685
-1
4056447
65706034
1863096012
5364922970
3157795449
12209009746
2421566297
595849012
-1
200220214
6455650641
4020582348
811150421
3057388
30157835389
930149551
895536156
3596579
783063868
6084118066
2227353
1899460971
3349188406
24579520486
1089551948
1004964741
102534313
21239515
145724395
33724668
167132793
79792359
853731234
3592516724
3501285738
57891020
8652010872
6262600398
878823
7852744
227766338
-1
-1
3880507452
56127735
257840129
10741492
36515571
48055204
25676854991
3174880207
3170008
20050656
7590339425
36887431453
42156780052
675705867
-1
5033469783
3170195083
70288082238
5652666845
42577
24060901172
676442484
56143819
-1
862447387
2301314561
23346253
64582772407
780460887
15303485066
111928694
71524069
10508774
3013178631
166843000
11362774108
2491793778
138636537
2200686
1811760571
1262803496
39254227
2006395894
907466570
8695585599
-1
78529808
-1
101590986
985289929
24571684298
70042976
692105183
2784455
28506555527
39112327
9706853
172582046
-1
203673058
900728491
415583776
-1
942840633
3492181674
8375857281
2128945245
2467715855
216485274
66279021
3218057820
9821463
277184155
64268464
50700221721
33326796615
3805500
19021474
2385321050
97441087
568527789
2183425494
14056673952
2744652495
-1
7108711301
39446809636
23676405771
36641819179
35227804793
182814484
32582900
4210251
150382953
75044950
-1
4206035
355184754
669208690
2123539952
86326387687
271875661
40302186
42507492505
2366323596
5738791207
12730093593
16935788636
5260081127
-1
358673689
31880430787
2591111211
90635854
2221636700
819339245
5000864929
17165653
-1
66371568
1665277495
80393761
43443081
529085658
3289857950
14856180586
1142408148
2094972781
6684250108
-1
51397085203
11933362794
2805308563
1110273515
7064187285
62540658
7788482082
7161565787
588604931
97329350
2204891113
1426096553
742583319
-1
16790764
427336481
259250765
1621844016
462777324
95512272
226335591
-1
20999879
625991614
17784406
1096859154
3723424629
485255748
265346233
2902657414
1053765463
-1
26647209434
27547994
183112028
66828989
31904034
49111403
818706047
1268170850
94750085
66511024
14407700
76489447436
11963
54288922
623502214
3977186303
452033197
948982538
6216290
901019281
369524184
153840678
-1
-1
80168442148
425116654
71102824
196116
12683934
108082567
2010059334
163380
34114822986
2116288365
66004814
316850543
2136698412
48267897
3755836000
557397018
2561322046
2308377314
22568405
1248930479
755356409
42499273
-1
22019832
113008820
4051497827
-1
591244354
8794469082
9975771233
-1
600289454
5657107338
85904589
17525055
-1
1400955054
6930060
31169643
14384921280
35597584
70244278263
79626058
-1
146819439
2573500219
30143427
638578060
8031663145
320046994
182891853
-1
94092164
528366710
2295443530
10049889680
17700779095
26949594202
917327316
7314452826
92454503
201282519
621142604
388493223
21203688974
1338873500
707045756
23673160069
630522173
2202429284
31397855
183795790
17430013656
36904261973
173952685093
8013131357
17554234
287217269
544721306
1608434932
14264108559
171990716
-1
485788
2481354358
11974632
98707194
-1
664563214
15361908791
646851672
-1
108253244
2061644
5278242080
511144442
421209455
1205907750
420835331
85467116
135028683
3709876613
187235647
4951453
5890685
67194333358
20344748
70481100
17617528
67487178
6330483923
84669858
48548931
562425728
12129544491
1503532580
7819646339
2697172402
693045320
2526154908
4967952347
373094360
755966988
-1
8998196
226262890
108925163
36057700820
52247888
4837178247
60025173
97386088389
48887578
8333843178
687945
10226227472
1288836556
1161624047
10208197419
1731769678
10159312
118328280
98134
7200952497
82072540
2007850
1037245517
23722501462
2897555902
764388840
86081725
1929664895
104926070
81532623
2501689422
95580016
2612920
12179746694
90616026
128080043
10420235212
870166021
26341194
111167697
8613187234
411006949
34873970
501961031
16848186
1343451
-1
4565297
138850138
383734589
4993825574
2125752622
27629080248
36760518349
2844093233
7304982718
732189819
4660265
333710512
323568612
673926648
56973408
6123725477
24295615231
20609154910
244002101
300055270
13573715
15131947755
82399682
14977370
111858315
1120949631
-1
15373221
4123224
-1
14069936993
221762553
3366160214
15610710
112652676
70323026
88583617
23235199
537699447
399263780
18719
316502522
17630126
20613321008
1226194325
-1
226461331
842914733
278383168
13094353151
-1
30239625
69844673
1073955788
190385452
795246803
197579138
1105834602
3870003280
888987939
390886598
16282226
-1
232109921
50790579510
1703488847
3102440001
7003757132
5144643151
396644947
9676963
74935762
198867616
202407438
4333088932
-1
26452087373
831439045
2140615547
192463110
23890933
17360067074
188089291
4761158
847212753
622001
3316262764
900370294
6232224108
23096063991
29291821
1047942209
42976049
15487311228
186181313
933870144
512522320
133074061
444787647
276480
40265288
6878085953
2104065121
5464628300
8442868
156337073
960393002
607371899
12146297
11011413
816791451
3185799575
96393594
5031191353
32269200
20278467
345847381
46699230423
2800232861
1593275341
2866334953
77019462
64026460
7808934770
6479885463
327766363
358266741
-1
18903899428
449354898
225427553
94991310
5387580998
766496239
756511776
6109319
54587101123
769173254
514698336
6672080833
3600006281
9367782681
2745479619
152884217
5578256683
915005686
673350923
2345259447
658617401
8229837437
345438420
362677684
26655119
3310602240
13785756
-1
466566274
8594610443
7124018651
82869810
1880680278
16094412199
632114767
2493243
2190102
2526375073
1166898
24586
319253391
-1
263945282
447648040
2128787
80809149117
4649074586
36747030
11802
19801198
3712256739
2748212
481182043
95208801
16936684964
924680796
2626391958
1287655773
51061967
2995136641
513453954
35428485774
2772740
6532687757
17481885458
8936025711
438914644
6366031
6077178
146368690
503337069
-1
66573012
196864512
53106613
911095403
86801607
588317498
1276414
9505546
-1
51614029269
4414873424
1010425164
91009057318
-1
5820346854
4018723898
211298969554
5026798830
9040080904
30556547558
142907614
1901120
-1
54693930
26077121268
22949868467
3507613491
-1
224698953
2965398
288907198
661145793
234752753
1999058353
9026151
24972415468
109367755
4302258823
9807819636
8863636
1317671979
20019241294
2977208548
50678085
4621879626
250879486
15844033
3775019168
7105179215
5522223547
893835466
-1
54398392
36664434
6784266
717389166
247432478
7440478964
822311512
127707480
218753714
12687115
2667041998
2807612442
51748419
29046320997
532899446
415369568
25658815529
40925
-1
316747510
20177400
-1
901603924
422647337
13075016753
3043728400
136172893
41369720
16588553
7575406489
21301733112
1168886723
796555133
816300498
18251104
866700216
762873
596365576
1720638071
769125238
66626779
76467090
-1
611135357
1157360297
7316325749
2303101719
785347925
-1
91948534
23240087761
158658265
314380911
3191317070
3628983536
7332689520
25232844263
739516478
1401156088
-1
11264277172
62067221298
42552936
9892386
290303129
2898090519
297519885
9357356574
16586495
11531499
89660967
2361514174
1804118125
1898733497
4686259
1772435682
20915496265
-1
93485685
17570752613
-1
23976697
32470535
-1
350680080
34989
12197328
1247337011
11081738412
8996252579
52932106
981972676
229281751
20697821051
7039888773
68610307
2820917298
56531669
491984505
10672980
8565101070
12835400840
8388058
79974134
6280834
1139607438
2016940
1454003299
29610827
12901367
-1
321720
-1
1145042
-1
-1
128103679
797385
373211
483998397
415666011
2089211
2771656338
387045568
3974569
-1
35725742
3174286951
60812074210
1564847790
3849080576
134012235
1984961999
18981252400
53334823
730180957
615056458
138406517
210919557
22257680207
5809160
3657928
8244432
810786282
4820032863
23766150164
4948230595
12388073
122304388
1977816058
3552182548
896115
14756275180
-1
9306960
2338536061
-1
374114801
22254296543
3967985966
421413319
-1
93040473
722853239
46497154
4182449365
3168096483
105041483
2980229390
372261277
1697804853
69514480
24518473157
25968509986
797786688
97253036141
8920714431
3139866518
378056078
-1
254721166
119795304
44284033
59264508
2573912257
1351230833
218625838
4597338935
170158113
4126253589
5477608
77103776
179523
236332366
-1
5967825983
952886088
2982206964
3180489348
-1
333547374
16659
160503
1710820524
2997198685
6963834
1155701292
783559452
1268905222
33362907
30431391058
29817269392
834627326
531846798
181443782
9563242
15500033033
4914064652
139856428071
823312394
846706012
2510484373
-1
2906872688
9949802
147898248236
-1
-1
-1
244767057
1535387618
-1
16123276647
3614356
24251283923
-1
-1
42391838
2725138612
119073063010
4903631
174441691
976738175
-1
65435589
130150750
6907518
22688090
-1
8135579027
11620562
-1
-1
3060514
3234864861
-1
15725122213
949486794
1941243718
211334789
849060025
2231873852
-1
70100054769
65786742
5530441
5379953835
157863584
1012752313
17451496952
1515170
-1
221013002
107852073
-1
385124779
1865368333
30221622009
1774951437
7069822637
806558864
51961391
1571166956
368183726
25707732
10012549962
40376331
1018017714
16472131
293850962
648223899
56011479
225684943
307755830
-1
3683844
760064
2499785
28642358
358070291
129458284
3377381607
8296279
789903568
780516400
3717790827
163665115344
1142275494
57912136298
39407823
69668113
2506349829
71757820
-1
38978207
978911921
165009715
1138001565
1813410562
20897466278
1157884421
54962528429
192149517
98041004
249773654
19897739
1617856668
517075364
9989918
-1
18139951971
-1
75497535339
151524412
3432359668
1060069787
-1
23345509819
6051916599
24260364029
113456442500
252766714
19962387450
11327431134
6189777015
244229210
-1
47610502
23472225
136895668195
-1
8516915737
62703355922
3380984
1111199313
10321491
3353644899
4703039001
-1
33821477
621897324
1507366944
5466726
-1
588736854
45426386
594701035
950072194
4974508172
538532981
300429050
270145409
3334802234
8580527
-1
1777718991
11134672
35050996528
652174585
413243422
113956148
-1
1222513263
95130064
10730650457
512744737
1581447905
690434714
63418051
382232486
2740205475
9607868170
661942260
28369071
1063671832
-1
495144205
63406451
918440
1574620456
7656505
24320510419
114978726
160329465
2120021470
140609377
2209494
-1
974507610
304735822
24906172879
712712914
12481942
21519377052
90313682
8034009
1662302086
65442949275
-1
17117049
12076936525
189742950
7559128
90491152
4341447600
440458797
444906808
37057604
647560227
338697457
2048857471
2460717779
186927863
214766757
1096342141
13163580691
3292944453
528450950
14959849767
10292372
3344167
8072098705
486923358
8259201442
18946370559
625253066
2186469043
3453970179
-1
380063763
1459232
19859036168
3638843
5090757711
8811483
14011745186
99270825
1902400295
60594030297
32154255178
160236062
71493292
4263944871
11962691627
417305099
79510966529
1902878618
50209553
7340124150
25359607
57788186
5492578760
239401806
212711812
2047960069
2205216154
47353157783
9147915012
4209232
3659036791
68190247994
15274005
2339435452
2797844393
993779823
714584626
1479332436
91378
969205066
10744265636
530710743
497940413
117953347
14670665
23967071814
14858724902
497544432
6035007
139223043
-1
1545045545
11209528643
145596733
495231805
52016827
799232751
33703530
-1
2309601794
314565584
708425846
1234536816
7146079671
3445883
595115806
325477764
6027233086
1498647478
1402959795
233189884
247259369
1390248080
555290094
159602455
39751680
646416822
14919846
2144582835
505658762
1711255206
5168023
776316119
4684646123
47872628
88317289
26523121
21356500151
281350279
16995079
758920995
11905465562
32713750
1352347278
1070395
7913768441
59688770
204729259
92052027
1002249335
44918285
82119927
44912708
63172269
1386457
48272559
13773964865
7009894723
1813551481
368082
8108520
583004389
1331567
-1
13955434798
13867118
285812169
97899678
1860486002
10725814160
1056582225
6669435087
112069618
1879071602
71627235
221779127
-1
2770892080
633861612
670022302
3280191358
8505873878
12103205586
4211110933
20464522
3082517142
1822919268
7270345685
48553788
18415284
17443570229
56804996
405224306
2166483
42399101332
4967737916
264846460
2498129414
140651
420813657
66983088
569184591
-1
390780683
3082027991
233697501
-1
1927368766
13104717
4020336240
17550668
169932
7182927028
54750814169
9255948719
1251439
132064564
2816243
62673159498
3101592
946005067
167252763
52299021
1046393363
9633205187
38336915
-1
-1
20485396
2292118350
175628248
475558022
3503688
198874438
2443901725
40896043
166148978891
1295180961
1473618482
4400879687
15543059
3637813263
1958634842
43128886
1616729321
1862124734
10602481054
6097366403
1241557328
5068831938
25312935
574053026
192573197
1104496927
416538333
9250161823
-1
889031849
7173503566
25078113
24455577501
135878250
10876634519
3606143368
8518445932
653061828
149817911
3274687194
178473664
22483370
142453993
1739368
246146677
16647215
460527779
40146714
3474351040
2051015054
135015876
447396
994931421
497970640
258031
752241769
-1
2083251809
273863190
1284644550
3803620980
-1
-1
104593725
2270376303
2633258079
522131725
-1
3822573
83902821
2522834431
1292659
1858998837
154132460
780787179
3483720661
33084
1106615646
386630267
426758938
14710014980
94489502813
4918462
254849842
-1
39444350497
3834216819
11217833260
21051631
39918627286
6044069
4032647336
44470758064
95861646
376752288
26408515
2084531803
589276
2544545528
46814690961
1051062649
159146892
12945060122
1807373647
5539670
26060319020
52320022
519153677
398510884
30736274651
64335160
431963425
831881
-1
260319288
7767761712
199183601
22600513
6518856613
623751214
32910039558
44620458
1961648799
19974654104
8595891863
2419252171
1907212998
15664479907
-1
14298465495
-1
233095064
3897748264
3653163903
2311972992
417496962
895240289
56155503
61091298
1826234
3953322313
69120055
-1
295143963
10210937415
388619841
242793318
4422957738
295348285
4195623582
12140025338
20111857
77005285666
2840102758
241003852
1129924802
41530223379
-1
21752612
42247089
143062399
58562979523
56514046036
624851467
653796799
1309285845
-1
38070718
87748032
7394858940
1558254258
354985410
300782
-1
52838921
65717213303
973455782
9045974
1000188728
398197497
65242614
-1
91694518
439905957
3746898422
10213471
2967230885
42129
660822
1612023733
243956190
472145
-1
5080270034
561494935
75337937
25925931908
7322251
5596453
6395
2908208420
708112
238961505
4132846097
1123041681
-1
13953848632
2626367197
92801306
420595375
5846110
12148522545
252710018
6094396526
880591501
54346081
9850196
506965825
-1
18570556
4184012493
782043265
5303603
12459943050
1364745557
-1
227683109
8136165668
3713546
4175570
1331265783
5273912679
406367460
157354
1835504879
-1
949043
70389567
569067571
3113101458
-1
130691166
65925569
856922914
-1
4979728907
-1
177032003
611535
290018764
6527160977
747408
3747526
15075748252
92591481
33787988
68581947
229768423276
39847849
316359490
26826998918
6370688039
9309965076
10308928024
103399881
73156127
273490477
26873776
5036409974
552812549
66986
43063
8229701320
1320950483
1625730
87439254
9508013405
1340839164
913872159
105206856
23104005540
1054786104
257464243
4591634622
440516
755414512
1720256447
1312495922
-1
136985715
36374974785
9181086399
1407188961
130145179
57326292
-1
344341025
276589976
89531392
2935342043
879533592
315713448
8200827630
1279968686
-1
977172585
896371435
29700914450
2018144531
921010549
307549362
152645
17222288562
11600183070
-1
365822326
2958262816
88387262
8059021773
2916161
12304983
46825994
1771429120
5666308082
2004958
391214675
203178514
109181002
1550571858
8123404
362917634
5833650
121612208
102299271
33322897
7530559578
175948818
324645368
77583215
656738
3148931
54581376
8004046
355964070
527539640
492443691
-1
3604041634
1400305877
1084481773
133489801
860656735
5123187
1632267598
353687798
-1
823817224
502646315
92741322
11853148250
673184
3554329
-1
908522177
54063836
29462076169
1526059148
217307294
187751080
1139275786
149009647419
6090594606
141887032146
7588101
535926812
10537969017
-1
105445238
229954326
403755182
-1
131321374
28842114
39955875
-1
25657030853
85128892
9593907166
158558491
2298648502
4597884354
24966064
13521715407
43083957
8218052847
563464
2726033
1691758738
77217131
11624655250
17436301680
40485436924
15868198
-1
-1
132748939
21443242027
545148828
3087638150
-1
-1
30635105067
11933112
9638562667
23987623607
628382198
-1
539179997
54115898
190620683
5467068987
23775452
927471380
3618447
18397111243
2269120637
20276087
2620323043
1181412537
1728926392
29235039990
1437167381
1013777493
1263258720
16845498882
175348054
7981956383
13142021
52986444136
17832702080
196812977
230603596
83433560
5362
6075540
20493778
4844876
1520447501
52078262
5338058662
-1
1282151135
582924474
2009568441
78547695
20741397
197665832
5196625
216890562
19775200519
4784865
949424915
17190241020
31197272665
435353429
73105542
-1
143766621
528435615
2119700177
332397475
169878857
31239936304
2003502
60540277
-1
5191085891
11049004387
212520231
482808
35053065
-1
272465007
131884965
6775377
23854350998
7907969
9040463
646399389
773337519
4478467859
46140685457
8101059570
136427491
2831612603
1191525746
534395119
4279967554
69924960
514839710
691269470
2437638
47449393
16397271
1452243310
12212499878
-1
1591182237
2057187118
29687239
5780786791
176546671
8852288326
11225740
20779389
4954705904
301267963
53695
1854398449
33521953
39938676
785104578
5529777014
269461357
-1
228131192
-1
3197422629
156678163
95450430317
9764278030
-1
20986225629
3841483
77287114
197525429
187417680255
920343792
1788422588
74822637
27258478
283466471
1044915391
200893300
16596582520
10621474395
6858506
6271450496
31480772
3874911123
3125280276
90217695
583997
52125781
799566881
3142626
181719987
1025158732
37070789
4327454678
-1
9733433929
533204608
-1
102800283557
3740201464
14643781665
1714758429
10939171213
23222222598
113694275010
265159678
389645055370
79888270
124905282
53696326
-1
496966272
29371495
611316887
1282339246
50647343
10711747807
16961967466
93120033
781133551
1155987447
46925284601
12102411
2834133
9396251
1982265413
15661196938
4097408574
4463554
151328262
915958092
121869319949
24660757558
8469381045
-1
51582760100
13682291
216886411
16822165648
366381
16019951
53596888619
1284611804
22008240
331502502
77830705438
12966030516
76281832
-1
127021192
134885089214
7092333001
4109208
44354732403
18215164841
-1
678059438
-1
174864572
197119863
227770162955
4861090
3513286910
115583798
-1
7174374815
461007517
-1
269198689
23273086
19697220
3308011368
5518100578
148317155
3352581350
842665541
111026354
772487418
27192892
37675599
611750862
-1
6106953207
51833872
16437702624
124482886
-1
250501163
2897603006
789956140
19655078
28174027
5998508780
331329348
1276710339
32769272953
107121348
495442001
20971974821
-1
521333427
1078978020
11724669049
5017
10411765755
8030985009
1020197291
1487715073
-1
407646701
11286077
2843121435
5204961576
5790188941
12916190
10964268261
13355955469
180773771
10038528
850767882
129147820
15054472152
2632282
30035426297
-1
265612764
6464562846
49300241
12077713456
149681005
33512714138
32826434558
6721851291
10505197
13422957286
121633943
29710946197
80025591
92634114
-1
545965
419630894
3030197680
-1
422977912
525679589
63717738
135806495937
161041905
414157939
17549882
1520204787
1500339721
1105998
2823727275
852113567
1603337683
4222694669
1611543268
123183241
1299656
199583205
14917980922
36959920136
101405473
19411987513
64236431390
33191689
178778030
72066451
207971293
-1
25234487287
12423743294
366880408
3629473
62452689192
7180598761
13884198
5753123
1166881711
9817375
523017043
124009433968
5036039
-1
373422165
890624700
345312004
11242120492
38917951
51821192743
1638443531
46462358412
7209897703
861044433
863501881
273822
1651942719
449067429
471287050
38584485
26847714
2619983190
1033473899
696427660
394007411
102451243
4634228177
2595263417
572579846
61652159
61700039
1106007629
230746510
1418392717
9959292180
-1
1518095679
341346075
9274646231
2007766417
8517369529
114382434
-1
3047786406
2268193854
12665387
133105506
41621669
2820428
13091208
3472370
15211606904
24340551961
18561279
71859133
2811837562
1002512886
-1
5432962
246662822
752630659
5488057602
37592290038
-1
36516
654531290
12777188855
9072132732
11527988863
298683091
1710953219
667978622
1354273388
84667569
1216622210
901002347
3103837083
449845
1085659595
367063792
34853024
9960258568
289882
-1
1142286329
8249481
8376204922
21660893754
7322226961
8928938308
2316282
458280488
8244787
170333999
107130204
301503
1431825524
804541540
7979357782
6699108050
22498590013
12266141588
3247435826
645096237
697238416
8767938
6292144
224157726
272088001
1342533
523602626
253898405
4563119969
1628161792
1864233
122450700
69243884
-1
35385527
13164899496
86168548057
56250642
12645795093
591510431
2194635827
1175324732
745248015
14377680816
104949796
1627617658
-1
17707786961
3278678634
2602433679
3458357931
1663813296
3002325630
-1
61982859
4664404272
25588672368
4546032803
93563776
50799
17217714
628405891
32967218
22907007669
3195411835
4046590624
1622162322
820554480
6655478671
96872429
3787386850
128487561
9008107575
-1
132134247
1470397
11633890039
154592680
4114223430
591403292
-1
11726333
5601429643
634792307
4072686
545605976
99780233
400789290
6883758021
29316534
809614974
255282244
532875782
-1
108858972
28956
27980611
356837529
45470166
64564525
-1
922124106
34583062
565932494
29279194
1107277674
2236100523
452362260
-1
6153328708
426151305
190091819
-1
249029052
238392880
-1
50731210
3165501731
1092032581
161182243
6747161
11582871593
7561241511
51971703108
131708601
905031579
47439696
82348662
-1
5275856420
-1
55825
65240241
4714217
16411912438
1676619545
13443108971
14774675089
3587036882
1122304911
327021152
2873079155
61961968263
40645909248
1992334807
205430702475
4072288571
19828404
758768834
197270154
951291265
-1
729618312
9518577438
21011897370
21925417
944621
1834448894
11234299
40766164
6823169788
161
390900253
193438522
3177127723
28158100
175597919
38398278
12725478322
-1
19147189654
55426
8093766382
48024553
905123454
3288626538
325900146
9840395
72863501184
802922882
2292937409
3511553488
781606347
4960785822
379359603
24993117207
2088337103
1446632
3173846809
3078747
4369958442
5441634071
368165970
4155142369
6151860
71033293
8968211
1802776
8811293732
1021908
1226426131
4611784
106614868920
35486658
4042396795
1150286
1247539269
6211887
10419031407
809845600
6382421570
342927238
344105062
9127816061
2623020757
2181591
69943260
4430571083
3856823
21185503317
15006013
116553106
7457260
11297901
871402
-1
666414649
771560133
997276326
6739790
5598179051
-1
900609520
6739742126
33927801
110729461
960357
575420361
105623901585
103618343
1316119997
45180937
17010745
310743681
122614888
55841514
35658099041
57171742412
8506814369
149691743
1164502228
1310946782
379308
59541074594
8121818
5787042850
15649927
950148064
124572327
35421
4968383086
2158027
84828320
11356892422
2755086966
302620348
33425503
220595160
4393866601
2811887266
275507058
250362334
1924505775
330880165
66543073
690748786
11987823478
40200072198
617818422
5120965866
23512253035
-1
39106148
774880887
151288330
185848124
14050840
324110863
5456562807
51116509
43649382
919663784
142896540
7530847410
87521515
1026354172
122902296
568944092
17837234
5061109175
462294326
42920366725
26755036
7896284
2643862634
87979379494
1641653045
2581834694
4664658666
5376884
1065284399
49914287
243194638304
237629619
-1
4430712181
445080377
11728828
14641662664
212178554
425742229
2190852663
63023814
1137319997
651664814
3858660903
768971284
119473439
2619676802
304316294
488167916
566668094
3333189
741170964
226782586
14127896043
30633148205
38847213
283593161
183330987
463290127
4200855016
-1
1825669117
27756927246
7875384878
768384607
9966557605
1413042926
6405723474
1740209278
-1
4530276997
63768909
-1
27660842
4464968969
31592309954
2955540482
578393857
6118339581
28052992846
4248970369
209855068
6538325
1183735545
-1
843809178
5995885353
1983803212
8206481
210508731
3303002408
1061364
718519224
406543
1284158
19662766
1238064860
17239739413
2862231518
60126828
2900972657
61772425
-1
1848021318
98330769683
39290130
8647512745
69710872565
4622636550
8172950307
804607980
52861054
645113361
5908093376
2665328493
191014266
94680491360
22625392
19620730
581205886
21575352640
1939820
600109705
31230742
-1
10524991
88188259
12805655557
5315716
3097998363
1029425100
72332833
152782343
171289516
15380423
567349488
48015071
296189224
3051575350
-1
9706029839
46367028
54969856
2411785284
489747404
79521610386
6315810603
3970976864
21832872
118247541
5401065984
323616735
1704938574
102127499
123573823
198612368
1565184
738241464
9118958
7228609402
5854066255
27159660
12737708136
19785816
506635333
1476945416
-1
57997433
311066
238418583
80470211
8137578585
18017731933
1844474422
1010660375
846603061
44330541
178131171
176873393
14026308303
80272872
6325943
-1
584409358
990092569
14406909
-1
15315928
17336761
5881002938
313251385
423305527
1430696
227392746
-1
8332242054
73898417
1124428811
-1
1047746616
466542411
15806559
1142967424
810987436
19356497381
450172226
3601943627
-1
5585480
990807
-1
846537
1471866720
-1
71349757
873787698
208229948
120772431
2472652915
667396639
7895078
9748048060
27269485
1193221318
73621585
439259037
263631764
316065077
-1
181775106
4728639
1094960129
10999083642
831056968
4312638557
3871730
559626537
431968692
74744350
-1
27130165748
26158007
2356625776
42115766877
-1
1284252096
1266026660
2661313844
2026139294
131890101
26355076
432609449
23430450
8353093964
271338003
298408006
888228
988702078
142783012
33138504
27644550791
347582744
184904167
36298262
439898546
1197889583
17738806496
503514426
-1
487341743
1839930297
15741955
113819883
3597607
96291764
250386511
380889299
206957567
273923407
4157997080
3329354
104738767
7281999
10688871
3599865987
5114962457
259971553
1569344
271672733
-1
118752117
15114835376
25196925199
725589
12082035325
3158481185
5308775598
1021652185
1527433429
4194600
76793501
2341249294
1215675053
80397704
-1
-1
459392933
54889919
13827610
179000418
42320640
16492570
409365208
10083919
13298225
4013816
6195730
2516815
109110221
300805708
130699541
733227845
276230
289377641
683319
3325193439
145107236278
-1
64911669
5536291161
-1
4593649222
3606112
429489836
1034071347
5551507
87823630
22124851
375043138
31292873
265291076
42260320
1110278377
25111274610
126209
14616239
7222960672
71434223
1696004548
115896372
287614996
5050807
2545919637
2575019770
13475027408
9074761735
355514618
92112024
28693023
-1
126732778
-1
-1
922487944
66049713
124851599
29590573
1351809729
213345483
222342693
5936127
744616564
30270513683
14407185490
449962180
2304401287
2064533713
54353772
617322914
1715497644
459303
38559091073
1119654479
275270273
14567425050
302033496
291696103
18003211
395767176
1855696178
117409007
-1
5218232491
143413264
1908697705
21265065211
659892142
6549142909
6189421513
6369327396
783174060
2774185083
118910462
-1
73191603
15669072
59727025
590690822
7074284485
-1
315945028
56993198355
4837430273
58589465
32794303
665655460
2729225475
135954932
573874296
2486057
45764336
14144809246
269525
53667425950
-1
9109667
586877
13142011487
95667747099
17328165777
3056125
985677406
11268531249
164074
50136472
3095231
325601700
122156404
250045328
6120163132
1304695
889454008
3654927
87692704455
78361037
12062929329
59675237
-1
212362
467371778
546924098
9596741857
193100155
19589855813
8558163848
1144457699
107143611
122432680107
2229013371
129655922
-1
1193369004
5359577
430902190
495964896
17138729
138345762479
10234349152
83217795343
27833160
928317927
440265178
34095541125
1900762
925701026
-1
139958691
88784920
11739293
2945063879
2863452093
23806772
18504034458
3409138009
1607283
6470904764
548613231
40118247
1772365366
338870993
1387520563
1587540446
29164679
11448365374
1067993178
301973344
4413413404
492079523
894129
4721365
2096087870
9697497
44060251
131830529125
5528319
23942960
19507658
376037883
14042598
791715395
172793932
584712490
4225688413
9455258
-1
157847920
594841474
4616154287
13016028
17645236862
526007687
-1
2517130593
11132244
2156948721
127877246
1411796233
1154964384
150019903708
1006938768
14840987698
2128414228
1456022796
671285822
23083480039
15727581619
492481
578220971
12947942
1095103806
15229280144
392242965
3229283195
-1
8702543547
72655355
-1
1320213424
2214761674
394299737
852930794
3335152689
4924097
12398686371
252006374
122241107
2763966928
5038114
65460834
84635
4682381990
-1
3804800073
20316031691
55885891557
83443255081
1943294326
9165740888
2704150878
1788073969
2552111357
3252880041
621820522
4260947096
25376281058
85485252
14359606
217710623
451964435
9596080519
17522142458
1922108835
52794514701
1666372460
316148842
49867022408
13234811779
2605694172
46171320018
212767858
-1
39336897
12035892
-1
26079932380
192410632
67307967
4307587
2063479134
123205422
1449708
318272002
-1
3077854945
1562743
616701142
565714642
6638324191
7464204
-1
10131396
14622
334999
2960151
25609977
6602603438
425433578
691613593
1358378573
5353392654
19745566
508972145
40945638
354993815
42797258248
557344008
103015606
-1
162022851
227779194
18644681
-1
216100044
8705411985
19029956
-1
433164017
1071522683
1508642977
1306674450
1272604529
-1
4671252944
1770837
222131535
4074340
122155651
1225913815
147407514
178727773
252321335
1022239222
3197122811
2947881
697120912
-1
1754873582
43873848897
69184688
42590695975
2451212442
3474203992
10732118845
3350763461
561363283
176567212
5202960617
993671549
1008914194
22005416420
212008394
4687164663
393285176
2400587341
19141175454
230855093
283940044
1110391
3640633575
1664776603
626460865
8607884017
40111509915
3448976866
16978487
-1
13366658445
7407892
17592934479
2328773238
1491647
18477483476
1039493689
659195694
-1
2722626220
4646295382
164873
6575092700
34112673
208866918
612611921
1407036131
-1
3613746999
159794656
4460220860
182977
591657874
8951861
15311378354
2600923634
16785926467
1616561122
5218928
549299324
3301274
26777003007
7496742993
4809501192
628381572
183661152
1871462810
318976142
68127511
1514354737
128374202
7738477
5719683723
2907858703
33578721
9603446
11583272
60962976
2808785936
17611490523
-1
-1
17502012493
15886154792
271852479
2272965014
41526792333
68943977
4803643
3083289
890178854
1201146
1501435758
444170375
140017123
332038748
-1
37093829
-1
5766423
1664488638
8494082023
574525653
12842589884
1153948288
18390016891
7625014611
255979570
24350855309
4170928157
2953695116
496080368
1511074533
347239
11324442019
315333234
937600134
39441971986
9566336021
22004365607
27108631
81589521
5919558257
15711952174
5690875272
-1
4046745045
3291921
-1
-1
207391
122221176
-1
4416093448
316522659
90056973
34301212003
153590844
58412284
-1
3338271663
2709300545
199397203
1195143538
-1
22467107
123874
348672005
690777932
143836
107240
1857356667
706769517
-1
237437871
86416114122
5598827897
239996721
-1
-1
2214219406
81232724
10158178816
292844976
25941669701
-1
-1
58193771875
63908532102
1365225
58853578
22899100086
70613848
4749435352
40175034
52457677
85934922
-1
4277823586
56973247
746129778
-1
475921
1099566466
24136442125
103236252
481806633
-1
67394
1256861267
90152904
8944686
14424042
58981593
10914951
-1
62428443074
5326046447
85280762
1332668587
-1
45648152046
231149239
1127533082
1587303068
6448973446
4787510508
2076708949
2976392243
28904582831
179742001
25142869248
1027481551
-1
-1
89961
2828722831
703062433
708831951
1317788802
121938693
930983
4399108
18271968083
58985119
6104150687
625727929
-1
607131084
380227154
430954035
11820613388
972401674
77053913
17941199
2919944957
40676720697
7046236866
174517894
23200414
892308326
2972425534
7556219683
1900422
4909114502
7464571611
656863197
20506755600
123287180
790971362
266014926
3862793365
2956823563
64210878
213986475
3981069274
56717451120
3594003273
4269181682
510096
2346611
11992165
11824641
17275302469
13598796993
432398431
4021393
257060002
36646
3835205331
112747279533
637426909
6276901053
120785836
4853918091
16806616967
-1
8301860
5400195975
430927912
249863496
5606000383
190606794
2833721859
8821298714
27520763
5993918597
128251946
3479316
118521530
280295151
125316316
12124016518
-1
346135
212689582
1078971348
42431741594
-1
990966582
69768388926
44957248191
663428718
1551725763
66609427
-1
245551904
1027709264
69658164
100886871
804019687
59087
3342961
163325674
390202147
36456126
291781673
2164082176
42458876030
312795098
126734
147030964
2049708116
348083759
1180068543
34958795596
125210209
-1
32967130
894680493
3419001754
11428590
2046733196
42182664
3190888712
68227166
23509457
19418632313
16794818631
4788246036
518021524
26735319454
987251418
14020065879
234554849
184893894
2527965645
2427642445
1416888440
825581330
553394381
141161617
374409503
3803934024
1424413000
22324973563
580398628
15857416667
1309776682
154534039
556600057
614799486
3677217
4184599509
-1
-1
105459998878
327243436
257539221
156111462
608143
11209867776
82089920446
4095156243
40856
402552471
162593132
343548814
180227559
646305527
12634902159
-1
-1
340539996
3593929021
126500169
147132396
6865343838
43786645
68910462
16299056999
2349663855
475028331
216897169
20695262
123239080
-1
1211668720
14806716
500165280
64872454
7981424
1299539148
1632453345
462783630
1177476270
1442077295
13816696642
53841658
6159492277
136770042098
784476151
28123161
21461948
41696003
3453088623
486498914
5086091606
23845912397
40129072
-1
660554678
1569661742
44093107538
21120270783
977274204
2696240324
93809600
5815388365
1939614232
3228475255
-1
405126178
15733647
39640846
324174959
1960438247
964445923
51830471
-1
69777938
-1
47497627414
10452430
29060673
215111685
17164821382
4850
557385338
124388450393
43386934176
1688424153
36877002199
-1
15868055
92298779
1697967
119528202
21381881
15115459
298998798
22250547837
4875716
8966743234
20375316028
-1
18384281
10375122230
17948855
2841493
2994351076
9847984706
1771020287
16859292
156580240
-1
2774859583
1612123233
7096453
24351912406
3168490347
2069515583
-1
-1
17771973058
38052910652
174307038
276225652
-1
9066251635
748934
1663651116
106040914
51322027
482632105
964140003
1798087620
2335405205
77189025
33558220532
4888582
501975706
2435267749
-1
48667316
22219141822
2896152
712636642
826632592
36792569
433525080
18360724
6929683
2230301787
185992800
990868480
82254897583
324119693
1676842546
481543361
5673213
8310051417
17152256827
170812835
1105050901
709600075
18386653929
-1
50830108
52553458477
143279049
167002365
8966769629
43427744
5552715294
-1
4102979595
1687601923
791696850
5510066496
169160122
8837175668
211200
66541781
4617236
39834384345
1008589282
5800972
-1
1056933620
-1
-1
5596179278
629877986
90274121
1381705978
15123919484
5985898204
148554724155
16165843
103950287
348500397
-1
-1
24503178731
101391448
721104505
-1
328469
-1
177957761
11327964
2842690290
166324520
54307312
451361
249981467
753614240
2278033028
1131624
6348019811
56248479
638684742
445093221
12768280419
2358277211
26612555410
152643263
4366286015
1363688235
7409360
4079423
280053827
13973222
15123856621
340359108
403698671
1581909618
-1
22107124
76423870
24899843
259116435
-1
1468700403
128903956
15341065
109911934101
949680
63999765
658565299
26653090
6346369554
167924119
17352096487
1320996030
2417091397
-1
232812632
13644242332
8875704084
97533772
491793211
11458637
13014394300
18669703818
1146490823
10410475654
1792555
25064232
488430287
3831232842
5976437792
45480946
6346027785
166549094274
270776889
4159172670
-1
2460564904
28645894
1064826
13478147196
24656091
2985190
111496040
2997921659
14309497046
10436055
4372617785
5411090219
264486080
227867613
1364720136
998401363
6393472441
14971951572
756309352
303657056
515026161
870083
23376479800
12610230013
969283171
47613949
9229659663
4523999647
-1
2667336236
140462684808
42246256710
148997
27249
23514126
108420129406
992257165
24632236128
68801926488
1243925
633430814
5798372
79879874
8162863437
-1
111186713
104362421816
3350501606
1354672
145937615
923709844
298145844
1741953205
150441674
4174753902
32348991405
13342561740
1400607
98744
522788569
2054957
27805079370
202629214
411787753
494113939
96020408
3236790
31975411689
-1
1433624718
956819355
1505015244
905296075
137431049
23817652544
513138591
20549190
16393465381
2555194483
3129729872
169230580
430030010
51653731
319153174
35822586
203945506
4860118883
1257829
1014318019
350618462
347857465
11962630376
2045445777
561632901
-1
8869700481
10149674420
150785649
76963071
32636971505
17516613156
-1
10997636277
10915089596
62790094
-1
-1
155148660
86790334
2150009732
13682934
9686973
47487747
1785640543
-1
793890753
1541353927
885709215
58124089403
540490342
1696822656
1250500158
1163282514
25212663
374297331
122794852
4534277190
25291348767
7995040
1003453280
1347914262
3250764318
29216844
46315897719
1056060844
20380485
15757222
195322033
392189621
8477149288
18927836029
8811736
1047115303
2334153381
621179408
268858847
2544593299
721297279
1362307303
370951
159543538
1639431431
1150907789
2204838
247694195
326122941
52484006
133192687
166889
38344127
146909722
4179721631
-1
1050581607
6591324997
-1
519220659
15216416109
6139817388
-1
337475056
2303699537
95675196
378146734
2647706284
2312324650
574384669
2418510175
3054221
133563714
1829262896
3275063442
1247182215
901556319
960677595
13794243134
21490371
9446826306
67668505
162296354
5919080037
1341447293
1206266545
11887844
929523053
17040478986
100726415
352653866
2635282507
69596228
11227803
88713133
8102385891
-1
5163331
4444192
6100935
51868217598
22396351182
381592759
3553507319
178595491
320013379
64517
5547314
18758686417
40790793593
3208940229
2999089816
6837411254
1625676642
799664922
791043933
15620306492
261417774
8841477
29640303
721851459
5880761887
13240083929
145851673
28049885969
419717844
4956092
1605133850
1630655613
27264712081
17022244013
7544626650
7973770
36327202
866525565
37555237244
744255
14988068997
6673870661
17322761
321626500
1330836134
555660290
392944401
4323008955
88398846
144786046916
121776157908
1130930579
889941206
25696884
38701382
1798464582
2533397633
-1
61203437
11963014
40965207
248206581
3037992
586666135
924241919
66062044
150983043
218564060
181097168
908746536
102539917
-1
269631473005
22432687
1068329767
514346716
1059736336
217212
947546185
4058953329
5131244275
362632153
227694
53492302
357275116
-1
17900267
383074564
367825283
6202390460
200183455
-1
1452080048
7718848660
-1
2065685670
35676586
798390459
37833321
230412613
82298931
7086505813
119552716
7114293084
76856836
1476910744
32095864755
1159707
345211732
21825439131
6421061930
64830598
7578970067
148283
8583669839
31637213849
223640921
2887332725
2481540897
17268690709
4084434929
59849795
4305742497
88229449
373514837
2179888816
-1
2410487835
357410
1646117996
124473977
464522748
969351579
57511478
-1
673174736
9580342051
132125
203483472
100989075321
433311876
-1
700014
1304373845
738398918
2938590
16844871
213401397
44649879
2578136160
121830937
2388045253
6660053664
1917171224
192280634
1070384227
2252875776
174818097
319072398
592229401
12693142
329997430
222059170
12483053
-1
3804046387
2997988296
-1
626482020
1784366066
54587483
277160106
491588912
138059619647
42520713
1804601184
782488604
-1
14676368
1031543386
4025056647
448046822
161035273
1775129452
12271960833
-1
2652721304
144564351
2706083699
26146492
21047234756
-1
1551534940
340341391
1230399051
419299759
1024276
749118586
5137032
-1
735738524
3823508421
10849235
198402958
2474722609
2341722993
14881336764
28222232608
137995295885
8975836826
36036422557
4921287801
325859051
281412
31362225849
8863143415
1532227833
1070610
23072
22312682460
4908019
-1
15998738
4294701060
2282686949
66594012
2378668027
-1
3076030
-1
356228744
-1
9983324
494023137
3051042921
39738164
659505420
5098433848
8528047326
89583418
9054582445
7978937381
4614884540
48649249
723605437
10834808041
10303259
66688288
11099475807
2893680
356627937
4803778783
12031259184
18428751
1457231564
79915768
2830198722
106196323
70547933
1317291304
1998313751
10489201
83597084601
-1
2604877185
6302831
148505790
937294
2403785174
232640441
741834125
2379281717
2839465796
-1
33909808
48040118
628390621
100862816
528323264
26484066
112090839
637504789
12236287
-1
6671960666
31155431842
307872548
116120902
82906846
14336325
1181943542
407619910
4951763
41327383
10763073029
247378727
1019544718
204737778
96545185
43925649014
2874419118
1594228975
11219621365
24426285750
3565789398
4615862547
1059099623
4154629
56865826
102003
11815626576
110628226
33989264
27241692205
2220728611
2573931014
1653021335
6569262209
644925975
7763826966
1858964946
25646445391
188814750
32589903549
129448
2596154263
88182711
8197562557
52242019
712139772
124053304003
665372281
-1
23922077
90001605
697660
2543623512
7736214631
1649984836
1444074357
7864020420
6593342533
3869488747
3644833613
116778273
3503744609
16103898096
-1
27649788086
274525399
755856
1315734
10216586340
148216673
193501854
46171630694
31755079
161943287
44424992999
285455230
198288898
36762936
2340501795
18903020633
213546176
3545988976
26452761795
150194804
2367003
15308505437
1050967642
230430
10898643784
84326118502
6942063741
1861648678
3168552546
188130950
218848111
3236752134
37940402
23925931
55523467304
8979770
5527845
626949113
2695747395
940872024
155432989
362162405
74194339
31990607
3481947
30156
20368012
6002417539
25452519
1724650647
-1
17347335684
42281
6489642
8169138549
1410336397
493834391
180099690
381683087
24434456
37352565923
223676472
27240019
1694092956
16911239
2417312768
-1
191606315
249366624
738568319
3993979610
7348562977
-1
-1
4651189706
-1
343830561
17051567
24981448
2477741320
9040760979
13569905059
2202306843
4324823070
6421805
603341712
3563145123
20542821589
95927073
1695774141
393301018
8606965
1488538758
39214275
4802212
119915789
1336456
70881975
1706068885
874289846
1861617356
2790431
-1
5932426707
-1
1796027
16003509
8393059416
3360084947
1817584087
20865096669
-1
283768815
3616449107
125627978
1172229418
703542147
159539215
4249093335
377020397
29283155
-1
328632
698136177
2498610615
772000502
4379697910
832010287
40978255
5287459648
147686172
-1
484014
56868767
880327784
10096587
38460118
16568400
22562735
14570741
1711072111
1812743453
262123
6174396
19186897363
133779323
105717903
5985700052
2581418100
11029423
4082865784
47010104698
6301362169
3091681781
201169815
2539593691
1351459722
238382046
140501
1315070027
-1
-1
358133166
587803979
6969352556
269793590
10076043877
207123322
102718735617
-1
-1
48420751
117381707
2370701837
2470721
55718077
240531100
15908693
-1
4446209954
283813
287644536
89705719
2323907351
46634465
3274143885
25960837
53271464
1748837781
43918917
24339795686
310782958
-1
11481235843
30073459810
777160895
81221222
422171595
-1
-1
18345246
4060338160
958200499
49591479
51056636
18336317
2739540790
601712712
893957732
1080432455
45983762461
1177878
27240119876
28369262
102737846083
2043731028
36263148523
6748673
251204732
64267817
6710546320
558315
473554839
33751974636
142663901
21280256613
-1
37605073852
162380186
9309950816
5098405778
5705899816
3173074098
10036557
36226723
396396335
102796369
929033313
14750908
663017861
1157178101
2956467591
1981752910
872838
25038143639
526784968
176423538
65980607418
-1
328644313
102811738
57935868
474819562
3616284822
622953223
-1
4596833469
117634689530
300649785
9262412
13774521984
94717033
33375188
15769748
13463743182
654476682
2381564061
131611892
1422512417
17387957
58695141902
58553992162
58870143
213772400
657550111
26552184879
19614199461
4691274736
-1
150624433
1163986536
-1
302645760
14904066502
2032495280
61775569950
1706763551
643183240
98417330
4097454732
1995396975
10141289
46921643
53119485
-1
730809480
1187051536
86222813
2671453
10614831182
47806692
131970764
283314085
64990426
4328082736
1798931793
567717163
165926990
3779555336
4911460225
2200589463
246038546
168969365
1133272274
235039204
65999041832
5314777000
11248183
170299644
79172357
76606471
2676432957
9679550329
1876877
3212247356
1666716262
212327698
14704436881
377092888
48098942395
22440
4045361537
8240425925
4692737652
5842070
603179
262568
-1
994182726
28245
51509978
33849465
882418192
8560046
1226060451
3167678777
55780493
6150788
7710212948
407700455
58457922
565030940
13565851746
422426246
-1
-1
30720535
2232817309
298835
463306343
494330
14345117446
997460990
1030674102
339492227
2270074
6061352
92157312185
22571858270
12934824
28201578340
-1
50602769
750505554
2259217416
-1
-1
479441221
2014203202
1623739886
1522053057
39013232
484171415
4975311145
28187400051
2089605347
5498385933
1447640033
123837621
8137965151
75536492
2609724475
50218260
552723048
20674
1505433638
29081031
82403647548
-1
6602863518
6608692619
584022277
86993813
16003810
708850
2396191603
1616411
1098821
2275752994
-1
5843488698
873444587
35482157
1335262613
61857994997
18546628838
7262055074
-1
912537716
42457
7284562976
9557028730
1566376494
35327601644
303264199
1196610628
-1
1450629495
-1
91155890
18981229
22389402005
25166991
112535126
25562514
22021496188
633642415
2239715223
1985815575
-1
213879514046
-1
-1
-1
20784028906
3123832124
-1
2885741301
222536103
1989452401
-1
17846721325
1306910938
6004414942
53611224759
227608103638
3672926884
433518
53690714
-1
658569738
3810452388
312216709
1395747663
9966930948
8623573427
206581079770
125244458
23457834213
989128090
2315385296
8284082841
657085415
2236531557
20272
17113555
3024488493
1212776137
-1
2760841911
165520719
34397036
95838267
22315701781
6114557490
236710434
549461536
48258
6449397073
25374673
64330629
-1
1087580555
482078132
207686
264892918
256481
6206700644
776978
99244022172
269849
122127
18971261013
231919459
-1
139919310
29955946
16389854937
1697930863
273182031
-1
311620562
44723596789
-1
40439
-1
983036455
380746073
104454348094
730657330
58641400
24838124389
29566018
96159577561
29273831098
4507674416
13746100186
151955645
2791444595
5765897246
16599512217
3293447460
645203262
-1
142158919513
1072364344
6767492691
77481653
6012419077
69665457
11482130
47718095
728939600
61087438525
512198465
3300626518
44494
75056826767
221298664
202373693
24957384749
209139
3192846
-1
189455337
13646959
661996
753347
4562687327
189610611
1007251086
60091980942
2361364946
11857102
-1
-1
38356565386
287948932
4286150
19989940036
-1
287745310
61950148715
1732923065
67051
1070964045
3948620988
85092436614
633972358
1822951059
304889506
6530881180
60477035
1318601100
31733216
19696974
148359868
300209741
29652584948
392500
260354459
34818459
176180442553
783298623
4647462201
9281998491
7770210283
82724907
215386023
2055771842
30268566
6828894
94807838284
1257555614
4453124199
4033065813
686968
6859729603
4700157461
206731020
337007932
1318396115
3822291542
4884266469
2807470
83079045801
9719197
72614180
102054855293
111374081642
-1
28694589651
7008600
37370453642
24237291
425924611
16445625
18596446369
1616014
-1
567957618
207249519
131126746
2046345724
350738810
8673629
17944618
1272957654
271062084
3926367853
301585
30344128916
-1
5016462043
20859421861
128136895
11046047294
73344682591
3514436187
3499426394
1610675322
9976194933
1799544964
1742058321
-1
1335250
2318049120
916653124
33527157273
1308165929
26521519881
79569583
364256430
1847279195
851089926
106661
867345
433057179
28410021
51562868
292110937
559789622
7558411480
1895841500
10761150
16461108
782180702
740109422
5039795
58461667
1408174406
1641607434
34284816
6609053739
136029520
30177992
363456060
4214197878
247055522
21009951
880700872
4087334795
4106829987
152769003
1511967209
65116735
1420764073
34682741
322836433
56861881088
266750019
698286322
862640786
1649974
698344681
12368460678
5699468608
-1
122746679
1331819622
1676035960
1648607785
75730698
5488534400
14724838
11722841572
351854806
4210893
122442196
155001972327
30869371904
254307248
10748769556
4850214
7285147326
1010512886
9003873795
30803209
554424841
104327175
-1
3813065919
1013335200
4278035882
5031907731
-1
45324634331
217220898
51990857746
74048247
670613
31831024331
6833938393
2310026200
859274379
9476033945
6495458698
-1
8279109
11478031033
322025185
115141891
-1
2948959
5069510
2408399
1824629811
2018133889
7378182
341096321
71499901
20072877175
6640972266
22783465624
2160756
10578111038
1721999468
-1
-1
24901072255
289893028
69232539484
3342645911
417987023
22806292
30785780957
-1
2728723
53544690116
12184753004
298308100
5702355360
3902274909
134410721
5546131472
52341524
1427472519
1054210947
-1
3948573028
7783061631
1830789167
639337130
1228153178
352147603
-1
112229
3135889222
-1
3777613363
708188
54562177
71846357
10684462835
6625694254
1531483
244592467
-1
1841042413
26521824383
402490064
1911964086
71722649
7356474287
84521663
3600446738
476929304
4194794
364805
733989659
303102825
4555550280
5132912954
-1
69783795
4198196588
33670235
-1
-1
2820143353
13443672719
15460579598
140516616
27336337
238802336
1473859130
2456167714
311087364
8850434035
202608044
22441363
26031124521
23992288
113892291965
-1
24273239254
294633945
18002032
701818947
1265097451
11864188
219619802
9790144095
7373281
5839036
18533013
968150
9762
7729316792
5243236393
234274331
28177535
-1
3175376269
1845874182
3104446
1832523587
-1
878485
7942075
69206691
-1
42592342
104252847
-1
995082413
21928272564
216018023
12369366481
11713942
10976406
-1
11864443
192091279
25421311800
28601748186
197803942
1118969455
2057850279
1759516967
395443714
168383441
954047275
30657476042
52807317
4109152765
1817210482
-1
3525713937
10067951
18337358
724456
5442146301
2241249428
5852455564
360248554
18376458
9811345971
25527712707
-1
40679270
1729910326
11204635
111349390
-1
4713591481
478965317
77431
-1
95424021467
142677525
89464802
8179332
15713014
40467809
79377291
12356908396
5383044037
4720952064
20700286489
163877111515
128312618
664729077
5192538430
5033512185
27398017
1663088586
118239
71415145586
26550345123
-1
5617566
31131260691
4987229880
4662226573
224188079
19517324893
2458309938
107542193
5411637050
864428328
-1
141551371
175169721
7925391787
5800819795
530597036
109277701
971590067
7286704002
10617824
200358174
-1
77306713854
1540683879
1752886
352685666
3301215506
730256547
2115927913
3558137373
23415790994
245451117
60727670
-1
55840123448
-1
2819192330
537338835
27201785
3067977111
405823647
53915819558
-1
4466153
9767995364
410907204
862772721
1098855453
1648956737
3092889430
1305281167
6160321081
230132693
261125092
5631409115
807756
547246984
-1
18389210
5594311745
1114084221
-1
526201801
2808708877
2184084468
-1
9773426
275855586
1358149680
269674541
1056454507
510511936
2954385
-1
33802099
1620357746
46906584
203972424
299900457
795256332
-1
846162471
22911426
-1
1025459
4326333669
25210248171
-1
45173631
425221673
8589432
16850686307
4190725715
27510539
20296711879
4760633267
3370950421
34843587
762512
182656058
205118717
6975443323
3867762588
161585082
-1
238408560
3626979962
915018111
2027249393
193074395
3024073158
115298095336
4199109480
647371
594539171
2088851694
24770620357
406766364
167841216
23560
2852592247
1749456274
14244887872
28885583650
1901372503
5622907
31821498851
3077031595
11937716521
245261159
155724139
1439532716
2751526911
11084870
906019553
125717210
2699916894
-1
33334514
359220
-1
136888666
3680468679
103438733
817086198
364214890
798054512
344261616
141839828
35765080392
92091416831
2825431038
158844652
37943318
-1
21948334238
-1
1039059
938615
39477816675
4012267
951017404
881115056
6369904127
6637515141
8018822
3004176309
14092839780
1548122209
115532097953
1653744047
78114630
137173096475
6127950364
5142817
18651269
3603082831
2839564360
-1
-1
16050600
15185648055
-1
212460071
96215498
146439666
78986630
57817057
382360256
4519331137
724762105
38079991452
5714274411
9719514822
525701009
8192149
9937745260
13376269273
706784270
-1
-1
123318278
1719535349
95114150
170706899
1870433957
253453781
73321281
772193165
1056651625
730923875
169845090
119076479
2222066561
2391140171
275671
247386636
1661277019
8351944416
1104839442
-1
3000279981
115914112
26207184451
1170602776
85812024
31280530
2950794517
280225941
36128141
22601247938
1027616909
13427660318
-1
8635294
2128549121
30036441007
91217409
3652888164
27503072429
164786581
8973272792
5733467078
31642092
45913975
3833448
545508490
128681436
181951074
157176
-1
663096
10410112706
-1
5745116914
9875972499
121811911
238703393
477179784
2464157807
-1
297220877
45123330139
4000362802
1424713916
-1
5222386827
7032316
-1
3386567346
45621363
151275828
46515247
1852215
103660844
15011434
1084125911
-1
6999723784
116685162
16888034002
361612047
83415753
44935244
1262274918
-1
379768358
-1
170309379
7714120765
-1
1050729700
42048312185
8887753952
-1
156710205
25296394
15663826
300348546
174350935
56279055
8478407670
-1
18915646600
6710438764
-1
409801524
69178939
226671017
1594447
929387153
97147195
-1
44478221985
27345517380
20280776216
196706634
5942466216
3270515392
1249329835
19992442
30542549
154018194
5200592209
1623337079
1362836
165585203
38752937017
91369104
6846720
237471581
71754238
1459471
6689966
97384053
12230699709
12667945879
106492326194
36217352026
494542
63733128
17328170554
4261795298
151664923
-1
49212229591
-1
3623921182
533340340
19938942
1246806886
33341394078
555344100
16598463
597622789
839490157
5614116124
10185582622
2680776333
7927412469
159252653987
26845762
78024626921
216156844
-1
224776664
359035023
3713929672
-1
23408242656
226317369
44533513432
1006279886
937495593
172620343
40637598
-1
1967819
112532885771
27495853042
1363229569
320728788
9794707
1526552424
3130917601
8996158559
2919260825
8818984
2741481600
63541226
157819937
1802594562
3826800417
2707983
18591269
-1
881914
5609494
65644727
15152476
96906694
26759689689
3154435784
49039735983
41186886782
75069807195
31571833
7017188142
39509861
276283040
3294351409
44932370205
4568334
220860956
54607488333
24391326905
-1
78469180
753615
1700904226
39941812374
14731272659
2878821
16108196
1663454
4583507915
802350045
3756639947
4391672
158762776
29212414858
-1
-1
1525668214
1235385
1634443
10372439557
421887923
17325050925
87064654
16848687
28404982708
19729914
367214
542713312
93739090
12229748233
272444009
1094754
22520
586496549
15393788
14200060292
1184374335
384298559
5378525995
87728418
4078505312
474198686
83940180
246131123
104244425
30083760563
299904411
82138306
181446633
6607555070
3637133
37347355045
28980736
166917339500
25519307
801184586
7632116
108718118
2509860651
1737162320
232173374
7699680855
9209438
558312878
5183737794
2500791584
460675057
634450944
139865533
4140525
14555916898
4397221
5687934876
38803030
77912819857
5166583751
13596712181
12072339
2456520367
16334548
35782590927
80167231215
9162252496
83079548
1731518898
9121423
19501138514
452923672
1188631629
70939539
253144
3907408
102661890
15326310
-1
603990692
2242484192
386359353
19687760
35837456
18290150
1219347
29217207
12305474094
-1
-1
-1
42948403717
1785781
95321656
111778867
4975626671
5737026
18917239844
297162161
7001691
3838206
29748090123
878136145
204276816
94407799947
17340236
-1
2446932236
-1
30305541
24228760470
8094412737
106937470
-1
8893829110
164907224
248610519
50801882
180533220
156851706
6850703
13773568611
29221276
234009
119123805
2896834
8275185636
257462420
461064100
4557531484
5691462918
2267952
4189961
13398908435
2647943814
159105
-1
-1
1425038
1432725588
104428340647
9842274
283080580
-1
-1
397478042
14777496498
1426163727
921092
466111209
1268901280
3139868001
-1
6282066835
329468883
4316723176
342714592
53364379
26844333
135886603
158945188220
15415497328
-1
12800259633
1846069157
19200017
264269015
708883427
11926417148
4790194777
26122843935
10566053603
14971943
681089989
12699808790
9785756801
66633873182
86193540
13259397
882070439
27043896009
2834811
11632118429
11117188
482353612
1229202
2658491239
-1
426539828
1658490445
53807502
508778576
128276272
9596932
1859442856
73195930476
1166014305
14813713243
1861895089
53577673
130200
-1
10439432874
-1
23337983764
15475415
2096814
9662233922
3142814982
4432979
52656658
3360423479
267607160
1105514
669803
7077238
2236150163
2465717280
104040099
40952828108
31397070
921956663
4090918589
1657517
146675234
249921655151
271092330
20932417
2503282958
32495301
476239941
-1
2546813
383260706
4169385540
5523940816
32399963
16461335416
6038919379
95315745967
335506431
3646247
9480603
30753002
5723610038
114949089393
91179371
214191730
250460173
23046886662
502613309
21715654117
349288
22972097
38435337
-1
1617540
1995030425
2057967110
3952902220
949995
18342204072
1127723902
52223659
217052540
3576039
64241169936
13821396
3117839
24550502
2092044
1297964438
2968729257
2166006245
3664146
1150392662
64822763
461643890
6442093
2431
7731400211
572207147
376085891
204621212
217720133
8129174288
-1
6073503
1413392
1740192910
754070073
921651291
53221490470
53576365
25313193015
1665540
-1
97057572872
7263044192
589734738
12590612027
836764256
448606096
167831844
-1
876508535
4555296
1010157142
55759402154
39286594
53798476904
10235365757
18564066173
6920134
539990831
10168703
21403277055
12082029399
80973338
-1
978432083
-1
362410832950
1251085554
3761900807
2393169508
2621896
77568271658
-1
1619690887
-1
-1
-1
64127352604
981090451
24254754186
2064139
183498518666
1986093840
592117163
2023153
278380308
-1
851362492
7441038155
39572158
137263464
20921423
271128688984
5491788182
62618279
279459840
530511994
5322606071
5110653854
915991795
741912737
64526
478866346
862212707
6692138851
-1
37086301
54523976
683638731
4120539483
24641956
3213979170
7649066853
82097716394
3611853068
-1
1169817712
12268659751
-1
8286165
502382238
1612015016
183105626
2447316230
4092823232
6781373
24532231206
153295449
904420163
393729442
22579838127
6994821
-1
52575071
1785580541
349832833
1758641
293416931
1256984947
2990679793
-1
1948576
2066665546
7978550078
109363889530
-1
3926707
485739008
8343747402
5798547044
80974098
1278712734
582702060
672880891
2354483191
300139433
3347922296
9000914697
-1
4852326
4246483961
15957754085
11918836169
5149600204
9989556493
25937144
7310404347
381716825
147654574
778981324
715696282
52999189876
200922717
2317467083
192812926
1101335011
-1
3509586767
312593497
3395663
442130062
33564380
1809960121
3086393179
32532808
31542237
328297186
-1
-1
2395840848
10691559
-1
17814293597
95455560
1049252476
37930579888
3010936683
25819625041
45950126
218007511
1166848575
7423778066
31918275
117550021
27757660
109092204
6543552
2152787
203376404
3777564168
2788488
2700781757
631157724
269477365
34533948
173550558
990273267
-1
269310949
68824728
-1
5418193
597788696
169141584
2029568068
40112235972
60875946
508496389
747454533
43648651
615967466
-1
31974295
316683761
95379342
1287147230
-1
62970887
292826123
35634062
-1
31912270
36202238
270796147
-1
357491115
2896932120
4770424
10060672654
1597835078
60922722633
-1
81582472093
7621030300
8126483662
1179875896
171949924
-1
509979
73308739
4015397
29405757311
147540657
4001772185
140021167
71675155392
2598817024
2896587800
856136928
13230870
22115560711
18398144
223543870
211519959
30247068
491250833
10576598
4107375050
18515298498
420250853
-1
113205195
4000254440
25047740695
4548721
1481749458
1728284500
319407349
1997589934
295341484
398133174
3452949662
8634470
358335
4159934441
385638906
633160898
19130351
742037477
173287829
49643310
235651
479997427
3701739806
1047395731
725524872
5617858762
1816488475
420834059
223756437
9109686
1001862464
8513751
6126745263
13771634
553118242
19324150100
-1
7874840
-1
814831233
1381899135
36363
18773340717
8672135878
3513897512
5156998227
3501672879
1740449547
277567377
16056508
281817016
463672485
15293268184
3621144047
8585994
280490704
532359989
1621409722
6706834
9936298
6248691146
5572581702
426497076
11926191
3448776192
40978866
60639253962
4069317121
2527376
7793837222
1929951789
755608000
6373816400
369813353
18116128
293314314
-1
81677
1512157754
29872681854
28008929
11761224880
48819162455
75550335153
6508508
1625808
1153902
1267298110
1437998037
36020362
47979417915
1202869727
4643253548
510555976
8235496
38802799
449477114
20292589998
348591288
6632731
51562184
1063732602
13416400
1145602190
35419126
-1
247481161
1753550175
613118136
782743365
57200669264
1095781556
920538
4967133915
355125802
6655665591
150172437
419750
-1
21023798
52171713
159255461
475003723
8485845295
3967541253
7819001
45074771484
4372855732
-1
64012829
-1
160373594
15502133952
20388595744
352331502
22302926168
306361461
-1
56305230
23650919606
111939673815
5407363185
958278741
3591642212
98569249
17874260
1766662
5498278298
4964365401
362623951
7599520112
684592648
16292642042
12557928517
2597167720
67885753
8363003625
80975648
113490779142
6735721
5233947895
350968950
6428954006
2955591655
-1
603933792
1166724
23357093
2575678193
1957111246
-1
80418219989
2516095
6462955415
646852666
1083962558
3210189250
123417261
13681607
1010644220
55564261697
1345227
1160826264
4515909594
-1
-1
1134088991
5778401377
2286224
7525565421
32045772
1714740090
83623253
47267401648
6269513417
20775671
14204248
139824158
155561
2776314428
13465258
8716143665
13539752
12800658611
15445968
1655581625
638620757
3169290269
78576990
8246147
2838169222
651138279
180726002293
4293489146
152183495836
29877
162643037
1119930625
392115940
1817722270
1708703462
4453173603
-1
234186466
41296349196
61520520203
19809309302
245055160
888155507
4148782331
9013590964
1122223
1430901000
3672751222
155288972
608903904
10181024
75834206559
1703601
13474306282
-1
1234079867
9797118874
1163345
2449581822
8221119994
1034701
3834739449
359869827
55139432
103035772
3366191524
3117300387
1593501665
7133726104
221175
-1
4378371857
896893600
334697597
49787506
1368395
1274432119
469373612
47130853
4338039
1198889433
133786726
37721097718
3997608241
22029068
13363700528
-1
14882524175
332124
2166812576
1478821246
237577
701760553
2036719799
31504623
2657818211
82492
1923922924
1559238326
3110626
5815683379
-1
110401752
14210134
636257683
25052442942
3018989
3210437997
-1
4478311554
57470156
2477128970
44595685277
1331221299
622645918
115528109
-1
115107940
45222785464
1490216952
3238901
1465516307
9118875598
2128969418
3360470147
34902068940
30799059
68970968
-1
10574187223
1110648500
629399
25650814
2603547386
-1
5074153242
129714423554
28286247232
657354300
84202374
34637227
925510
95921607
214738525
25453330273
2774621143
10002830
2630062
-1
14865596601
109962215
45809491
1141421144
640039634
4811833
2164371476
40597157
20487454120
2024220
645992817
5660348908
876829337
1622878
44954056
319199331
938208195
17484070340
129413741
35093803
401388020
8029476771
3970415929
16551517939
171643901
200768421
15568907
1498504885
69810136
37551588
2591833738
8779657210
4249436
1442650835
82986134687
742462061
4723091
11591333827
209014015
27752209
551066470
7685447558
11710418560
782602
31245942071
2223848106
1869058034
872080043
94386590
-1
67632637
5217
13797594878
-1
15525203272
435776
910487275
49864649908
1768648258
7872697149
216366011
1952876
555744503
52633405
176891211
90390463
4169482
6922048654
110220620
98969151944
185485632
5980273277
723058112
44358433
11911182
7105055
3135177128
17050517
12756678
1463381944
1346197031
854890241
3561543441
2919764398
-1
2372805062
47703703
7707695
804214953
41860841644
435847791
49965199934
2036817020
20387154280
9062439060
40046439
-1
-1
3690517015
-1
87364701
272711490
-1
336725752
2403417445
85740541543
2054285550
183453451
2767118626
1895529139
186666855
3151851863
-1
-1
862122
3495837
-1
7897491630
191293200
79309945
738750858
8033854
334691599
11901499492
456412687
8534245108
63080918
546744711
1821285479
1946040001
14843883
232523443
513164942
3623609226
10495962408
197222413
1097857531
89508738116
218933710
25017737932
15986477
2676772155
137155972
790152520
2332346090
14884757
30218260
8090674
-1
39970343489
2752800097
13311055865
8088191595
5598259098
16130940475
7247042057
4506318972
106646629
5096178592
1178617754
47966500557
52427964684
13715879101
2910157457
316146159
113565359
5937515230
397281033
1494378337
2593962591
1271797
7025703200
6171307640
9110277074
162665816
-1
3194622964
124558741
7296407346
64885427
1623111027
4917846355
16282472
218357436
14120960618
16553453632
628651286
153153852
5892057513
2416102
185624
1839571342
3654189
264232935
256750672
471952378
30440419840
124570651
27265559
480611336
4171920324
2074908124
2747159695
43524864777
4716071
178356500
103856687
358042002
43950790
25465314448
606618858
3959310387
763000860
185056010
77022704930
1002522813
49698316
10950315093
869389928
7807533360
712855199
389578692
-1
82441125
62767070
195912001
21699528
1384175128
-1
31059838112
10049105708
2622985412
5124116731
12643081317
-1
2730319496
28077021
158646553
105395971
9247584
861885511
1418548153
4366125958
556702506
2680710832
1114789908
-1
14290856627
109343185
32418545826
1572247896
1737835298
526722282
26817629514
11470780461
2123304589
7677072
1747506523
2003841017
331586
63835407090
25681014971
935997481
1880709087
2460245795
3347181883
231586216
7272192405
380673948
592509457
13907138789
222799797
1974572394
-1
90708456
2362321949
10920899619
-1
423028
2974651903
11128054
6009597
286396083
171519912
83855152
619456
53422515651
7242171094
142789640
2228246112
531069707
3003574083
111629712
390338828
23440519
2233585087
6049871265
1239374190
14025976022
50129771275
40900357
2283304461
5244840209
2099143384
-1
25877401
2137588
1038449585
17979010
20318899603
46521202
186698597
124962024
20340433
26277306248
6764595457
1886442
1305609749
186909579
13188748063
285626386
274129196
183136001
167905497
1092222
-1
298528431
81958915
9280155591
49582218391
57910526
55420287195
15030439
22733526218
75838008
19037539861
10740482
11036868589
2280299158
1377673505
10957947671
3372453
12435894
477190774
95181751094
-1
-1
128298517786
460831815
19352192
554610235
-1
82926551
16070102
250048353
782473072
39420204
123109
241161554
42977740
-1
11638356399
426911768
1548889735
-1
92222650581
3099433259
1344052
970623420
2599350110
725419731
-1
15128991
1878327883
12816434628
5604305322
180259049
622799304
258780051173
53525408910
84204238587
1438261443
3861973179
144871618
1918867334
1727380145
-1
82231391
456636815
9559672979
44708676
29944
2995322682
1942445792
723786350
2037310483
37967654741
226568
1365690189
767911728
72171706
-1
1699035597
593288816
633513953
2312920135
559984005
-1
3007342239
46591937
-1
25013872
358575829142
54917368
109591037
7842450
2064776
484315316
32843113
167197355
30683938
125545654
1780377540
1932392645
157769466
86353957
21075358808
17852220
21712485
550401484
1378918572
15729875
331768646
21983901496
45738821
-1
10236762469
5241016342
407879818
694660910
10179521
46919795
7743848709
282678
1399471
-1
67732979
2547191847
63029750
27964892410
47399713
2984980
91771912
3038683714
840551642
-1
796706857
