212464580
4488760
195474313
10269847
270360121
120929588
205467539
4673876
605233906
35358215
243634063
442396029
125551282
15055156
2717423
101154856
236379041
315817108
439551827
4532476
25762558
52893361
252186171
-1
119035581
67568154
2390955
60235693
47537906
79987582
119846191
456046664
36259861
446738308
588992323
252520693
18151251
7951171
80567622
15482756
21627321
298030176
41094860
326297262
43206472
163785027
211646246
61573698
11932587
155666991
214573996
89640972
97396677
76148696
73058501
316894658
125618895
110076419
266067958
383088788
217143343
478486325
97504290
264102298
34936777
1041381
248871158
171507215
23943207
158250597
81062208
291051041
282768595
82306482
49251175
139874551
262631379
138610005
51787801
8551908
45364200
9180212
336272147
136587444
140189159
237949727
90129072
252359547
607683676
20604458
417144730
3605509
6055791
88931933
264850471
105987902
59427535
130074940
7664142
229669062
