1953648
3868228
114151
268
9035
39958
37408
8830
111052
427147
1407
6266
2379306
19940
64963
556463
1815650
70240
-1
3229889
674540
20075
449258
913751
4441
5262
307220
393540
26802
15583123
3873
-1
6505
13112
8598
27255
4252
277660
52858
320082
74500
18987
11174
1909156
665389
168362
6187956
747632
667724
5554
2541311
1392
479947
211189
1971362
51420
1306019
15318
129282
2976
263
116854
169044
108437
16429
23703
127984
11331
5427370
51338
3502
3148
2007315
2146672
52268
43886
7037714
449400
240996
328200
11260
11425
-1
23637
25495
170037
18305
55442
43898
14696
547283
79663
853398
-1
667082
385945
25391
95519
5445
21259
