139297069
352019804
88217145
115229360
147601698
271851111
174637592
111415601
114618412
1090221
121697124
51814283
484402797
294543081
3990056
435449200
214278056
116236176
438760241
92025259
236314463
154948598
5913042
26182132
28240609
6885673
207416655
14824873
259948003
160006803
211495938
121354006
-1
34318954
38430444
95115643
141946148
592396555
101349164
5684650
2293377
72288841
223394149
131124002
135568075
19258898
2264756
407414875
194742654
6596543
59150411
-1
166693920
376724555
139783407
11174031
32333615
81553232
69487063
171741197
16567001
21914931
634206077
196852627
27351146
716928265
1379530
81993347
481905447
406500117
678340184
27521798
100248934
146708185
109942086
114680980
111161136
74883627
28759601
-1
160393309
209743526
233890427
83334563
64803671
352798517
167972548
74457588
138204605
-1
216134706
190445178
84741888
82637207
35432879
132240746
143541446
45186113
39888263
213995750
