32875076
81783676
91942263
326453052
53223543
290419412
158338970
14223995
231714684
138119558
247673562
17139881
5078246
302154477
116893636
90912596
58091957
4104499
174420985
-1
111178829
154713421
584260551
78845200
21231090
168281981
290320871
393932839
244190725
9028854
110629704
634531973
12890993
130665637
200385568
15242579
213296004
66271580
17749304
85495854
87824401
99735520
89449747
244787157
41592796
28476920
58077968
388288431
304559171
243122826
399959087
271766201
411405166
236801458
243540633
113823392
20761519
491701949
168243054
-1
112634722
231239836
344345751
194652225
230738109
194913890
139459042
57334034
121427329
-1
1927068
34239819
71575740
60692872
214801067
24125653
33570579
18778140
381658700
480107248
24137850
40913084
62400721
9063731
157145259
140478536
23994970
476706816
241498963
83675884
393828455
49812832
17141102
83648623
172281225
36043862
198207902
3726341
81624411
13050759
