INFINITE
NO SOLUTION
0 0
0 0
0 0
0 0
NO SOLUTION
INFINITE
0 0
INFINITE
0 0
INFINITE
0 0
NO SOLUTION
NO SOLUTION
0 0
0 0
NO SOLUTION
NO SOLUTION
INFINITE
INFINITE
INFINITE
INFINITE
0 0
0 0
NO SOLUTION
INFINITE
0 0
NO SOLUTION
0 0
0 0
NO SOLUTION
INFINITE
INFINITE
0 0
3 -1
NO SOLUTION
INFINITE
INFINITE
0 0
INFINITE
INFINITE
INFINITE
INFINITE
0 0
NO SOLUTION
INFINITE
INFINITE
0 0
NO SOLUTION
0 0
INFINITE
INFINITE
INFINITE
NO SOLUTION
0 0
0 0
INFINITE
INFINITE
0 0
INFINITE
INFINITE
INFINITE
0 0
NO SOLUTION
0 0
NO SOLUTION
NO SOLUTION
0 0
NO SOLUTION
INFINITE
INFINITE
INFINITE
INFINITE
1 -1
NO SOLUTION
INFINITE
0 0
INFINITE
0 0
INFINITE
0 0
0 0
0 0
0 0
0 -2
0 0
0 0
INFINITE
0 0
0 0
0 0
INFINITE
0 0
0 0
INFINITE
INFINITE
INFINITE
NO SOLUTION
INFINITE
