11378176
176402029258
1629758122
55655738
-1
65956754
139601247
37839985749
84725522
1880659051
570822065
4376044705
561547820
18151233
29448523899
12866250
2348280321
577163444
59107068700
2411384633
46129135759
119653
786183
748874566
1662842383
1006952430
16810825032
36935754
15163991
8210756914
71708481
746417
101917815
-1
-1
160543264
4661417
8024984
2501022142
7023100
328077306
74187631
-1
28050285
660659
143915440
4530323926
2502131404
78750687
23596456
6971944001
-1
738368753
2579126131
466519075
3695160
1423572165
385518276
96679914
106480723724
1917380258
226854424
-1
8672006
4084211861
143835292
2312800
2859451623
137810705
-1
4290717008
-1
23828029477
707509
9745092
447249536
20077243144
1013843702
2319924
731582628
682663403
28201
882140789
-1
254178288
314151667
979439375
15853911
625892
56939088
141321887
55156911567
24396059
1215296253
7284927281
46309775
30105257846
70149986
4549446
82319
15131648915
73938521
37453265
598883122
22934408532
1930421395
1094625294
-1
-1
571219856
254249928
11186277255
78191187072
677305643
49467129
177743503
4436309167
14538914002
1846070
1805368523
6103634902
28028307912
-1
8792504
104984635
36803637684
11450246856
203427362
157267038200
7046694
165644601
14642644266
2070685242
3946359289
16477197525
-1
26763048
28221299
178048184
8922311753
376997380
-1
3005005733
2749343
3026513825
2016471258
3574233398
9163280487
58797344
76383332159
-1
43825121
5522206641
78873720
8079336051
-1
158866004
6767057276
941769986
2269071420
71303346
1971847
1837110623
54585076
3959414916
1469851684
463544081
1303091207
2844273027
88152927232
23724234
4249997735
-1
93549537
12679220722
1300858775
98007942
6172532337
2207365225
188949628
12551373
10669242
31890742894
16962897305
25728039657
21927135906
31565902
15801385816
2798557139
3902982860
242330697
23408398
35959178412
639518136
620672232
15326416226
3010038165
19554657
68111473
5015209180
7481357136
115326305
3394604660
1302373816
15773062
1363163184
181702637
2005481773
20830177
467122
1949599
93395816256
132030187
514867100
75304310
119605404
567896110
-1
58883807
3180401
117770866
-1
1605174543
24023680475
359354943
13529753
529623
3271859512
483984518
2414192007
-1
39413598
13227155606
4394390
30681673888
32925588
116688295
10084627
2168841
69804471
66675563
3607226249
182912668
1022885878
539060
92302842353
7789369096
-1
21790648180
2617240
429747227
501686478
135579403
4713379
1627180816
13613855847
38734174824
5896394767
2762940778
3087724091
12643674
1023102764
61334753
548844
489732976
85134543
77908669816
3270559
21273228542
60512111
-1
3910447720
45360286
2506058
3483798
3759063263
4139160549
5795986606
-1
1205821674
4323630123
-1
436649368
138583833256
71387197
260275621
1832540446
971579143
8129418484
58647502
39814512
417539472
9644429
1422627117
579296702
9763073091
2193499734
1191842291
77074403859
-1
-1
6829259950
431984204
14127921087
-1
384261938
4226747
181147041
105609717
3268900110
314166823
8631423617
98204749
16013655546
3657790
314550237
1366438191
959016276
29223865
70647041
2139454153
15279470132
260206460
110998010
43349189
36314995
20399043935
56035196877
42404353765
18534859
3628257734
1712527238
5113110567
39605057147
6396163411
181661331
1192518
545170245
51449114
1554517302
452157094
180996899
4742578997
2561301955
1589176977
1307292082
38578679
144459309655
32884748
75531
8033417872
5279949
515503643
44040863
1491920258
1812498267
11211398576
5282481709
2842502663
221036265
128334503968
1114946259
16381609856
2875139
8964341
12357601452
3600707
228901679
33688732695
48898463
1331620268
8328352515
-1
22447597
60204111
2641149615
3418993922
118935453
9532870759
537622264
3028515159
63360951
56294441
8649927863
11956307744
5172030225
140921120
3877922307
71514372886
1074156096
912599210
18366649958
161972587
2746960151
886651873
385736
936975000
202797449
192288906
39223220
-1
11786916285
6037173753
5729781978
25538196197
-1
310764415
4401309
41238456715
5283295604
364714335
337196
3109515402
3249613219
1148944307
702707171
1958174261
-1
-1
313831115
-1
6023387791
1575799293
78674621
5957458049
2593238310
14432328547
18369329
6566425205
168976349
169859826362
1512388536
-1
12034915141
1043458471
2546844465
17455342
731815
84238950200
62428974
-1
7381272330
3053217514
15491630298
515956936
1908356225
62268592
4398669755
35790041
322999879
-1
105801978
1303721332
11009292879
-1
1298739617
45296869
1102104624
2651385
86950975
4395174723
8849613
1938970495
1133092683
19733339
24121161
2186914942
24470441697
83633673649
9793910422
12575014201
9265202205
321619552
15521773586
915036493
2460908914
120632223
728510421
9755123
2014268
5629356644
4066624
12528733189
7421087
1253617638
1309526840
920147805
36810030
2996530746
713730634
150944371
85511860
10754322141
1061131443
-1
1924176271
-1
1791361269
898442014
677729367
836524703
92381460269
807513
20683215
12718910030
4061139157
2829952239
9985901213
246406295
20190521
1229053349
914930642
39033277152
674496012
8114707
7536373
10267705534
110150885160
-1
594284169
28508790116
1370519200
109016029
282821798
-1
1453215405
741716555
2117080664
-1
7832414588
630086243
38974198
653053199
6849774
111728605
24532180
12718410
19941871344
88323386
231759654
5881672212
949961218
-1
5082692754
236417695
11768578
65521151
44984827
14992745
12119795765
127178384739
3655842217
38011098396
71010448
19352
16487092
1504567
7208739359
3776657134
333848364
140175657
1928736703
1649919703
712970
296943393
-1
803523210
1699235465
457309038
59229207
13134493566
25196172708
85327095319
18060970282
12966673210
2581492919
121131612
1837285126
60310227
121987129
772275647
17012755131
880380367
94731742
5062539996
12237113397
163717765
28843070750
2005279078
132487031
1802876775
99996547022
60657134
279785019
8784077350
154407669
7430385892
267997065
88920728
91461740
2884828215
90667750
-1
1972320015
13347028437
13474565094
12569391904
8620019134
162646025
185406303
3076788208
5000887207
3864248078
179026940
35384133
38340534
181143692
5006454
10144220
104970235
252652354
156161261
4042492
1986113869
27585076551
15524205922
73121866
922458819
1476045112
81604898
166752834
525432
179901941
24398155782
1070934935
26595893
19188708
8362757
2853533893
6204185550
579903693
20624804
4177321067
-1
15652602389
-1
143076468
8295458
5297801855
580600400
28502502
58062113
2811376777
1400620
318721162
979736776
62802732
1834412
287114628
6359166030
-1
302009730
65415675269
-1
24130775647
834818551
23531264
45041438902
3100693501
5494184845
1731842
1395262680
-1
281473389
1820528
211079721
2027453310
-1
1687495680
2960577730
76259915
51645260
21344119
-1
562365567
7044174961
-1
21474064
1135836920
150864842
7755694608
123343745
-1
5081011
52140007661
3448298515
2102151642
2116025
157100529
3376609091
66467413384
101501302
8030046
23451273567
4219107785
1825151
84811464
924898901
7764208000
16095010667
4858166590
2223478849
4902314533
15493969
2195899013
-1
3981920912
68187700
28168078149
1233258889
3077988
205463064
117831392032
-1
209063107
14948226579
-1
13819618121
134218
101078511
-1
-1
604365316
253041447
100611018
5050811567
2634216249
1039959033
185306264
352873422
246096
16706361
858195588
2582660003
20595928
327776369
29662427
917255846
21281523058
149696124
5460614130
13557304129
19804462
15120134365
45435205987
1149487
358905536
10104886842
176880161
643931974
-1
59675328
10265568823
195120074
75791882
1775545355
101279517
-1
38553598931
363779330
40882294715
14573709689
63926647
1772495
1155620365
248933
4700767716
55232097149
8867202197
523336123
100843694
11115078
26332785
1146716125
-1
6419866594
-1
319704744
373288093
40911781
77020174
7420920
-1
502101919
72697033
259022808
60323555
6629265186
730823366
13819849662
47809539
-1
2766761928
87748490
2127931982
13356276
115344736
10810897
227778156
-1
11473046
2199626641
4683244441
5721160
54097293
1619291361
339539029
23939953999
2422965439
2865206965
33537006
8938620
25359161258
204579570
17147148187
608027015
9117266899
2814567961
-1
107564257
-1
665583396
7566923852
1865326881
-1
565702826
842220149
1064662722
13776162
1092557260
179717
29398006
7235342368
735392916
1019642207
925190321
1559223023
114624610
806026
12976776
601182
3243588
43629981
24308683
59089605
5436852086
2893966755
-1
540339476
1725799059
32054605
592570998
1089676117
16059875
15720750464
9844901156
51629428905
3336380416
542558311
-1
5319661392
1445226
2608115727
16545750
158885156
-1
310222447
15617686
3030429937
463491934
41664510
1935182855
4897457452
91665781
308694055
2823217
27800232
5132870845
751905835
884950
1227394790
1330803247
3761314821
2059188
56260152
1073249076
7969345081
30390469740
7285718451
6479824
329659800
272640725
2612815
54291814706
434429346
167669138
10930861
2691862625
36302253
846364051
32481167480
190134830
1803773895
156824699
178300940
104395785
-1
1211335644
87018875414
14554269430
106464442
-1
162825552
1317998280
257552710
8730810848
-1
36117184
1283383712
7983105704
47291653296
199312831
4388024409
57517302587
-1
1284545426
1498207642
26365786
4452001847
5757300
-1
-1
33640057
4685635
32686142373
36930429758
24273835579
2013029454
1483688766
95527031
52575884
212777067189
46767477
205238
16536663166
-1
73385579
321242802
1665917823
2204064679
344283755
-1
1303999747
-1
15234627856
775799818
89917232744
18467544
1792433
43435777
4655223802
164399397
9202674293
83654
195079047
17753695
49734565
39966130
35269567070
520746415
-1
86255583
274597756
6700138542
1158202178
1931590085
53259506309
7996382635
20510488717
1544212744
965274257
1682289702
1313140247
506511
-1
2294717
914530927
73238323092
-1
30929397
830094196
2386277325
272421897
889169491
3485958416
21916692475
519829436
1776020698
5381416
-1
1857302
1680995025
379571472
-1
175232074
128217128
3350144028
956437737
-1
2321042510
2743588323
254819
4649401828
11495302529
4502983980
144369
5603521863
47058101
2121448
12214001010
125755563
18522902298
1937353847
839639241
1676002201
852520986
101130052
5570452502
-1
10879199
749389903
293078178
12745511
152664818
30120018824
55160549
22103015540
5493342294
9615087433
33815902
8850247
7278258
753937326
7764273062
26517512753
6695721618
80867973
1111368508
12390803754
45560554
70105396
3109004365
225977251
468587026
105087603
317854512
20860641
-1
-1
190763766
4036012084
16313809
31264902
20645219311
643635829
36889921
64191791
245678715009
-1
19548694422
8560536443
114430777
1980606915
-1
-1
704063438
2660351478
146357170359
3977634129
117608799
2131132947
-1
-1
84653673
18206669111
4336321
6571955150
22423211939
128000
1167176828
11547221
62668387722
3818975
783267767
35947714516
1265546
3959088760
12397253079
39462595891
3387385290
103239365
5225844503
10990326
1985044070
-1
5043989526
46042382769
1432200971
1709515688
5533281386
68817210
38532293
751040
1515652714
3992645661
5123187921
1464971498
-1
5955738426
336274775418
12525243
40141688
-1
178161347
234898522
660936172
60286498
428458804
40718448718
279493
185663282
-1
75298889659
93617804
465235801
817167815
1037680580
14722678
65512971
260246206
9276346
1355668385
50960103
2464094279
141454433
44794897693
12361434
177759190
2611137935
3850919
2719269206
1260491832
1153231344
3673729
366445463
5580273
17952227932
25358240416
947209081
147680771
-1
1742273830
320522682
5179686
22255946668
17077518121
853812955
98342091
762235231
5513785685
270390
2280610515
237959929
46382086
5546893
482900
-1
645923659
105623695
363329013
1621792182
3942933
8253568863
2109481226
15682280
4612584393
34728836
503462890
13340658514
6346205454
14905619139
7386355213
423300069
392712838
8990497107
27635173144
53912110082
17439104
5359292
43673775975
2046608035
875457933
698345173
2261833475
1780779
23542630
371156369
-1
3733590935
1295071059
60254330
3380550237
764531289
852061403
125004291
725690532
-1
224233802
2778354489
2481398722
-1
77140973
5705322618
31173273465
13705506
217771340
4167750719
4221186485
848206018
244698790
23391655648
23568540483
6311312486
432223089
6154481722
10524427436
22154896
409541370
9466641056
18885968
396535700
10758513118
14905775195
12667704088
1428089001
145558248
34232710
182047649
4198264
3130617674
1909927838
-1
1003745924
27138007
4879865129
2350696673
61179689391
560457061
-1
2418585037
4500720155
2116429084
2378687395
6315434590
14872
5917113
7460587037
-1
37844898041
23556795537
95124281426
547624421
2882433226
685067060
97130285411
1552732837
57457858
443567481
50196307
11504386964
9230408
80670142
-1
837971581
17849057503
36199719085
10357249767
3165259042
6073133
2240688602
37640950441
1396947720
4739067
18705031598
1135475995
208189421
10572743683
35201126
203930755
621733521
10643731
22565500
36655163362
18618
1347758290
553559252
456060415
281884936
41438304
1398853573
1339543349
3202852
25568131405
9813812
83366691784
1113810
304828918
1692076543
3153538260
-1
657194440
302969
252521573
12627
538583789
42501634
447939321
13980379616
230343472
425106573
1050182028
52684697
45709682
-1
56125828
-1
-1
49192671442
35441891
-1
17269954
3724857973
22779407150
686387133
52160963950
531498822
319589374
74575153187
44239740456
104520974817
769112521
331476912
14107831
147244413
156160301
402533945
27017
2053031
107037
329706436
1614455705
235654513
9452301668
131425482
519592751
299372480
6958451119
1176117025
5938119869
30649149
2409611911
2931606496
32700234753
460502645
2434258
44094263
680758372
3989142877
49754550186
10373539642
1052945111
429387234
2801855574
683709068
7224365358
219600896897
99416419
58134416681
8550421
110272848
11874074
1587972
57136893160
152748394
2960839
1867161800
-1
157718442
-1
272139853
47825297968
1922373902
128552027
1008562255
1578339840
2008646
969265034
830446544
3005425380
5589884
515284144
1658674738
74069393170
2273451063
26285490060
34230679958
23084933
2433779335
701040299
-1
-1
50243392
724086600
139652500
29842084338
12608761
19822018
1283376
4243647
9586391748
204863257
4140738894
3172049868
-1
188249152
354922120
203852422
2320047
14046699
133347206
3691348066
192683593
227923457
-1
849381228
74367830
288531877
17951061870
-1
-1
312229834
-1
1882380507
11920644093
125373092
5278749
2829955697
195880447
505911
50799813127
10472486085
538523588
4547857291
2095399
32992322
2755580
271778430
218724108
1529666236
4020286471
544604551
2191423576
1528470
106702864
14812564614
124002755
29241849
-1
690199719
36310978
1191159041
24824296818
399736846
3583728130
4759329
449843796
56942993
1291085025
13986999692
23554615124
-1
1226103882
713807001
-1
1314987778
573994476
439835059
57329116
1401055188
20766472746
971766
6441133963
2227294987
626760
11771467
205881171
146028501
2377404856
1573672779
41814654
4404470532
16067891271
12508167814
1612144185
5302777085
15040372
-1
79810234898
35560619302
3234762
3094108
1351112714
-1
48683933527
16873412863
-1
101993345
3792327015
1333298180
38944471
579320939
1947844279
28305344777
5365854580
10838165
84163789
1510946985
558807190
11758414368
200188737
75511921
267978503
207353591
-1
6471789406
2678948784
88068161436
732688035
125439659360
1013703540
504462611
599759956
733686931
11622649847
3332482567
11019570912
3265931
-1
-1
2555516400
81188059
1397850406
109771207
-1
106682517743
27155047
76993490
531761693
12569704956
99343227
40711431
653825300
5182624880
29435548143
1199968736
18889290
2219783241
39584572
1073301229
18759188
303142130596
81147667
907717436
8479145027
4257575232
686134748
22074671087
1556797394
263537146
130108575
4399656137
108841335
22046315
4226431
1652359
1117827068
4295916
1101362299
347678729
148681
1682211386
68081519
123179842
1857460661
14083621
-1
648164281
27700839312
8355251216
37233595172
5206849812
8581512
603543230
3767755968
4280092593
15342544965
32765299934
198585914
10246806
53750981796
-1
7312684969
51328497
63756725932
2264642
89563171028
-1
-1
-1
42206596
177777034
13950977958
29017341
1627700
3653503923
23301448022
184542767881
1059121635
3396943793
-1
384407910
2266260397
1623252758
511182255
14105748
52058154593
-1
986475811
454666283
3609830465
362731237
4134980505
200657310
-1
105858162393
54902510456
3549270
62063557
220152411
4311675
38453421
287548664
332696250
56417176
1536324045
8078197043
-1
100409878
111835410542
1073227752
102500429
54857341
6388625275
528938
299000583
1770384889
128141093
3435911397
80641772530
239892241
7185907080
372556
79821979
2697770977
232950058
352699482
17143255
-1
1137932098
30474068461
27726607
6101145896
3668569972
326320224
2332245191
5804912
142653662
3316251628
133738091
56787221
29757153
230944617
46054907
2488562
1173371
12930615
7980039083
1456211494
5225228168
4329583850
857137958
8485970
149763505
7290019079
18273385
3375769428
799271337
193619803
-1
2752133245
815159695
636059822
42424683
7796250
-1
149631588
-1
22814230
2723976115
4902783711
1091888664
11760095419
3819862307
1225186355
3429552
10917959
133068498
77617220
805053194
7062118964
1652765093
6613224084
15144717
2879388075
89221070989
222312845
43248101
12789786266
23844
311684990
25352189
11490288293
-1
-1
-1
749555577
2708295290
622512185
294910235330
18510
75197679
126507317
2618312368
36364674
-1
48021394
1439472324
5614702
1208013381
2734564623
323047409
1932969
2269307038
17394277621
58775653375
42123168896
2894680973
35621935661
525087171
111342557
1382435569
3521955
9192951034
127487314
4327752814
14967409965
21557280605
1826114155
-1
12755496690
774878320
377017257
5895192090
4232725238
926695022
5810332819
4667573
425494134
25376756
1063708714
406861532
2813626006
48180077
1908306283
23877
8601769338
560888381
563912211
27034523405
35241449248
667928900
14607633326
-1
7937005737
36205496771
160857
22663245882
184474102
87806827
27486607334
4212177633
924481890
9992478
39552322243
13177758121
181422514
2488436833
45409611
-1
104944238
799091565
2826136660
82061219
32752178810
35430655
4386611452
2948165668
35360999
14511149505
9992668716
3023508408
188768646
40714756334
21711132
2937669030
8155084180
1326885181
2506109437
873708742
11779612
80680151690
87697500871
45537826296
446541314
14363499
101538659112
319372137
970887615
16043923
989877013
662620750
76440506
69009951
1842574
90200141
4427609
1249253635
37167386
20102498
2110676917
137535298840
608943
38946829
-1
2526931
304228402
1097037634
148198764
-1
51546225
6342215218
52885126935
10007534945
4554253207
3581461054
32632426
18403985250
98970982
-1
12950620
652862103
360451512
13938941
25707422
253736322
3295408280
-1
5251842
444083672
27581558
13535320924
252667666
3606555254
67115544
110346497589
124932763
120063580
14198490
48101171752
580811220
3539446
688245202
2463362526
66972302
181071851
-1
955523601
3695450
275448836
28555725230
2917393088
3631824365
-1
11301328
646181708
184151866
6434599
55360428
-1
47059999
2532041614
366615338
5085683
37680885
762724386
5144995267
1623781932
57487330232
14389069843
253956118
1254390602
319126240
3230651140
91071919
64827062
7345735908
11636037768
12663561277
1609442164
33434115
354982525
68774764
2009781327
1386019946
12461701
12651094670
7344013
133451201867
18017307
14392339
1373897667
27367663
2742048
3243753865
21076252
197418022
401378313
15159528
536111692
152900202
64764393
4797302939
76810966
741992196
88701318
348386
10674426285
43339463
2056476056
172607263
19457072
459524511
1504407
185320922
3965165930
340884797
286638673
2759787212
6776900
1398151223
134838842
1329017027
199912178
12338534
712438674
9625340059
106196249
673273
9537173547
714209521
1007208840
710924829
197168265
7035812876
787051988
178492970
87711125021
-1
17642128309
554124417
58822003
5391474306
2324768557
7425268989
49523682418
341454823370
1093325371
1023514697
124313758
6410210299
1728053
4618346357
1393872169
8918259950
8911020
7936109
7258169984
-1
64811476817
342621154
4623562730
1249432339
16238069613
11642675
42645186071
468790024
5309071440
57013855328
3338565031
29900133
47392056
75130196
1570173259
892232565
-1
862380865
-1
39468582
59539293
613320
6876574
3098322
122800573
8284168349
75481670
18237379
1531569943
55511601107
11867021971
192965119
478485321
10308547
16845207
190841956
343508
-1
228716596
1659516386
204100975
15031680191
3625555871
231543680
7611499050
26378810725
-1
15935645952
13746656676
-1
55445151
88085838
33903070
1986048222
5904543653
16976454763
80055
1424014
373097639
48179665660
157158879
13859270
1823495528
118948365
770293887
618234222
10693120290
-1
1079610426
96870025703
33784927633
218816072
146071222
25139857463
311533
-1
1193092
3402164975
2738624710
2213804241
318420420
22581113
290506641368
73334615
-1
62221657395
52485510
7502923147
96758800
17001850
432758881
16976670431
65066837
25331117
13786431789
-1
3706592695
816032836
383698836
3319340718
-1
17800834
475044778
5668481809
870798812
289269845
1397022243
56167714534
887134
-1
122250887
72079818
156113143
487829
-1
297096669
324542874741
242338657
13984963
-1
2241548961
644332843
271165968
36020728
75066057
-1
201255113
5496005091
6210192486
64518629
924443845
3689995006
67952481
48661462
2837842477
144122008
3610595613
9275387202
470676714
11222462130
110473755
71471728
53191661
106332943
7950470023
11947694274
584084562
127677278
117202
9296810842
2322050265
77614090
2030542806
17317038
131107565315
5136788483
82960345522
15406896
6213236603
9912204464
3133560
51367003
14836922482
9045902881
141365049
63682643312
1037182356
22023517
2733684455
44230842
16544411
-1
387289
43141861246
21372692
1382959089
11555461
13146376877
231636114
1361302833
288581682
4420636085
5626547376
1483760
7691292
40621050
103820783403
244133980
125111970
2733753739
199816047
233492546
15305478941
66088
781506317
56940367
194255305
163664144
9880726
17619483
19903716924
16223448358
1698049
7851329
-1
10770800859
48177450
92090846610
6434805
276050456
160562918
5203422294
7968240
1783813927
2424205659
6079852
47189553
70561444
41077588
30207511337
77348391
958910440
230906665
4996650569
11741976386
6323676691
73082135
-1
6092064
253596920
-1
900754
6184533
13441718887
4059635
7074660804
746741809
7615457
351371437
-1
122250503
107695980453
9405842786
1315861216
-1
2601585945
7475179
18050705
-1
7580706
-1
149452376
36184047
1112600903
11531083337
9824321998
248236523
18406242
-1
5001655
-1
1673167671
150571694
5665846152
2547513150
3701942178
840241
-1
591312943
1137519921
-1
92168
7820364651
11934706
1901696236
1644221083
3405575347
114588946
4763818
1256962364
5624371432
37312579
103784473235
2602383781
1304870910
582900775
2143350528
12406100381
64419602
1789294587
1684676318
2133037
-1
6756290048
119307674
6942724520
303902928
1757323472
8421009
346958576
82448923
2365364547
73931803
98872181
28040374956
69529613
2211624
1397040
159581115
274319181
32211132323
241272845
1776928355
-1
184605058
2261493372
41087664442
1880483
34714942
8830092302
33095751421
1284526486
71400223
1631819264
1094542727
12638707
846438
27341863
1657133760
12906135
23671815848
73885369
4824173610
646324236
47403110772
117217569
472656428
3613217
1449131971
176618433
503885899
-1
403421782
2369269
5996947881
8631028955
749831016
902522605
-1
9009610592
2031223
39288737
5211032
1000898062
31638093334
6689586
3511016988
6531288708
9370996369
11823376213
153602451
114522826
29755441
11832250
29576786
2873073788
2349917163
353238
6135079730
49867304
624985750
343213
8277185
34523305
3308624301
6156799225
93649441
86635013
196365081
7067477010
4674347
18741763
19759021346
1432447653
1622484937
432305032
-1
1033758850
1231849686
2480362396
-1
97021297553
431130311
1981390898
58482766
2287655
175135678456
19578703
40758663
1507478183
6990839269
9707247
69105867
60592110
-1
31872197121
-1
906228
618930
7651867
774223863
239005
124664836
930995320
28103520
300601
-1
26222957665
14050338424
-1
-1
4764058587
11203940017
4440164672
1746584764
7533094060
30535225514
4018683918
83346889
-1
6575216127
154232315
293735383
114234699
434393965
415511708
452083023
4159807585
34733308782
3073413112
33504397
-1
194434044
2833410408
2238009455
26163011182
4901276
1223511288
2100352
-1
2105557980
4595469860
742558395
2192829464
1492363343
175039
-1
21269902325
442755607
-1
671089798
2722729
7942744132
30529660
695490385
1408332700
1014923211
3493371
23287762330
4018451251
70270348
172381982
5706426
-1
854374
2498531478
57792339
-1
-1
780356649
-1
32899511
-1
572576662
2615525315
7152306
-1
77730455479
6196596
2306208244
-1
473708668
4719211
19486961596
154238394
3571200
12404655
669971551
33855787
2317338
873612871
4001032361
14876400020
8592712
16797862261
25485935
3334295523
6458560522
19791982068
248429284
7384431973
13847280
3246421789
1547512280
1173075674
36491704
798483093
11682195667
20299385073
9689708
234277647
5822207
3488667
-1
-1
892582430
233093802
313850657
10806387
55946340
3302864210
24037808362
638137866
-1
436650677
8652113378
1745543701
2711934
10817105113
33621414859
205876681
2617468587
-1
17015212334
94325869
2475695072
643218
1182616695
67538765016
3218882785
140033921
1771768179
435283401
643244924
574448547
19087387
5227529
214271
66982250923
11830903732
-1
49724832
4530713613
6683769367
2665909499
2702674729
5698403
333808808
10672623
1343757944
14933734
19130099848
995789831
2574968835
9898785
11083809
2143231772
15274939
389755837
198871112412
263822012
7703425
407458207
2785356683
4028147
1952401
1323187566
285619006
171643815
234524936
117524555
8300446418
3080399513
-1
9913983256
9671878
15702799
20088748953
152079915
525420460
-1
827537
2061947
260106628
198639433
381413572
329425759
8536994964
49120341
630444094
7666360570
187821027
5400923530
-1
11192100887
1109620582
1264035793
621793884
2869710895
872054122
445409175
18362986927
6553207180
10431142027
3115831260
26187251293
71030062
20333796
62143425
328952013
1259075
68829158
21657488745
8706164657
314605779
21081012817
293516
14695030448
1593689484
12489742
8597195833
1303829885
93012851
1849417
1364639052
1538783055
3195046992
290465093
218260501
22326291781
470673248
739419244
19881787050
2865320
1107823774
170722454
334185028
145024509
7199757108
-1
512577507
3058350020
33335266
299789006
20686182
377813005
72063777
6158463
136556111
484563356
488216288
123092530
10705427519
121900957
1296988422
148026295
1264458980
35116928
17527654292
520467046
623883685
10169042272
3945129085
1502541867
297728260
14694771880
-1
2212196298
831291690
244195172
54157467
13246368308
7842129
4393165069
7770548967
24313275
855162432
302700840
101355187
80826688
832659252
49090757
91083319
6475348
150914
11368862388
56385637
71457551
210342253
725191
5796232
63265705
121091491
137636321
2182822118
1956215263
1071682
-1
8275567129
4898886607
1305799148
78452549
1578882565
350427150
290283069
342419293
591961816
426646372
2837054611
377865516
42132155
508624182
2482787
371731229
768641852
76054333
2586776
16105253
590773
81034304
90480219
4149468182
803817212
-1
94896957
1112313
-1
5370301207
66243920510
6732416313
1972438661
8150605015
1183059971
142154093
1785030275
17188169
2743342608
37902863511
33168007900
16364273520
76398567
9312449
656511198
1069637594
61957398
7739471979
221757446
25588140414
-1
1290077124
208242163
69801046321
28802429932
418096414
12582180
1656162
30174718
515993523
15622720
12275898189
51029908
398421541
51411532
110553366
8657836534
37307893
2685330
802085029
3467046573
640620647
41412661
111681694144
13332134480
-1
1364000645
34629807
774072906
3914531487
31682772161
25710285428
4061369230
64637635
564191447
2710218
4531515895
-1
572682981
64967801393
53833950
284429783
760014816
2044658
781778310
26631197871
-1
5761711384
1914087310
122921364
18664168
13937348149
1436666
914535604
563140892
3157255646
30005335
24495738
3473848129
1630459158
44389905035
2840430859
2303376633
123943416902
694853438
8185813
2498981
356941471
884171924
765708546
3228409591
71726659
-1
199449058
12519
56045947
-1
8136336
1291188566
42803782
131951087
842155256
64926038
2052618005
364268077
-1
2085174196
9777617
425087052
183975243197
267501528
1221980147
894693447
189109538
68128066543
265168900
153345941
1796341936
212943658
8541854
5242552703
1210785965
-1
2366838733
316025406
28246829679
14866049
345428099
1381165
158251249
10469194
-1
-1
3011451
56728735
6656717857
2119807596
1890672961
119851804
6277416
5212277233
68727295
-1
14511799040
29464469333
123692157
7708855887
1065873049
7159699187
753398173
152459828
2836494087
-1
639197244
4408948322
394501385
2769984768
920776
88799228
538841074
1543217971
2662018117
101269315
4005695
2967238582
152476898
6821701
20973166
19075866
8611579967
837248405
718320700
293295167
15850316722
370459
388115402
38775702
342846661
5738247260
-1
71771296
280888141
-1
5671460751
581788803
2715422
80243882
9161547538
10825532777
2666413
15466404500
434975324
533387051
36336092858
2107344200
757858829
348698124
20467733201
4199570564
88093006062
8704899
76878318
486938676
105605664
8757494723
94701392
8376856
1695865570
8495311
9436061
1085073762
18485064979
-1
11132189
533703853
7866753800
165110677
58487350
5059498
107909889
11899236569
69561491415
18227774
14501816
12935862569
51435014
514938767
324629291
22563068720
916309747
5346509634
6390511233
44530
45277017
-1
5651111845
17852282
40752248465
7235899606
1963787085
328620011
721276996
28389887
12960623
1912706695
4253283024
4599443590
10177800862
3121186010
887797182
4398762391
1880584
3993272
14028721
1992409642
331809310
55929530262
30418515622
1835525940
1355979439
121813238919
1439207989
12844957695
72705074
37662357
25919413026
40831039
138375151
739164995
7224931125
3220274317
2076993555
3551527760
8720043982
16143116166
756142824
-1
14481546922
67753316
425881263
7499993854
4792727750
127133703
5729283754
-1
-1
27953865565
3612866
1328582709
16348438756
29206958
2060109
36023017062
2574064596
178109234
874035132
567259912
227086191
-1
15027433
12043700403
364638235
26965731432
40051785
5325005
74817374
27869360307
21539629506
-1
324026363
405657
272726587
24107590967
74359566
-1
3005516919
730728610
1402409855
-1
2414534
2887114618
3324257122
86923001576
3915699345
88424433
89749304
8186888995
20749146
2034655577
73371341602
114010871
713934757
3597015849
116713797
27898
8056055513
1077780437
1536292693
2724853
7984768225
446447126
8830167383
7271288
1534961819
772517976
-1
-1
35827017840
6135952
20761955
17200240370
2151602837
164914494
11197839373
882885628
954998744
106980385
626695561
3466349385
-1
-1
5327603492
25039206
857541199
8310679568
9986982
118563502642
11671447538
8475469901
1124948210
-1
7766057140
4203074068
71066777
837215380
14780014906
4418751413
3350425
400841345
46823599
14303107
3380169572
35623376
113806487
981539
118829735
5540944
683817663
1109789
15777552995
52260467
3826836
33526057874
24701025436
194918094600
1035005980
510459190
17947015
55201011287
18597105
2171899
17392813
29793036772
-1
18784718
655754246
4975307796
341837397
3389042176
3587044873
1466093866
79143548
800788374
29569766
2289911734
47320439
7652539
387034968
3187348907
709427189
-1
4584657617
3206208586
587871790
412044657
116920495
3166495
7121960787
18766282747
28847810
2207114
662278737
4798465
2263151415
7901917072
-1
4764405210
3780608731
30001520
715134136
4381302
244623557
7574513815
11632783082
539955179
19624212007
6973254077
742136866
16458013
6026592883
1243545
122371949
5353717818
5836590
32868926486
3262853813
296725864
336819880
457081254
166248408
636369728
16088565
744368457
8861308720
2193638
12299397
95937382855
20173203250
6086211468
5814119133
273278116051
699518268
2810127690
7303043992
36940772
138360309
34640340
-1
5026856475
26421867
-1
3605460
257312606
149200593
13776241588
219278989
180657237
118821962063
124046
36141719
9608156481
6799280330
-1
470730656
-1
727376115
27881449800
13874301079
893385178
1657948389
-1
30550682
223533146410
1112928514
1715547352
23349268569
1801393520
2191737097
10452712874
1624070
51502203
7385667
5488974007
19669924998
330209617
26273879193
73929101755
-1
261728192
27579804166
-1
21651162881
48505968
-1
163648467
28474358
265303021
121269421
982744283
-1
1406391251
148370557
62676384
3467594446
7092707009
228680539
21197719781
1329452551
19146
8273092961
39829494
2062492202
4077430835
962003209
8117031
29629614401
250301373
7117294646
628734657
7316768331
189234722
37324191705
2758574976
-1
63063562146
37037233
505425021
1007074618
42367782
302527049
-1
855292
228689
41507516
42325358
4195997985
24769282
-1
9327308640
38336684
-1
34686611
4450677
145835213
48490525973
3808963548
752838903
13220955
37063512581
640491978
32344139
13371981962
108696714886
4577555572
5583796721
302229
191438043
1529726493
1024550591
30968025
2703880512
213381392
113942666
98961840603
783308847
17417869
8974963654
551386826
8602107082
617461211
3023362469
38508605
-1
2076900853
5427912354
405176299
187216486
10344903
348454207
453767500
8000301
279622427
1271475710
54281622
190965037
3395555
7283134838
2929006435
16059496
25718229676
1240947923
64319370876
48303687
922919805
50754900
43252842
2561818600
3380679
171244229
421531422
3719030811
52293264
71074387
12632905
1044716235
1057766842
15990639405
26566016117
5070279762
66277401
34706996
20639586375
126910532
439367267
1719091356
6894410183
23904310909
4378802758
3962127250
67242033947
64179769
3255728
35832794370
323831721
1745229377
7545797
49919426
-1
12320961
715665151
30515427
236864601
5094540703
349630450
11841945639
24029632
1655105424
-1
497240496
90012593
6801832802
731325509
-1
2967129488
5946198406
2396340
10895977
302012380
107905451
16794200
52596575
-1
864789340
18352932
2350760467
41673830
445824528
12894695
118823403
-1
11478068
-1
1022485281
1976111553
79958545
1574701796
14588710612
1084804033
61689304
193831136
87308129860
1091785719
107729785
6657412483
290927413
-1
134200272907
548468143
358819569
359142455
577789848
7921407
3709344151
2148882658
1729100561
1764967041
-1
-1
287977339
20327767
495518615
452806114
46038947704
6163302721
16890023123
10453346
133255320762
31043351312
1764985080
575960976
23050768
10394690484
55647256
43123717614
24609050869
335177371
124624277
3673679
2541403021
1865161973
594357856
-1
78957169
63015373
10060481
2841478849
27345644756
7080448147
760671780
-1
2709922449
21447383
55942
46479811
4015398
20493631989
17169252402
187260743
138760760
772433799
307097417
1176754327
484265492
-1
154067973
7144716982
71706280
453992251
-1
83502563
23474676
571742624
147257016
81122438827
18539538945
10848582
745200
335609
8705715693
21317498143
365802176
19084504492
-1
-1
845931238
2030725
138645537
601446498
4720990278
44900184960
80494765
2040967543
176163787
64773001821
1922228902
8855784919
-1
5723456083
386354501
17785833804
3696244784
-1
2032003725
3953498
56236816528
-1
185415272
344593
18083324
77469059
23301328164
3366273326
68870217
22729067423
2839250514
46783337
15044268
12495957
3873009257
53655961
3475132449
68665
10425398491
15306001
61308407
11486929
1621114
979508
301616281
55192453
2864875834
518551933
2663069003
-1
76826
3381722037
369614324
-1
151644428
-1
892927672
40234921209
114255054
13437548241
46201675
3446500609
141865602
2239228
5868607611
2911647
24540984
516056341
16923275665
4800520614
525014583
26455471
696878
91949584
5099641068
1342305285
1443134477
947953054
1741207128
21048547
5776777
565788495
326604
-1
4568346166
1684490941
2554595862
192838066
5243451842
18424198585
976622077
1596963643
316634880
20906847645
246792350
7911353775
494002484
127275318
11499113
1803143159
2405819005
92932540
1320491419
-1
723504
6860415287
1259615932
728153138
30702341
-1
1473949
-1
79017631
9506439471
213573283
31914736
199782731
59471501210
26324323
487895840
2161626114
1976023584
17590165
201279621
24898224990
285351004
8962141
19655642927
198348127
50767947423
915098883
-1
2262990202
14938542
-1
133572923
8716629
8349560
12256661032
36518268
133575318083
4850980504
-1
89151313272
113388
619089023
82112119
14284032748
1027036406
116930448
9017119461
73798122
1687856566
-1
712715678
980102064
423101501
1221105943
51897209
158895217
3496874089
7767895
12593586
484660655
2965316105
658869502
1494129125
76471013
76837088
534878007
-1
73943352
854973095
1700062067
3918010137
2008094371
36846925
-1
353485268
13446019
27953137
7423884918
75047177
2278636061
6453038302
89933547
73699
71241670
3741973656
729652515
1881490524
4886922419
56329868
25812347
227278733
12098160263
791031
13246671641
273069108
74744643796
269033402
5534685219
27764872
1481739385
2209658880
38714996
13751641634
41105169
6471606
29470579
216401931
-1
1286271849
-1
6239819
933119695
41656630
1913297
5055422421
1717055408
48846543614
149445737
7569462756
-1
926867467
2403585647
164164217
30402362214
908569249
274316589
-1
585445741
50203615211
3401999
14349116
3214053324
46861
67992636
240362
131217095
1933198813
2367239432
2745836631
-1
53675768043
461174572
7232632
-1
247840439
9450358724
615380
87426054
9446730
109822953
1018218697
346174556
454096867
147869486
341157199
447895689
4550414
76305444
2581219314
72903690
19011239839
-1
325945981
2167438253
3303394
62007546875
1475198733
86287411337
3309856621
472669819
34170724
23444804
24249697
-1
40841233749
1827927
725224870
6547080903
-1
5622530768
70935299
721921920
25562260407
11520098055
6979531590
804326289
20394836852
9666099753
1644343292
13216816171
4916710064
350545189
3191110527
14974807
102172034
924868259
173920107
1577826881
42492051
10060007602
11230053798
175268382
5814331765
152428132
183955773
2803346334
3500808000
7534639
8507012606
1087617607
338930967
-1
87929766
1797417431
1386505832
41568410
4529114
2472727413
29248834
18120137642
35419108
13965268
60539
683912
2128477098
115397316
427816607
2673288925
230005276
173832329
-1
5182508463
134906643733
103715942
4010246518
114449721
1476024877
12915692
5187979782
-1
14953658859
232035601
295700184
32636455
140017513
778743788
146301071
19334713
11516871890
841578760
17280365534
3659489552
669643
6640457983
1042674283
6808074
2250107
304062521
3799286779
1048038
1832138405
22749393232
122942227
556095495
118909719
376603883
198189004
2220047520
6791601040
9521707
33871335
306317491
1375773015
111379523839
189412976
401057994
497904806
1999933
367919120
18216154932
45622711
1752100163
3062594675
165765
15072500680
27255975917
168954132
8468037
70770184
30091250302
32147006690
24809868013
4099887749
71458582222
169304354
9876723
99534381
20254272
860640959
207428843
7645406233
83342154057
147434797
52369393
131555641
188350601567
4304509853
1140852658
2039538
3751404
38220
38555008
326970918
-1
-1
67759362
12915735
50904234267
302826
2528098667
128949261
7654065672
157620342
-1
11441615161
19004941491
171372378
171245328
2903396304
1429723000
232183724
203657361
15752137
3793085353
554720788
590397202
3647636554
14794455691
-1
14683767
16397598887
8083321268
158474058
17121613
35027508594
1471778
9495119
187295059
269215737
9253476
1292239329
648932203
3488981498
4823304309
78826101259
74716191
11761986394
5836054
496075685
11140418588
46384650
5441754697
789881008
3980350141
628226
5563146476
4783542533
236285004
571293944
1015734049
9854557
18535254502
10243049419
143189960
102041813
8630944000
636887255
42817691097
-1
315515379
131390537
22847232646
121844082
59215040498
1231285465
85647992
160623074
7064800539
3922984550
374618602
733681299
10074464
105454949369
4525572
50940930774
9895636
1566841
-1
-1
89736791
993827254
1425976
7814994811
1299509073
293101
7919512988
1648180423
23862287891
1273892465
2940551077
-1
10143383
1687060816
74305219732
25963675864
349118
294833
-1
4326164883
191750530
36817870644
1052407
4436313673
30845363886
3499246
697577110
29481180395
25424255
16459027531
7814006
6739924178
14539243199
5463638
3714467417
44459641
7187839660
32375460466
59700407
64989290
5600225988
1970649271
20477704
33322194
10517422901
4205348
130439087079
1328149463
18017136
127189026
-1
842742190
-1
8768908025
17874998751
45789127928
705022
80616588
2891792240
6730646283
2054982977
2433050190
-1
12635246
588993323
7593448
129115611
57295898573
84379912
15366082
152226175
27430504
45175002
69181532
13398582776
19720010
1051306384
3322689
84169762
-1
7806968
3322607246
25374471698
24719447
504455067
541450789
2171536798
818294792
4019015478
19130118127
126653980
1539377
238536
38775004
487728454
46652481
14860564
3282666597
8914620384
1354954518
35151725
31146925138
3773085208
194126017
372559405
147106632
18548486278
607224028
12257624717
10241607781
381695688
38347205
22125416
353781365
71791616
14602160324
-1
-1
-1
291720744
335726716
223448214
982573
8650122
4921384
17490316
1124479844
2038242915
83182315
962249
468835
662858455
115604432
110732482323
7643580946
62291316235
316934873
65934559
30968821
6293635411
228804502355
19278528
15491328
-1
3766437749
752944417
371662663
-1
1806352191
-1
1058206037
776223876
257087703
349193875
68952089
86383693
-1
1792904357
175561244
46453230916
1940256476
13040368354
71635785
353995394
909407
776257747
7259049620
753014887
-1
330534682
131394432
24522807
-1
23389770
127727080
133896043001
-1
48875509
6632840708
195874464
202721850
834481178
919182074
498757682
2763277405
235808685
295308125
19463229799
-1
5738713613
11165510
390610936
1263959897
11784303696
6167858885
1289251386
124063495
8339143
-1
552468191
-1
2705900315
222028945
637574180
3597275
1080328191
1098022981
6694783
73028646
3301563
2953961513
137113721
25737253194
1008675799
552294483
683817260
949342587
52072189
578651599
548206277
76278852
214543921
71450721
217014441
2755157
112334412
21051717
7835418582
1024458
2535773
54154822755
18702678199
2358073237
2122923447
-1
98217353
43413933
916979054
200973744
104372388
1776335232
220300206
363483361
1753550178
30914932
1329691985
22767964
212619869
7875088
1997702063
1183333464
277878357
10504788
36837815
2323766170
165493739
-1
34788794628
58178862
-1
240518173
923483710
107783580040
7716389741
51862283196
40567941
202838434
7596887
1251008114
29678317357
227222534
2088136583
34169896
754704
55821923
-1
33008364458
9434700670
1437032465
1530188031
-1
123494221
-1
3368673005
6945245782
-1
79460325327
1638184470
31248932624
23017088
754421783
6597942552
2275661397
387712350
38982739124
1096439
43329735
173
-1
41773770
-1
148862132
33116149219
409855827
2341208
1367580190
2751850250
4969763035
247862770
5538606747
7139307
3181228
20285375
55205663
20708365
267446752
583810593
83873450
176172798
14821298750
88085338
4802224860
5620464396
5711121
113740174
753381777
3691403867
580112737
8658977
248816590
16786933
10097548457
992138
-1
36993208
24955860
10948974702
185303568
84822902
75795568803
4332214
477898059
15805193789
14276181568
17542060939
4408963519
205697361
6071382004
2383468450
52369
174151021
1313344084
3000020328
2920918765
266450896
337596046
176079319
771255116
352493399
103061949
380099868
375239860
449181640
170745170
31444174
3041119607
214391392
23303118767
466409208
5302719456
16425432867
578633596
555766756
1445613212
197722075
4888713
855964829
302677813
50924750
21372933090
29700332
966683991
106759408
125612500
100969318
2092479313
7202892452
4568296
7925748
619158149
33208827542
-1
-1
326829123
728127221
98103937184
4180379
201439910
383493820
83942110503
43296096921
2498615673
10382662608
85104874
2177652761
39972421
66095048
13299194
192777678
96119455
280272780
5550546459
3752906310
575759390
1083406771
318612236
11262888728
4970712728
106792940
6472707750
-1
45212704685
169362489465
171134794
1001459040
127592388
810375143
2333519459
112666656289
22261818896
-1
20304563
213374081884
3840980
69643879
1174665369
9720640
340051516
8308529
67507612897
260953
19314301913
2993441692
7573099104
-1
3466724281
1341110
4008446876
7448639558
1248118972
1343692019
71298426
58554942
2036618155
68547764
224362011
109989222
517051406
327039606
142540586
2315585684
1778429059
1181091583
4197475
6046901321
249691655
132003717
23399980
4185003
18149477481
25589102048
801403150
7772691
1735379981
120117016341
54531447793
148467945
22351903188
6350826
2081388881
3756670
379209403
4308816
-1
83583868
369397393
263043018
141498793
938116759
37896344675
186404540
5227800521
8527053512
-1
385545231
38762180722
326498457
6736259960
50459902667
9269013042
2486635697
15760779935
83152970
9805376102
6798872768
3646829191
681676
488106808
3993925512
-1
26519058678
24551864
42014392717
3351403660
28821074497
19484799206
488698485
279544614
134094701822
18762
119691877382
5945093
1207326500
228513406
801252819
392779637
8254764
188472041
215727647
1039658433
52284907723
2680082133
14084457
3886841112
-1
278417368
525182045
213835954
1315983160
4730941812
18229614608
628527931
105697280
2416703874
1740793
975786549
117854771
-1
577988652
6547173360
470606
2294358560
519478740
283986292
86925928
28644908
385925023
59208322
3432047820
101907514
859170
4288865863
444948335
13752214477
161156040
-1
88873232
3681984252
22924297513
928058
68931995
10380419
200464567
8853918
6585310
37787787
10314628211
357737660
1411835576
5397739
49679521
22976354
2265479838
1812456015
-1
179300141
5259960117
1334691276
108810667
-1
-1
167430589
586111264
37342059
46829048
21963374547
519901917
4883314133
15038986163
11443766
25085167
299066977
526658732
4590944023
66173666
7115946341
2694081701
35159951
1375309102
1316084021
6143971384
16962954
1474159275
623845444
16261415808
5059506286
3763442820
2323386317
79527213
1543170537
147144808460
302882840
404653
25470021279
536355551
2872691207
1667373
545143834
416009748
1819906037
163227442
40243970385
15160538
851584
45843996
26003313480
28379156407
46533306
8616533
9891529
4273694151
25963786370
125745327
34364425
76207535
2275986558
-1
236997352
14501847
49946232
1767821
5096039
30558156
264159819
16965390613
1796199251
26866150
5011450803
70721879530
703387
6845355234
367612416
91096260
40620608366
3544084825
162516140
40484323
8805944
4303862004
71920205
3901978232
50847245
326993897
277378530
2792825137
19316999147
39150548
4479396771
1553500665
14072878509
24685391
283889782
-1
54369418082
1260277151
173487150
1701505449
-1
3941713843
2948495289
23301218583
244733876
1134006557
-1
863315644
30198291
60520
-1
1827465164
207209328
876169928
81716250
1417854
7867618
3980238715
20091211
216293316
6707919112
215050595
1848795717
10075330
26752286
1535088612
28126965432
-1
1141552930
991183603
18991164776
4704325463
1484784578
637328013
1545538899
302110530
9214716362
3768350627
29633761276
126533447
73038417
5659169357
2411679594
3005551092
-1
74861676
3035842653
15038680035
6255035468
827354631
-1
1098480806
1181239224
29161956
506210
67948011
65314654
3912274096
100647898
868252618
36312578273
10522312235
6945167625
11285153778
34548911666
708128324
1422036322
1637706816
-1
98141139
595146
7875170
4252732700
692259382
10104110593
8791260061
2673602
8201907
-1
8353044149
50582476068
50431267
409082713
5739033819
232154830
16252228062
619946589
4197092
4148824
696238895
52195034228
697566981
2392123571
7203945758
33534957177
632738465
543389373
56184716627
9813514604
463171556
975927611
115829439
2153864
5210827782
1020554733
98627760175
15663172758
715423375
2585973117
117942344
2450230847
17190627
65531011
3702905747
788590911
12396891878
144980622
411362680
-1
1359834047
1095017773
318860870
793742997
-1
1468454617
73810999
1071289597
17811813127
443933573
52624339829
710150231
-1
29650245
81020509160
27925474
25341113
26545953446
1584367257
1658065549
26078985672
63809631
6218096500
3775088360
194896036064
67507281
183220416
773198269
21989637688
-1
8694928
20698930
3299410869
-1
30516449
36539247
21985424
3501021
228786033
31287795
3927840315
62747938486
7940932658
3305846263
3358392331
86763504746
510898746
11800918174
27296740576
9263788870
3392640044
14451772432
305155583
9920110630
7839301
2586049748
1087033801
2151520241
-1
1196309226
5193703890
1566951302
3215874437
835322
73212136861
789568720
12170895
6079541389
13215855
27826621
3191003803
3551196131
3387481
236857400
5471383
2700775420
227380
233457425
-1
94375927
2558455
36504963
3166379009
8854632797
192343676
452407720
2753667
43687846
2367847748
10448294872
55128290910
1311484
6200874943
88716403887
15186765
258619255
3474333222
1710556
664214252
1650198409
52617438
105678675
68600444828
-1
523495041
178897856
-1
410023921
3448812680
7358749
468849720
351287202
716788718
705984149
59602848
107081532
594605089
178460225
2325106
6306314
3067721953
9951688831
11306656314
12141094
91635764
84996461
26902322659
982851270
1732628979
6780516950
604301456
-1
226068
492819822
4531728
4967895676
694260690
8006087005
1968828223
13045196
3817262387
2332779
11599678699
829057302
17978770119
98215852
64789418795
68543227
-1
24795415506
62512923
26801896074
620280506
17344685745
4348897
15182067812
119146885
2615297
2515938936
24390207
-1
3607743131
4751192
1236714990
8055113
7003267183
15834537222
105837875
127659537
2151668916
4592826129
3600052716
689574880
1938581991
11593633
22940573588
24022678814
479964376
9543566
1055975593
2702508880
1882140024
63035383
5955181472
2896152614
4777178768
48546505124
198620136
565619553
42722640171
119096312
9444800492
5443026
934814
220606210
1969128985
728781210
2488109675
2673284
497297834
207423769
29082084
59218444
17062208666
33198295
-1
8377963
6257133130
5814977
6994610
690626758
360901482
15463888736
21738633
186069
2568057169
1058792175
224705659
8552701892
73027798419
962417931
109306738
142911674
20252381
95071237
384334583
-1
5921622710
35024479
1638118
477914
34132247
-1
47139526
778867428
345710
3636741428
55020347
389249
646225720
175287180
67131185
541564136
13436730
7485748
44950266
3197922
37185762528
79909498
1742369704
5361541098
-1
72463225
5814010406
315478258
302400841543
-1
29488
315546
85241607
29022756107
53671003
1642636
1443452708
26091774617
648861897
197701718
8017733447
-1
1203724
18291669050
8720049
24236433247
38007584660
53980333
-1
43798070
3754322617
436582230
33793923874
6974087
24374102
17538600
405316516
519366446
6618861012
32362532657
4473180804
29788795
425615938
483036
2369740240
9503903
5107615
72230468
491140624
2851841687
652529572
32841391
2591909518
2836467613
96503307
2509853
2280189
8396935
18264331
25991507762
2845365298
31387786
44700763
7097733328
20451337
120247
1296620510
24980149
2027916303
293749468
792137
20847590
754426829
7482300392
207708934
23583870260
6051031595
4271083345
413563301
567052892
35011039504
265822501
-1
203190546
-1
61104429
11701783
1430076755
36943280932
6994028901
362385314
-1
734733479
1738195182
149682791
9016778642
80889569
10409618
12001228434
114951299
1949099182
39168345
212209434
10608202959
926464697
1420896808
-1
60985284
67021478
10228160
1442869607
57199797
1493204580
184133633
8740446549
94496133
4904484
835716699
256487
265865159
2204616035
5528581
-1
45874152850
216225378
51303
62113459
-1
67407895476
-1
13492591058
407829018
48209911687
11955785775
18402697682
130368859
739189555
737264
3343540097
129179017
1786186
98319895
7087035509
144542832
1949158813
1700012
4224229055
-1
5491667
128424371
2743772788
234746672
184199746
-1
50901583
448772476
1111171164
327454141
2076292999
360258
401283
8924616070
43803435
82489230
150005987
-1
143863263
38067789
309813115
4774654932
86767920
40049285
385358
83074068
4009305629
267331674
17515081
974206446
-1
411106572
224001678
12521367
47967664
137296242
4527142295
-1
4794659997
-1
111798356
205091346
69462686
1249724
150184032
6956999420
2360073
373742434
626339528
75709481
2259764048
1086118131
1881389898
37022566
14921186166
1119150802
-1
8115111578
5141418794
7238428019
18849196
22044749636
180772592
30000415
31864372
311398705
12074847376
120291202
40327528
4679688435
21617514535
25631674
1240072321
41531387
61760008375
449728806
516097594
2611351743
-1
170110510
30017202
46634214
474534
18775872722
13310007
296490514
4038707787
287621919
55844470
-1
28723414
5329231641
2590079024
2198108135
1854096901
217506823
4418832
425277960
4555929
924511828
404864248
1580817
35416504027
10468215533
6610
-1
460044424
673032777
29293940
12199175
55937190
84976927649
752994036
20869560
322798526
3026794
12137377723
7726876783
1494943492
12536684
728660947
10543754655
134140901
-1
1824220568
5106655
1937687805
6644683955
8732591618
10703960796
24963020
-1
2260374126
34438358
25869203917
2230622095
39329553802
22560079
33758608685
1273797093
5949850233
36691833
20213231
52919386
2249832950
471538538
70448970763
1634407
14229518865
148039965
2479399491
398333565
10624156
139801347
250463409
826240
79806413
-1
1759877043
7143286
1963957084
2185045
23012534
7705853293
4873590604
5722336292
-1
56543042
502356088
4834626033
20500412184
643309348
14373721463
93188865
176752754
4263715986
315797296
387073
824938533
3094397107
776896294
4678704
6582100018
-1
41574407
174721957
618253021
11336306474
11964613578
22785726
15893291
3419749120
506976683
283067884
473324882
88893014
13583148318
106010532
41723538
30602019
327981225
1796186144
3443915992
4361843
5561632
1163276997
-1
1844107738
519021173
206388844
30176968430
1668474
9482383614
-1
4847192331
15562108461
324018849
253396557
19457952
2832646
76743320
16681336338
-1
415901
7054300522
33002266
20002499
3237331691
285125098
-1
1433053914
713050652
134017
7399974193
12196773775
40387636
80240779
1415044
452237709
20217651418
25371666
3833347531
21643292466
2480304789
2376139
5557694872
41701471316
716616785
9405928948
27224919
2685396409
9071831
27827995918
463394
1295367152
963501
45247869
122911339
2582750003
88992
4395195
79550519
383038606
130905656
1273033
-1
1535679
53220463
-1
7173938811
44415809479
7174890199
22399536951
1384656789
2842255260
696139244
4847774804
34112813312
33173761
1678490
2974463010
12512771
19538666176
2388661
153133087
36335403
5727385
96667708
-1
43123351272
2122918954
126052080
38327736
-1
41989652
-1
-1
6859529774
-1
10528767090
150777497
74807914615
61851134
23226110958
-1
4390031
-1
15453550808
8159185
4280155445
8154243
1653208389
33370453
372106483
27461854696
847083736
-1
43471359
381994385
315116046
3252241956
-1
44891834076
43822229182
-1
141445853
65173269
518012969
38952515177
182951803
19656498991
1715155795
16012727466
5985799946
45695246
504207105
6727433671
7555459
16395237525
1017861
41651781
174945032
1801208
9055251876
-1
453795682
3516537886
960826061
1647734005
69632821
46225
5567829548
85794935
169870367
6400265847
288872209
1662883543
119152247
-1
9414097
49616011
7582174212
34603241
-1
6271260433
179294886
109217000345
5462955512
14018535
-1
240127742
-1
12403299
41210077231
12926448675
1691935664
305980198711
329847328
119287909
31787871
36306085
784535650
162661425
122266418
1717529045
344377419
9232562571
326965
-1
1191207090
22167738
-1
2228938444
25350781362
248129326
529160786
61763539
136508421
29959586077
900997543
2721358506
297163931
3366966
27005747235
49229981
18849448
1102035252
9623683946
19624503465
717270634
476575140
298244912
1401388960
7861644488
3687362340
118920040
11096853
10099087405
2078104
1382426712
857231263
1609074259
507487332
603715403
3438986868
1197715453
2730588056
515092184
12807437521
3855850
7976289375
-1
746867307
246651017
127647536
248982427
342578163
413686493
318507
111008923
464635428
6855292
72750405695
98196332
33177474122
1008676013
-1
28362057485
834051600
226807226
767270152
125186825
-1
7651460
12007619806
100325
136486339
134891395
752174320
98395309
4077809
1180933621
801605957
409317723
13152910063
-1
13403902449
1765418285
111195145
8471779624
671702810
736018504
341120858
1062363
244955025
23467617693
2016354440
133155971
1191110930
-1
5535530517
-1
18668052
1205286057
3045556588
33655832435
545338
86532515
9635733
21478130
1683071961
2786247612
29285435
3485947
1705848617
549814026
1946299
1270213970
26344534954
46625101
4270257351
-1
31856917
1167190
5302897125
70117287495
1162514741
13392917
13757211415
472692777
45783810
3528060
12836002
192112549
191984092
-1
69535306397
594829234
2076408890
3093214176
44776351789
284041
2572166618
894247
188134069
1418404
75716330
536385987
19504919
400015047
2525932534
300369948
-1
1121947087
32097113608
495683950
523436731
25925972
213506795
331706902
18193126
3027058093
132515293
79684
1027986404
898208764
-1
33631118
-1
47632947748
2066972548
44315089901
40618192
-1
67194898
3921046503
15235017
1098998365
8020516
554549850
38026142
707516870
4961173985
1200376
481543469
4377700515
253757479
949742667
10900035650
121000633
1842560
-1
287623344
35554030162
62001568
303555800
476710
1351494
1288892264
600666016
255922500
5417218328
3621297734
-1
19116621178
98153805884
3983234664
60152655
20585654
3669231
207330316
1178985244
87119941
3022647825
28146469
263289719
23710124243
50119225257
238405722
24879627528
316301729
153181894
160369785
533019657
68074784
31898181383
14683723
13267444021
2222200045
6758467219
8563399854
578354553
76904261
31885933
57041413690
11580541
1895125313
-1
202841384
17153397730
1451202708
43792384
7144380262
407673011
136121542
9005510
12970603
7921996563
129012992
788485018
1519198838
19862485
28957060
120744279
1289718165
17381009
144245022
666519
15711559
2432997870
113871105
2806300
489779643
-1
336906873084
10420659070
150387563
995950415
1405134041
58347137
126401909
650111359
143951735742
1159562012
1847039529
451784164
1012795
52493003
10001435638
740210238
9762323
1580857348
6497043037
218089167
403588068
30047228
486233162
22548725848
354091947
258368933
736907646
2773231354
575722641
212686773
114323
26482710
1332595257
37277345
3339087184
8146713
11098635
-1
2550461098
328680
26246
663062807
2149457
2722308033
321005330
362293752892
35407566
84275853
11854235685
38151794
118023063
764159785
8293283565
10141167459
-1
40592139
-1
202874375
1809096788
1914654395
7214621837
4437753
3695907
-1
2202484
12170648
36100185584
17583738
312335157
182366059
1106684
282703830
7163136267
6161865637
1667858263
19247359
30077520195
-1
634576898
1398000439
-1
5057087
507626037
1656819461
1203481309
1449895063
62326288
2260439258
31620968864
3473529338
-1
3781811913
4413711457
1609866989
11804840469
6366772569
85783880
40196180707
2811361499
365072159
-1
2396186999
39735414807
3617064194
1331776
3182210
29301485380
232466554
1708987455
390271523
366900448
126802242
156193805
50305358
1718574760
270368604
738936171
1932519706
-1
133913424
17222099276
215479640
1118305350
810089461
2063009
-1
25769319
29795688
62759800
2744153589
1024795298
3998909636
717261
11554751048
267682594
149213460
16380350
112385929
18795340437
37019706
790609724
6036139
62039657
30902751
4263063558
51439832738
14936627531
4993629316
388487423
2449110083
-1
51204272
1332726159
2272165629
45927541604
846273893
7200943
20855
399090338
111454
659174015
66605918150
1091614
21117389
2325041873
68592908
96974951
1721827
13283131001
376938701
1257612495
278750382
76278993
598386869
730960830
1309431503
15658933210
-1
4920701346
714022
4950917
45533
3097714877
3950433919
1089310
7644233
288599251
3128062225
276745420
2054416243
43893825
143015724
2223872
107755077
46235333483
466070
-1
245027132
96557980
8723535
-1
3063389788
3826625925
560979216
46965164725
2555603546
1430777487
86572439
845151
349654
2524787
1133670151
14706262
4253977702
61379207
1394706451
862038
129940734
851405082
2976156
5176210
5038362499
122674925
1072990927
912696426
1254647878
1584988
24165289434
15536591378
-1
2076963
1123660581
202948064
5511357229
52174221
626557803
5638415964
32771326
1235772086
156282553
6405222
14032356103
3040433457
-1
25549590
-1
430269
298862538
6688659270
7900888372
1151114943
-1
-1
1479377315
1002145354
385258941
-1
157751248381
102066525986
27060414534
269065386
33179356899
37041818544
7723094466
961446600
2558674
1699629526
1301762481
1823852
3926148
67906905
5299683
40248288904
5018014938
796391888
202899364
1282403537
3964193135
10195475291
145829917
65530663631
45998666
22672905955
4033721005
-1
70941461469
799702257
3982773
-1
2796079695
27862640
1859182603
3066099033
2725396019
105219795
6025277485
7484934626
68987386
252012190
8147174484
268430135
10737100520
19752427
20286386
1870539471
34728519
128657
1121210614
67383730
2720755740
-1
27903
3008550953
6125188227
1543363399
104744948017
111834827
20231533
1609608388
5416113
91263550
-1
14682405043
14751084774
1464419338
1690855403
165592328
-1
3703393348
-1
-1
2612875825
1201448148
12536420
23017244415
213525704
-1
16064689332
10819715
-1
596099946
99055910
213165086
312767485
51190861
2028243719
1593413999
1897599971
138983608
262422380
162994319
187359277
320498378
5584259
2304725918
2555287680
2129334642
454434052300
12482698
391543569
2253766150
85177903
12847176781
452323048
12120597
22885204019
41915885611
10000541828
-1
336104368
3977155129
2021219815
1237692342
-1
159538115
123481439
7675358738
2680813273
524493619
3341402124
3320386254
15305280710
144089839
-1
1749425931
-1
15154369611
3078140013
14161002
1371978043
-1
4232797532
-1
-1
2113246222
-1
45653017
37301609290
131620719
7592504906
4429917
72863243
2735081
9932440014
1262759372
679217629
2819465938
224397719
18127075272
23015169
445340451
1315555259
291343
1672137
108919825
165273385
804736
4471830458
59998484
531667330
421642098
433668598
981915134
912716330
1625737450
34554041635
44876385124
13318346848
35860057
14048896
50228
3471645
-1
12716022514
-1
421563021
12342573
1581852537
566770074
14589393
1325279629
1324066857
35408382
1316620
112794270
41447644218
48539498
679076290
158423914
45190931987
5683958248
38409086
446434090
79336195
7193931464
25267173074
3018166541
182385603
136349292
2507770741
2047313030
491915894
44473374
-1
1506515286
11025247368
479644553
202080463
92108899
-1
1072061578
1005090534
-1
532054153
3281274
9404690183
3785372058
1717126661
81371
3560362825
4344323500
242717
100948561
36135184
32324796815
233342355
28766224
626454014
105592924776
20136543303
1720117250
173160371
-1
11432898
1157777365
415995
15064760562
980358609
46781217846
-1
335754784
1066796938
29248600672
6349024882
3533505826
170103984
554916989
82405177
12984419065
380125274
6786265
713114516
16234469
1392621254
85141
484040630
39100160396
261185340
2575396053
7629036
21517713
204537853
6873147013
361979
3637411434
23005642375
398296682
1322271105
12052117
1943323583
876650917
955019919
-1
102858187
112525905
3258894311
213661961
4057816626
18417863522
1493743
73951874
169308358
269387438
32084824040
24073549575
8532136681
6603033875
1187363920
-1
10708895937
1877117563
86938719
438368189
13628380003
20662546
13526614180
26560172734
1914393775
1748586581
289364
512554000
637723785
59388616
12816915733
363008631
287798386
238413
22692257
24269116
777392756
3199838
392791956
4064744502
1198560314
70142958977
122939779
991038005
444583564
223333468
9631456977
1321678822
40417814
136686163
15970839
105591932
4007816
2596629542
7271550993
79485756
1132539635
122375566
2044510246
399974049
270104284
2124540
42254795918
1147543005
-1
726685927
1103016414
-1
-1
168319314
20458910555
1345375891
5954925658
3029195
24571173
964508525
574297980
109416187920
1066678896
4086519
104213003158
31971824915
399845274
102438724
36443699
194364954
2165117313
338864230
8534505282
70926230701
35361369
1509876520
23371635
23497965762
18967812
148145865
1802813642
32598494220
14450942
89847428039
23585873
950883222
86288382
843935112
14773891
1055351086
1983933655
121869447
5110347025
5327711429
1924562716
2225708508
415723927
59829696
1451894587
507070636
141359422
127722395
28630475098
-1
1705695958
334479
21463397
13119523
452540
2686693273
285962731
212092863
7507590
74575082
29992474878
14581651748
-1
5286017241
199338767
65468891
58243426320
5112726592
21093679566
2059872
337455271
138385757
322755278
276594149
99709776
8443883
8239207
972756003
36593223
12370340
31921626
15210211
107381811
33969057
546118034
15807774478
866107995
-1
-1
8835560
2174391027
69099260
1389962316
3670082765
146255025
4094962501
-1
19286471906
8267726705
4608089343
335782899
30606708
388509746
10218807403
43496812
124152992
44922719176
10032240
1065119498
346310636
18875688340
-1
585497365
3785839
2668579227
4571266205
10871603516
4044890164
355582787
24011319161
2166026425
166516391
1435170718
-1
55309100823
-1
281155753
37178603
18273983979
9158111
28814788330
475900720
1472688315
111628631
477879
415131411
2121192954
12721247971
364153891
19530392473
-1
27752719157
5545521849
2755105875
6292911463
2129440
901762360
-1
10465927
61980425
-1
39812316
611581099
458561098
6528757
7154611
2187041489
2836718420
122059619
102888197
31557706
2523587693
179129709
1451994660
19293872
385501
4050720540
454499156
60292403
840144
8476379625
2785058687
663303225
1124349913
360038
91057940
44858472
-1
10169780355
15706921243
2624216113
1169215943
6664261
-1
370549087
192230078
21759724014
932652575
299982598
51748595
201818048
75337171
135166211
197052
84161249
122559661709
20962303790
63469523
7399441569
45353591
301304867
438045783
143916952
19672273906
-1
2343386
-1
4317566551
531922861
249382648
-1
67028741
876494258
107883184
25082957673
1263367050
22037197049
5584309389
-1
1349120565
7555233
19614928
636527258
557571858
63646848
1455760873
24809541671
12689164819
263637084
12881445820
52360741
1190141342
449179321
984235
11661494
-1
12922381622
38719958
70189210779
7076659863
3807909791
252675625
121793973
2534180
24824467540
198296352
1861436
11937346532
16594678284
6835725831
138917111558
-1
23462288297
-1
5956035
980109464
41125691
264354477
2959958517
2910137
11653704260
44821017
69684421
255077096
1090130821
1510626049
36959
400893487
250696550
361028780
3268626
37081929156
38927024
940781128
439111549
8881785
1068204329
585335079
340322099
1418213347
874361486
4317407518
85148372
-1
20216593
-1
83545299534
1586663008
1178115698
13539001
30373087449
34772160
2233279275
33238603892
1011130866
1556891000
13487834
14508156309
1079911600
-1
829277765
21717770
1274325322
14370903442
2923067240
414346036
345781463
-1
10640284487
4236384068
3415059788
173047425
192482734
1223136
-1
10823822559
324375682
177720
1029184452
3168206761
2003449588
425491647
474691138
4544
9936416441
9148163434
-1
341394556
2273676757
10999125
20804611
3921963850
78415646
3386357
1269382923
5571436532
18938829
642114790
3917075
62378547
171672010
17121346
301415
173161142
15053633415
3440230577
378206892157
3125728
81932221
42983361329
139948049
5089649798
1577523699
11005159
218008318
9741691573
9453519243
6346167472
273953923
2526935108
15206567
786043567
3682010
3484667960
10209696
31486478
1804218
13507875
725329507
25761600467
17866116887
-1
1694418045
162365268
1394167226
153597658
110249285
156272191
83572502
148415985
-1
8801500146
72106747
-1
459679146
398320
245409223
32878945
442005581
1984122295
-1
1026975
8498276
55383055
3576884535
192289946
858124150
219777227
2399038691
4963786668
4000275699
2424077
-1
12058747
3365778895
4623252219
45490647309
11609816
4120117042
516957547
17318892
1766824097
20032412
514847033
13118511
896598880
186317380
63315709
70498
478282320
6454649920
4034847581
19897005510
26121
-1
5176623305
12169216
131589822
1043702923
550203587
30588098171
121061210
12398874
17317417219
2348551035
11343183487
38200796757
17067905
2536674918
777112053
1612565792
6328761
19574634672
94122144
136192655
34488695
129823512
-1
39105756590
432997165
1253288388
3224510658
19429779911
1807163019
2119655236
-1
60151127
12828832071
1091280521
7825120
20492741
4690114100
5747424987
2279711869
8413986
117119636
61891788
18152683
69015215
2441044239
2354808091
126695989
468159118
1244100076
5892558000
10074865
2193101936
801843751
-1
1018829234
831054882
3115493
11894966
311107
1907204
1790131182
21148
9620506
3529372
76693112
22255161
1617679196
216078623
1914883
4772501
380878183
8572092686
-1
-1
1403967315
23187672109
659989770
559703523
126748156785
-1
44595265
378944
92339472
99712261
658770071
26201860
66439244
3432216810
21043011
547637166
1446331099
-1
29403965129
307248563
84223
-1
607577046
1151809
1163366343
2513681858
92084523
5444859649
85725598748
607482666
138399494
-1
59528998892
5358016301
72189441852
12487152
43378039022
128424987
16510347
1506289366
17367734484
55651845
495777873
213877096
30395946
344222325
10039528088
-1
89155697130
8448737720
7574720
6668154994
17451622
211683881
19489639
-1
46112693252
1170573186
537034284
3583364865
27182822708
6247001083
51147691
4779238
2249879914
402871943
147717973
97278711394
5694976015
1464963
520422248
7357906
916176180
104485107
2772895003
40172707
333330348
500268025
28494679
380016505
18435493
1846100707
1573064914
2527709687
11176451
151271042
1169388431
64054599
180179854
187244407
386180
25226227467
446354353
4734715
63624478
7904771766
97702633911
41123934905
1105186941
2873833639
23243176902
-1
2652560710
18333168
3445031
1477696
2095163613
79854481
2360337679
-1
-1
610623375
1085503531
4427146098
9691621
7353732267
2812014023
520673673
41276022871
-1
6641814622
2762152265
4644447889
25849131300
276919461
94460317042
394447539418
226404841470
509765007
3324965234
29098056
557119138
126372621
-1
51188889
15022414365
-1
1863821593
27871340
176755653
139718050
150694183
293243791
21584469457
232961637
109477404
3976941
117031510
19187124746
566285983
478889462
793083447
408796847
1224745821
895913245
74753537
7331179220
714913143
4900850
5400521132
9345
23436298
-1
40705133
308698560
1997969331
257594545
190522890
203885456
514000523
-1
72005774250
2355965846
837331
2499677590
602046
37999653409
-1
890121889
132652951762
4162965258
8950664114
58419498
457693997
19730415
17434931946
689247595
50732896333
6735311070
443425663
10176189039
2278223595
80659789198
24205745
358013754
843058576
13575323052
-1
71147641
26301189718
26076698
2824202599
3651447812
13969288210
270154712
2630277
10248354668
24278899980
338462
569864312
18161920248
7942769414
40203408855
8180922707
278983315
102516960
281686944
612794167
-1
36425937
72461961
2927465946
-1
103058638348
902435
404595244
602330717
3540508789
2447763801
56919154
87235060
33040313
18454099276
4668325140
-1
2170079254
710761545
43946640268
11899172
12672802
979289768
1566887094
139759558
374428894
9403269
1581034737
330009326
293394228
7203927023
-1
60278519
13267398996
26427240617
-1
6882539
2837906536
37331398
129190202
18202610569
119638603
239040097
23391425637
11226483702
98334364
-1
8967706
30399476340
176902410
24187979495
64891052
426476737
1839769
22845483
1841393
6382200
29938105
1655087802
6655396
106501674
4397928
15271194521
282254187
1592255149
-1
879944719
1977695094
1880237200
3862349278
374968312
4980512583
4332039
99054571805
446034769
-1
1458924567
114810048
89496670
1140763436
201471448
202032710
134644697
8540215
1186239
345339822
1378793389
805387638
787696929
3242867340
21778374
9394931282
27821874
12362661673
38260067688
54346444
750660143
4437985349
14177263185
799306979
1528034332
-1
31091986
15542075114
1690267678
45884067898
2456751914
2250561026
29410109
2623751076
57714315027
259627570
437764789
23224847
583686
92718530
1539262130
6907232
-1
1318462580
355554503
1193919670
52555882558
84271103
774600110
24720442
103156139
38792224191
4602376669
69128539
1104266225
8085954863
15141113
6077704075
11059987443
489239194
21372725
2720239744
29321795458
210417536
1211001459
35934785988
70435459
224909922
37830852219
329210867
93975515
23289954846
80338267
16225505572
291190902
2222022931
4330206135
7591614941
3609101969
375614315
66687703978
10021889789
120309858
830007649
4168474257
676691501
698091493
10556384204
2825081028
38448620
87618839
7887448215
10448083039
2344750705
108654
2824296
10590748496
123170235851
4135099
52737968
255818265
83032067951
30829351
51580019
189358446
109981318
117672
511082380
195668282
48251713171
7303280543
42190135
66616113
1168314996
4751378516
222632245
5644801671
673071415
4294935003
47377640
5713652148
1320704096
41932375
946520248
479343065
18955579184
195126020125
602886018
24510630452
8943206
1883948566
3185503
142510072
129443
2064160
2083148
553205534
-1
470364391
1343930386
410583387
26441508290
625584463
1520469
3098340759
5308330611
71279467
2138857492
53250122269
2690387
-1
37304613430
619092540
113224467
85452069
1221230146
332184482
239764681
11463
818264
255468999
71132684
591222185
1291485000
1817361859
6137639458
-1
129198481
9451154102
155400026
30445953
100843115
58040129
113788662
4052485531
1272494686
98760096
561311
69839004
14595219421
683388015
2047777563
250159796
10686312440
22731273883
4152136901
-1
4209735202
1611699404
-1
175330960
4775869
3639785005
4848951841
1629670
36488400
71513298056
2780023799
1254214173
-1
501328830
287380409
51069457
418462985
20380850
401910489
4640509765
1059721442
223317075
14371056984
7053201344
29512494260
1510752657
24086729897
67581619
1189620792
124313451
392735601
-1
-1
795525473
7767925
55346049631
222878586
454947560
46695817
2936437587
94620006
227555386
1538032393
346560526
4021314508
2834995884
470012291
50946796
-1
6097986750
195382028
1770657441
1932810930
15414878200
7233132080
52226895
5749657
6394350294
1146196154
3095142112
171350787
67989808577
2046862870
134169704
-1
355989434
488843
4245602442
2072298763
-1
25502683214
14680482
6421092280
231308
12483633
4424
612114351
-1
1707079253
-1
23029739956
93949171
50446724
22938227130
1014110745
145569501
-1
-1
81147822770
3270034
2564081683
13445835204
9800543
2233245828
1064689
269481359
-1
1015019016
8981559
130284772399
246152020
196821113
28901673571
13733881496
2859941629
68305809443
7664418
275402708
42887663
4168942
3647229
4372089908
1578233137
583863314
-1
2139335838
33859280634
68987125
595607715
4085299918
863017588
-1
416184249
941013242
2412428475
19149145628
18804870590
19283854
7822333
584701519
103822340
8453609952
10197755243
8073392388
141671826
30995183127
192780571
2288068
56113335592
12842737
3513237888
65399386898
6682263441
9249658963
7621581504
1121520497
2526573878
479144141
1569331580
19728937075
197708798
355170140354
775956162
95805463
13912457290
524784244
16078822690
63130334
2886124631
-1
560245838
-1
-1
-1
615831
38896182931
1449559
1657733557
1056266371
-1
22576903518
253291534327
2050825576
1976300925
229359492
294572035
53602603
10023024360
91887748
6295412
136377216
15576420214
11647717
493695209
1804211097
895382389
-1
715622174
119530604
912076685
491138624
64083431323
676465911
31459971426
1117624
902652323
23712277
12291384417
-1
17001683112
341435999
12236381782
6420889450
-1
3263859176
34468109
41371247139
5664377
11107254833
48333559
667753479
-1
8364902213
889430769
95727056
192102345
-1
8798929233
66866669
3785055642
387169216
1849363549
83658798
142543096
582212340
177282138844
1302050371
142919827
231967472
47457082
29605546
91972510
276165291
198127103
-1
1476106
1469099841
-1
408217730
61231081239
6290919989
-1
4600098674
32072106
288781495
13165469862
461970347
38660210
2889419116
284320189
13469078101
47101611569
56477746
11274849990
4933758679
1315888126
1530256221
15497983147
1046215506
-1
1068146145
9712265204
2747104
117717
64628664437
658284431
291486373
2178307392
9064183876
6909512
60698452070
16214036
740323
11863396539
45265569403
1095789974
6188248
6243452026
9877012
248243272
11040822273
95832320181
271038288
98869
164818160
218016075
-1
21040775
2627195
35876031
661560155
26497201
708397678
1216991885
229062222
372769515
93992916
5088676464
-1
80862
17003644121
2499052968
2330218317
67246188552
474838402
-1
3120929092
5406318935
1403149240
7070359
375146
93768126
18501617
1940884639
-1
1191547221
64856456
531071866
32167566906
727581237
573213498
9865635665
55283041
46581634
2951077579
5632762
18226408578
48016884941
26185258698
227889573
520168075
11499288516
-1
31083260172
5490825717
199221477
16578748
16207564
24178765582
20240503394
40325926
1377136171
64408360
941886397
-1
21026623
316762174
-1
24844196
5668436321
237004431
470157245
105278698
4994218618
114884570
2106657504
9353099563
1154548270
18353472
1746358904
49850129
15833133
1237104031
66770958
16345778
21753481788
152399654
15699704
3724555027
19009487265
36877238
206653942
101671942691
1017162666
959138213
365330846
52143335
688958968
20362942
320783100
4658716
19984805457
4703666483
739254398
143744774563
231963
-1
6371148223
915991684
51873260
638533341
-1
302874215
1631740771
273084247
2738054834
737582635
18378400
1609171535
2509179
152710696
266830
10734879647
-1
454172326
-1
28582898010
47388535230
271024493
402366136
198431
12780330895
1076073723
131964791
19076925519
22495710
455725607
13761398
618962773
57702599
7487197039
1150483422
88163271594
133308969
1790324796
-1
23780030
2524921074
160557862
885447518
1878328351
-1
552544059
-1
34529094325
14055524773
21044954188
513358925
3965041260
150112344
22882625398
-1
267199690
9717366516
717239156
98257178394
23361678198
1608642982
499430968
84766504
134047040
79282637
4126802
240063
11058034011
351064915
107350243776
13798265844
102049331
127300735
400432153
25858029907
793114
39537697
6660358158
210677
101450290
202938788
6290396355
431756942
33440135
10882035449
21059557
-1
5967858268
676997663
11647882
95175916
56523470
855739625
2060186
64985024194
434267771
-1
89997735
1178481938
683232975
-1
4816867383
26275656
5125290
1022533637
4214999090
4827618249
210009824
56853261
1429355351
446629245
-1
18857994560
-1
120415725794
8097739172
1317406951
157571112896
39197975
58715024065
810005076
6014609844
2150687161
1256588131
2434516689
17503242753
2675198193
55316990
-1
1845660809
-1
1077284616
14990244746
-1
15475145927
983086740
94346521
732922207
-1
266378
190002
1625992295
5965647617
186676154
56972965
3629358829
4087625933
4926631619
18722384
60807966
804889886
26853318
3453220746
31182100959
956575807
107088106
1311866
53197873
1491573032
9548756210
673463224
9813138545
-1
42905843
188928512
107152459
49461080
-1
1997263355
1214544459
130228373
1035185797
29973011
-1
219626441
10118993953
1405359052
86488895
1659334303
470039681
388462662
411338751
865689192
6008683374
673064430
569144181
69134
81730877
557490992
5540877023
27168158
175668190469
64427435
1927774160
46761028
3889261609
45235416321
3444205416
42779441
15041016
47814026
913269
156893331
1940293433
1526414123
241336882
11042038
-1
7396627520
1025078618
-1
124679895
-1
51317843
745711015
-1
1008487572
14254664581
1479688008
9472022507
11057
453144882
1022562394
58429279
3358608612
2249324360
716314411
11832253408
839687096
2505942700
754125792
34633128098
2329063
24313111
477187635
583740
28325079843
18008708876
4155058910
431727939
3917052
-1
350851908
430285581
220320758
124768796
7919404023
-1
15580614091
156679516
1518541647
235933324
-1
17937822
839834662
353122
19973888
4091217
841341797
20875078
1241715094
61046463450
1239490216
1990328062
9073623
25835696
20224607
13523793
1473346347
371112363
37136723
18220048
737936606
57978991
2933998121
1940524826
156355465
55750907
3667384501
1650248304
3388022320
3293138763
86717289
64169751
50203249
7893298
7812901
962517804
7523154036
1576312362
7426869239
4990022185
-1
2083298
14932333802
799545704
2600765094
1081085695
83983338465
463757538
880112
194010
15553603102
1201535198
109231222
2459820245
681554219
-1
3933540195
3810511932
-1
7252281
2484064071
31889305
416792196
971568757
126242204
14502830
386642587
124599762
47068855126
547002976
9158426374
157020181
3150719283
104383570
1470334183
3419088798
8561600193
17952321
825005874
9759937470
46554645
70366791
863562
7115105887
414659933
11536238
21558900
10531071415
186467395
42877816
7641712
62452141
115075365
48478431991
80839093
204474695115
688280213
15017279651
97877657
-1
11065333398
9951856912
393111781
-1
-1
725186197
1755656863
2857120648
34396604
41546671
17258584
1924870
9493610451
1863328320
4204782
1031361407
-1
1000005756
6333
-1
6329391
2912036729
75773327
-1
21965102650
7151264781
639370
1250665418
9151431
14656706
5561097
173857520
4181439
226396463
7481344
796456169
122079028
49302110
101931089
10443675222
1086085443
21351763
4037803834
13719221200
137318643728
583787264
1268348999
559570679
2696290367
9601142398
-1
5419567
19734256365
777266296
5530135724
-1
345347661
289453463
-1
426313235
755610059
1446086
52431595
-1
415109315
1764974599
3396698564
1544980786
6689349198
17244839083
61226540
-1
415941
5319835343
141200723
10799715885
3507753511
1814601652
31058830
324691263
65614050
72320943278
63139671
31936715
504106
1848616336
1130156830
1697283870
6048849
486177
12259688272
148914089
234697767
365465698
39312047331
286215
2140121579
2746055334
111965557
115507462
15017464280
31226769997
251771153
4046814480
35972987
246294623
18827501643
4725142
124927917375
793737071
520195969
5008186870
94653389002
10024442204
63548926
22194309
1078990249
276200
13814187332
35986635
968709
29128288
1843462216
57412288
-1
13014679
41159411044
230261073
50337867
94355229
12850020799
8406313758
7554615341
32890713853
4565425760
233080813
96719972
1364784358
30231283350
717546252
1795107011
2374680357
10250393
43393475
5180338903
151805049245
259930704
72171708
63779998
7038297718
10042374
2716317610
62138322167
218365434
90444608502
35878752
990649675
76542443209
39173316179
4166327286
104850158
1725950699
2907766386
61599868109
5534172648
-1
2885282837
379063679
500369337
413074863
922824089
2234028069
12767807465
22749120281
622275295
77924784
804724922
374114178
485287974
16950109713
236108123
2704409348
13448495204
24534778017
396190
285665576
233219941
1667997
2032950
1971891184
75708834
885459
197050173
191397264
418207421
147848955
504358870
387500540
22632578
2074653427
15527457
79664180
148164917
1485493
8199348643
197492537
90563530
15482822521
625317923
2869590902
4996217749
-1
28890857968
5573938203
13193688757
2576314224
155292337
126102431
795475684
3959671384
-1
127423472
341649947
18459573092
3065848152
4205430
10658255566
4397976894
2653959271
388026632
21609601800
1616868052
1837098
243241797
14872541599
10867708737
6446332079
189821801
7601440299
123746528
-1
67487018
5056882
13623804
655344235
1502548645
1001211437
434884
-1
889571960
96790358
25198611462
1950346519
125144606
105467305
913498426
6038403471
27343743
505058026
129216180
2569419176
73099773
11413074171
60938962
1921967071
1872402936
4879827
179898938
4814108685
1584114011
19514413
486051856
93248752608
2813921782
292473111
-1
182599666
3382461571
-1
435162338
67047239
45972525786
2156283224
38433823237
3977547788
5184290263
471881238
196919213
4922025364
5195899302
1515944815
-1
4572043696
375874323
585987016
2351398
76131876612
92054109
-1
138260506
91879612691
1009540221
1043162277
437819597
17012749
517025123
144254657
52084225
3758963958
115438730
304291971
291693410
1001295359
41694374246
1259950189
1204998893
1166132988
-1
-1
40766100697
6886163253
23993383
131710130
2205460
41639035
196580747
49777595
217461219
18862816
63057464821
15124950445
159732183
27357667764
102260753
1456009322
7836724932
227439230
1146756414
24601897008
1139101458
91541201
3687170616
217589783
190739249
13854802
176758379
149486749
992602327
1401014338
19473233
1838603107
325115462
14738185438
204026526
12427365675
284214156
577901093
67077108
3140297448
363030484
3438570422
1373754804
9286779435
33050898
1595471307
544439279
717261617
826086692
-1
-1
31810661
200953333
482997821
452933566
420451821
26406924
60037122640
334282
4147855
6626657
3075898653
5235853263
1299540876
17770022193
6555097384
7692468488
677405396
1574814
740855048
284304
1463110374
3155672781
4418120
1397680114
63367533
27033808
18384469758
95901
4743024086
1349072122
4070345802
2572893800
156310392
646439597
3309414266
50452400
95496714
32602275899
11920151813
127016289
593099384
10530462437
1610937253
19195264
4029805252
11716462482
7326973
51812941230
18547838250
19754612720
737489469
14383231042
806372
1347244598
723828218
3405435737
71697381028
5678479
26633943296
454682747
172164
857329478
4900298794
73968010
75404946
4475951
53638507
375747045
2671946750
-1
111023384
18937487029
346845665
3300376054
231814282
8614648366
289024595
442193831
3638331601
73450124198
7787874847
3330774
-1
298760997
1362981738
21182273971
694046256
43774057
120593127
11670012
279845088
6063397
9703127581
1113663037
7071987370
6074863
575801735
98472862
1068346957
48356045
-1
918863159
704804350
323451489
3407190918
8551800954
4266716550
251454430
230674303
94260660
5376861
31487983734
-1
-1
13527218
25736339
15840537
101082487346
12672165453
454432504
317760522
1907050
3560944817
3538052
751029698
195948897
2185670
629233
2860366
263165674
1853355046
1510721083
9685174169
26650794
225573960
289911605
74958538
410602828
3860593366
1416160181
-1
25043116
27193726
3914260564
494304569
66460112
5174319
964343060
2752392607
129935375042
4777993
1288132079
-1
9263611278
7382837
17038786874
165007635
586171817
963046730
6409706180
180424332
1181255713
50281550
3814738373
892140618
179555289
13817033
664781614
-1
17639385176
4548108
22805832
1626694042
27202091605
30088932899
9668099739
8642174
-1
57856763
5479894649
47177823
35633497
858772562
25816801
427425697
1050517721
696892110
504617293
16875750
4922337820
19363262
719620630
533730842
52198184870
216460856
68621576
832359811
1662461418
348668955
4912721520
1804811909
3617794918
39119504183
45655186
520403
8320401
4339015182
24675068126
230955642
93798929983
816367196
1764289
292288369
33119163947
103855758
8761831
-1
220126775
-1
864750437
40226910
14052549518
45142186
1610290185
1499118932
30299420377
737488566
12045440830
87076290
3626155951
416631323
423930
1628374472
88339823
5140406632
274485935
1295125422
16298044102
590107945
2253362533
137250
20693164898
-1
2531598503
5854897492
10086799
15100936835
125977318
22503292
15333765110
1848789863
128590818
2373248
1843847655
8889604
135847479
3968428687
284339055
16236109
19256376143
8255456354
209337
-1
77859374
729617523
69932578
1907135751
1368477339
1658517873
3508591
5827609640
24505737049
18079832382
-1
6459229916
13267745262
8031210
12192250
301324714
676664010
53108
69890310030
67828044
2787055375
4394768626
1729063773
129705080
34730267185
18985656797
3382949421
173228720
5013890761
4298948
290007921
2513551225
4212522764
5727094550
140998019
453939802
-1
396537250
1807397764
209787973
41688449
1086575440
661658602
29505590
66409135
114143
84726518
15808372683
229372908
573168050
7905542589
7627839857
93996156
17040866761
136875441
243844902
1113329175
46860632
-1
118963695
90656939764
2044909
1013268124
9737427817
3804969
1260194
339381530
332181912
27543317
427860458
98508324
2502151257
34639390
1747441824
14258940
7683758
40817514
5180666375
973198327
559184362
1613347147
10549060466
618594574
48569950948
155195174
771651066
1410074920
1632982195
259475033
553302054
17066572091
2368414
2802263509
209214822
120026847
339827025
10212975245
37460835
3957494923
54766233
112249916
4947104072
39749010
2486733878
1115933999
1131901734
130363
2052047320
1767260
205805718
11052508498
8088566
39586884
46846238525
392088
77334160
8612873933
19545732619
1086186335
20246944622
593699580
47437439895
55117761040
787581325
352607310
923273
19756616514
366387126
44386057975
-1
119816450
840413286
213249204
525210954
76382625562
2236239799
67084730082
2722780844
5035064
64741491
163363549
-1
1103124743
18910712865
-1
142859544
3218744485
151117768
1166468960
640232287
39662336376
37194200
12173583
2443333959
636152751
225950780
13521029033
35004416405
138750964
22429339
37410133
4208169817
-1
75819517
-1
70836809
24602184856
7246999153
129943819883
109883557
796683864
18864949
32089529
2649326610
36665612296
791134539
2001724
-1
23361294790
6905497525
2650719129
38459448937
106627462
22265230
297100661
6345002723
430756043
48212702007
318261669
5363397655
590810
42077699710
2022525374
131303092
5730598499
1990906019
19280886
24840899666
16537839
7872877756
28232233906
27243730
2044159553
18357252
12795744
2100687985
3299678
-1
6914700498
17043332397
149904166
507056956
8613409531
176349889
39957746
3867614622
854879
81231281151
50429901959
111216057
39280607
873107
243525
251632896
-1
204485570
3031576578
619809649
681376865
1972127085
114144028
735168961
273910962
8022634825
246629910
10586824433
2166645764
3054447778
4049676601
13692162849
9734235248
3823441670
31815431
22140790
35380064482
410359238
2575326
531601433
805502533
1169759082
44462616
42993047
5003401
1738967504
1390859836
2377504882
521502186
4388950808
501575012
56652480
17363890228
6294674437
2562492
2968026214
38583923
75293543
2882675014
-1
5989946339
651199264
146482211
1171087103
359496926
16761032
4047162111
108429134
16296823249
906052908
199421403
11723593
7591949263
73572763
11672756
251914659
140672234639
17296879944
50048345
8851124
7449430
-1
3233823233
586443825
5063623
1238453796
-1
190794389
67701110448
32855611316
10213253413
21782320
12483744716
165921398
21319392
1947237063
10229204662
3820406631
2971853940
23118094
2483876
13712569
-1
395741972
-1
447117943
1320811866
115037583957
20516587
3224215212
3755313462
365599
1028046791
15012261943
2853162
17553815
3139661215
6352520
3439090591
2320538664
2830419321
117703038
47711341564
1009203001
9473006
4380831966
4574106289
576856316
11896501579
64910343
16649323868
243383109
326365750
450916917
800241242
254059546
23898257259
230433329
46869253
-1
449617318
3573365402
2262997816
355501211
13932554267
23014579513
230721067
45563467
1959835558
1053380760
50859143
6937694246
28112042
40744929158
68370107199
6288114039
139900552
-1
5119580181
-1
75212527
9387500844
240307663
27800899
88413463
758760746
47761765
118708868
292286281
-1
332086111
2905866595
3763260278
146862605
49206880
23508685
7109442539
-1
819708531
3030396423
75284676
140805102
784721353
11287956
543688280
251909534
1325537087
123982837998
11494538
1383186806
1792026240
6479113500
45011
1781283
1006033397
24959823061
903801645
188436262
60038460022
1868810067
49536569
954365407
76203905
1340018764
56018443
5016721
4401383923
31247776758
42002484
4459760694
60899599749
3185277927
6226222393
366168401
113819709
-1
47077421
1272959291
206226
38825183
341943871
162381138
3763805739
11143864181
7999981
322633292
6971150829
86943620
144971721
26629984326
1298874215
808250545
40293024278
1874762
156049232
598110813
42029731
4181695966
-1
5835605381
320031238
3926380
1181856442
14628870949
3988865518
26190
663835399
505149706
168383328079
5332714127
67083574901
502220719
2988466981
229313734
889190979
24988279937
2239255740
76156136
19520556636
31856666335
-1
10087578
146647176
4947400489
-1
-1
2182182063
893407850
8554082957
98952799509
20175255371
320452153
470626210
946833852
3278253240
10238700951
9732596910
2062969071
13932980466
22363660802
41273653
5187181595
79191397
4921778
479037772
305126122
226095168
3263666823
538284656
13540271067
218269147
5005232
922573105
28591070485
859078103
-1
4693270288
16776715870
291882187
700855306
33936618898
359789253
-1
3781837163
73856057
150313738
612238246
4621742805
237841575
99995605
81013442
260220089
1243129325
88418658
-1
524337358
6954653442
37952571176
-1
90511182
15303356470
2738662869
1730290495
3909522856
2414887833
7325402
21333611
1216781184
3360068
688842412
740035343
1321282
1160656253
3015603930
45055379917
476262253
1784696506
40000497761
6061272997
54946818
105053
84821423
10640123
2714027344
4565221
1015931709
1691747094
22528257453
3638048588
134481941
-1
132344962
7374857519
282876
181149733
588326775
2680075566
39581734
21732443
20300143116
-1
36338440
152907
64640359
640217045
2033171179
88327676
74206
164322441
30516848542
25898070
24252729040
1746014
812752827
-1
3225358787
80364868
-1
83601111470
269309379
22599661590
12365667859
162569516
35278141
3231161508
-1
11255958
174717217
1030457684
70568855839
2799502918
8696273590
857520589
1472519174
13391230
869604593
2912309886
6349287295
19554939
2912190539
3624043517
-1
48804888
939906924
3137100065
-1
1590321427
29481402
2548605057
4817357695
8216688433
45048809072
57561760307
9457554
552165518
7323463454
31592378
47940018
7474015049
13709484086
1460453714
358171078
3259850829
3559788781
7027157
1081707378
-1
66125656786
9761627587
11622171116
-1
3866829590
25051382368
99691697
217355846
427171898
41254
-1
136989834
698155
9399169878
35519097449
7949287450
47560331751
50446695860
116077438
2188932665
827553
63359992
3150195
3315718612
151861612
1767601249
573919177
1483341490
77296594
2378862826
611407835
1854693052
592379008
7786791300
6845963011
24795674385
175848303
4492592436
23578918
413202342
1519463598
1200827
58939874
50467816
63825942557
8071354696
3409770663
17716254
267474336791
28566153081
1353062090
70616575
270583963
-1
493738711
4513635656
22910915
-1
864727819
690112701
69254180
3308430848
3034654447
-1
96464796
385129632
285446227
121030331
715
243615742
2415741088
8201447584
227388425
-1
149349351
499433612
89227268
370884035
28874763
59819349
29360169
12555862
7876357054
4959097
7583370530
1589387238
8213487
488297019
372544390
8250590395
836305035
4027604
3166155
10970911270
-1
33581511
20848397
1060331633
34106639097
101671746613
-1
1998240433
5251298006
3354295
-1
2079316247
1555909
1410500133
-1
20103753979
71505553
2700206499
301848224
1546191335
4001178102
5473992477
456781760
163064901
91566112
1480098056
6193411182
3557432990
4484018329
240853914
17058496804
1204671102
3322038
11011804745
5564730
494693669
4317815
6674807
111943509
70911
28958700
1592941801
1033910635
2785570
11669243
2196728423
1124587894
8608564180
30649583
-1
7324425
27241556178
870907213
12044169914
20131261
1391129493
25268533471
82072381
-1
30319752499
103827546
-1
1012536
660781039
366919632
75071037151
656425809
264345499
41973059014
1387060
1153354597
636014053
9912
74261734
-1
17004787741
12813683
5674976847
1587413557
5899542396
1565631333
2503426977
334366608
12099338863
165218996257
1196230318
549747000
6392384612
751536618
-1
465768074
1657103554
5108312282
6201225
3808368928
1969218
1348536
726460951
3373563751
1616615216
5190986
89612656
2289496159
120024109
2687950885
87243396
165123432140
173713160
12409879312
30004395
20930673
421265873
183804094
6189968
949650265
3936395830
104249168
9945899370
179182240
6785432627
2551791278
7800114
5633999188
30287535585
17477323
-1
2884164346
-1
-1
8048680742
395738733
9497456109
28372070104
64557113214
45300322
646320404
690038077
27326877105
3652385047
109969128837
5172290184
5463976563
521038
65750261
2470577878
1856233966
346519238
4069076350
9436240
76709547
107008307
425464
12554349
-1
24318039560
674982485
-1
119318386
77679474
12821109956
26010760
1014177022
4118852647
9588641
5144542
2371798857
-1
60194605
6365275670
-1
122608037
51080202470
-1
66630
14066637
11633123268
4135171004
2246236706
1111545591
7433480030
2275441947
2725923893
639994092
686885908
107337252831
-1
176746752777
8901857954
8358757
251670908
550136011
4417646290
19812212104
1253424817
1774667
48429006
122637949
506616893
972741338
6615300268
3585703790
829828600
3955416038
392602160
2070866578
2509357706
1284828986
584438502
292147796
20392497613
-1
9364655749
7004168342
462630803
134295636198
-1
286381770
476415484
41493845
384029930
391049686
11232275852
6158047
371792244
109297149
-1
36357427
32775885437
9515493460
646261890
5803142881
32805613430
514812619
85172826
12947856
7668279219
78709139299
55089076
17563007043
5113385816
1720289008
848605938
2540028
18609487825
20583808615
382892341
-1
3594410917
7677765944
19257529
827537127
811640081
18945612438
299640478
6425016726
172147686
6155088
219902
100033153
574961563
806326
88106966371
1247176735
29294834
3581357
12252900783
10445818
2075425923
57025
252194372
-1
117428058
677016139
6539763040
1751837559
15811759462
359219461
822525107
152161499
664338048
2985343
27055224053
32364452857
4786996
8507763
669540495
-1
11378489045
13477312
20235579
58587293
-1
318494723
623775901
58457976
28300
273476
67832874
218535209
58933874
2510093827
4915651
13026960423
5153294169
8069697038
18188913
125090640
11474450664
421226814
387243723
818877747
1129947384
45813466
230325437
148079501
7777113686
13585752
33273505832
14514593
-1
6393722648
68932190
10563928229
139162669
24815682887
93288757
664571407
11202978835
764688292
1241093004
40829242759
32380485
-1
39213000125
295873097
31389608
12299063
15107548
19561350
1724834781
5143372652
92384011
50103981
2229571
498295103
146390308
2942618602
12619242037
372127755
1831671777
1355805545
34542126
-1
-1
95268400051
-1
3897129513
8374580979
246336996
3134911536
317706796
765788482
9194195905
21813686924
114005791624
-1
1803471435
-1
114649416137
71098247
9481085133
1751900700
-1
1133850053
225838878
-1
3939560629
261422
6057758562
2922921603
23486576
3467193550
328360274
64282166
16454009
-1
415170861
169067520
7904472
24213909
6695380878
1617198060
948218701
11888675526
4977218479
3903561451
9469359494
22170220163
