68294427
1801251
157795011
368590535
183458516
64664010
97177578
85418117
141283030
1325795
181015679
61105560
614650057
513167
244821539
125011528
545903209
272299349
57184507
25800366
87947626
7662482
17015464
4726906
699206892
157071476
89170583
68949631
3118700
75446287
62255643
347538305
176438479
119176656
820736695
350298720
42664435
16178829
19519428
43441330
376504085
323467802
48658638
28408198
15472425
7679072
430881110
36043221
166264276
550829825
46544295
-1
95584620
38132827
9363243
14069497
57336249
52219582
57865163
89278673
1085340
386279955
266989655
327089060
31615201
13947263
55479697
11452314
-1
91549312
143794766
588860240
10811653
76985766
195355134
604698845
21131717
306764391
469691747
237493061
200279707
4671992
313235138
55620959
187053773
161977825
28406438
36061939
111370852
58094720
188942916
120729606
377405208
20266545
182767785
21732773
461739618
21293163
1276167
105920373
