6024139532
-1
1757540
6019259115
23155945
-1
3523669852
19161520
8645992
1415309
244572071
46638713
68393
995789022
18669654275
6309607
-1
1473091506
1498731386
145851928
46456139
3830999312
-1
3886296462
255782
1788876785
68102571456
146027223961
1329183315
-1
497924861
3247058789
3251058
233003743
8833758
8432770
-1
7535896
43218129570
4416941759
2436124876
109007956
195462521792
1975961355
70038488
-1
1248741248
349766501
3777763404
3046616116
1099013
539621838
395011440
1564940
26227516165
-1
8904811
12799358820
28694537
10816852
108634949
701776691
22812588
116822
57214519
166330774395
154119780
-1
648051163
26287729
75577413
1929434495
2644346
366348283
38379448
14204164316
214215793
86806975
119089076
179127422
1366648539
8859054
134760260
2453240921
2431884233
3214543354
793204484
1039112594
6256919704
-1
705081954
9649327453
-1
4127466692
13948614194
870614111
2182810935
632090457
-1
8498585554
2481465149
77167290635
12325314933
37275649
28711309987
31280781
414111094
10110631192
36625740976
43475497004
5914824738
217153372
1788170
64291957
4973696788
921652138
129827191292
595242440
7378711
621395190
530331278
1640511574
11437866630
3150507
1298518
592549681
45674074
12768016290
294547511362
33238277
33303602424
-1
1010999570
15246395
65172713
470070748
41088632
328210896
28333277695
1138404075
2142541113
2128078112
335164951
8968031
2889732397
1153752967
2087420247
21221386582
10879009092
173019
19191865
5271209456
457855954
-1
1000659
24393259326
335935881
45973218
2546320191
9364153637
-1
14418181052
2364170580
251574448
3709420
-1
443897096
12238996751
49262109
12037217241
13376888617
4986801
962488527
185756889
49214065
32994096
10374251598
4510544983
21240601124
507162811
41000611
16414534
550629
36986086
300703529
105204356
9432215
473061257
10494224
281173610095
2488659
-1
27903650
1526055
1571131124
3249569699
394883693
191767260
14317163641
5259725604
5245580613
11593756816
-1
-1
-1
2457789
-1
81715785
4122370
619901149
6303820668
124033274
6624830360
1012463918
908727901
1573862945
51733899
2108993523
1353263336
192698205
13980062
1093626390
-1
1656745144
-1
383367776
8312033
14665643037
4124821330
4807598
1755965315
11543619413
16040912
511449183
164151248
2673146984
632825897
1597262
721001601
769549224
5614338196
25603410946
-1
1314579586
67883418
1018413303
56778215
3520317874
-1
17922086839
191967516
95559283690
507599431
70693052864
3421932293
123579305
303328877
8261903
6315666
-1
761456044
93096042957
916732256
18378744
49412438
-1
224081964
4827983719
1705449404
5979205270
7804648
165732505
4229887
33202597
135583596
5622447055
1292477639
12382802
44981032608
2428694585
15324785107
5386977
221338180
63319344
111855031
561661071
33391072
135344561723
1210157852
3012583911
23658836928
11043216406
3374255572
4086962931
32258886395
-1
3404719320
4720516043
484438037
43657
163188241
1611182407
62632249
46851604887
14467770361
-1
41461899
1012092674
18770
18180083
125034627
26684719040
-1
67514712781
1022461799
450720504
36383503
10752420525
2996770731
57257894
-1
609937541
11284133
910065
31764207196
4696173549
9864482002
58102408379
1581938442
10808855326
-1
15340977
-1
15879241778
27188988
427894282
3040437576
54237997459
28177012818
-1
30426699
166712819
1022799910
15324303
3493530705
133742644
21046899671
8330391
58938371124
2984787055
29440019
79632667
192803876
157453885
75547137
17809843989
880676
138034053
3353925
505583
4586613007
3603449516
9170727263
52368306296
4857359775
48409327
383815782
14524392598
3482536429
27101925638
4242385674
23071722133
2061786598
35626090
31760603110
163411092
851744992
79303
-1
1059076757
17598049
172449985
87898
2361854967
-1
2076592
1384722528
210096566
8780975
347729024
247017357
247372574
3876801100
7313608570
11691814098
1438794478
993549
2494594456
-1
28501357
45498920124
19066478
36213187
27721907940
47554898
1112338609
230245
173049556
6630110468
96192450
95790962
721950715
-1
10997531
11315569317
407030202
1001512543
135289094543
413589787
16677657
2344221937
345106898
749375453
-1
5429982541
22614736
3059836359
6360735
2661587393
5044369856
33096825
3769839212
5705433572
1867983
1089484199
118813344
4386223
15265249
6809281
7825091915
18514492767
11384671
4057179
695789566
222531084
-1
844880764
31559963688
2328564307
-1
85880410
395442346
232344547201
1272371470
-1
102110497
333216210
20622423058
1705837401
8831826739
483578481
125489657
10356740726
22369817
866741682
22178108
44841979351
496037458
71807776994
2343756
103797
8253430612
11807854869
-1
112194
-1
612810632
221436036
387470474
7134015504
52935793
271441029
9716892777
-1
50220330
855130011
70891027
52023279
379617877
11807255686
2800018063
38312173
189694591
-1
2280966895
3991183
1615795810
1541732230
43910922540
5923154
110216581
4589524
823541560
1117604463
12511084
2771906438
7100224
17676725375
359114988
24767773779
2617208
1089918459
2707809595
34209774
-1
6604828416
12903524235
12163005
1602374
526955522
41126129
7051960792
35201264
3456473748
894332076
-1
5942023683
-1
24078706
238188187
1501128302
17978526
3584860029
21019955
1750752431
1848838638
-1
1718517798
35496589
43949345623
203321892
3939864551
2618823
4273473
82334505
50889236622
56044083
6204033
98651883
6734743761
9691877615
3105268550
199534697
17355498702
5464826630
1659930803
-1
3228374
18193741810
92263071
1375264
99933499
278830956
1122652628
2801480540
115579817187
472863988
249658204
875903004
172619872
6195814766
1064404997
769170895
748836805
2562729884
17103534884
25199778
3914232
159298838
835728
35609349738
418860799
60229417
4951588643
5207627636
1009932542
45899698
143063865
2345107296
44665094
2641886819
674129558
15058940055
522632146
199332833785
252630254
165805470
395663904
523359987
36126403
10124348453
-1
57205108
2357442179
2802201361
-1
53424837
1722809146
18228771061
6121529
4723000692
104687537
38676508842
200635494
24676206160
13103475
2213169602
1774223746
3741585485
12286210551
57429303
1499721
11562741
754882
17498475711
372266646
32810305
24780701310
2367519483
830868905
4298551161
127496361
149334740
416024274
20343085025
848976151
10835873
34352892
4051049445
1040206468
5634280263
285961053
17818884075
2765243890
366027940
5993455750
105328261
-1
7096877037
62728599
-1
23305069271
1476678184
513988019
11600503490
1160956161
60702525639
152997069
3309713918
2406028
65543817
4874233
83828919
1002331272
660771671
3563931531
-1
2547429167
778996
332233996
32042654
7063654
218111309
16242264
100687456
74503953
728855334
7845426924
2755834420
-1
133396637
2493871509
719803194
1383139346
165956913
152079049
780138
-1
12682663
150507230
21023220415
3316308906
1294095417
5019559402
5093133798
700907701
15084117394
100272837
10624986064
31100798
-1
4154748137
198328711
137899080
3146792369
2367573
1566479936
1823529796
13524999632
-1
1103348681
20031459631
483853799
4013250397
403184597
274210461
262942290
2956479
-1
14793079
494928744
427842698
941261540
5195284580
23101564
36952694
142910104
109834402
4857300
1298119563
4963442
1581004424
-1
16829202
2631763168
32333253
1680533305
14939197
-1
869080054
262646543
917506516
440698618
92843212
418888557
2700070816
3239944
1659305
-1
3246919
6138681322
190551403
690163668
35977704
1513330160
5935186065
186345229
4534407927
1330448
195542541
15778538
1699130
12607572613
38717192
4517521
50455171
1091154
170017055
295744648
5695138631
4496242005
-1
8777716333
1190657478
4559998
4448792
-1
138454563
20074303
113320709
457101
3734276532
6487047966
6766989
4118434196
205321159
39534075
148912128
3510753687
265069080
402971489
82528653
580603728
8223853657
87039100
22473358
10044323
10325574930
2496323536
1504907048
-1
15926693583
126339600546
6873543029
73187044378
447087907
12122636477
1597635
23327778983
3410151216
1728514387
3033164
2991086211
24871351446
1101508325
3532131498
406326010
2846396281
3310039870
995992750
103581274
76151055
21484588573
5002110514
12250293
10157785
5418988938
10833004297
16059488
723946651
8663897
51908930199
150493411
5837487517
2028525737
2257985741
1362039462
282750
4473800637
2253924186
1949132447
2598170785
419548433
336330137
1521530318
4357235953
3928825137
29150721598
12038947539
110940607
16852712
946165483
47731576
4162004724
2241711207
26246852
416106470
416933424
1280686933
1815172079
28529328
202874572
845935136
189886454
542499372
35239959
688839245
472570662
3205415463
189597443
8988160739
16869520985
2431643020
11802404097
1198181915
18101912
4724295458
139932041
7998707
1848565698
16727458408
368231970
1933893
3603833441
65203938
2185732623
298121
1170610994
12374755049
48676416138
13543204
189337149543
19448708
280980897
37476072
566793240
5144494401
1471560183
11823207307
3536960877
254779380
274385829
37018839
45474746
13853750705
75719602
136649854
59687409
125677015
5920108839
9225083222
-1
1021740101
78638223
1597885890
18287676
7951292458
1127437268
13164607910
37597937419
1662617
21334401
14128582789
144951994
483609
991959548
1863069121
779882
221223365
-1
196145984
296962060949
4358460683
206686921
1887577315
169427610
7723405257
92878878
1745243202
-1
24183777528
107599607
225900171
1539875139
119351143
14098364
21173116
23501371772
1135636
13205855
56980203
10074826228
1475689681
645959266
109203091
1712150735
-1
6845483068
4389690396
43467223
12136303650
852562
44595958
65896173478
64632064
47243404
825676547
-1
119202564
80170340
256602115
34837964
796637188
1995397
-1
377777363
2005111607
-1
1288193858
231110909
48100803132
5935989
11129114603
20906395554
379820222
78040620746
11306063848
978886294
1128406571
808140780
24997145
1709146088
14186085018
3936508
2630743840
307736530
1272898654
5161202
17758
1091364017
56992
1822776257
16465050
96837741
1405608653
25589067
957482697
15614162
4397595024
13957027079
17329265637
10020091
11832001782
10863956400
10015525104
2164732718
66879274251
187759265
-1
34593632763
32172363
307488946
815598800
-1
7484117697
2234426179
3299331256
11318364705
2241422
1885954093
99137887
16930060540
64554135
4321706649
4025362434
6643422471
48163458
-1
-1
2045626795
3872366397
13813436
1151683849
372329917
1701742860
5577260629
1042819649
1076322677
6505905
215561432
5383888
26298509
-1
-1
2517633013
978717919
103604016
23148636015
41657045
538195
1838830777
-1
18018875
4790886192
110078752
-1
-1
3523263537
1726977433
120633360
29037359
-1
397690331
212804747
618032089
30746014
82500736716
432640743
99704968
32360856
40625162319
336394985
813900855
701046204
11723446
215605596
889562523
36578675399
36171265
190241
555735619
242769019
19072781340
5525141148
52223287
-1
179131068
2094905830
-1
9379870239
586226965
-1
8950118531
1415340
13254774394
1319056122
763009457
148628865
205492350
805823034
117223303
14301099488
1070818363
386914040
-1
61076255687
390370104
8993280
61486251538
718478228
295105461
10418658
1256968
6378167
11087132432
107350342
27137789
35496389560
10466697
39192496
28099278461
8917339588
15037318885
86058089
11076221
6032091829
13573
10760480838
8592910
1379872259
89934971
597844
16761820
1317178
369170531
2209603
25613743340
5661667
9638343
98740757
42074355639
678885512
44661985
2679348
32144127178
228689132
408577595
5505206
14023705
14432589
377215394
3379689
5041565352
1648706293
291598159
4596603103
139032576277
18437380
4827667
4243357
-1
3427802846
561545199
268220454
-1
608957938
46948374
1032628380
365382794
-1
11003359248
931716776
1172894817
1315624411
110861399
1928423056
2589946606
541939763
353894027
329074
-1
266882121
452187782
10273408
2855487163
31379975178
80932858
21599118851
1918851755
11164764988
82588486944
68211693889
456144810
1267648106
59865
3479460369
-1
74384694
12033587
73627361
-1
36423171255
1350233502
18223679347
287490768
2826990401
1506746731
80857429
606396280
2368718
6053831732
882434433
4794910692
1421412093
588986933
14529730628
-1
28717280361
4395116446
2505450
946834598
3194467129
30171023
338679965
11362137988
728107435
1326482362
6984441323
4378939086
3468616185
-1
170601841
-1
6345045144
4219202040
111924039031
76185474
2882653582
13506858330
545160978
6400893046
21870060526
-1
1442736996
-1
882819
120195234
30813903855
3713228191
12163088835
36376055
23132813
-1
26918329788
837207507
41220512723
6403165038
7946778625
-1
59441236320
4915385216
358766157
1096693260
7008588215
888212051
40227261363
2170556981
46780372915
1536821080
784074877
3065020
8574555389
6746739179
76181871139
2799256134
9365808931
-1
23726393
10021571746
2487364758
37582121
4269768
515194810
236753450
8874208257
10756877522
16823695571
3207894186
-1
4601020
326408732
8287530404
530427823
2009649
11084029
7135130022
7568341628
1138259155
35921469
6882453218
1115056860
2979676611
17299783343
592794140
27377742150
7588250081
3738442
2801624552
-1
1215807985
2438738
27967506216
1094804692
5203952
1989344332
-1
288836575
71922682
38163057
2188083750
22913509
133742912
642970470
1899403119
128508024
1687924081
87603570
-1
1065117612
202165160
11304412
3956225677
366362961
2452682
20055907
2426582502
48183948
3740779930
7974004673
6994435992
10864668
353367444
2166998336
14295634668
-1
4735976455
2713226534
6975253324
4182986974
139482034
257782570
309250
-1
209730936
414475633
3227189060
44528443
692314103
486960138
9894725666
5838388407
66143369
15346506
-1
-1
296573968
3057041155
1122290
43180154
75451841
1066001887
39707661
82655174576
6576656435
518448041
336131589
4012249480
14058175371
110888229
137694476
962298745
1572542518
2847533252
896611
11691916086
21884730
-1
577595344
16498889557
13717875850
2994410
-1
2258097950
72835826
64099447
613658526
1770028919
98279173160
34127442
4489464954
576156
304356432
40381552
12954969230
17125943
103371592
-1
-1
159214483
19389108
5010107424
480373
7284215
-1
12350036913
12841701414
-1
36923796
9052400
-1
481009463
19891676
31795664
3917939
33319461
83741
-1
3218887307
128896719892
937736780
43926152093
423083762
940707788
131057561
-1
2767168390
17945108
32545576
647301548
141140370
-1
1840560937
582657061
4227267049
-1
44172
402369236
925076071
5922490331
5382616652
2607156566
47803502
2779296707
20686518177
472197183
818909
478520050
2838774
13169785844
43525443566
1070249450
9251436
8157457535
668695262
674629405
1811417459
39777493
6682289
15305126
1174521869
93225592
2490747959
2191052550
-1
299930525
61850969538
208398746
147485359
-1
938415186
5154663549
844319174
68734083
506805819
210749637
406753038
4654990294
35589414
-1
1212251666
5563976198
6743227733
6947887143
13559315146
137556937
199378215
3448002688
301100978
595147920
22652567071
1636789448
140844360
61945133
57032380
-1
1359069597
322781289021
338141697
4806671838
35792978836
731702883
694192423
350172752
51990182815
66678913
4621226
7289722607
19337748
1447666545
-1
19628582406
650026814
229627595
10878502204
95688887
2672201270
2544545
150017154
2802696
1255765973
4511340
2586241390
14413894928
17439857881
78304059
1961343427
349790423
270575982
1083108378
17758530366
4005161154
3450174
2703978091
240477954
342716079
1971851756
475539415
178102299
-1
2547125131
-1
1098446
-1
14677021635
3504025362
536907242
133477623
10436198012
584091819
1461703320
1291639722
107355901
7503854195
2122371536
91716556
391501
330120424
6795482463
1123207304
904895931
7775336
16605007937
1167657825
13469213309
281583540
1124858035
618412964
40889485650
5235561602
5276527929
372569481
928321816
29276509
7440512
12308438392
2470921301
3608654818
31995153
35881959
31844483572
15822430185
37404270
7232999573
45982297902
340986267
1055535758
2718153890
700707553
4522506038
13442672081
93808462
255061492
21679831
17455237868
56112115
623442113
568229964
20187148
241412903
6374078836
11516479007
4413346582
-1
31904916670
47560795
565705274
15684501
1945618597
1069330
2306455
171184914
60790646
9507810961
857529376
1299723050
1023310170
4438648
20048555673
553623
31447050257
-1
2454931318
161886459
1521059686
5972569
48843755
3042930
14673831732
102660737
36239408
604140
-1
-1
670485763
89544592
35388839917
6826180888
51887824
554629860
-1
1184161143
4520229170
310325696
63534320949
3064456
58607775
61235509
3954269308
66022756
3783851576
5863359899
247478947
-1
48073902834
495568881
960530228
433373752
3295152008
807903057
177594839
54312978
394527866
154792188
85704850
1526968725
97144972
4324162648
7093980
4007919
279373982
2290875149
4579977831
19568069
961731568
5685080154
965057362
188818856
530169696
-1
11531308161
317235359
4709431
1644877349
10550685572
274037416
36278988
10205696
12900197084
3947022067
12925032
3653327
289039124
-1
193715104
220166267
5050058453
7749006885
-1
556877588
452940062
555499139
1718528652
44338594
110959
7206611075
1245563753
2345677238
463784229
488530221
104266176153
31976364
107655579
882376
9845991
26394428760
1791648
35233173
-1
106424077
17017055550
1931406864
68033290
19946746
70017833119
-1
229303204
-1
4370905694
292102315
436229153
3738143471
37691696785
240996087
12162332
136796327
59140103804
390727014
1363205444
17570076190
-1
57407743865
3416966831
20301050
139311796
28633266
8728004269
1944887864
259044117
54456559391
92218536
552990482
171098027
1400482816
831705996
185847217
70833157
7336112560
2329391700
5461971524
2322431
83477564833
29234290
1612924417
174926492049
2403643
747362249
172451474
-1
-1
-1
2809894951
13116640442
1872795177
1122242732
-1
40680977141
29750573
5631384
686378062
73995130
1602964244
142174322
17310306384
426270985
25684951
8417065074
582834
205085290
8101149930
682006874
5453176292
2352318504
-1
364729078
3979505201
3620029810
1535657775
34340053
37556562229
23578264880
47931408
543991841
22218904953
5281804556
417155009
387453366
72081413049
16649659
3517989
932152132
-1
25797891949
3663963304
9096727
504354376
7365083313
115647010
154628
1050471978
16356854
7924742441
-1
3082723827
1571003216
675725560
2475617584
47774786
7515824541
29703092
48923
5696028075
4155904238
2244375
-1
11476324
42844921483
16845228
445132202
252718320308
17314585
614701626
461775818
114609684
3292564
1804312768
1780517505
4075250764
-1
1124191840
187777090
49780418300
3389811
3639304197
24150855
250172090
2744718178
11746992933
232718248
307162228
38162965
712959294
86058588
3716496
17935919141
5086135107
132077027
359575089
3235231797
-1
6129910441
1305909713
3539259585
1381968986
27866205
12175003859
218219495
-1
1810266253
28839636
-1
409359117
5534433130
1906245156
26428500
4747363668
19437682
1145208
3550310808
100061187536
397562956
141608422
-1
-1
5280277122
629092490
2896281686
10285711
678359616
2898686530
2960786572
2071656260
58675264
372125868
188969232
29412629179
2491798143
352431287
24134899
3640132241
3362478
27752543001
3591155958
236095
191415139
395837634
20021481
418832826
217667311
41932082
-1
245168562225
30776421
-1
-1
19154986988
20288204
6898896
206702875
2012606657
2545378978
24227129143
262928442
80972817
8648704487
1116738379
982508850
20644798
119597447
41499867
2234466748
145912956
6269916
15585702102
428872378
117419361
736941018
48194514984
1290777887
29603675
1642132055
42886424
8533065624
3088081965
-1
332783776
700501447
55758286
135501961
5683932921
8037055061
48064898068
3272530199
174119
4132588093
108841302001
1232327219
-1
43597577
12645837
22427782242
128404235
173639842
10028639
1405010034
817999758
1796995814
279516844
3391894266
20169697
2263820553
32125741996
-1
210251015
1515551986
6162872490
26461816
30376922
104016784
4068468238
49412509
745532
123344025
-1
86183657
497917127
26087237
-1
340099934
271462763
197806007
26615142
-1
94693088
116654
26814465203
6011448
15910871688
93492992
4080345183
12982062
7123749111
61137894
30718354
-1
223045847
2910061306
3075420224
1396480853
-1
48236853
609530821
5537499399
250822984
1254262175
193043635
41091525
81318588
2096465902
84581270
954494279
830552636
126020744
847446471
1842626185
3172032278
234211177
2991539786
9954438853
5256013353
1672564835
-1
-1
-1
23167751
287855300
2123342691
63577374
17669842945
704074412
44324466
6985933781
172131887249
65825651542
65151868881
12418855200
675440356
54430790403
3414672565
150792549
53278
560796
23035442129
379895027
99718278
15869300896
-1
57633842
3588928
2871946
7548545432
26859546483
8555823465
5375724600
150243834
123448
1870738848
406617642
1722356406
1245787544
263844449
10516981401
469688667
1472461193
2782503832
1077182848
327391783
-1
32648853701
1056924590
76372741
4913108404
1156719123
340793947
12183022894
199681383
43769460210
129461542430
8927767453
31294838420
2908953217
290759888
7714790730
-1
38574748
59631339
187913878
23951775213
7838143176
15015885048
7136989595
1171890
627757107
2192670905
6712790592
5967546920
5207886979
111274345
246010496
5069401507
3004444
70233648
20247473
11573145160
13732098206
-1
44186246
7764048325
2498
220141
147145837139
32738454346
446761444
637990449
335613785
64014926
2584098957
-1
14567594396
159215020
1596439
996583762
604021852
110457
281111065856
665744865
643939867
209679382
90517911
253379042
-1
133302645
1070182538
248762127
191775453
-1
6422684
3122629101
435882040
11905106
24242844
5489551239
2326021709
724571368
642188270
494430051868
75275706
156749156
577338087
7689855896
58245172
256084494
6163954697
4345625004
-1
597062116
135841963960
7823142989
126371
2740533106
-1
-1
5417860233
3862299
675575741
11400016366
1323422056
1886873242
5526604
1798097
1549806
-1
2751311043
25672809886
207619395318
407969379
206778324
491626315
336501977
468063202
1591769318
1123927
853761666
1227407978
800818067
12154413389
12465404
1694803
111254879
7905480819
-1
487435
1009502
17649033337
29598758541
35152049
770899509
23419808
92141563
87950706
2792338
363562075
3912016587
557856027
4287473976
11269941752
712388281
8551737088
-1
20753097564
40956933244
167526335
5406959512
118180439
18360797402
3903687374
80637265
1075413074
9952250763
4647679170
879465216
113981123
1390669
160745122
34295375
17725110
20156522938
19686006325
2159420
-1
103679522
2524030430
6119499
1892642537
-1
152458556
83307494930
177945126
1290722457
37434006
7626384
18948366045
1804053
1003379207
642558920
1998818405
12409642066
667713432
31356648134
18100356
3017354264
18049416299
45207758492
-1
443449
40424527
4101261440
253875931
1728418057
60263121
-1
1706878
97925504
2999419308
1172173887
657223
4696304
4203778323
1796394767
12858019
1340846
194387952
665371
201501132
230278
49612920
29266731
174933631
326853601
6051451
364169167
478912461
364363366
931618835
17709596117
385522179
733232
-1
453377340
1177528957
910235192
147485914
445302644
39106429430
12697597
2747838
18133626
11146239675
171037443
1998431160
2162533716
174825303
-1
6213641
-1
4566141879
823801823
4206736393
11500709
15833298236
24105161624
38288865588
1165291501
4946239478
26204285833
390147769
340178297
-1
186330383
10003064481
19127071364
135670337
335577866
1820627160
2746333430
6777475
8665979767
96150385
36515877848
22470108406
13000746765
202130723
8198634371
828468868
262569016
159943090
-1
862119463
417950256
-1
8239718978
2178488
70497537
-1
1550891108
3862447122
39766311
168366240
180618
1426138414
-1
1887164839
59800010
5646052
16499604438
3497773508
169765530
1887448041
2242706370
-1
9935898895
14302459186
4326058538
6379824158
-1
2290321
238558540
5391968420
1469130653
43029817318
213893645
174074591
263817465
37747980
90280484671
3180682384
170748130286
2390926309
13602731774
1670195
27003838
394789314
9629924319
35573135
40222538
159098896
209721
86611458
14815115179
33789794
55531841930
249118585
511977279
373622664
41467661514
-1
679264250
5220091527
98032545
3828486654
164631153
210186968
36522940
12981053816
12415990
2498596
137421369
102017087548
3398630243
637485457
118236975
370051835
259893250
5434880
-1
-1
3349547250
69405852
30837310776
1359127074
31697984087
2702042
2659202
1205888493
334497743
16620776780
1467935509
193655495
19166193
4700969184
29567027
14152336981
279498505
86820542
18767387095
-1
1183756202
464089399
402895832
5531309224
503858091
80398891
10474443312
82444535312
6255646927
82388369
45241540
3891708093
226868079
187064686
1753418185
-1
1363129826
107963062
126757276
141276638
197532446
1258510578
15860629
203751
1670599004
8818277293
1286176000
-1
234770163
694415861
327620096
162451192
10114035981
147090512
2374460792
63040650
15794321
1061510345
7540699447
23297922174
-1
154295026
1123311209
311105606
2189882699
6462616771
205939084
1653367033
171329146
553587
3423140020
711060555
17988764
8188408160
69892449
957618423
99951
187932895
16700742229
222438759
18518506470
17026348
1585558881
7375621583
775859622
7354967
5230382728
86719246
3752781
288877422
7201065429
1224479
849996743
483273337
57892723192
308838963
1131669
1432034495
22681278
12278225
74866421606
149440151
-1
12717918734
193327577
4231738533
14540482725
5992625432
16479346
-1
1789350211
1623729364
1154703394
55361432
460522368
36101284
61911308
226949215
585629169
7366923
1968530528
99006380
99943810
80776295
2235849355
220289844
39782412398
1115750605
1577410181
-1
2797578113
112335502
4108117061
865617706
1684745581
174248
5962001861
3724411
59379063
283463428
136119216
1363727194
-1
5754951876
1624659879
9148
563797482
233852046
1248270025
855239090
6864349275
130956521
6772868
-1
5652794142
2848006016
135356228
-1
-1
26724780
1411676096
7028153167
-1
171177868
7784903936
57976542
119910985
2015268778
81469739257
9386166
17082456567
7618650734
10030168194
299452
123311117
25344746742
19199734
-1
35659209323
32296946543
472675411
604518275
125284121
4039138909
10799804731
2532272965
169777515
4156728420
1520250074
23296193452
-1
2022863832
1345330
152676539647
3901805683
4313755260
949743470
2038911287
4642007681
4957408
90662062
42398066860
219021371
94672738496
-1
-1
112488649
1272480654
58334549680
5002353912
1554447495
690922477
490639704
452513395
355681739
82784512632
90983364
4540841
15380144979
7056376619
10746213173
40123188547
546909209
3095388888
19969038052
137002004
1443699411
16259733
9721446
3167986389
3428018238
16447116507
8297824434
742497736
-1
-1
373229499
2388138061
1417670309
6481837963
-1
64649025
16866312
23955352406
2999297176
621648
42806862
62449735
69312156
17161832
6254049
3976232615
229345496
-1
314275532
2148255817
193352859
266022361
940246
48086264232
23235801444
241191931
24750649
9222579169
69478542353
7008279174
18650963541
75602832
3987518258
-1
-1
799333648
42326459
58267337
1261749
13449028383
4371531267
53549098167
35037888031
112546031
427117721
57933760
3646350237
5602600676
7935580
265253201
283785359
-1
311662320
-1
2386828543
187650849
24857191
-1
227399325
418692895
195192928
70978018
52469696
872119697
20550586538
2076155759
331467
9479899494
5825098641
3786947220
1500192888
1273382886
147586597
35249433
17914215
174703197
869999645
17822719265
14261163
6839467
18408288
291091647
9803965142
876122446
682429085
3123588428
8485400038
144863795
108475261
11387685
-1
64072733
724375297
272867
126588079
1803291255
6602234
156982020
1399276
75268650
-1
2473716
15411772372
836996667
227196368180
1186407558
4526071803
14872834
69008087404
2914224051
4683011014
31120034
4261389293
10551792699
6201467
80469767
14609482914
2955224697
8764386718
242893585
-1
146362678
2507124
374850896
12344477103
1225883058
-1
72516204
4070709015
208432274
208800236
65624116
-1
6541405363
1635380
8317291257
13938163
-1
1401308786
9119301
55935875
596966
1135280872
873798413
10688
36632139
870396349
27456121
6950078003
4788579454
24368
5807304093
114898226
69430884
10975641568
576097914
179379786599
764555579
-1
2145153867
9377050
-1
8948412
2218827469
4612386702
320047032
480871550
1942831942
83814230
4588414106
3368734134
20007199
20122365748
7972736
31729573901
26694879
-1
-1
1517799432
384317109
39123227
16831382668
110005547
-1
45507044
8133152562
1732053869
3844390449
917964219
141738642
373744621
2150650717
16666435
3386703785
95895
2160509
60818590
-1
3213453232
-1
2434772365
23940842654
142245589
2303581672
7045220154
775734881
1734411143
544794362
518565456
330056761
1358773317
156871335
8274165
356014197
3286852734
54434318583
-1
272183
3227367170
86592310
48993635
465494789
19703559
38238
9566012
1397195075
71560906579
348747695
31801165226
7748157
101367509
8336471
9101664
133820462
2591636
393135825
77961992
4956889927
-1
1804162420
1586421574
85398271
41508126
10731163750
8277631
2886194534
-1
239807900
6381442427
-1
102743282
3367965974
-1
1167884420
-1
27009831
3209036769
38084395
1100834182
39158196
2850595
6435212045
17517069877
1814771207
656142083
3056262884
147039765
44579656
10107656
700698693
186079119
274317034
56164338
964837688
493437975
11743724
5432981692
105179173
3619763652
133387457
8122796
3000309874
62303121
1368549367
235735787
3078352104
100496941
745442026
-1
65863627
198271208
265931188
180019
1626912908
1951828404
9725990
55759395
16672195218
8272956874
109431151
113260303
16950775968
4647225103
4321648718
52795666536
23775562267
-1
81183311
4707355
2806692906
12486122358
2383521845
4713023560
412852782
31648645
29519866
105345541
1295131749
60253655
1791811
7200354
22129243
29283054803
1114036980
2387546456
1530350124
2579912
7485713738
48020036371
-1
152960355
454572
14441908873
778967106
10979858
362158504
75142429
256119786
78680882861
293939343
19157840
3012879788
30425274
209816675029
-1
480196291
882785436
4677577118
-1
6996106087
37698469
229603032
2253710176
476666293
361745041
12741663
907908329
6990210906
13115973
-1
226288959
96903222348
3652690919
338919322
4057228
84134013
-1
2664045982
635394406
2161754
2111106552
-1
16750191
3756428251
-1
25928311922
15870185119
1446816
8194502061
3104965587
234330791
657156285
688289283
80387
5319872618
7655878
22138915
11356811
57690365
645599929
1018206123
167978341
-1
7168699
1338167683
77060899
9119516164
10730542899
10554153
465982264
24063879112
-1
4582049461
11997138897
2971804542
7696147
-1
78187835
74473501759
10567486451
26804400
5311026213
1305978367
542894888
1157553
43168188
29102729946
1972339888
-1
75818642
30182997
55928114
850848112
59466926
11576465
6173540
2649370725
9001797651
12979793
657717
1091060949
204010345
24460739256
907624872
-1
325988432
132303217
2044412952
569319587
17481911688
4535226057
132512133
35470333672
16346797435
4593007
-1
75609450
246018482
5007472
197467621
1191652
191741203
394169404
333180523
59379415
586366396
207592024
5561892
17371484329
125180549
23539257
258825017
641872207
3672484842
13129555495
6618786319
4858814915
3514323404
142466888
1568363909
247709264
385930378
74587902
875657889
10050997097
15622692671
113132969
37719505088
-1
1734284152
-1
121654722
408507167
-1
12980311826
6582948
175798
134037676
930043977
4576982389
376582177
419820336
5222957964
5939938583
3665348027
3601481700
4436186749
317700403
31617673
998029934
2560267022
147238928117
5442192
191033321
14134579
1948207750
5092164
159465777
2037607592
95732043
29558993640
3067812735
3754942780
1888915062
1629703651
2222992
229560176
-1
9838277260
178016645196
522374366
44958446364
439626
1525110548
393090989
381783013
3591345013
-1
8373498
777473612
589324012
-1
2865933567
-1
29960745
-1
7385969937
-1
582675737
10629627
901446554
804831554
928567
39645707342
7911144
13440163037
-1
7289332197
2284782080
10710658
2988016646
1091882256
1620622413
254601447
456661600
5087701
2437707109
12569164
67026569
239312384
15208703293
343446432
-1
231245550
1129824539
3952425264
8851787028
315292279
196011811
907805260
138485919
53201821
298732510
21933381
24355245
5549
5709816
804034155
7185249
15745254
599034232
151470816
69409240
-1
47624513
6407217692
-1
1994615862
349753314
4258394240
20599283291
18445568449
12717231131
326207496127
19627373878
9300860
-1
32814280985
3788358
28110324064
2913599642
-1
3927866
356164615
5930754353
3001685548
12586594503
1275103993
85522099
1091521839
95403334
5029445562
31544662
19189357
15632235286
3867686588
9691112098
2641051855
104786477
804031516
1819124491
4615582687
72745014
3197821
7537541262
508995995
720046223
65519258
36328011
6798304833
367043711
33406572
7905015895
2227959300
315335398
553869497
-1
492144347
109579682
7810928
1539152777
99326721
122389397
2232006935
3675405
13263850
3345357
58707474
8978260012
1903138209
4057459295
2165285804
6192486750
236169149
992245642
345630469
3090878794
41680796696
7031954607
5356
10392377503
256817948
81258437
1087536902
2393979
3808647423
46107740
10769085
147546
206163453
1297876808
7064790525
8207219115
275895510
1751968906
158947534
677337600
4347515055
193797352
1264398564
2341593733
1235345
14670183
80560468
6491308840
30946226215
177864254
940730934
1312689074
31153463
-1
-1
98668407
153630057
32836544798
881936656
29900927420
88318525142
1089120443
1510885
1231232471
2547151958
974155389
536948909
107411581
11116278056
6281953558
4063096385
13109569894
1496996904
650911
55468676
561614
10833592
254605636
3222088959
1494539
169260264
824679563
2311199654
-1
39283552451
1290487588
55683774
6512739963
31704608083
523614557
2727260
40162214787
32331513
16537665286
413383275
773590839
45521
4962197507
1036339602
555041
905393259
997742336
22430335
29931039
210799054
435477790
897884865
798915708
18881112766
-1
2626863187
27820761
149336207
-1
3764940933
4759193
19141095804
-1
596181578
3189973129
135533001
402979001
196299029
9084508
10168744
17615028
16271013937
4801978
254264052
48738388
246391382
2821958851
58870373
7820529
23962
1059056835
2117870
10003861587
2614222847
1174308990
451323
49030296515
18018765057
11739559
17368276111
51049694129
335221334870
6441678
32713797
228211493
113307713
363847679
284798745
6997295
3720348
18359010208
1719088214
462816917
4155021276
14430627
24476114
12995654752
867422253
1176212058
332217527
121667976203
839233795
13404426943
-1
795613833
149355545
7509241574
496905426
17682887986
44434600
427146000
2316609
48983157
2604748852
21771465394
340442564
31892729
70512718
-1
-1
7604436509
1417464548
76725220
1264183075
734430043
4755657996
58409351
3389232930
4710703600
-1
1244551405
3042338904
-1
17244683765
-1
282056031
318659019
235719826
7955025488
20829896
354233186
242849365
19137997111
341427341
113629502554
86668199
1255298941
194509
97974823
1317588655
217726108237
3940965426
77027860
-1
453098899
338431600
7482295060
33544061188
455561530
161263
14994076880
35972980
8796387191
6576295
56153406
-1
781293527
22772535595
40525336
1193601133
12496336492
166863155
7252982166
339517529
382461037
348764847
3900611
257287052
1021511621
1742198
3810652896
3878839612
34832378
41185106403
354385745
166472378
1427178023
63890294
2411010202
12611511
1383093234
949541694
726874454
569165090
32868056857
241556
401619566
12205732
5175238041
634863424
537470312
10608381
795984853
64757823
-1
275638679
-1
753332135
7204417
739103438
3629344980
12954930706
33505692
140950618
4078900267
3567193273
338525962
157302820
30559732
575301926
3851044377
35605218
79094039489
5685563979
270006164
1638278053
104623171
5624861299
9070859260
1163190744
131537348
7557976
485720
2406077
68062956638
53570673277
52329378
-1
1576936
46654961
32902748
3841590
144142
860621937
-1
318398459
231381776
10946474142
1291222131
1015809444
938984003
187452863
169028
83596
957854393
3361081328
680946944
3789151878
665957014
368362528
225957960
11479500881
67206865
7670704
221718699
413421109
1744164361
3860320001
-1
105584964
-1
1935868
1295925
2175435072
894361
11593907613
1342737409
-1
910596481
142527759
3415165346
203751488
8457117124
27438258893
1766101357
174410106
64785389
1018255563
7069188850
3448338726
-1
269372678
-1
1210636466
3095999525
687581152
-1
299649577
6517442493
2522410979
36310119662
13630097045
3874461344
4968720016
39065983
3047845
1334561086
540197400
51542
1921170510
274555804
16579277
400303244
3377343
2536807
384927296
1142188493
148171789
18685946723
2795246629
400475310
3082608106
4537417913
3790917
49378224449
1774114026
5418264
52152464
10801802770
2143386997
717474070
468123075
72588055
1907591858
22749895
1840726
1327976
292727
1660206501
149297308
907296
44301972702
180057660
3143177143
36897872964
886444
3310094640
105811744
-1
38466676474
11410367
352751240
42961799
-1
434253372
941430122
8844935410
302781233644
1966013
15364975064
86938052
45404018
11580582003
5527011417
11742773546
3091897446
184736258403
120892100
99514171
1612673994
2276762668
351637694
1292
245373600
13708977543
2685479340
5837077414
4634457
-1
10343146592
113568920
5292164680
216646
-1
-1
1038184809
500403
473480122
1374443901
456934911
401834468
2762342225
2255568828
111292996
211212041
161387958
-1
2137360
18103713217
5631427
591365757077
-1
630332
2892047329
933135462
8801637797
18551208
3280998301
48182985971
161806948
86312602
571181896
1467152614
3255263
38261979124
-1
10325174769
57637268
59496947
2902279149
12958708754
2112757646
478766614
351083985
21778645148
5185725119
1157413217
3810115094
2485019789
7882717
2504547151
2841548861
11397397
348742425
701485946
267976306
9822401067
18619026699
12358382692
834476291
521170975
101836786554
11867723
1730899
65704280
9257451098
3533258818
637502483
3853216634
179800400
3513950713
6544574
42028510607
-1
-1
5632999
3477559829
2810960348
-1
606321
125612
-1
2161438272
824086
34827367
28002166815
231785010
8063655
116936836
-1
-1
5115705029
987290397
22308037
2336475
1966364620
298005424
30701807
33789716
3417489517
-1
12763311
70900731888
181917797
83732732
417158143
74519268
34941567
612782775
3411801774
3440561055
142202784
59730806
206045792848
3103716306
-1
17327367331
1279246662
29676920495
400191854
14445871416
629966812
126380200
334966886
9673534595
113758374291
2478807638
163842525
597739112
12379152801
314428964
9262652232
322899997332
953569738
1132277955
1177935868
3500303855
-1
2640014415
25427154627
2432177834
24844148845
293934610
4472492452
1357825496
-1
13382146881
8367347125
960823935
67708778
233913484
127662406
34987486555
30667018
-1
50689057
174574065
43991799363
2132792424
2727229227
275017078
599496550
283067
6927510363
49399156
47013082
2595283
157158111
412061570
-1
9850076987
204388093
1123760276
520552269
486006
120770026
196914443
15248339203
885133397
1838277316
118274
740329292
1323184211
39290866
93478054721
68951073414
148877
42481914667
10076679982
41306997415
8565338325
382418
1660281862
667531819
288930841
8774199029
2437744822
42651664266
254061
-1
1380898601
126777836
1711243507
485386
1372289017
6897448599
20877326
1518786022
60191219
1080639706
5072052555
1309994961
5815018
-1
1530686928
4642856564
2721952491
1554431784
15827910230
4863675
110696423
7527438249
121085571
39600017
1002903
4408154285
-1
289138066
5167496978
2338055256
38723455523
577859942
31622281
179556470
2020015428
1566452229
58067791
1061614722
1410355215
2005151324
3517685259
2344731
21500672792
5413884426
7598082852
3582973245
1453611320
138542261
2831261
141818130125
2238656791
-1
198014
9547007
101709850
100736723
2904273418
-1
11664016
239938784
2569150576
4837256448
247864383
-1
38636517
4347103273
610806824
-1
84039875
13129790
6987267
7033019889
169700941
50116702720
6322981171
9155289677
29880218
2294831821
6778332479
3731146
610927815
86785568
119596485500
2519112
182803119
51500016
6771815717
3250777457
3125385410
176680120
88894490
320674375
561189924
1965294909
841994
8994780371
4495804727
118420867
1335837625
9642140
3978833
4870234104
6576691490
21958872011
18196989759
6831550993
3202858471
76960505
225432470
28751081
1502778271
-1
589356479
36323970200
354259059
1189152186
1018665617
640164188
48240806
697723106
5414062344
6071639261
632456
2302842104
8472001
-1
-1
7983504856
19536668
236574319
75481334
15853732
1775708
684663
98383188
116739153
603544643
11334559811
6052816195
1272881777
4401856
60021654937
593894144
855092
7517754795
1384495721
2959998877
2168540791
17051976
6028792558
15025776
2548766
5038979116
242492
733793260
16285947706
14065347890
88853293
2015047111
691151668
-1
6554252521
216972090
28113520
62051226
1479920757
303949293
433684454
62116757788
276182241
298031223
2415333639
2275259059
1039608968
52883685333
-1
4754349
801604619
1812133084
1076889405
-1
2793234545
316351627
678581
31044152
11158317
277843691
193509080
587229664
6415545617
9835419
137865196596
93441065
-1
7957720633
-1
15986324
5903476202
7458319
2024897836
21083534201
7028081063
68633008916
1745061158
1673747
451998818
552137704
3833906
12836018622
142886973
86006309
13060947189
26784864
84050024
9042638
442730510
66102560826
5998688432
3845868
2307596550
3060361
6250097122
1235227283
66636102950
41165559
32655752
1531519584
293336759
2860796839
278635379
43517239646
55606403
26046268
122741429874
99678947
180211914
36782085570
6371869
9098043308
6301075943
230987
7779125
739010735
1984949904
783459633
7649450560
234625262
264585605
2474503111
171828150
632494918
57083251
824904230
2493869530
-1
771857932
1685529134
48761746
4644128296
23744448284
7692505301
3373302902
1073856786
106450842
202390643
951764622
34713308
12648313824
4329163474
8898449917
758030047
964738363
224939734
6111656
251180
173797365
1731703316
-1
4777486380
216149413
12741734
356897041
77465863
86562557
4231355790
1224868101
157926157
1549407988
40059118267
2036451971
587027
2564396744
909332021
39888649316
2467806018
245420
4427656
-1
8109328
679834978
44269980
-1
3128899501
41533224
179623078
9415441
153928545
25839723465
88800643
14646916
43986900
81039686
167458590921
338395360
10763395323
3372340424
6361105971
20030608
411710446
24109890437
25739633540
14606547
8486694553
25171724
7253631
15438589717
7446194
1661746361
155062164
884687470
473906376
578875239
6026083
1061718530
339345428
57468342
204410524
990482367
1626192576
161832022
64123234
1483478476
-1
5570231969
38384962
6549478328
769960064
-1
28125745
33551577
3079054483
984253170
4462085981
66648391
732879038
57769332
21316828087
33416948285
12950102
3318888601
26835363780
189609884
120973515
5756774
135598583
13009826376
161681069
9663671636
576204
210957334
99615890494
9980635
308206212
99117914
113693132
17442331519
9064666061
350187836
12122917089
1329500441
1027693
1883175405
-1
2332746262
-1
441441758059
9584571
240669183
7076608469
14768660990
11794154086
3509194555
28469397
378712224
152637436
139815863
247441960
4252659135
4304232807
51461256
1234019964
2764820773
273458298
-1
146207753
1862047800
44102406462
238325584
11794290159
-1
584091816
15793810681
661362368
113708189
1524811292
136102998
397165184
2711899
5522612342
17898582
75034067
7952978080
34071759
8427611612
96646272
9588442753
962527592
27697221068
6627890783
57016136
48899312
3048488451
379756584
6384450867
2862771
282793684
-1
270641
2620871352
817218114
6258907282
464727894
54186438
1561318045
955581269
1935267115
41749158
75655101789
-1
537593100
5027529
33797742
154190
14711497
1046891264
236066355
5347800413
3177227300
-1
69391481142
26449054
49283662
-1
36887999
50194669980
8703488824
782457801
1079363910
106909071
-1
3415155386
181921389
48326579
67614165
481625696
2697050291
32292894130
12385320429
4187597
651541660
16669162781
5165521786
6468030595
6228470733
59058867280
11681041
-1
13791505799
27080713
7467447575
528477820
91137209851
241523912
3755453
88490953
-1
-1
1393800
6840963215
3487599
1543980504
3154361098
91981692722
41091129
297583725
2722356
3510757120
1537718044
3496387
887191020
65269618
-1
112233339
501676014
18041303
156917868
413321896
35252842
19025573631
-1
23324472
188472978
2934340703
230182031
524782
16500379
1279881491
-1
804577018
54107923
119232836
1269709149
687593
9238766375
68945345
775127738
25580150060
10289544471
-1
2278320750
39014799452
179896402
1092220381
32715666527
60007617
20452673951
275095
506473251
75341987
923085841
22845443538
637470007
12713346075
43960541516
1885175755
2401766761
661412107
217224
322076985
54125805736
4783926
514001428
29996642
-1
900481862
26566922834
13710237
3312674056
259566899
34997879
10274698
52169083
7829141077
9774311650
685541357
2772011447
96236042
57515109
4873849
7348590
125287869
6539220559
812251436
16991414237
5706968122
7059685404
93957041
8868343501
110081124
20912302403
3032772744
3976855060
24280192745
214462668
9110285
23596086
6984712
-1
14566728
7058722
1075961975
-1
170071
17413351491
67777161
9366266975
427851622
2882079353
47598225
89731177
20075072000
58263943
40811795
7537224
646604509
366026884
22835182
28061184626
9890743
7494201
907808460
434722347
288184201
8585792545
182775240
11137122681
128760900
260099068
3446204644
2974489068
79414686
6982210015
50836971
278862707
23921
771577537
178703537
184321705
113756685
162401405
835466438
208985968
8551829
2348842782
799219
2366130826
69842466
293162658
36595
10700745302
-1
1255557
759148
22006770
11159948787
-1
-1
249061101
-1
185174139
-1
75065857105
84162960
223167691722
54945707
3139883892
1500245098
2244136
804139397
20746562599
1352214616
37947303661
559405460
28471159488
14760878254
3134620635
73910
95596398
3409813537
31316628
3300383903
2264645598
303770591
3580233926
26356
81232059
-1
1412513025
16180
7106746
983951514
-1
27632688625
204136018
93185413
42697388181
37868726423
10555685
245369441
22747571318
356210995
4658857976
933646884
3678099892
33877725
3066720110
367650421
2231639971
1108131298
2333091800
2209875
2472607509
312082127
142089133
24336868
1509044322
364528024
6405995
221384185
3156430
738260498
-1
504227154
58914603
5707326
5778109762
73903
80450883403
212295147
12227681
2383780351
356126369424
1076558
47483224
-1
-1
1656385735
5418004
303387454
209766358
1881302003
187973
6199559645
793336577
170526944626
44087550
1376311705
45737801
2654255069
5924240010
14182093
4589756062
15797694
13864006886
3045792565
4901870
10780097863
64808938142
-1
174937283
26197468990
-1
9719477
102707784
116236779
45370953
4525086034
1070766192
271881183
15890252
16481137
256448
24009652
17787048
2932969463
1586739648
22919690
-1
1583940
-1
346146884
153093438
204269759
-1
17611730043
1330473054
84590808
735749
32789577282
4508241796
12723827887
-1
876527241
271823959
822379971
4123804046
34159446565
419083729
136007449
719760834
12145029231
1790299035
1454957437
170622728
2950234461
1872094416
27153931
15524315981
8197132681
448646662
8176481550
363244059
8910789370
-1
7079713471
32700428
225036477
12798564309
7767919166
4612537
70106025
240402549
37595570
2065631636
21275939
3720251514
59813792
3380066191
8040980976
2024974428
6411174518
5676315182
1360077160
173559317
40712015932
497595711
6716440156
6605181940
6910850581
6867369410
65603830
8416114261
110447227
190851380
384235379
68414167
3559738212
3927409743
760523
206284533
215321751
-1
163012741
1017431489
-1
75584188
3995803617
-1
111268192
243111923
4321619383
892567443
7958542481
359763119
491300999
11565058614
146126189
-1
399025151
10336949409
-1
1184636
5445933029
1289584956
11303284179
3316670799
28651905
4320219479
991353082
17691228671
1982264438
16379764
5600744573
597438203
677409220
54153327
317295281
13226086
279667785
2430232168
4004105847
14357496127
-1
224329280
-1
77875425624
-1
1154906252
1170663355
3518151575
27175024295
69986765091
3021655452
373166054
327777366
491340621
17096724363
-1
9009654639
-1
15210043924
17206005676
-1
21008719669
3213538
883389400
870434806
51697478
11669595
221695
10121682781
2827870740
469296292
148459285
31749393209
759611
640093
181542115
9069853912
880686558
25151510
7672903635
13539736602
73478240
283816
11086806516
314649514
8348207967
889272564
922592054
79638
15851860199
26561178
23769011
381559625
1170085616
98660288
79236594
12496556545
365333833
297194305
326826456
77308521
1212190
3390101867
35555274
36512506981
6831593970
25786178120
12994271109
232124
126620849
289283579
1500664920
788207097
12397664785
702923243
125900315
4712485
6870057
136978960
323871692
1251956961
-1
3659273
4254397635
240388118
1117591
14691126
40480212419
10053169075
-1
1541558361
168731497
5329361
152358687
724816
18840539
1293708752
189300240
9498409
-1
70324581
97327904
36260941
1924741575
56959940
2254296559
711758269
17266030
-1
1825064004
15603908313
215544405
9414679436
3138306781
1225533088
2530225284
12721013058
8811064
50968560
77979
17196925512
13282774637
352745427
1536132387
62814523493
8980364444
16751140
35548413
6800287
8181156166
31918854638
14381344146
1221042280
-1
1018325697
5836587139
36336678
10887862
70593330
8553722825
441278978
4283129
86076224
214618968
2593115512
21770469
5124416329
661615827
147918428
-1
9817653
8431405
5941648647
4546991
-1
60700014
27098681822
106201966
15759338
19085718
1528924132
2701729323
107232
2561142816
3262057625
2332644320
-1
545376344
17732571155
6784652
5070850538
3982629
51869983
71733139
18701592
12860434212
1335016518
164846690
9611533623
7774601687
38061955
181965523
-1
18282882804
-1
366670454
-1
18988837479
814470986
763438524
-1
-1
122181032
45164469636
26497821
881640328
732475
2964667106
7808037
1023545149
905281779
4295532880
3023660278
2500162231
6798899425
791951681
310746134
698621991
873848347
43423461354
239848637
18295282
39410304
7651435524
22855367
1115325525
1645790311
90471501539
1692053
59354990783
33054905787
216955795
1963628874
84096440
466495211
27651383382
3391582568
10982322776
38707018
6384205
137368304651
94240876
80754464
359728643
3939482630
1571522754
632264441
746670150
241119828155
11372153731
2081602262
-1
2335919612
1135923072
135717307
19919463342
-1
15141384
967926
618367869
7021217598
1256
488282333
2809957051
1551184219
34519308544
196164349
13236342
29195
313334415
4791927642
1530333399
2636211414
5284096142
284907736
-1
25291121
3712986011
-1
18694031845
244016981836
1702323
9100
947572554
1642673605
176407160
13953299922
7705812
3339508506
199255
524576675
4360383945
63516748
1710362784
1534522941
26163799825
-1
2232150
5098038552
48637020
1044161928
-1
829763533
1058901764
19424337
192249670
10385710
7579618
410774
41684532
70850090422
952483524
1008794286
11078901087
-1
18236734017
118750582
1954
155327002
14596423
3085124475
1183403103
-1
7158485241
18145332603
284931540
4193756
2589417714
4964064790
32444192575
7447406
1435945274
-1
284239053
130056207
46928978
694493413
573910447
11317745
42675207
112639140
-1
1911898166
3318998167
-1
33304104
31182886006
7699131
24228429
40752934
1058186848
300371810
27753058142
5448344039
60905816
19743906135
115560657835
9531407049
856888891
79773254
-1
5186769316
2697457883
396995191
11740331245
-1
130070581
10171839
1184721396
1451602043
220328072
145914673
267421106
673565515
6100429896
636240716
9205101433
3496957230
6291323
5601223775
6759391018
1699699
11026275
55175398
30165474
66237652
225496893
415215316
13722068355
2175823575
4862304050
14332936194
19278790790
74390312996
301983598
405330403
68440916381
16987683
198752983
668973666
12750776303
14895200628
2530919020
9826
146509582
739255531
-1
211788
1597150452
115327985
-1
176771983
4196899
159225591
6986962882
8531775
1581645534
58730586553
155329245266
3030960899
111603434
1630350207
116616
210732
4815936260
8240477581
5623186506
329726179
145410315
833112507
63796768
28875338343
17029348
96073393351
165803990
-1
-1
109059107
163264788130
3795833797
5023822208
-1
1581363942
401502
987112968
-1
1308954822
7288045076
3984916076
1534619138
65052300783
-1
325315
24565521299
3586032
40732197725
149227346
34116868
8679039
3200465244
3206111116
8013759
181540501
1422409808
26695922473
4146970
4031710
228404545499
11632641742
1793340
13824110
1535077200
323077879
12089127555
241709302
12283649301
-1
358092
88922846
8667109
48341222
2450440331
-1
-1
10101072
22071791
9832209291
9105665971
2509005
778804
23680771059
34870041
15671816303
85662518
18501075674
664744508
20367236831
21051945
-1
6498329174
71535571
94748603
5179361765
6516823187
1658110353
118151478
-1
1280886997
4901164
35322457781
585347
151773918
153702099
16165157344
92972329
1734875946
919217
2320344138
141745677
204620702
912881
575045212
359680
39744917
31277414
23262104295
-1
19408681249
97265008849
478797047
549265233
1033490130
12940459
-1
489372
21794970732
83016472
176873734700
6352604562
12528756033
5720795731
210800398
2308320
-1
3886474806
1811865
1939498812
331632443
375294903
16625818
8298135
2517309
14366236778
1724932581
18868979966
247300422
7406058
1500957743
351096452
8258095984
-1
11080102462
904989801
1541830570
2411368308
995868410
5863555940
-1
651873
18314667
38720147
2914945
370975587
-1
2216791
-1
145899
250933112
861553061
-1
1448048230
4481755034
1382342274
22590771
11102664457
1169784082
253894516
5042494
48124133448
23994332800
52807425134
198374420
469240
1276520
67598
14936734088
50471690
-1
238594177
29052209
34562341
8032873506
12336730
16465060
-1
44009820014
22137578
4709993453
345765509
15551431114
39978327968
-1
19390132
63046115
446458638
14879100719
1045297157
1293934375
4715405252
198848079
7383623310
-1
7482888029
27845451
143978800
9545737491
9906901685
196070
1810934178
40424027
123950410
49857993
16690709429
127351561770
349627864
91277264
41766836
19516822
135727103
4231035963
6891350426
418804971
2235186092
44886443698
2086416761
5860231
4192218916
7050945791
13623541721
4557298316
16820300510
31590589
541938707
7275696552
471006329
4705775283
3290596576
3087999624
2412760670
-1
11909129
14894019833
-1
3666093
202690
6813479888
292784241
940800488
9412284963
27151591
13854841850
9956168953
68459256037
28305288281
167026797
-1
812021173
4256789016
-1
3616664925
53753697
169767040
2128454547
4770267
490756
111358037
145269646
-1
266486867
593861
6028484276
1085932487
137383768
1649351768
144332738
25133592
6660436
214103640
296651729
600117
205955583
76981202
25713456
1906101
10855461982
256464273
1110155412
26825684
36098835266
168750292
3735477
15676686223
307553883
524386605
2184324
57455533
31444949570
1122672205
9183002952
11428523688
113676830
690170100
183502
222972012
550146911
4345447084
-1
189350363
1764732829
6689923940
5597288
1457627970
106170133
358810650
27082248856
190051
10202153
4939122
45269558562
442215590
47902747
-1
12142290
3664289818
359940106
1897225299
3439873903
20023337
2188057423
5023489231
-1
399223914
4414115675
2946079719
47407810883
3342682212
2322483623
1778023238
741555335
19773517939
4852840106
1271675581
1488678077
9305727673
1925474
12549421
1672950842
5307347450
497946245
750702193
3795399624
179149364
680831
212628721193
12844254285
65756265
11229594265
1507445
56455330
662359796
390758173
35785063
30857195717
22949893105
24245306513
284949152
65298253
499437287
357177789
3941012352
5452718393
7054916
118758389
935389487
19395154
2171950359
410478082
34687371
1302106
31367532514
1393141169
7405941529
3697081804
130806298
73821042
103559015412
40336827
17372298292
12113261
14463954748
-1
1990622873
18418445902
488724128
371802049
-1
25956408
23811095
26555467176
-1
3688864529
15710162148
6252598301
407577046
740856687
157872997
119031
342042584
42626665
171652295638
13977931806
681874404
-1
600622588
7868594221
168632900
14176624
229147092
305497941
1182527
2045276688
225541514
4685974495
2692094
352284432
39172080802
430928512
1061900204
38382226210
25645380
2191955029
5058534
722099894
18797050
6512192866
675476156
4470961336
1049914691
-1
1544657076
17820922452
73591359
85384209573
1989920512
36911870
-1
154847725
534548894
2020684844
743607
22080204
865758160
15467743473
-1
4603835
-1
56833198
3588214
1721145577
23774103
314554398
2158178730
520315623
11586657529
14540165
1287863904
-1
669144558
10165727038
2408148991
4644661239
583882233
-1
3146847891
14455313868
50055
10268749483
-1
259236627
105628465
3759806514
7192917471
946439641
49007998
37320571588
363465
10665641318
36131107
21283494
-1
5228435858
-1
381428414
173582588
27027064497
551746683
8966571332
-1
-1
788736
1184991
2233355254
643207556
12558357
4050301564
91292811007
313591869
190978
95292414981
12199586727
2557995134
1147085624
283648758
8938903966
60416035583
5858848
9228702747
52344797
-1
135644045
97539391
37686443
43251924434
6319640020
6799561
88388059594
-1
132826445
725829756
5816639
93766283
385126183
2047149581
-1
636915238
-1
7260792
2686668624
307321791
-1
32457293
720904773
418103533
1179330239
133204664951
2122470772
17135225153
6605124372
850565
2586089338
243037436
36886174
1940277710
2933384117
97286311
8764930575
4726910708
250691489
-1
2864659149
368295560
8047132465
23676712426
163157256
10561501462
-1
148454390
178857306
547665948
31082250306
2183139724
391952413
395656572
1949153261
27674500
3154167484
30457873606
12350488
219944121
21666530
1005824026
4811998816
749858
636840931
72562023
28873252097
1119789467
5826595703
4384586690
15600487
4586967865
207216324
454820597
23661223911
81421902
18091335
29314462267
63956529
185846710019
470762513
18911282535
245153297
36372181067
3724037
1807653640
1002554093
686635932
90536476
3411033421
106735877
5522811644
5985617
575415
-1
2989286800
254036339
22123229
379221919
5858739587
19095281192
742659305
5608973944
31851016
106429419
9901370424
5773335712
-1
15293292439
959134717
1043027382
3129844264
2381862815
480503719
1872706592
13270730658
160511163
159482862
-1
2167486435
2466294
26927214310
25626120416
8051118
413037747
293945580
1413830753
94163618
10574661
40960
1120760525
3120995650
108420175
3950496395
8327529485
1283501
16643773597
471981043
445686251
1259062579
14743903
9766472
1365161481
20483924
3641986964
1739659027
168983394
16049172794
21037464
-1
1962659021
15356596122
9095451023
30011602404
15050405009
1136290750
-1
8302388223
565137910
29492507
440759682
6930753
35791200148
589280
4786718932
2152572746
71842792603
1197097338
1458682
426657805
132101832048
18934612
-1
13388407
271078626
28680394371
69610310
510229585
735802581
13349349745
497900214
134014651
3530825284
19915623
1355914
323311721
1647255902
101489686
4393565466
49209936
893559888
360796821
1579715
77953703
1099204254
9066593029
1989353
42098108
188819160
5422075
79524266
113705571
85295967
208419342
3775207392
308771179
63144412
286799467
667974356
470984089
1558181321
27834199067
3621585174
3820081845
105631087
3275735738
1313831995
22886886
363420870
115007404
12249783405
567055640
947751430
436286497
1969905513
1141684539
3524540851
20221887
270669
490219295
-1
6017654
2183462806
153905
18414420969
261237413
80176845
377397432
182818985
9720558288
179765292
1829021748
7115004950
141281684
444253955
972063423
45486951
1528759565
3431749
18370911
5132935
19369575
2347219183
-1
3311877
504356545
48442584058
1046815443
5406565702
64471723288
220520347
2560224974
9720377840
273579163
20883529364
20601136260
4273814612
1584754331
50549488
1234656140
64609682
1608167202
77225203
619604885
1866033
18510117
1143058592
5283425368
476262164
50232731090
83886844
66682982473
15833392
5623543981
1188918493
9600065184
1367263895
703206947
71430278
37118357510
3142237
23888775
126956747
13277569584
807904432
26637522
235811903
132741410
20381296915
-1
114925024
1939023398
2941489632
334524032
367562942
15077894
2924488950
9726278588
28245950263
60552453
8548440
24173622327
31130343
1526816878
5994236
1018125778
1016410193
11759223
610156759
1215673277
-1
3020545153
120796305
-1
10056818
248299956874
2665309886
4448198658
235419397
-1
1057533046
8120423
22545789
7351928991
6915567823
6640005
3803613
5560974775
-1
-1
6548418870
832097015
1285752284
-1
5403
6934752843
-1
7540810974
2453876524
342236996
214685027
126662471
4881387238
5581447135
50238481179
53685725
140028748
1275118158
612064923
11443348
1235665
4766035667
97169742
1947645878
806253809
30949622
237763904
39657792
3638009
70800888
1188903021
2151644465
263203258
3101739782
25449360
41256552488
12330212017
-1
484539646
3706331648
848532613
24893968
27956089
11573520382
402295686
847897
20988103
1081540
29567822
356708686
7150237
35476479
586401478
193203353
731647738
46313819
233132585
676651070
-1
43010811
169357745
762029
58285335
838425
3425327
1087880051
503664180
487401
2463534334
815285
7442977146
-1
2803486511
21749005
134231617
2427261966
3915320272
3516131
1828581687
-1
212955
954419901
61694573
-1
598238758
3472021
3051761768
10843698733
2210899241
-1
23594386418
43563388
11246347318
4461834310
16652508577
2753695297
-1
55947941
-1
-1
591664553
1331382
2138505
-1
918661433
13743089
344091552
320408604
81078408
22152419678
132490613
4331847478
1007299170
15537537
19438984854
13827007901
502232765
4915316735
3360711688
197443637
1194066785
2945880587
13486400477
309803995
-1
7635656176
12670116
3717003491
195168091
2269906548
84772688
16352604557
121290917
1001394648
3027110614
5312675
1493308201
11610453902
1110793163
266576211
360034893
4907414733
-1
349550630
26452306503
460728899
3159295877
2562372832
181092372
630081780
2870137
20453181
10392887126
4878851802
13949544
8160785005
1502030363
2149468760
606215167
4559105
27000261199
2070308290
65341149789
1771050
81131779
1248734
28889035923
65763387
376958026
231170798
8289497306
1882526761
55020931
8395956543
21065513
73964072
179495032
340787188
85575135
71904189
1707493
-1
-1
499210772
733823328
301566
-1
201911268
51520349
89889283214
306188958
5725418119
165970771630
4031769442
7776471194
471823810
190962929
45939409
43460922700
8730494910
7917306970
512365942
29015194631
2297845116
29967251
3188863
-1
385125685
1088432909
6307245008
104856188
13641447113
548326849
79653181
-1
2217118183
12968058981
6797616
1238348
2899333888
34347526
1108769204
48049487
689979
107779213
106274257
368021164
50730313905
217590811
1239133954
3383029936
467237
68369848016
17451592392
19998439916
316474688
198977308
707590367
173443492
52178697967
3852387377
144753256
139616067
4098577779
2621983477
-1
58552915
296458026
327696024
124879108385
24770720
420580321
90871970
4809800600
193998
1543500410
261093642
482504
344423104
83834251
283096216
407269202
95188644
1638947925
2239823850
306245792
10936043266
12262792833
55625942
330799032
-1
21930559933
187579632
543491583
5430793344
5107753
7078206331
429886224
3702467206
492761969
279794248
951222
13240539390
216013036
1220371484
4340847301
203044032
43056970
1027900796
411448714
2984773900
14953654152
3468553
24251266847
-1
11290967225
41514827010
1373873440
140828875
5775224
3913340
13981099
100266632
-1
-1
12840390104
60309080
2349562735
1582349864
14103598153
-1
32048055142
-1
152516802
107359122
6910415223
249323610
2520411017
37493407
90952665
-1
4389187237
257142813
1619915724
1521107833
719932221
-1
407990391
72372062
4013412
13919557552
612499924
3516284843
22939264033
430987
10948078804
74109110
5314328423
37700959
12302712515
2014428040
549991416
686785
16443741
781746986
3782958565
559743521
90953
26900175
4804519
1054915524
44969925732
5905535
-1
513700106
16501194117
25201254796
6853969779
6948886884
37285233802
2049116955
5753445703
212386836
170337136
185229019
13372493
8922983
25495929
19672366089
881143564
42181862
-1
-1
221701699
155331267
42389501850
615821
117017971
230764122
17764054517
111975203
159804351438
4772094801
621983293
6539161669
761385466
85783
6121515
2178122230
4276109384
216639432
726242289
91725537
162209658
488845358
11290672097
13029150928
167154321
133113360
4969883594
10240901
-1
659951762
59163397
305963754
22984774235
-1
12732881650
26849776153
3884263017
625559692
135261670
5158607270
958184430
15496156637
1842926138
760308325
1937374618
1305075579
870483
-1
15547123
9706389
9873082
-1
112793646545
12907768
2111024171
214383554
65145661
965679597
247869601
501204
7792145
250467076803
5169
12862160816
264130988
840363215
4400813
52607263972
11363963530
9383703910
4366367905
528452
147098267
4158777710
-1
483966851
-1
10072988
8550949995
-1
64887415345
5253285531
5296118
872478108
-1
3070775222
871633430
30161839854
120051292946
174373651
336058280
16205097930
438514890
119849230
1021374111
3298986022
180923641
739619794
5034018
36070185
288610437
267796645
1567462531
788616875
13921566
188455565
6857223138
-1
-1
-1
5093515
-1
113097483
18537367966
13706714
8044055958
1766062
769782
-1
49146593810
28886393
10958667892
9331012590
16638083
85569567
363714850
81767990
79219792
1053647318
234793517
9567882
23144876
3591944602
261697701
14150098
2609865562
2371161646
6216691330
2298506072
64025692639
7181143939
-1
4470471
8366910764
348765148
349654
130554606
499540190
-1
403362907
1760418472
1029433355
74838162
94733117
277512384
29947248
-1
1409751
3961400
411794465
169955305
9992154048
-1
-1
763309534
71027
853644
1125539
155097676
92178848
336674071
435534245
41654080
19047879
8452316165
629144422
3235831819
52788672
320073296
6956982537
15349599068
-1
517888814
1255752758
22727694
20483105
37265755
14511940
1100227437
733321988
-1
495192247
154332269
186506439
-1
1243127457
15781248852
475403693
288954053
-1
1068131195
72122550
20624761194
669424703
58141353
198070888
828835304
1959017
6064987440
13009393473
7424705252
7000574126
32317699737
-1
570215631
81866669949
18540227373
785724158
-1
22430054
1626409723
183531386
411620974
1239199878
83587948645
1468265257
83264235
9697031335
59125632
456080452
191158410
202267597
2091021620
-1
5945975918
1759658933
45084033
445274655
161096
3199305630
451675983
1345809431
265294713
24313054549
6437986
670740314
169835220744
54176772
65411507913
41140697725
1025860599
36110803880
50677966
4116442269
37131310433
203454349
1018811241
2562175
17722997
83248666
5164989
1112333031
665368176
958890639
75524510288
130120336389
-1
1951886
9140676417
3491849
15716359010
8475973590
1293645817
6439772700
2350002
312272807
6244072
1341101051
180333806
94378
38656694
142737136
3124393891
89481804
-1
3412145407
21725460
2301001
590887003
9287182
3698844099
1541672223
2164917
5919545768
35058365251
-1
979866697
429213
-1
3903709417
151298203
285255430
15970737
72605718
2304044265
39783465
1272949085
22820406572
3295156844
3759411461
19092679095
468558295
332383167
8674494
1338411872
14185919771
369638337
26214887170
86263555
45793882
1382032431
1460837520
4088972
7759645799
476161953
89340038
14867122
17359277443
254679988
6223002
14468057
311154127
-1
175489700410
1028435094
241129
2535822338
83382862
869038465
114648904965
3126137059
280093060
2779987415
24356598
1266061234
2050090
3917548527
505858314
-1
317550763
31207262
14329841774
331467819
408558811
18627911
13489162572
207762135
-1
27755705
34557976
154068284
82564365933
890613768
96730577
1213866
921773456
23441965757
2742023
428579910
2196567996
232785924
703314
34214590643
1003026437
2323961233
33318484
4150359955
426488057
12248925774
333053742
254144036
536279065
42864072
2309128584
7571890995
12742562053
2143874655
82701378
47413873
3843287003
3714322076
79696859
41193615
10268114285
2216571231
40981791
1097426137
10015989
8638098574
1370901075
67504760
23397238536
439258416
85330194372
203364264
9836573464
1025714329
44532
101948849079
598512
103136109
122601
10717649474
99583
151968653
144785855
30623929
6497591913
349325798
296247923
212798158
1790174136
61214
1825561782
599823661
22402920
12727337946
58978087
2678640025
122114896
200284796
156632511
5733455155
125079268461
3296496849
2096365
1878365610
21095666404
5292747
60852436
1628256993
16193320729
1630952338
302869
302980960
213026154
16734123172
214126701
160812119
173520
18989298
2491221796
5347680
29669696031
10195255955
549253767
18376984561
489278004
-1
371816349
24941596
645414373
-1
15437706
14824082180
1409618
317836618
204872138
31094083
4821757121
37723641295
2132311719
22235417
45784479
9108857
199137412
27669634955
1208336
833457655
16296318316
-1
4626845599
1782548255
658543999
118969046
3053509203
115483074
-1
-1
403544953
67588469
1576268122
131561929
5640616
766982
19827377191
8486795382
18290273058
4512516930
476960862
163704338
1030715286
1222504315
9905597734
139626977
23994224142
9228181
6982686621
67006232
861546097
3074995
-1
214800067
254983308
77530439
30002069
65681092
-1
7879070
5192806
74929383
78813425
-1
65951226
59730985760
375154960
7025782359
29300342
974185
1515141366
5979205
7992955647
28930729
-1
1240014684
6508777275
117339557
338403794
263892
2106311657
274358580
21259589675
813073633
1740725430
456452752
144874218
26125654
10473253455
183393033
1218206834
232636335
340358076
61201428
8024926
20852396535
3270732966
441317263
2484551097
92486254
2354950
3435504
1875681792
3826806518
2371913230
721367049
-1
1400682089
10892357187
192470
11389293125
229314301
20270152
35470740
-1
7730975
988906798
8259659
59257646
41854051
148947697
330728853
14291164
64443746
2042346
1117009949
87264288
45076678405
3150873643
5322964
657920
-1
15048316405
92928287516
170211179864
107372854087
1488693284
7048700450
842821
955957023
462024
3280719603
384209770
-1
-1
1173050534
61594415
189674044
21574656
6730349265
236549551
1187668699
1855692553
295720
238519977
2196734698
1670408932
43343697
2111121453
167923219
17201589337
672785406
1367050178
60137524
84979479591
17493302452
37671691193
198266661
11536560995
165782375
-1
351006446
6786911644
31812577
3330479163
6936136064
-1
297625731
1061328765
486009748
1281470702
24758112021
235857440
37822694
5381276305
271856977
7198535
101858508
55138540
55875275
11753952386
7919979376
28367913
80269773
116420789
39383155
11854758166
261772
44559809906
14620562276
9821258577
3866309
20384058
153066333
213789450
2709316585
2955204839
202158981
10460645424
712388441
111308480
952143971
26615638
29686694422
17424141
101724902
52823836870
-1
17679729651
1462604081
-1
504303053
-1
3753521620
3391410
389189100
7752198
9482041370
24534897215
557328981
28001846822
20969833171
29816227771
12776952420
1378664739
140903271
2186775915
574433432
65567973
1334228988
10444346
23955037
3953677725
700359375
2239234237
613320972
998021312
20813926254
39214620
175323253
81201389
4985523872
1449759039
917489318
522259
-1
45300670
1315601338
6438317413
120272630
7878222671
548498605
370622872
31492413
9419281
107636476
59361557
-1
1757436924
1041287172
-1
73239477
14264073
7308400409
1966230
96169612
447408325
14991073178
100236410
55312629
16726657308
1263377196
53895804861
1716945109
282037650
17271028205
-1
3146833085
1284713
1551795251
410655994
4027532310
2787687884
83091943
2043792921
187429770
2166321628
27002778005
25438213
237261019
859876
-1
3609233
674318848
4343740569
7162260837
9213888281
367074348
22352135889
10014588500
1090565731
1864619605
42053461
387659176
7280488298
15777184584
84578054
5930270005
4904794857
92339155
48983189
19327559
10671821
3887267555
71907653771
250100313
533149446
105410162
32207909914
1566138736
1242241196
31143632734
821710147
1396148797
11017046538
889054978
51562523
10474678161
573624649
471899763
260857946
58918095
120398160
3043451671
2938630
7605707861
3756714106
-1
3250073
-1
303642805
44392
8745752472
4864107
6855138002
1376393899
2730370947
1942481092
170305250
1763726257
6766477426
3949382707
55368208
3311679081
6132786520
611593297
14338426
3527011695
-1
-1
1841608
2729548669
523572454
146603860480
3451363920
28283747
6989984652
-1
7264170375
7274300
4182046854
-1
815389603
589133386
5318666065
247680904
316812832
45306424
4807824981
8810543
2240429745
4696152654
2995227
293135236
410294676
37825904
3977045904
382999987
1310332678
1747375934
19831346
456238360
2876880301
6082705355
9601636
122151469468
25216983
10057939462
80056172
2072477
-1
243987171
5582322498
3209694946
286309
6966831
158256882
16613200
1197356724
-1
57479464068
3247970451
801746
3827507
149535546
3603552786
1536219154
479065
200170603
170478735
263980256
279825050
6274894
-1
5471419752
37439819199
147324823
152384702
1583331115
378703939
8438394700
6996677771
1607115717
320621516
36862828
131312291
182959
33041821
5795755
106801274
588820
68191912
158511938
4351398
9891362970
13671602068
18013713
21954121
-1
893732917
666147347
22030539103
64085
15438484817
51598131586
1020819949
107737726
3329593074
4038029375
250612675
207907164
18762009791
3877938167
26935250754
60966302
923419936
5053926
21902376252
312337980
1405379212
1178073427
554613
1951000468
455178849
56331506
226458820
930794880
3200651734
65432189519
27313987
77270958
2298863
8413386
29620368123
1220287655
1710441670
282870770
20208147194
201937386
1776099655
24657009
1004586938
11102448631
93071294756
24928304867
161483817
648463778
-1
97052999
-1
976994064
59338062
1398260825
508730
-1
4965215876
10424795589
1707226087
4489696897
525846942
61202267
201992
659964115
15056694
8461985664
1146145617
13314844
1671415319
162791556700
23136329674
895988117
709252668
86212052
108319203
206793434
1651173656
437066737
237492333
-1
72545733
2231317
145398097
31911835
1393079
489520311
19588370
4426061796
172253033
348087891
279616211
16850495876
-1
18849914859
-1
459199628
101647
31449805
520467502
2948800
383798065
84399166
113909547
4157956691
8066354473
4023678684
14440002
413277
41882117988
2100423835
4953483892
4754918084
889286352
207501733
8865431815
2975992365
14643796367
1092090145
414584464
22602598
650327579
2408521
3241728
4082743417
12053241
-1
86776407
2059061120
8076749855
89464397
823175261
8616383
51924099
5558573
5238339534
238675124
6997898542
2883702323
57129587138
64969035730
229126757
1163354809
5541258
3829616446
2521568
207162960
283053120
106511280
426643618
1661213255
45770363
8348780988
73779778
1205366028
4935490
18833898233
346123943
70510356196
35705904
27326546766
2836365
430837151
470702226
178987646
58126431704
1856924789
510983088
2476484836
100192655
6807976040
652652835
694359945
2388119
258483344
23952439
860969610
2162763
5591035924
1904854671
61532152
6414634714
14602660274
158754868
70546257
-1
2441917215
1565433078
827636582
28733034136
5660664261
94841520
994058548
14695356
1499538652
1766481200
474658769
20564548659
2651677483
43172
992198203
582652168
118027422
552322257
144722673
543468731
181271634
1288078148
13733176876
3729319862
504418
32356602122
419457705
6119470799
3290820513
155272437463
137427926
21516207740
58599730
64231772
68092227
1069257292
806200853
13855582546
24690961
8001928179
10526472
162158411
4030818
397819407
1671739594
941461142
1685748623
221702908
29393881
36637113
7188495377
2511044
1204685692
1779692729
1822942087
148811621
13007736635
10192659
59828786
-1
5638716586
976331381
27157262037
-1
19127531742
5625649
48807486186
25522706
130732784876
958133260
218339824
822930
1795156
3961371987
390403290
121592965
-1
11426963896
20552272740
11615500
23589794319
6882739
14439293773
397661892
27790316
11730752
4598720030
-1
-1
1623971451
21993005552
67133760
28359057309
3891003141
2067583255
188080382565
104850514
106325517
11428143
1326100
26778681
91495570
1159944088
408651727
894915892
1221818943
-1
2543011374
125642434265
49795622
-1
-1
1928842492
570482957
273994107
360093706
142689660
-1
4187506709
5969665265
8252484
-1
24628469378
246301492
6465454676
46479630
15913996666
108623
1580883166
28235208
12030425
491160655
9573163217
52710786
22698441109
271224602
19875186115
21790475396
-1
556954951
297141911658
8561018010
19169600
1200526019
928392952
101332880
24597467752
9368678006
5120734921
-1
14098522410
1373039747
64606842
-1
60153254
960307536
39410603
343838843
570059220
1395461818
18163079
34966919
2447948951
14507847141
111265
181853685
18283669
25381988163
6038067951
575934251
33641648
822303
693765
17442155
96783757
38500193
6967548
26827673
3623885922
6383977
126940981
113113437
11675111
1529963114
-1
5960751
87362234850
8341931418
140264904
2579423424
9734627
2978971616
7827773980
10654601
5291735756
230251353
2056377754
-1
107418762130
11022162605
402809966
24236172
444720807
5769160652
-1
29736817
1486177626
2114799278
9373726442
11573428301
70678237
4142217
2196484160
115252458054
1121387332
87158381
348464387
67172557
7247202116
-1
29541158
802823
640513740
2111125035
175160190
74748651410
1383222626
2613577328
1023272889
103838849
-1
80179167
139949
18804224
5880708344
49001706527
2984598347
216439953
2412161662
678937826
4358444841
64787622
8312716
15156702
63874900
1979564689
6797094921
-1
123927682052
-1
91591525
3665127782
72909062
20828010
9080386160
86559533
222758862
193068757
119799528
2457228945
1116299992
229320795827
117356829
264962319417
-1
6957634
7069392869
29207551
1094940044
-1
1247288525
441286
3752197684
6491148741
63576091
20774489
79029863070
10007835
322379091
7676792
40133739
1886663160
10985260
162069521
4026155731
12333836866
4343846048
12755866564
27641169
20715924
174203251
12698815
84394
3596795751
47710126
77595000
-1
2965467715
469257380
400222603
276461390
715561959
45234619435
131557
7116704106
938856477
3532165781
16089777
9199521
766887449
1286531
-1
-1
-1
19746570
-1
14379899949
13378703306
15392678
175920507
15275694294
10325932449
16861621
157670608768
-1
907978720
350735465
2008935190
930091370
331232092
785081187
1288501101
604232555
184162345
2168159861
1794506385
6383887068
8074752
1204764242
376142779
43186977
15693072616
16381533375
2472205620
7153754150
16225
61468730
714601768
191040158
1270936
5840825408
266077837
21890498545
903280
-1
386187384
21477504
3260971945
38652501
413757007
303920401
760121974
-1
26464868929
1383950358
2913093315
172132242
7219654009
1877817887
2039411974
8838341
765025979
203651613317
43954595
6009201003
1367246
19998895231
1626232980
273690820
59914091
1934575220
38608070909
-1
33402162
2428809438
192774721
217818750
403805078
1177987983
529422871
-1
782993067
23613417638
1860166840
19913408
14111705814
9478355423
48420102041
-1
-1
-1
288292885
896012624
372185466
25852286
354895408
4230417421
958374
62973152
4403100
5901
2259286299
469033517
26309969
103801
68063490
834759637
13547444043
588650857
483800310
482300188
3658752
-1
2128439234
-1
161726389
79339854
1584133430
14554427
13163386
100669421
1451106568
346587883
10666630
24621369885
121740154
-1
-1
7789331410
6607849192
60390650
4806146936
1820938760
74121162
128987076779
1997697547
72385238
17115451
2043374362
307326215
42167183430
3832704313
651467655
2789181182
928367322
3574738092
1650599574
1854554
43416849
4902389889
-1
76911266
833486427
45656266
332282688
493263968
8316088
56839350548
46558153
1005855242
284653307
26833253662
35937045
1937970553
26015753218
88806842
57634373
54288425
763750654
3269419798
25390984083
1480892
337082626
1002669339
165830777
138949066170
28930420323
1916279398
320468632
27041432420
7678121898
2928359611
-1
117511198310
3921471
11471903255
789399005
8348777
715636864
228847
8400650
311095434
912947195
643878977
280183732
4513105
30402980
575538405
468746
13080578350
5073042016
5490042993
11676442699
107822552
453594
32281156854
12451443390
34021628903
12508843
966278783
2415558279
65237467
1328602980
-1
46122358740
3495186867
121710279
4322795440
75037753
15082779852
853086315
1036437884
527814
9782905290
475491628
106300119
5033070
-1
2535066355
36450857089
15645269204
58291509441
22169640054
11011327
13429578916
1795277
32026156
6450841589
39713557
15573594
114227958
638134786
2423344628
226209472
91225984
22607709
2814512072
-1
2840860576
4535115102
21355772
1150196804
1499557112
615170644
55631577
268792575
271091684
1732632785
157671124
2083050682
61770163959
21895078
16225051
88899761
13950617672
250463131
-1
88184833
2912073992
3898772
7579048518
174274864
17110569465
38049150
-1
56226721772
10481
3865550316
1371425205
8296479773
76866535719
2742278119
3812301529
101534168
-1
116541021
12501860568
1090971770
-1
25550031
18062838436
5013408
2029935809
85643632
5565510
575695489
3324205
118618200
15235640351
9289741996
2240358713
36424288
604222139
2970508871
5300327629
13680325932
151620736
2981174246
8964097385
347857184
990646903
380114259
44765950
180708938
-1
548262537
159066219
136204574
2138879
78763311321
-1
33865481
-1
72799693
10914981702
14785730750
34553336
87689852
30167126
2133932570
2194389673
182134646
87327913
115240639
11983491
485968371
113098222
5019571549
28647440
5664776354
-1
685766412
5391363956
9504295146
118162856
91865663
3777978710
22296078785
282826732
143387792
-1
7258401630
10612925
3005403933
5310533959
7773395177
7191528979
79876057
48134629075
42205386
17621688
140068
155053499
43558573041
27942505
607457179
6771866235
33229926
135041508
5320831716
2173278056
6558820590
44199222
67670058
1114960493
-1
21405070146
201908977
16506190
2465068979
17840974178
-1
400200215
-1
2278667
-1
396637
1217731479
-1
936381677
4236773228
1370370195
19605919
2153519774
613397077
1813647339
1122437958
9588674407
7644772
3377388199
13715497326
18906284856
3651845040
2571766
1043451694
21927977
-1
66530093
79677603
292321052
91017019662
62051592
1538072248
6697308937
6954564951
81220953
12608786110
210735267
-1
100609526
4816254
1501634977
11409540
379902659
6477091019
857537397
157856910
39768682
194706679
6960531560
1738406352
3255341990
183382674
6009882705
988249879
434225550
221413223
24773065
11351252416
631146242
23712817
89217905
458699869
6560199507
4913123042
4478295
8670303
4192876499
227118998469
45164227
3174099962
29958907
6142510655
25958856678
-1
27440403
99105482
661419462
1521686409
603384376
376834870
9653385506
1673363219
5524599935
96199907
138067586
2298476
44795836
2333218
30268525576
7985465
9721345344
342885302
18523342609
398812062
674232110
8593305668
643530185
48881333127
4494976847
2831301210
347832689
31780543
60153850179
972536044
19092215935
57963935
-1
585471490
4094735822
647619685
6590857402
1006225523
6036895
1020590571
63241268
74730558
232283
709132
13983845973
10568146809
4199129661
202656450
24079170
10859085548
20348001
3347981911
4517359835
1024977481
1860043441
43025871
-1
-1
31177148509
15382378606
4724722195
-1
3942516506
33255900218
496262528
1540245386
7580477408
1136049637
85370552
2701529171
8641667
606344
22671323810
1722230
109006871
2576758639
102514683
30006848
28353773564
37129485367
2043085418
1172721921
669400184
45881096
11653638259
-1
6789528092
20649920
348706790
4909116
108948809
-1
679601735
1826024423
-1
83463078
2826700473
3146767508
54624098
244231881
83870996
534905821
699528999
7005130797
49519349222
348710348
1022999018
7776762720
8478400690
65702283
836855
72557758
-1
35242713898
10940727081
6218610306
4582146613
635231714
5814277768
2588982726
21248375554
1129079016
19569843
100887619
10680908
6421599815
26723297
695576987
4344862
6191130
296717439
12900406901
32240937
246214068
12373969257
48192231
7954211997
343365424
5334686756
-1
612405447
9110491
14804681342
2413241
4824794
6341473652
-1
14226526394
393817853
-1
23287172269
94151801
6894606631
376786828
4928218197
1313239667
182062128
215054167
31435932
1519338049
276501983
4981098474
4498978890
1120020025
983137
865401391
-1
6869975920
4927197
535543985
38661600
-1
53832173
4234158162
752200885
80215972554
56155958
30748170
12463508377
2015363452
14700064
4817008993
4389073336
37605983588
442800439
98624
5227362591
1809467807
37315537917
247285359
4567264752
2667151714
656227057
2856942741
94301178
922396296
557816705
1442507492
13187516
99797003
2944381
899433937
5116414482
4939515
1377560033
8046532408
26760794710
11064198081
6803190726
4087866212
35996494067
80585874
7496916491
341774667
6867024859
15035153678
7164432136
39039517
-1
12660298792
-1
3567312843
11416669
555875674
-1
2380555348
2508118
20862165521
251522061
75503534
18153517482
-1
1172360102
6531117665
2221092
1334304
3821743
7726004530
26199666237
43396225
13973223107
96890503
35628425
652119548
681887194
44107278
4864932618
100199651
37335
1010533425
8537051420
2064706
88049407584
522783808
11607469
1396742968
354772625192
153783090
2751974469
66146270485
13058478
251771746
1189613
4109526
5636884428
1709475150
9363934
969283889
452206
5136666
129869468
25105314
19698977694
7480462
19246817
576403489
16669280
25862644
132546133
87819389
21569481
553107573
90185276
76414108
108031072
1076505691
1394161545
79484559
366461250
125222239
703753924
38302199
57317065740
409226721
-1
4041447642
521071599
7759845
1518841711
-1
150527608
12457588341
640112816
7841770701
449929889
2899322
126469671
568362175
18495968
9725631
9997144194
1452577249
15241720
6658701
-1
299688177
10852820749
655362566
1562353563
7814629346
65561971
38868813610
4505119558
821484031
73148102
180058367
10926056
37604617
963994945
32890093562
14548517
-1
-1
1065499733
15883954012
1607189133
134492550
-1
2479329829
31932580
36157568040
150870654335
2043805
111035477
4285496490
5223066007
165293776
4034510407
720716
8231711044
65781
1212195000
76953878
10669666175
82382770568
78066061753
-1
3555476484
301876900
10093385472
2880752214
407505
-1
80793
-1
2339910392
24727469483
1836011229
1144076252
1188094872
88900162
947996827
14209505471
4585596028
1688901
11947997605
134108605
968151014
-1
1324955649
222925721
61126274
2668039478
3011224477
713016695
757597603
8910392861
152575557196
28100475252
-1
21546723976
104832190
262939319
13162089
104804404
18269981943
116820594
831668230
282733881
517289210
11345296185
681040564
13972073
117066341
5217816849
105494442
57801653
1890424420
4348379752
696612
-1
421816398
808872
1310025209
13587766380
1519469
-1
4633841549
565108953
47663461
9161086316
2668437118
11244796071
140345654131
113313917
369248313
165564514
312088104
1117138346
1039773621
10002785514
3200678030
636804
4840597
411419479
13900544045
17758399287
1705278074
6332870038
221121925
500807384
2962392661
22544658555
44694575
11148083
37904268
10511359
600622
9497575135
147689
27436405051
2985264
6489476975
4898646445
57865768852
451021
226544446
7708421
67714589
43501405
209286070
256736225
47501586
2025439882
121877882
537228921
455194202
579389399
36099339719
16779529542
2664626
3061009082
18327
3870110252
156604597
315233069
4159997114
17855340
1596842723
868122111
211802802
65313952986
1395943538
42405048050
599655448
161170397
171730667
-1
78064801
407075670
10009547015
18184222816
24510213
1088923926
2466612724
4745670764
8557282
160941102952
11949
26152246
841586468
1642337143
124176362852
34745619
680218707
-1
25124983503
35675325632
21004521158
131806871951
12638707
179768435
3223087097
75621811421
14134954170
18180537
337768236
1593926069
722896447
249974632
9056482
2406009185
3448997
55685117
-1
1452835620
13077693
5908509
156635008
122916707
303630024
3366707944
263382096
22176131
12434924796
2703456542
1693219438
14164627008
3713419470
18372135202
-1
10453681274
69846883
-1
133935
359921458
11688241
377738813
42916196
6097253901
13912330
385561310
11358130
3209042369
2839388542
6514398
7821113
3527343069
58470822
87349960
10801863
1472239656
-1
3817504427
1636510510
19602600806
17785691240
11973120912
-1
23697126
6785827
8734968595
-1
68878370727
23275925
161331883
564002071
3450371364
47671654393
5116580952
233345124
321079404
155344555500
7864857274
288027657
-1
682987285
366659796
19322194757
193879418
24789313
17414943560
2104298
1441785881
733220611
111944278
3180773587
4385402969
66859074974
14949871214
12195800632
4485964763
333453358
49241529
-1
6978316964
-1
17014483556
3535450473
11096648685
4586373773
35698182367
2232829
227808141
33003209
1552653
93642894
247278189
457573
11782302
13705941226
1968430815
124423
-1
51809
575875394
26083122635
3202840147
2379761
3823435581
54228948251
37801901
812567222
3156547864
5086673317
288309290
90586442
1230508904
-1
81229873808
11747831
1877173
-1
1834373663
11690176
5247585382
574477990
1336965691
1634092397
6242861
-1
4634365409
6596251215
33140720
1506318185
882863
130798944
6730687351
2886587739
302045076
5149350405
78495870
660020667
7014833838
442531522
18713961
213504280
30859149
5985121106
9365055118
152483468
1303539920
1359399820
4232493542
1111884421
3451488770
96320641508
367462919
63777008
967964802
7657171455
31973571522
164861831
461917038
58811637034
23649629185
493329806
1826271020
-1
1387539966
7198016
-1
578063
1203571119
28653988
2530474665
67813469079
861259
251697862
67581435
388338395
553354907
3291785937
-1
83661
1100910332
238659077
-1
2546805
7541274949
3393858714
702308624
-1
218302497
4502611
625293863
-1
858655782
4887287
198797958
-1
702668916
956237131
32437045872
1515890530
86963609
4904648923
989350
11975238822
552501922
110661356083
706535095
450748367
-1
4428126204
12761740
2188876763
116077711
339420977
145350627
490332934
15386520182
7344768781
30493256652
2125363222
246628977
211925494
18359183707
-1
188159618
1848412916
1189529944
3834196530
660991857
894392145
2083245
708079776
154859172
26637605
15360526
1402499834
679712891
12373140183
65669802
-1
909753964
88010375
4653005632
1296720617
968432505
421535060
414177195
62517565412
3737349393
35509826945
433414150
2485321168
13612563
59724983
1749980475
3156294484
5488730458
3466737293
419027497
611129247
566528229
22088525
20602038152
2296250
201284954
688409451
237751591
553066692
59640438
946765
565657178
64410011
19761480
255877988
71663603
31486849
1665067739
25230478095
5629506046
985947401
2606817385
5826027076
19162208
3894705743
44253634
6326592
220581240
24356822
26363718879
29388967
513523718
1412596246
-1
516929507
70783266
2220624250
124897228
509490793
475445787
309078237
69246714
9252803291
3532363030
99977
636333264
41795
3392452486
99001224725
73867761470
27738047095
589546412
8937326228
6936100118
18367296934
1670609
460828832
350696672
-1
25595296983
94131708
3076303550
-1
2802270142
23125426
2349816192
1984959483
-1
682513947
653498
1029866
2739412094
2459247423
348904002
5664908016
57926238
245374025495
-1
6312418
2539644206
19693851323
991263592
843861560
24825296638
15956765758
313263
151869993
1924755941
4454639064
361921400
1986163555
1481820259
496708293
31154614
15716707
9752549520
3055013277
324624955
1077649
2341980142
255463739
-1
3784103037
707814271
4836627
90662855
6432610
37295846
3750095167
5656662
1083439743
10988292806
9641514883
2273756916
701408837
7554677
276668417
31761907889
24631093
585516228
1129945503
468549697
-1
10607670138
14958131
1290729750
75162755
41587673
443683053
904638711
32305636
2811233842
390046682
16347859
1673954734
21986008
36073946
1943863660
180801614
3478882269
5641084
55651228
7589354355
1140904016
18938945
25377421478
18600161678
42872747
1590668969
265706234
2282166041
221846168
12852
2230987379
10350306583
8413572808
333001198
90960527
21162292748
2220213526
158949184
5034666819
51034408
597493326
131353120
5067484849
1068594
22491069540
-1
214676502
151192408
31497060
10592131844
319351451
4855171302
1959391503
71954773
-1
1371016702
683144047
618269
93260018
4098709259
27742223533
137769660
4111082853
9436648755
257883967
1334304780
4446507578
7591561762
4949670
400470269
55778575935
6170454893
-1
10323242621
1997918073
8974396118
12707996817
12635367488
17922899996
1468368
13864182504
17827374310
79948679334
21048206
-1
13673708
2812040508
65652543776
33181057356
558510248
11075343
2676297887
-1
69160374970
2784211819
758369207
12466593997
187141522
45034921699
-1
37634266077
-1
656178851
154293
-1
1075936
4077222514
4396490395
168813979838
814418090
79460849
1974120
-1
-1
37544889876
322902162
6045225539
1372769454
66123843
28913333226
654602519
7417322304
276390686
-1
277222662
60910373
5516660
77273765
22381923621
122243160
27712273533
643594921
3316262724
10543870642
166243921
696566027
4973841077
2034700003
1108653521
541314876
120485632
240991457
1844795281
2079656834
16535656
7491120572
159925496
67645107
3627861094
43670226
5180530969
99097452
233642967
931376298
58246371
1914435667
1966133327
483970
4252630190
16413744
61843446
27465583423
9637212
2157990784
-1
1623096280
29919957466
265037493
77730392
15475532
667100739
12226259
1544738551
729141215
59163879
580496258
133469118
517856945
31626084
29795823
141879
109278522
405254136
9533204341
8217143954
12399307988
235059600
1538502941
17660175
1822948683
279004153
780055914
1619381031
19955449056
1076963471
525391982
-1
8656874644
1486358008
5044570884
-1
927711055
12653221
1402945576
704384277
3867229190
44839497307
1546111
25224060899
8856769
15769139537
164352686
388406718
-1
24716829
996742900
723922622
1126394575
25017357
490883779
1126253928
19657130212
920741296
1380668334
448313
-1
2187185670
209750956
1570614
13884118
234475910
3834117875
24183888002
-1
13534982512
452159447
17415740
202251641
381723
70025434
285948
968404707
17303795
38221444
4147728
44464518
186754914
1707013794
444857
669669197
429367238
80104960472
74941466
421202
-1
166026946043
13770861
48413974
2050292409
48716007
79755267
-1
2403432527
58897203579
389627
9852616
2552981516
1990367
30260041
463734175
134062812
1036608033
59293399
34430004
9143349577
2437098881
3257373
125778768454
41961080
142086571
4090781581
5890548643
25776464
1096197039
598993927
1144614627
39031609331
114249031597
6722514
35583615
60850090123
542579622
951929492
551066462
508059672
12671146
100875529117
5290505958
319178306
336293530
43203446
-1
3863424244
1246267470
15275285
49552379328
724381658
36439848700
723653499
12581503
156104814
58578211
235891
500493135
38509110011
5299484934
1891285795
-1
148819851
31133551
258542117771
1358499467
38803567
89260067
-1
206607031
19404430301
2643587801
16184701741
78671063760
108770042
107792384731
3498200
27360191480
185553
218340342
1156692522
14176097803
1511203401
1139000
18861857
252774957
37302959
78198163186
2350410
4329965
4764139873
143451
223520045
513383898
7119705008
2797084764
124543395
30087877
39141440
55907873
8953762771
43629185
759830092
107192935
1002675534
86379267812
6477054277
38480473857
2005158764
229906427
82507504
251712996
373186
8733621
13918416054
934964525
1288783479
3405925423
95722836
3012241947
463642989
28193170971
28040390
341620433
156185086
1725081707
-1
395189366
42270344
30546727
13589146
21092878
13934671677
317543530
3995009205
775531140
23027428
6953137950
435776903
21781775
107922593
6091604472
49217658661
5567654
10246716014
1510807056
42325242
2286715871
61309178
7423779423
53466542
3856981503
35384137
-1
6689765686
4777771
22967810527
100365143
10293128902
-1
333815137
54593291284
9909705171
2119566514
8154491087
13088048427
917030672
4469201377
3938048263
1173166507
692124322
52375960
2138683574
5547200942
50946
1874498579
1251309
7945377
104909810
4814307779
1076702335
60387123
1495417974
314721940
1304293414
652421052
82251745
73853400
106357799
233165375
8545379033
24494384216
77848641
1069533952
1200109227
170656182
3191222186
795215539
922700544
102955482
1149387561
1086200772
3407012452
8109824
5032850
174068010
3117865085
831938529
51762489
1540377184
33862498
22610226882
673086178
-1
118015368
1375697
226247379
2807621545
199349456
17096303071
-1
583723764
1403230
1441216219
640730978
10907570
7340791
266550125
61388353760
25439896097
1353051463
43314260315
9881192
9111981
29015513
1767707677
-1
-1
2185166
6580089882
4544675308
9894670
172353764
14210674
392693777
16548953641
71816
41428639
5226387681
335889
1893134333
27864141
-1
526900891
87887303
-1
30557893
43784708801
8965295332
552039105
586076975
145446522758
1658610310
2963779903
389684974
10703206628
56099042
9252751089
89010371
72300475
1339315667
-1
158667472
4645274
38444654
-1
6398766428
482642033
38529895
13544424238
10423661
-1
100229901
4915321817
1138995846
217468780653
7680147736
29833594
2594435634
766256990
215165
30712926020
746256505
-1
37522066
29016162529
287162195
35422853
43475687
208167482
1509965085
166100
25132269179
36165093146
1572177885
-1
186663323
109375853
397441187
11378912
298377975
-1
346812542
70242842
22990015
-1
12435315044
28280994609
17163958
163644279
2150598063
32797890805
4195754
4397921101
4179950435
1988431535
1946225579
425541458
2609177
-1
2793521256
179950499
-1
14267944
-1
-1
115090383
1879205459
1896860533
25874494405
473419520
46703944
1048206254
3903581014
1855253483
192634637
509974
1417282892
7989768472
21649732399
42199963
96650120
-1
1443537951
5516728702
1328604406
792317538
23518811
69197513
60375963
374945798
4900337190
269080081
577830730
5198300588
355450
10729896946
4315152
2245310158
314392783
10626019874
143317125
435215
2213436199
101365189
285407646
4005486403
897542130
155392046
1069121481
395452
41879075707
1748075
13188317
28778317
65905347424
-1
1333756389
3114519
12030248891
-1
292245845
1492125528
-1
4253107316
15781187
12273768511
12203132295
41806975
492596023
2760991201
182294893
577135818
86276317
109606
430764772
94563
5605700068
219784273
113334304369
1048610241
9798532287
110770755
28178655145
7980494788
440065368
-1
5576137121
10901856507
3984418
-1
181301
5540374631
-1
1465767590
2492675879
63824147
486647124
13790717
1807544512
3426241955
917878181
65655982
1533533508
3580095834
790458212
1808601
7160867
7026677
4934738833
82588268
30422448
4121589447
20000211853
117019565
7042688510
771810324
10724657
58740251315
2680080640
4372214494
-1
399363411
21536517
15308917
18218511654
347235892
29172437
10276729095
243723388
8686848083
1029300452
