415974
1253
262901
69839
251915
8417
572264
84212
11292
15389
42833
70645
2375701
5571776
26030
208
1218
583
75518
81770
-1
2496
174982
562705
37941
15477
290873
31243
41315
-1
36235
25062
70292
-1
296261
691914
6081
6104
6051266
32155
1638034
-1
902524
88759
29299
3318463
15679
17512
1067
516705
134440
66673
537193
6660
22356
397440
487661
95
492266
1679
442768
5213529
19978
69562
38609
7090
5110
17891
12687
-1
4032449
16622
20595
180208
2661
295884
96
74496
594202
70395
-1
16494
147185
1846338
1813
285066
-1
44226
23690
92704
2143
100332
25455
71413
56879
302488
337652
25323
383502
2223075
