138632310
17754117
203622984
11519006
78967527
37205705
12052172
756384
246155
11266818
156474474
192406691
180627127
97368106
15792885
157640128
421322209
9237556
128217379
19301871
34391592
92975836
245059323
210333450
56771225
488407059
519110973
10911126
39747596
167154638
449024846
20892035
-1
146920358
108717050
90081888
117549231
46905585
32772928
17377174
77155485
178999328
2635823
177294262
307767130
327862004
71508101
183980683
2808653
293316675
420561839
40319260
2217638
315666040
217163913
232507885
3034161
54307863
69426633
147469868
101459549
32866698
152773475
113229838
98315642
29018664
145584217
70754405
422936098
25713675
134332188
119638425
132961820
10974542
63323932
195361660
703995735
442702574
1561480
400878081
1910372
121009229
21031980
47585263
293491171
257891508
661890445
24628381
115057989
270418096
50281238
21490438
627539027
105059260
229886767
93856080
-1
421538403
150133137
50419377
