4445
-1
24636
28245
455
8714581
415627
81972
12153
2675
114827
6074866
31782
83468
239663
3944
1537637
796570
20488
122825
124298
246185
22137
15286
76068
30973
53742
4751
7886
219770
4819
2751
282801
427
342
848
5890
4260
318417
-1
99959
1179
23129376
114393
1254738
143467
47014
-1
284330
38
458461
48828
-1
127010
3297478
607
2021784
495
1884538
1733973
10406057
671047
303621
908
67102
549994
-1
444619
4691704
113553
187921
259397
317
417
6287
365353
61333
238593
11390
854555
23238
1060
27583
-1
154468
81707
65032
-1
11329
212497
1950822
5317
722480
375391
140531
605
1008
586127
211465
1184225
