684664337
-1
1235514174
3402653211
313841678
2229967465
2676518054
2557280205
63165609284
5870212092
1324131811
212224152
163766938
12861594821
3950512443
47004033
66816929314
303040085
-1
1865341
10784126
69910751577
4400530636
4316536831
38517954
-1
559887779
978992724
413983082
376438756
182206352
4826092478
302774121
2978235362
390638154
24207242
7774634
4580516
989607486
-1
9282628
1069019253
2175696708
134217735954
42438545652
2583522545
3101237153
81442795
222523
-1
9139682
14484610
12547
926398844
25344397947
170004309
3565478360
1343883252
4374554
3169573888
2683623
73571642
2140713402
456706050
495109662
26431783366
-1
27712620
6795212
6772725630
2583377596
29450083741
56816322
36305438782
285783978
8169890152
212633059
373876648
9960391879
10324808321
850323564
370238393
1311558824
1368996429
19224100
110462988
14621684446
-1
12400457
1346983627
4974147
116315079
-1
30427
1187167143
217439086
32190829
727353324
118675089
-1
583005756
16284113730
1413643318
570708115
51715958
946226838
5162449105
150726
10621223253
29400841803
1132520506
10252069554
1977543
20518239478
11267919
56957288
76728237748
19057609
1987138240
821975976
19252292222
19471435324
651102018
280711137
1223785843
687707485
986661
1641925302
1957407045
111249056
4681925613
-1
73794318518
535233481
86191
30144194
-1
846296305
827542471
25078938089
46368
6366768277
4084229112
6751170274
121947958
2575811317
11844118
931471306
44932701
10176591
106414911780
2051687620
5238229600
264835881
34942552303
4170468
412809743
21223846676
128460415
229330516
17403777309
71521213
5507318370
27254400753
99719450
1205111820
1097983346
44915830
327208783
-1
64859134
584620159
282823533
92588808
150680626760
405176876
1610586330
21611740373
52147667
98747742
3469646083
2738738291
15008535472
619746987
170931
7648722393
31478723
184761875
187087212
31875269
3431838590
40503967
219868816
12136523
162174601
1183789742
2597951865
42232918842
2032479784
3210095779
5772768
67482356
289900977
1004216262
57721032958
1538278718
4437876514
37259918
16796598139
71594862858
-1
84769444
3322107778
430914826
168404684
2592724
2695787749
33551053
220259794
699337865
397416444
17929582531
3877737768
22622837
2817676488
8735926
4830735386
7234625437
38317631569
28634089
2371937925
1112893292
-1
349217949
708866670
45157697
3028764257
-1
8430562132
838829720
417682084
20896738493
763659732
16393458674
3918628
-1
525680187
443475253
33330700
2399527124
58711134392
20904
13929544913
1785897
206850592310
337169796
-1
23597949106
31188
39593021
521078998
15754375982
-1
197370130
81110196268
1406245811
296111046
933363155
5095084
23356781
-1
687144085
81175023
1216828666
2949297
9883393087
936888080
9299292813
19950897858
7715313
10534110
15913707
36216482
27121014
228546325
6860503915
1237931776
199832086
29352222
5794982427
8440242835
137644597
5035314633
108813838
11268279127
10717468
373461642158
1044454393
19488183237
2077173
1108699
2008334765
5770993322
356792421
8335978982
7210173856
908124518
6671103
27506502
21781392
40511961751
-1
70194534
339709763
1264590711
7749539201
81178814
47842110481
-1
1473203721
10041347607
200070251
24375324
19244129564
-1
49213361
655773153
1969072699
261560563873
55467102
44405859
18717089
56184478
-1
24154667
-1
43107483
533812171
6385045904
4796638373
1454397176
1386758668
603858452
1407137711
857378101
87866
11756210525
429588052
2037974552
383199853
9348747
36188723
-1
533277432
1018118525
4269072
19050664812
1696175428
2213919945
272899799
3334603077
43122331765
18683028079
4239437
7879505
69669852
-1
24365874253
-1
6239948048
133960551
136404465
180694216
18120221
8893951748
3012203057
11872166748
11189385453
64753679
3973216441
36149846
-1
5858190955
3355489586
3642076723
4461975
122459545356
10825284486
1554263539
402119357
1144067243
121507928
5106062835
415781393
1088957812
403411169
71031081
5550271158
5205534564
1877109433
32409727
41759005
517526
114821806543
23760181146
21334222
1033658233
14984859
2911212125
109537497
48362151
6718159760
959167327
2439720318
3353753179
61251680518
926199893
23034612513
4342519676
67637539530
12862841078
81664280366
28394500499
144805866
5441496
20558402612
3105251031
224609087
37473237
187067376
33713876
38195356
245630122
92602845
9841949
125394585
1458652692
344666672
31042090589
3912034702
2919716423
3542149683
77953752
438630616
126049625
41671046
25352244166
9120317
2136966444
1791763739
201212620
4206757246
361771258
1800629268
14995873721
197370703
7778447639
345098972
131471780
14157074466
122742540
1136382810
21001472043
3720186
136598798
1232983286
1375030861
32734152771
628999581
91318939
59307737757
1027518912
560879959
803466895
13166040230
64741279
109179982
-1
947277220
1079964592
1715862469
4686276795
92514534
3826200
216663824
146488134
6906186
848786833
35016954741
343395539
1665143198
20776897
167647008
7052565
138666968
287848
690043935
108369895
90122415
6245967
6916009
-1
82366763
-1
14644942248
16007948534
1783882823
67027723065
305336805
107142835
35055083897
163692
3047318682
2295453356
8016018895
96482504345
338603075
52306851
3215765630
100487955
160098955
3285170699
5887545220
801817174
5108124608
1194756972
30968196
1504675
177717967
1561851455
54344044211
2020980251
-1
359635702
-1
10396679
1686865847
50969676
64106662
5953608
1206503
-1
11503398
48449321
4498696757
88265541
10164853975
4176670
887988105
179625805
2938011737
28847588
201343473
19603092019
5412548039
43698929
-1
146200290
116264882
5199294259
-1
636500319
9136006
7401179
1894289561
16737137
988197170
78105959
3694984350
1632315877
6582256325
201999266
5011870
1745608
30398001
-1
811128776
108322673
49012300
23676234146
975637232
3418557385
317398
3497435240
60878501
899846333
1370073415
481483773
1491604563
1249296537
3245147545
-1
2988441894
7142773303
688872516
52098379290
9850604097
310915
1576425629
63009309
6384248924
1461596
12894903
334565299
220577543
10672425
109872117
78327111
3184244765
22849555626
11746356
322774224
3537181796
4780672311
28297070
30874682
4912426763
46650818
222391105
21028249721
32386373
13244367865
-1
103286180
-1
13715750883
11418132
2964095
12569363977
15511519
119438200
2621572606
29744928639
39249962821
129632516
239208999
131432
1731954433
989702725
544035601
-1
121766702
12080225
26823812
54172150
10189045
1977901872
11040679817
455897712
-1
95179704
39418824506
65861994
14103730624
3522600049
4197363139
20743159601
107062941
2688658051
968968357
168686412
1122274406
361462564
5301597516
304792103
41787850436
1514558
11711950298
602505303
1358771578
320639
222129070
304845184
6906330
1402200364
1230399351
7888297673
4248408331
459436697
25286905010
245085188
1839635485
2987594682
4055744321
612231970
4921074600
75114143548
68022
41235187
771618198
2020603415
442532703
85305039735
547028
12241071
-1
65543938554
4869198
8244345439
-1
62442256
2412818792
26673962
1127043532
3139928358
1306301906
3160419677
24060607
1608505410
2662154816
88666437
-1
20735137984
72262718
13886651
4296363300
72658620727
419000517
24158253779
23963478807
4622501148
161419405
9941102563
93577058
59084364
6080826
146648525
-1
180139145
21479275
68994077
6832609462
433804769
-1
4219284426
2742241
467387
149939023
2879733526
748979907
6185264764
2976077880
1863311886
-1
-1
393119439
3423124535
225123
5345125267
-1
1077688626
152215633550
18141332660
11253712
15344944
84252699896
1026762170
51971968
279283248
108531176
13537495
291556119
53524017
2343315
8441926293
14294486980
1114318110
-1
1194412512
-1
9652861
12819774
72809921
2891045259
68115345
1418480947
3162503
-1
1138717
18717973156
24264670953
96016738
196392931
427534091
109115840
239251
55739
-1
-1
395683021
31470326091
68486678
570798550
928634179
8462069622
171814028
111902669
1856563
778091046
940399725
47306208677
2176908663
7636310495
174439388
170717204
36137200516
1011274343
6152448336
26761740780
93751115
48064638004
4051065653
2851695704
129990307
75439741
12230647599
6211988
3618241
184945037
793143991
406764136
-1
6111403383
-1
2398105267
21222657
463957607
1306004962
109731212
-1
139175826
997946361
4435047894
120560100
9447806616
35169206
130540073
165467556485
419109298
9277853545
3270137989
10833469864
353262552
74386160
94083636
3856157450
312335118
9602032935
6809896114
466462136
7530254104
3163591284
91627534
1450245428
9317451
4990722965
215457123
-1
-1
73632122
12955325
9937298297
1483977659
12981149
221264423
-1
2500417285
2791346960
2985529605
118908476
706033246
10350867
653009352
2485213932
24329939
1711421480
237849339
177292618
101500375
234632394
3102099311
7520542176
631394065
6106711905
232779
124657042
1492791207
87728398
1885711422
24785547
435390702
1759730145
83115394
49584495642
8784861
3269022037
847986588
599507445
1464392823
705547700
186338510
468408507
10814860068
913127684
13081332049
1416265774
7725381
4262636997
2008462400
114818351
12291591
115125624680
384993
143116224
79726128
17788269
717086188
69254495
6568301005
1764342561
212369667
660388
1256428927
18058986
5843948125
10489022458
43767040
47241465759
713025026
2328329285
18977633552
23437021
2173713587
5654340698
-1
231987652
42971114
286380808
2865200
2424176218
75143772119
15392888
11016954
1393016711
-1
17325564371
239668602
21531544
663524393
-1
4289719021
75584131
2607961599
213165669
36173162464
4071287320
134690307
63448960
5620822668
53901827578
48324143
19224101775
8330775602
2049402186
780402736
361185111
247726507
1859445
29245910
19122550
69620651
7611852
119345062
17700052183
788528872
984864207
9050617511
23308426574
125425604
45718256
-1
163056309699
1220240191
-1
1743267
3033095018
1167345614
4028396767
1281615412
132547790
60409
11627873446
9653881597
4916691
592529084
2090166957
229083031
-1
38428307
22864518
3088769
-1
2111677054
8228638
283132771
1223341
1649879
16711654712
-1
15037752543
441121477
2888556
227542772
1332545095
4999005853
21619133478
3424648
217263520
19747388
137902587
2713396311
1225660913
2907752172
4406890046
2310954225
12722812540
129719280842
68534734
1281006572
155996489
2942613936
72925499535
7760777107
10870376499
103712152
2573881
77879316
228543746
29561803716
9847136929
103006642
34889308
70766
72591081
21613198
-1
1507568920
88994914
614245648
4254883
2208494945
660752530
91552
69090220
1970041388
171650450
23695680
3950940415
360746508
37814460597
5206398
11834164749
-1
930871972
697005455
3285201920
-1
478470717
341368576
4764245092
62318412606
54486357849
57650396062
839338458
3818501318
255387973
10200331
1115437298
-1
1409780185
18299217
240013196
194690550
1063479595
1899479
25023987
-1
2962345
14554347627
26660118
53812338
16331687049
9491446
621233962
2065428514
27270109685
-1
22752294690
2535068
97626881
421639995
124373410
34977467
-1
4140271
3824478989
586390971
7984224020
-1
2725016
12774759290
17539582937
114939176
1024998454
1775616456
12569162330
-1
-1
10102375614
846733331
51440802
383709823
36381862242
18856395
202485893
10811948805
21837208580
40349565465
309994733
952913189
187900881
94732526
947520079
62231415
-1
1296101908
763489
10803370088
-1
248494469
3089614788
385228778
59346295
228408296
436125
908625220
60654798604
536910071
-1
1098886
226256994
13280385340
181944
3308898445
2291485159
272117592
11498149640
11596750
37468011218
25173578931
89246079336
-1
1325874816
1271226506
1268404062
-1
11712709
272260569822
5740776040
308922489
6052364384
-1
438213659117
6645011463
827822178
5961088034
10363950
456872014
26925453
8481663773
127283453
827641458
1300459809
65591992
-1
-1
797237999
2856521710
1013608166
1721493006
7722806007
482426940
592324183
45730694
561976967
98003210
2114451808
429031832
8600400628
48544699
19866263
1113023766
175010043
15998761661
2869339093
110360503
1841734365
17435185312
12557732
15809265
2740172
213346343
76522210
51670820740
732334886
7371536841
125039021
5320675
475585504
3308059
2026180927
93276949
78581028
90627132661
2328909344
1844566
637798479
14028029358
3325179385
111351872
383367692
1712768
8156602397
9212789
2049467285
6716733973
3540789685
846240505
75264013
27761550758
1571209
101070929
23501340127
30116540
167721882
26546263
41422921047
2508428501
-1
-1
1114578118
6345035276
5350208
1517154531
18473765
179361908
345042371
35772754089
3587974162
10243072938
57025970377
348529396062
4374018539
334953458
63119
469002
4210458307
77330746
1252702
-1
4851226326
6866245
347810
47202059
3708971620
26863413
76069268
16495673829
-1
14891435405
3159084
1670627
96854256
226967346
4540321892
75739217
620611223
374948363474
-1
110659790
1413995637
915538430
442696381
2458885
5100487739
2305502318
414972
7629931010
2006690043
3264096046
9009971115
2200383296
3300324891
-1
6021780855
-1
61651802386
2386139074
347238058
14903345
366557
1749033834
-1
340754910
110813108
112673261
242095576
89850721
914326740
2405339107
8246976
87076386228
95387408
7822168687
3567661595
1106118337
394995205
108535191
38753937018
8831074344
131057021
30416125
5369094680
19576551721
41698130
105912031
7544972468
115476644754
727971602
169105532
12854064080
3600238675
1320203465
547739188
861202472
21736914804
2893131
227696691
4778932342
216311568
14916614820
4555087
58006361
731106
1392515601
24965949
5536623
23101987117
10696169181
25393103
74408699023
3438742
6305344
1211138969
12325658495
18414463
573593288
5584872
42186775
441559012
-1
-1
24156617
4554550196
-1
2440097183
19104450
185880214
2666762291
36443741
-1
31394206
10849384770
53867980185
-1
40947060256
609494776
30397394
4356019577
287515643
25661698092
1369549759
456355975
2630039
472295489
599594482
61116826
169524424
222755868
1356910954
483366770
8547335431
-1
1332800096
651101055
20409106865
68961087
1184683540
1290598877
33312375
168588563
1196064548
396223276
22212563
42979462
12273487203
1780352185
1430022332
14897512806
2301652
2082529512
15290798370
557316941
14424627
4151656246
5757240478
5022337600
21405130313
1652479229
350519960
14438179221
5711330993
74372095
8175390829
-1
3775225535
1476450723
33250782
17726877696
1070799170
68263298
2748969108
4604757853
17981981
13781615
30641666838
1773311570
4937593
19356052
59598751
1387051671
1071628
21463528
404773666
-1
-1
16963293023
2034529731
75678744721
7819125525
491948135
65677378040
855432089
328472225
62819
-1
31404407
-1
2111237702
1560004434
-1
858250415
304934138
590787869
260847450
-1
115196158436
3730782139
184602437
42683556
8007552096
1580615
-1
486719562
1508588634
86218954
84822722
26332770
962879
1071193
57285956
9749209
874362632
887426195
66905161783
378578329
6679778156
34438431382
1530039259
3057914
209990058
270493115
3118783978
119167722
86870296
638938133
27256887
-1
8406956400
34220896
621197802
2658761754
1487626158
7393931318
37696993535
-1
4928262
1145840377
66345608
15393485
48697132
14135152
11787274157
43026599
399943435
1676391647
1317843
28406498084
2045
311867
8474247603
198759441
7450525164
140079750
661971410
19820983
180073849
1012452235
105880526514
550684
2778582109
5341042926
1036918457
3980437085
5675047454
1765577716
23134476701
4427778739
1006341910
3585491506
1191572632
316187
-1
-1
6121428073
26820500434
89763248
678167359
46687218
5867078549
75426849
5186493
4326613250
3819695364
432631527
2100104676
97877365
19858660151
22500968
4972373
229369696
-1
-1
39465720226
10498543669
6425204963
382565654
109431510
6800234
25366959
1389921986
28290667417
32371609
678035271
2210074818
26992475098
1052691391
61876247
-1
2696350
11742801
18540971521
5818235209
5510453569
468352709
496822692
2922186
149212479
74177
969222
67217682109
1314931326
1687022536
986573607
665086497
1524573668
473437972
759268469
1298564250
35125979779
637052478
-1
13356602
5026021936
683833809
12213168
5078596069
5225974011
419324616
2273582389
15076078737
7223984613
551817784
215142837
32128353095
165856959
15787966914
18337807078
1586251
-1
1571382134
294277004
16895748
11332777289
497609862
-1
45485120
217460695
10016666
3421782548
1959894939
33076081
2577026289
101036918
6126427642
4036226616
69347133922
4530168
9053351407
1630819
1488630938
74875590
-1
58314897
847664028
-1
147575351
435364041
14899673
58205954020
157322307
1214170407
1282169472
628102272
498267
137524240
29866432
8175807747
30690578
64358202
878054707
589804402
11044116
19980922158
878986
995224374
-1
186721001
2024635990
33482666
7122716738
262657529
12919091517
-1
494544078
41511033
278524747
2147766524
10158197766
451118365
12022827807
5115210564
732929315
206171546
131920527
352082470
667941472
2723597113
752691139
6146415592
1884751522
142517
453814147
2726912
-1
465767834
603493260
279239156443
79004443
113811752243
258238244
445084227627
97602967
125185232
12968001906
8600249760
106665056
5363545524
-1
92293568
19614700129
6659612231
535405422
176400559863
3511480
34667276960
136808761
1413241901
7766802429
672365845
59534860558
1615097455
51517
1246620410
17628833186
23977473509
106279840065
682595960
11152046709
13397277348
20514444
7000086211
532285311
366904755
4746754
-1
33218062
464216740
57820002403
12807787
-1
17562481
131435184
2250375737
7162000
805993106
385478050
4257326
83042229795
2598817025
1294538536
46168985
34293363
4270332827
1926676369
571180060
3058784936
181614468
2906182345
19944030
2857504
664568461
330895775
214268521
867085568
595022162
728755651
330724708
24974153
4597970252
4476286
4407355068
-1
671729741
884634718
-1
36201734743
24349187
4376715
425812
203419330
127095736
1982896306
569318521
4160440524
331292927
9017280465
2564225
233602461
2194477502
29595451660
857992639
-1
-1
275895973
18554311
4352942643
265739671
578060574
245467
17224317
8849674
45497308
183603167
17858447633
-1
314911709
48503093
822440846
-1
3669203
709133361
2634856529
6539106230
1629733
9446934948
3561746200
142736671
98893208
2034973305
19013940483
-1
233314297
15259253311
186799206
802947441
766759745
2350062389
8212662897
1998154940
6289542
4655508509
12238852795
4273381
8777098362
1564592974
36164802608
281762440
165184220
7731692
124265187
-1
34531607
444397398
1304386820
239945626
10299323
12021591
13349729517
5614015
24832646
43270087
-1
6908524
-1
-1
100963583
523963681
4839565605
861570222
38003553
14434927
-1
88744899
1649524
3261293024
50210423
50626193
187304146
137804609
1600230174
3244004437
1447470470
4433960974
-1
41489176
202527
1986179
14980614429
58808175
117585987
12823740
10862541808
7372600
16365234759
18557462
35334019
274576483
2377055786
35827812
6432492
49472537096
107173487
-1
10647671036
687471333
83709614
305028645
6340486
404492481
121318242
57348225039
333801417
590322124
20279340180
60148405
-1
6949230
36474874
75460269
37789548
261044028
4056071242
68960231669
11346452618
110608
421758624
198137346
2677658490
77081679
16600410
2431963459
1154021
317721297
187174138820
10757726835
2794356671
11406420
13186248
1865998297
10217549862
1306484
335522904
1161068304
1787901
22491738
11782063
-1
1516076661
460796649
-1
2090745375
527127653
-1
2509071724
435815523
176227163
8624875
-1
176128458
499688171
14389339
5352477550
297381
2203423894
3624995951
26011671751
952383446
2066639792
819017104
8984553600
1340675487
49185228
37375568290
5316257951
480378941
11210530985
429185748
-1
3107798579
-1
4544914663
9056078217
27535960
612341947
1673865
555811449
154369
3391748694
227428317
529561
142138723
12661775525
11223253656
31029369
128773427
9186752
8466674197
26742472603
413808496
139114753
3952075
60560416
3505218952
24904157815
3910943393
5898319
53142021
36758660
42903328
688486113
60060925684
15862879234
29522979
16975883655
-1
1675204330
58934109
138257099
127276804
43205749818
-1
-1
3429826801
1161788178
-1
887368086
5493321575
3585808931
-1
70322083974
5877280346
508332146
4215950568
35889861666
396445
45490154839
882394504
-1
8586265348
1609874067
6597688
266377936
310055899
14810455293
37984646
41450723027
4129161569
48759702
1191454682
20188921
255216943
9417325383
5420947778
242402149
32066302297
6204994858
378387463
356981943
483374113
-1
18207945
11113441
262321173
4676261517
37521101
1587331603
5698516963
2973327362
4615221
1783894690
-1
9762810753
18462160348
29933198
4156396170
-1
-1
50018759
24188988917
3688752
466587574
39261333650
5213725138
9860370
2857914695
2951594463
6271272378
837144702
16638395
2369412
87108082
20191208611
58341619
72961361
76248178379
43298526
-1
7827803
1764911226
1111357125
71852032
1264873531
-1
16641956
1584236157
1269056
1102898802
13645231
585398513
93993315
15832715281
-1
1615166987
1033866994
859762811
2598027
3900819757
28104656
-1
6339611080
13695174488
29639765720
191245368
-1
10803471027
12845060
266841246
349165633
124816586
786801
1923965313
93898896
2678561647
-1
3670313
2897858295
107960897
34402510
70882887
12516570949
962644302
495413145
2739844999
28169857
2783439527
233254127
107425
3595801827
320858123
808049347
52122657
-1
16118762
128511092
301018833
51414540692
1523509
28819482
2438571
27019356
65005541982
18408504751
1153201
6062083281
1803041550
300838375
7125297057
24562421459
56246424028
28384515998
5119645760
2258267491
11391365726
117519624
12422681
358711
7952007150
3281458519
2276591407
37567808
-1
9020370008
76025003340
123235
40523
169761
12972237
287036100
8748571723
2569612919
153382270
13026715161
20353027
466011080
48974161343
15962093113
3829761
-1
1063505242
721996
13139594407
13688001635
4635203
7935009
2954602
412797173
2883243
9838312286
222279750
780563
402995791
2289182001
185231097
3333357725
693804669
100522983
83296756
13428451011
16618295423
28813688944
1745310480
1304153169
56785783
330764295
-1
115334261
14967688
23922150
-1
-1
96602283797
6841284949
2006421764
237914427
63861673710
6623997640
2287940258
9296107239
433574375
11504724685
751187789
-1
23768287
33888216
-1
20592881
47539146620
481413030
3834827
-1
19741576
-1
481939019
623004980
4853355465
9177219
577981374
1825536901
-1
56685
28711556197
3488483904
38855080
4857838
396862207
63722424905
49401839667
879832323
1336302519
5619992558
99651278
30366883
27479022
78308732
60352672094
3432260
15932126867
31444131714
5613875
282742407
218107591
1309386786
-1
61543426744
-1
105201474
49960556
838257918
47664193
1662009
26279
713637154
-1
343497910
-1
544462926
8242340
33899303
8572052586
186832
160749281659
-1
5560219162
4038497
3802856042
19138582028
13281587030
3937674523
936317158
553385084
16576616897
-1
3793266035
1729918579
31831322871
1092792908
22434027517
616194719
2116331
224591526
6309894995
341587368
1578874
-1
11527269686
-1
527228
-1
819981377
12924663801
-1
2211081357
1460913824
3542589511
112099041
5269675133
11165013561
23786864915
1384212170
241238124
2084095374
64154138051
18775342536
9072945
-1
391749299
2114440007
2981226753
80739286434
6579553916
180472057
6705244
2007127663
552578991
95050543
13289779
259631203
4196927
13555195832
501322263
61740597875
2207281377
2264871412
446021124
13304255846
-1
3188733034
30065136
5514727
748785098
235760451
18444302772
82273257
7517064204
112373180794
2647755138
55845292
30033459
894625822
11132202823
81965794
-1
1835201749
173141416
15527194
392950548
-1
331436242
777756449
107297907822
232229736
381268250
3458566
186405442
19879980
876665724
1086125
245916757
18913768389
1045058234
33878775
788145477
88788531462
1407216748
53306262896
16947346
287143108
4514965067
6019576
808577604
2338986017
8671655
424843451
7431944912
657126683
43325540
5069702031
21061791564
976303510
-1
442747158
4969797877
12806695343
107085771
1840712
431031005
6853436005
3589219344
2478737
-1
238010282
-1
68720018
246048015
13673
12829891
40346651351
8838075
85920602
59989520216
41973793
619405442
5944497
19364645
35647975
-1
26029907265
2069211805
3940499854
4758280810
112466657
1365391792
3113500911
99137729
47801146417
999338297
707660660
2492691
4911792812
10124803803
842817584
7749747
4025414357
343645
1181536808
485704449
189347
20084342
17999341
12557014414
-1
896048794
75191159
104893
85262507707
12196442442
1460572750
57833821
78880682
86181563
1103233793
18037849817
3224550163
423202015
383073088
5212031503
8491174859
160763222
2698847008
29249795272
25100335
-1
24259845304
70768414452
3227079382
17627163196
212649488
605618215
157443450
8575884561
1600373
27453425768
1130503121
12643801
262088008
8320872679
13025620540
6286124802
208999075
1203912
7477581
-1
59491281518
43481385
6972820508
22508352
1210023287
1487483845
3546713588
57719529
832759526
291814878470
939070093
2146632080
1854715045
741857353
55246278838
12666703465
282186012
329767022367
31526924
129788948
403884645
570814276
350201377
450442456
32878823
9200108
16261643
18057481329
23215744282
3067966602
55447137
156732221
2812376535
18746611
92279336
28937881
1449352044
167908716
35741396078
1387284925
6714263166
76049038
118221814
27508379424
260845562
28071276995
137853442
25382088197
97433495
4963491108
1987039825
8775789
351492584
10395707317
329551847
25488616
2203152709
46349
5714222896
3855418097
2753181578
3865872
95217
1385386091
1794746357
12576219646
11355821688
49250191
449990665
45760016
28760174465
-1
75796245
293249832
18271094200
471357553
87349094
32492
635171973
6367062830
111108813
161966476221
-1
26455857447
152655215
1190196031
9702709435
1094827
257033635
4389638193
19630454
1926828184
4362884
17689548101
117936
73518552
174092313
117895642694
2178071
29869114
590513437
1204880110
-1
14233393842
-1
25483320389
15103106974
50823495
248773300
-1
1708880502
1035222835
98821114
23196538785
363636841
7745235059
360949378
30955549018
1076115874
23396217360
114290020303
9547628
832982936
29824451308
285666072
3882398317
1355014083
147571333285
2731795
8152837867
15117963
313234
84837652
21127621
29340884313
5211577
58903839
413384021
50865728905
91153463
17797119957
68984936
1843660484
4773221871
532269988
-1
189343110
-1
-1
1922087
36396239537
10972999
9767245456
15448843
5131947800
15018815870
273679652
263304
314138513
13390418
127868340000
9611528989
456135884
447663
20481019
1628842
248511633
28936729724
2099039148
10289650
118099895
8132656196
18499301
18651936502
536711537
158487373
192445625
1939219593
11208830
8106830606
1225454133
396022046
14383392833
13107020
7309679976
105177129438
529228245
16776501
116042600
7240689
116313327
1466072333
-1
11054348134
-1
3148428817
20478416910
1059494984
541516510
381717821
80872660
592096836
16933925036
3272166418
-1
12968736
900894697
5106743765
4705794379
359188018
1487973153
14296576
75827042
482543099
7613385614
2460005042
3620580640
235578679
1983989228
472004491
9257160
860776
325710822
15302826386
3323197705
41840426388
348511068
13734619629
508229272
275885117
7181996
310607565
12262909326
15106653965
686678205
1364088372
192050782
2790773744
133092831783
15417805
2009561845
5103170731
19079259
8497129
-1
699131386
8619702997
391588656
27480498
5114721672
446798365
99122396
23639560
1584178
854174307
1275666215
54829074
273990765
647621433
11400748
1983967866
15575134
70418966126
72040504
1765561452
613534813
1453153903
218945217
652114325
31593659576
138685
43524382738
41268690
103417742
-1
8636233
80970356
2744206
1279905142
10497498324
834127387
2280729
184515332
6120983851
7760856688
2242143121
1593117531
108931515
1266734
399247256
3145942757
5911536
6899575
5684873897
97853391
179719228
-1
31688844950
334145925
12522490162
996772974
139345796850
975775951
29821397
1076663375
666931431
1315000336
1246477695
41813164
1311788862
11350580
51481441
3605178069
1919538512
234258203
382979751
500225181
11148974
940617732
21241841
165235789
143714025
12394682059
955492495
33751325840
83747
8349882496
149101807
6899034516
-1
574907978
20135778
18770225
609002209
5019127
4898103
12782981
1101765051
175528151
8329265
76805284940
18776670371
29811025250
4426540260
-1
627178626
1243842297
17455804795
3848771731
3769897719
3454600502
3144434
35787380949
189703130
11584927239
198673599
10188520
514712156
2265799063
8209587718
2411180231
4936579
51671928
13025869
-1
-1
591083213
-1
-1
1296829
1798441098
10507281583
7325950219
337068
4215239715
5057281565
2856231774
285683450
18777491
9600968291
2494890070
-1
1589245236
11837755
18564536
2005837068
1117611
-1
5257284536
43591469
11375627360
823286
7708247013
3249911743
8588588250
-1
21787584749
28976516
1679839177
369079357
5146670100
15430797976
219655591
19934849
310899354
13756020
2028840
93496406
17868244129
7184848946
45868019
2956514764
4789610144
8839947
-1
706085885
-1
18137677
2955582
1891422693
125752322
681772501
1101025018
42394628
82177550201
2199351765
238457797
2051638
47548938
61663105920
65966574946
27743133
1023780230
215673621
631770928
79678967
923646565
24946859918
2638770
369732240
-1
13721600
11846909
30626217692
22073504898
2501360
232897582
856028358
8548
25656873
1494255
30733851
395790253
2891672194
1695590288
867744868
-1
373230647
345375698
254650746
-1
111600703
1306907029
107908525327
13380302
186989991
1926609550
96955137107
51100153
476788505
14068988039
82764760
6271679981
363234013
289721410
1048779647
5584365070
833939680
318973
28295657
1477958
-1
2054322030
-1
474767
129704000
657596651
2981595617
4778373
9088526375
12531244
15897185
4801211082
153550278
3386575
818396958
1700707741
1389925686
579992006
2413675246
784491749
7453512498
194004413
2298023923
1397629035
13030159
550010001
425040749
70794974
426448
131046924
40466123
5854110534
7141772
7057875226
887775995
780549621
3954805522
1000472216
4798914
36632
74816344991
197689
-1
61574109
4191428017
92951798
-1
1661553
18205133
79726456
9677984
444863060
708366456
608077271
46738012
580880242
6219724
1307746318
10658139456
-1
1525588745
565777394
396940385
3260908357
-1
83733366
405808973
42609101967
-1
109792911
33398462
186863995
1617666
10367919442
77058787
114281373
2101457
2390620040
7072026
60524872027
1860214273
11803512
159006516
551761
4770010834
2572885857
7535099145
-1
107345345
-1
1150464936
84253341
1486027406
1202696448
461952966
5478197325
4325964189
6535742
35918329
35120347171
139153170
505842210
82593
6688491344
-1
1303275202
48626542153
1290103
839836607
2082038860
82861167266
-1
167740
4884808
23384788293
3910283806
23049627732
87697642
349170004
151231485
7886632337
703840885
115833454
3808230064
6299200271
179183368
430368992
312513995
24819091
-1
12252141816
694358964
15820038
-1
176214769
2914426320
356338093
13059581446
1258495147
18946098
249664594
6458135360
10486011186
11166879
15913204176
6524802730
76290846948
10258828
574347121
1291817285
-1
10487804
17557526261
59080012
11618677621
64862690
1367788157
1137460216
8003855464
72231951965
13498890631
5764776077
1329854445
45148595
2405799281
2084409
2537715058
742422577
1428267085
2772106499
165279885
9967681849
9876285665
6161820341
1594395635
3209059682
748641
186257960
17382667
9248672
23454744053
2094183799
37274185014
10659264
211265207745
2413384871
1592454644
2533822728
-1
-1
22503574799
75435074
25228935799
-1
14573999424
11198165
101485090
2178698510
68491582972
2924289202
2426081707
12492956110
120687342
21919843511
2612299845
7674553
276359389
1192481523
236088081
6752829649
892958721
-1
23055880190
1283321028
11175065
670783
394120430
1757048928
61688945
484065066
23140474068
130175889
27633328642
7664581
80917007
6431943580
191026767
15975113693
430640348
6240479202
60461444
5452008687
15726132558
4814410
785666972
52782113
-1
2437076
23613676
391306753
135753098
1429164068
7222870
88363620
1611845896
163625814
1483433872
5512864
160008715
323277826
18048732
-1
2834378626
672934588
21371128687
39332900
7899843808
1323697913
-1
5145135081
533943416
156787991
31912653016
10396467
27635678086
2663903457
2509247543
342106603
5266765
-1
-1
69907515667
1254357509
6509508
41731301
15638583845
3944314513
21131278
192275700
108966036
307616658
1032276261
-1
301533415
57535518685
21004944
108758899
1057141374
46058301
1091364576
672065751
987332312
6349576961
9207438846
-1
57804517706
290835324
61850571
8726251565
-1
1222879373
3585586357
14710148233
248802468
311787
6136319475
138470066
846212174
8600058256
2144294147
117631236
8153238124
60479
5538978935
8349688
459083973
1242650
73303041
18083028105
139364036
1686221178
-1
28276614670
5107942094
483441431
1435859934
915757869
654364
-1
3342827613
78407764
44119379286
18823681339
2235361280
-1
4489316383
56274132
504789733
210739918
-1
370442630
275901432
1389236771
-1
492642943
963711917
4132475929
8406289769
-1
18603893666
3279271
15185276
10959227543
70403241
330088506
28071059
8974533532
715283739
208492037
59890930
21771240130
9227697
2090108
357656543
-1
-1
51370159
94202379
40586362
433392757
99017533
21151591027
27133901
159983812
13324549
26543454
4740809
68691
1789933703
3075161
2525081766
1478900929
637803801
14184050037
6440485750
67666587
51068857
1671581012
5376850148
11317405694
200687015
13744575855
71
425410
1850963807
7216147
565091884
6048020079
645944512
549318347
17916648
-1
4057689005
74375299
903927995
9538447
13286537
61775575393
247053
217342
93989995
16354703
14179497382
19927718931
318462404
12812177813
139221269
1229621603
514977310
83094
1490034
1128758197
7342730
2284222932
21900516
119334805201
1103906797
4218895835
1758669565
181952292
-1
1361024441
57845180
11280135615
1635176982
24935497
564686348
715275910
623860791
151582380546
41880464691
3196896218
373746038
287770429
688764115
2915017738
422408
29154971
293861
64184166
7616745
4091458
10469647
-1
26026112
35219200
98613
538466431
873088611
21577772150
1720799525
256424825
709691567
47943948
166012768
128346897
1146614692
10870016107
6173875
3459814675
159509274
220607252
45162036361
13573937
1056686412
48857348
445208119
169820
2628415
9813491207
235191
9330164638
2853486424
147568218329
234237885
205449070
1510595165
54489008013
356336
-1
15038294
-1
2989374711
854728195
14572305538
1254835267
11293298063
41073799804
2008426341
211741320072
32013854
137112930
24589736329
198216249
379919491
2362059372
4932794
13252410411
573402050
622543534
4297578411
337874
1167665003
14137614629
-1
15162282465
-1
352917969
1470191807
9470859
9822247003
2629548390
-1
135681604
2986792583
8662795030
532841988
90730625
49814607990
274089649
2433707518
86807341
2537780
594816480
6387573958
45133486
18961628
416845471
171720710
1159326060
90802026
8884840
1052202319
80525912705
112180064
151504939
143693639
7649692779
1044861462
-1
1088397252
9293569398
7727673
23188171
246655183
9365910
317726703
349101659
36791065420
716231
60630617090
77524903
1680033273
1123733442
-1
-1
813260959
105564106
8310312517
1167333
23154115
110930077
127998182119
139775436
558030952
1277019022
1196493
-1
1117506393
4844699342
1704477375
27944041687
4335592992
837106540
38215750
536221128
298523057
13857485595
12384489452
79941565
304660569
5040932607
1388889
53974528
20371427
110776414
532196298
20975265967
70467839726
1388790465
25451048551
5937409108
28377451
232742883
27132009
95943327319
3042215599
93877378
7503604228
13134820
1526248684
20229094
653197697
176451
627610312
20832668311
100057972
64088810
36640190830
15151853
26437418465
2435809353
779653935
660603171
14161945816
54256316
22938476116
146046912
48146261588
192313486
153014
50441941
6413499019
71855754
136888716
1511395796
2816427298
55557136241
788401625
23839582
89873741
150885
1546843560
263459763
4881889
83915037
98829625
4790737900
104316263
3827335885
21149298
103901031
1204588827
1186504130
-1
720604
3869214822
125255615810
101492513
2234357175
25902183
480689364
87646136
961560350
178213616
-1
7626256345
1297256913
307426910
14215976
1175385916
10386126
1045010039
15764174574
-1
430140597
4887644612
5704335290
1031781726
30519487
6050047897
23703156039
140733432
18103075
116297752
17171295499
753922171
1170043079
-1
1911395175
70695625
2952455
68635321
9987909453
26944
144739993
36930983107
613356
1321206
824862139
1982209
-1
1915403823
857173785
60838607
17609027958
-1
-1
2547720609
332511391
3467725
3600699943
35036561418
9215774929
8418395543
553209939
298515823
1556125862
4059768325
7096253
949276289
54983176228
1044959838
47053964
459797
377965644
72731075
338430598
7546897
-1
16538105923
21463446
-1
946368720
835881152
57452385
2791175363
3367205153
85845269
127537366
225155090
6811665554
2689209979
5165803556
708774221
34493714815
648438981
1644582385
4948436362
72249
1500092227
-1
3426871808
1659486173
1419581129
18954756203
1562060077
3388725223
557197667
568032370
18827899
419462397
-1
11984942
101046700
318636462
2874126
7377082627
21139287589
4474518208
2931755
41785320
31293730
45012961
-1
5194135
11130769971
1939980523
547825294
4221468407
5977500470
1102094854
13542092672
98618888
772463488
16883286
1137373570
53502782
321056209
19465669
1484303805
44466445
2290179441
239923051
385312956
1084560807
9162998
4094458729
53025866181
769391470
12162096
29323760515
1677950501
67456315
56435891
82775396
3451311
984480308
3915072548
13407246
735819034
7654465896
7301563688
244661005
14647221596
79139006
7472925464
-1
108840644
10178032416
12364257383
42498156
323096314
-1
166766197
-1
494304680
656191781
28143215524
15878205
-1
603988970
1212826677
2564726832
17346858
21117255566
70666687
3327604118
352953853
580840098
23840377
108837737
137160566
49559927496
41989349
9503445
1982907376
12840028648
9134046
14627976271
639624976
13073025392
899056336
114600740
3846235401
26335926
89858699
95759121
315125985
891682
106107829
28939592400
486156292
185966267
32260282792
48078179524
4586282213
-1
189280576
26223225469
709337610
17011886951
-1
214947416
73060877
3302759588
417026826
1927653103
55314831
545028040
36383897116
56297408
45564030
57772180214
1855578043
125331010
154203538
550335769
75502683
5680929816
4945634
608098
7438037479
115530020
33108481
1533421359
278439589
2695261050
-1
1469474655
15983300
263839633
38606966
2194257622
32261342768
6128976
5273555670
18036818249
1601039156
4541952860
49157807
80770011
2726760
1946461799
9917088363
54136352943
200286738
49907617
111777906
2486344020
87600361
1800119711
75122551
954666608
4122746653
7054076982
29381068
18817973
78098583
1845728312
-1
11159106171
110872880
14388119682
6390725
1658026442
64579715
1751248556
1022993
72898955
18866367281
1413698
56193013688
44790941
462683258
449937156
1783860911
208348145
-1
26165205
13031527
12745351
31960
1015769268
3247521591
1058940678
111618954
4247232484
215973121
14775064510
682409145
2535468743
420298491
391756984
116830089578
567196261
2206361
8004090548
11244410
-1
579472627
4023453149
1891464279
-1
1698500623
151438562
53832997
1579122510
63918455942
1956520830
6514984689
823591409
309919573
6875863975
67864514
1443127205
769126742
2406291413
153236510
2409412
111293362228
843127418
8168248
-1
19998455229
8832266641
8856364
11221638175
-1
6129522249
13328851124
9489150340
14049056
402872816
7890521209
87458784434
92419154
5181144
3011966667
744507659
5450723
26600562055
7421437
362741294
-1
24252930297
634652666
2075160279
8205194465
520269396
2061975652
51124279685
519541005
51343127
157409731
1089860352
38266396
1605993995
20476841497
34726149
21057373908
643248348
10076369796
165093896
140524074
8307186
6500678401
553530019
996063847
254609868
-1
59637220780
29751454
882490133
-1
3342290562
13957726790
91413402
456714
270630369
141837563
332247883
2437372
5769839298
15911920534
30085963
32013244776
170820074
27786162
15248683
-1
27209150639
27440536
11559237
154261968
543004689
441893188
8133648472
358429827
1468822
51222215
414459140
3993598063
758643974
876617171
36668628
380743137
887447489
646040817
142127239
-1
1881102826
373183126
1550301132
3976919592
91754126
47631906
46527620
1526331277
42868645237
9062784109
2120465802
2398788
7226314825
18333266367
2349751993
13099674596
11335677
1026560098
15415097
18304850331
16344678
263487580
59671203
2260207711
757816523
12074703656
22280974
16531552
14596667672
85225467365
3043047546
1538732333
2032546087
592701218
4988185
73499001
3414336581
31346916
5442812
571398054
10165540715
797859270
9323466985
-1
4716180186
12835645291
9362111158
1027031070
999249
7295152712
17478537726
891548820
2336120516
16005701888
5982996264
718113899
-1
1015736824
205504692
220283248
144961018
13947109881
1462221866
-1
-1
527217415
55800444
191039449
331181786
15987299740
3638729202
3247004658
128389336
2669334299
-1
322031658
11061588
18759039040
1391128150
9841001512
14341699
1610154
555528684
86285547
101067981156
407859170
175511511
100676341
682679594
507843253
-1
785526413
398410456
43023430763
34949435520
107356876
10974018093
1554774306
787391182
161932093
453494506
8318704
-1
9232898
47947608784
-1
3241569685
-1
19684880667
30515585
30637590
3507666408
8528772112
2749623
1116276883
6325615350
-1
-1
13988491004
17708202
34036196
8012639204
3592748515
21167101234
21313822637
20243798465
8462347
2454076929
399636960
978997977
196963995
-1
491857388
34272783714
1542169758
104079813
212122104
722822438
43732027
17847421209
5247155
157335714
56899565727
1323718080
18755914818
3295855610
327111215
390598004
3093126238
24590987
-1
2372015677
-1
12126033
11567895272
514186649
61358436524
11974198876
2284402488
5212483189
99820775
604840078
63378307675
26125725292
17538506
329760594
57152340229
12203049534
708422538
347079196
970842353
328667181
445187628
69630075197
85799045
216801130197
451159800
84574521
-1
42856605551
1457974535
5860291
69734554465
16140157129
6619693
3977524198
55846682
26135565687
247162389
242836136
1401925927
9199340352
-1
357604595
4967836
11513017
339534393
2156178518
48894369
42204204
18938465531
166841287
873122115
73683008
3033953
9180289468
10986667527
1405150989
2813145712
361507626
-1
33783369
902965586
19458031564
871612156
4086412
5773316
51349058
32443865
255886692
-1
2920848026
6009030859
78831716
167923646
5209376514
1748485486
88953647253
3371104641
285484385
30044266
44753611
23323067
209409106
27097952
9501594156
138200043736
45670849
1741458212
411472982
38725046895
1435745664
4541601168
-1
10979612701
5188787748
-1
-1
1067167141
556673204
31788811164
1348074867
-1
3295499114
6589555
15946374
422848710
246190308
-1
32074294091
24326223702
170946
3057786855
3467602090
118529254258
2080215
10527893
61949482460
88972649
1719930
631524191
165031752
29494553
1284506137
-1
23851143434
224938517
612398658
1434361218
5303274
-1
8015019
4417455774
23218736504
-1
75127202
85808763
31844158951
61230070682
26342628
431234171
-1
86373456
83635288024
52143449
23960388
52908725
978886778
2343240616
229978929
285706459
-1
-1
18757526
-1
5320308
4440383
17117128
51733510
138251770
10037686
22350668
-1
30100729544
1183760833
9427900170
94634718
1095098630
339044354
48246577
3870937
7995080
176359501
4788640406
2807267289
106430
527785619552
21311409
-1
8280438884
1276264234
154850925155
81377718
147952517
871426096
93019387539
112205422
638848936
1809156
315888091
196046350
363750
84291240
473905
31358125
24244387
282586267
51447006791
9860398
204732225
450701227
20206523243
34114109
-1
561431
-1
10507480194
20565602535
2495147011
3071282355
164613853
3806152
438223407
80876105
7454555340
1910636631
88796640
-1
-1
1799603366
133918677
1741664
215689983
7292424496
541321280
6004658
5875323967
6621369612
6750541565
411652
300880407
471981799
3668960093
13449978
79939275
22367549424
912216096
-1
14686182352
3214667170
875465010
14188473105
8091429
642483279
24820901027
294909554
1359936484
3566224
6517304
44887057
44975772
74991
812917001
8465149
1053620382
11218954261
1255904343
5663736228
5119745883
788693421
827388014
10953513
2382539895
595380632
317434787
3672166894
23611739295
9532294
15876869107
688401374
1986323369
160086342351
-1
6775749323
16277843176
71069633689
33723659
4436831331
116024424
64120619
196816919
30190870171
972885066
2986065168
52301088
606856436
3657670241
19280730653
2715450966
814717058
1318533
43105256248
-1
12631616
870045505
5534778320
6406201375
12656919
7502605
56832
17112240055
1099498
88693623841
3661900565
747491500
918609289
90715571
34980742
18574726525
40593292
-1
318161410
2611437708
171077047
565321045
434342463197
10066169
929996917
39339729
1532555625
1363467750
101964833
4611028954
342182332
10390001
5222668911
862716378
2938396837
37621774
63910332
44685536045
17327446
53056445102
427264991
12406354760
65680710
3408127
775002182
182417949
12908432283
290018210
4426593
48037381
33655968
89566835
4620321716
100861778
39628971
22094553
12678266656
585519546
-1
2111417729
1494547
112956404
100536684755
229806319
33539491435
10269628
25953409639
10413053640
43570611
7544079541
-1
563522476
836289879
107553146376
22742239
49083813
182568647
-1
856617135
17811924
3868999415
4985518095
15767788452
-1
5363185966
6118529966
55390629
1262574605
58892968
202871799
670937944
2627189
323448752
2386345872
7967321
900690937
30957854
11116353583
1076268040
193516045
4048002184
1550437283
204776047
926968738
12731157151
14290441542
4754198
-1
939103575
51631041610
918027565
43166631
1670307709
47937493
9999745982
1528080221
15798130946
3625523702
1626325140
-1
1760989606
350610343
3092662
16269040
1982594
1515724
1848013
997951593
1903831
447309169
25311195670
51772332
27339175
804045790
25284576178
678358
17018680526
170877097
3777308
21728664859
3393743803
2120829434
365527200
664490336
577587474
521260168
2295210713
966888771
1101565577
85510410
2142958
263707890
1543759733
72456437
44476994
182938149
1340796736
328348736
23346872887
10833367592
1595406516
1725396
9459340976
6486536833
96762455
1396119463
793750
60702199
-1
-1
11491309754
4262761181
1525717532
170901679086
59831572
16108348551
-1
6945053900
90377654
18744300369
11736324
12272470
559976715
-1
3759028648
63637420
9436451101
27253870954
273904757
25153019
69912939486
28475868
271130193
334316695
90423193012
135303789
864944
15177052268
142023183
10844796900
1404879346
2072506339
3382009717
5021711610
25304381
7813567199
-1
130545469
90949099
7734984786
2197833891
84162799
37462151419
3355797429
9584220445
117746009
958872869
691187657
3013818303
5236796588
7836888303
121098427
7060802638
8015828672
1420749496
23802912449
37098146
11774594839
27527149360
846881967
2359274327
492380628
26345526
40745761
254958592
-1
515685764
423678
1807954899
628740601
549831884
56667958899
457153
19632386368
954171079
2680799561
3181599052
166847159
-1
14196365975
1774251
88924252
113968
1473999061
715821946
229109498
598797990
185217226
16638403357
40721295751
21197180
150733495898
302192626
39633689634
116048418
1281297228
309946984
130264795
30998128
1297646869
835942594
1517670
931977371
17631955428
630396975
4213500221
231398460215
777278151
11804597208
33966358
12442695078
26572741
143091411804
148129127
-1
172798711
99470595
1610660533
-1
80274
760306013
6599629340
32896859867
391011131
5228996464
3652966692
-1
3984087
1065032
59045522
10693472125
1036112459
825963273
686093479
15452284543
414739785
10643031260
4659988060
589286734
136649359
748972091
1932624631
378811496
2927443464
307675418
36111174
11250332588
79934957
660084170
7223289
34582509426
1577279826
44820204
3797056
7778621
341899153
-1
2425569106
-1
-1
76583286
-1
14406928
3267961249
1667542473
2099695773
1783968781
67298791
-1
1439393366
-1
2359343
6936895004
158865
-1
21582293477
42710200
438333682
6407586
88227834
8066529
112038
1828053222
1186827474
1545995536
153835890575
12989646778
10549217705
1806716
27207606168
340283266
16014824
17997852200
112042666
387309159
242074
83211292219
768071944
42513082133
24215383579
12822467
23119203052
1920252284
-1
9503330046
1879436149
82068302
-1
2876834967
985915353
128639009626
162352193
349751601836
1255742890
271650017
314860230361
14032960697
-1
278811614
59552558
124256221
27681715
2456111129
4874774
9566592
3943830677
10261357
7411175433
10915940
24847562527
3390069934
42557571
795200998
144671613
65651355
-1
2995951722
4133308668
6822021725
1043355618
4224919951
-1
3073024058
105220635
1166276928
359619
3158832
3434659534
4742206
1583825031
420653186
1092965030
292692593
-1
744389914
4620711540
2698813
232940419
88275175866
24831690249
2169602852
2275983111
117043879
454687
452435236
237037458
507434
8418516
1732924227
129466987233
1336608816
1456102016
21348483
309620921
477457674
517650
39009603
31427955456
2094453
2091459438
1790451
51830
530676738
1268041137
919241611
2079367
93243
596682804
1023619503
8069650922
290354
14005409920
2782332913
5340298993
51616577651
459786673
45388472
239858
250153371
2744726
1539466306
411190388
-1
176497259
1744882028
2406695
2014773839
524089306
46620842
7704338
20465115040
-1
54355501
386329564
6400769069
1776181265
10390760192
-1
8012216
2029200374
1907335889
1668213
10058785
4547252154
103927244
168299
1094912
1759867
8125236
623228042
875727939
22404192721
3472091396
694106
112513382
45368812
138601519
95769811
3824724687
7085350164
20918954318
-1
49739490
549710661
-1
36610822
6437515885
2778303260
6642500235
21639652
8711864369
4490364
-1
17358076
14360103
254855265
948072778
795149673
1337980855
399851288
19595800958
6132289
26546552
49579447
87811926
7379517
2976459910
407291
12660569
415673563
422114581
7805648
23397369
166674496
14389817223
-1
13164575993
2035233675
9858470
209131062
4102427535
29981037136
234664
26188905
997247140
850401307
684240503
4522101492
144934568
6360236546
2397049023
55877354801
2826703
828439757
14006689214
66211904
53778318856
444681824
2590038566
19002821595
-1
401195335
1842437047
1360422544
23107142
65229574
34294315
3656664284
126441137776
126754403
22914861
1097079946
481486445
72313367
15257182
13561135060
128402545
11930856
-1
1470795662
-1
987851424
8361273097
1107232725
21723781182
667896632
24383963131
4765293296
7873029
240746
1445545995
6743095231
353127128
173540347
1926435
60339299
-1
5410428554
5154186411
3201199172
44634751
4915093
1534103873
16453605478
3500704
1025968
365073040
28069912
75445638
176878755
121480972
13268645838
51291729410
4328032059
-1
5325482767
48029979
223358196
161288682
373590586
15785100754
881473781
1927779625
40694823
224072178
919406751
37922507631
3649199994
40110305
14516571787
67738633876
1124120580
3323297846
46722448153
79144215433
22309570
2902472
855749550
-1
45512741284
291287824
-1
4708035228
232498344
8012950164
6056689316
1941090044
421732
196126646
7029408280
19833897205
3077646600
6466183971
136333819
31068659889
33333390958
-1
373642685
1513322838
10504728
33899755044
63140151256
12563870
355633851
84193534
34604728
623181037
1944134078
57071227670
11097067782
134224119
28615379051
10689234341
-1
233533486
817057151
3156427
2198708534
104905990247
2063805998
13893581184
452799017
459817847
740120136
991327389
4672525
4774984845
190639553
1630599974
121480635
3897840421
48616031
306738647
4757858793
38389810
5333646578
-1
1899654976
29628642
288668285
8178885
19192913785
5639278287
22001495
1229359721
4878498166
186698464
1949442
3215251964
19649943456
4388643
2423477224
259101625
62856831024
3690574702
5427333637
181945879
94794322766
111080145
3020188144
405458727
10364503139
2918894246
4174032653
687594601
2537366553
1135596899
42623709897
-1
195068637
393648810
5162919923
2714191727
11797425
14533753549
706555321
5854835959
1820128459
328364555
1301068325
483449127
9525388475
239913055
708019106
292488421
44436228
73661471
365839169
2132744546
421136694
616366632
44058215
8885654995
46801409
703405675
8546444888
2361896495
7300307587
1495663482
359993800
1684122
28101677
24174743
278338483
17229660188
7987290
260127321
2053819159
668345
45124360
-1
320326745
1394892041
1900740967
16709211443
44042252
-1
99892760
1558473463
871584555
487259508
100516164
9918887434
7421149015
706466717
403052
177555310
2503912491
961076
738404083
23830547
-1
151205
449586756
38145142
4924092706
41703665
72263307
7209528862
79390784
181065728
13054654
45168238
25331193109
1270172081
11331796
1372299276
14096824
581700461
1261941
786695
51607199
1529236902
42809420439
3644247140
-1
23944564
339343478
440817620
1823852258
29164459
423133974
569903788
16888797415
975986630
41782844734
1838676220
2473056381
34989919
2073579256
156379939
-1
5138675773
86975216
320622441
10264803505
18237744
136138997
8264544014
299758599
71241429303
12791124
59458669
11790502
62587741
21739863
105189769477
127398788302
13538148
2371446968
1153200005
256252375
9162692510
141141380
20603138
197928621
1020863
23438520
1713730
4239277895
4637582483
-1
15483896267
39668899
875914101
10213258242
466755093
1398595059
99006349
72531130802
49176101
-1
92313893716
4229646489
3130810
3215636257
5856873643
-1
6916960115
27444735
29257649
13745810759
34025998
6903286
56814415184
9730479
1311293629
464533216
136241805
32286280
8611635123
-1
2024633
172759943
127157110
124747329
27746024
148965820
-1
3955984128
18058864
21096651056
69222119
82479034
37054358
129110722
57535746752
1144176940
944208966
221406400
-1
35916399
8949288707
1454098
41572377
1782847871
6979982607
14349516053
27299943337
10114459
38625377
510653
1160692
387752691
13392903716
177467225
13541660
2224739
-1
12352955
14664766991
10983181981
12145953
351197348
3692227638
214002479
61423342
10455393735
992119129
407444
-1
14382699985
-1
73233572
78158690
-1
1310186574
1449481886
155936857262
308838802
120136167
411288509
266880938
206661112
22281595
1708338768
82571012050
75166696
321255490
-1
863147307
85627980
1404147218
3345372784
2093982125
348900809
6257820167
812034839
1568041339
48970664
4628654392
1423583993
262115655
216518689658
6250305
119419155
628592386
51108477
700975641
561966803
996843961
167340035
20302644785
-1
643727294
14951544228
53101847
29032816499
3963755
51172519
-1
57669201
8661145001
899859449
1206925
2706649837
-1
28472680
11934353646
119222850
-1
51200200700
-1
2153805282
58669929
44574014
-1
210810413815
42085141127
27809502524
916573582
9025830
773167085
145056632
2569759735
64989248795
32476851
1475451083
-1
4577338248
9258229334
16632315146
23280535
1622252110
2167293635
20282996576
3888599727
393098116
9633589992
32019458
2271570724
1191104858
17969852670
2077139253
532483398
392393368
3381695624
95161611
106796346
79760959
6071978896
7191359954
1069929
2437619898
1871703
9581878390
1599549517
29913909
25491833
2879244511
93117353
2739511536
3070491224
157805580
11233
4069657153
32644127988
70787206
286089667
898052813
2018018612
-1
-1
1539854
2044767274
3442068070
553592050
443284184
2020632592
112818874
1532676699
2732073571
4774592322
2682487730
860378425
12379979
278908854
5256552
157415727
7849096969
15067057079
386226842
2870446155
34173299
1320850144
704338256
-1
6175872419
10623572044
40091638
1451706915
92513319
611364366
10576452796
399132415
7365874699
1054580576
-1
139396277
1377659
27128766700
55110098
5524917
46745128900
2680885749
13688617
193670245
7726891767
9837058882
23657832
103895797978
1039564311
23294489626
356672793
145004488
40509183
1731196
56909598982
922599449
7822051750
-1
181741316
1165871363
-1
43237553100
424434203
-1
3785082205
-1
108308344232
332671941
40131953
1088569
6958880
200700181
33227220925
1374531646
27609267
4486919818
123597133765
-1
970131026
18227942544
148950446
11647177773
49566477844
476533527
353520073
1486945710
6826291
67636254
75932754
262395
-1
-1
111069348
42056364
125597509
2751318810
8826195186
1319344960
678922808
17076769
284666317
4011352238
2098367102
88164410293
130337
148048596
3091806
3997423
-1
46721625390
835763565
49371848
243827390
43791532
2170720
3181553439
121567668
14153250
759237660
98372929974
1938790
57861129
11783129973
28234200808
5705445821
-1
202124313
506207242
-1
2958269282
4990547
-1
18422682
2121198163
41342259415
2228099
265891242
1368003684
4664611
6956010433
186769524
1099926604
64161548004
32768137065
12528289
309026356
2296487859
1425529515
17704178485
-1
1415774638
21133176
7528501
665343
43316970
33232915638
10753631113
36171556831
163821
2751997
18152708484
38922259
1437565463
981597874
20000010410
410341626
-1
157740
159097391
1556808866
394969732
23030147878
87297211
494979191
14726539084
6756106
218159930
9241134
12024996
222297
39313594291
495939077
270248
3484190326
-1
7927797
1037716033
217848115
40299736
758364
179762944
1275771
4583333353
72625693
2171143689
1828191660
53467646
764583886
11168063
41748278
461624498
431735963
95119507
70528894
35053583
8391184943
164042803
40176976738
52959250364
3451484803
1636052
8485686
27692257
3827390
17346510185
96556408
697740
22236078
81307612
31888673
58965973
12941222048
15865463
432351153
6357921434
2784502766
953951283
9593227
2592250
1881621277
2662320001
-1
250107395095
8355756
392684288
28854014944
4429912515
1386897702
7717640809
1421371
7241421755
41807028
432544570
329704203
-1
188056155
87166862499
9002506
75999
299053859
6145256865
40343528
19985457
242685465
9094095842
19626898
110971713
4564292590
3845270544
6270189039
205702901
8619053335
271700985
168236706
10364406302
153364031
817006701
1700915
444685970
2380539
4357003976
440950347
5930559563
1326714671
7310883028
46092888
172767528
12818232
1851642814
43582734
16854194
1980694185
59981095
1086298198
8030447
7382246
66786378
-1
-1
23017283
11158992
378957218
493809723
336317726
50657458237
7027839
49261126
181711460
5763342616
21313758
96072480
60311496260
21372332
211378361
832708168
407252664
16803069364
55510364
185377929
14933434724
154489797
290139069691
4234973
13611206577
484744138
1049094717
8684742
666074657
19633232
3520860050
6579846
297509498
1305157660
13291557
3395773832
10036222
543861947
5857080201
1905611
6788787722
94041036
5082955917
4018806946
103214784
18480472
1622336824
79782625
923830067
62366225
56278418
68029641
1379550359
5151981658
916823
6164369123
559568239
7099122
200968162
158293970
529776509
174577240
227776
31455104
316648853
3492748055
5500761423
561715700
1474207029
38393726
1019436
460328874
-1
42538474
11168988
226025758
1222963153
333375284
10233922980
25694018
2063508064
184243627
387959320
-1
-1
-1
4264018
37727250
3182667836
-1
8465938
53148754256
68705899
3041673
31755208190
31543
315250135
686952621
242629
-1
208495135
4448169424
15738253646
792438716
4027221182
19993138
50155681
8103957516
91630610
52123
31636357464
37108682
308314281
1754427980
84405317328
198782255
607871987
-1
-1
8807182321
47903218
5226437808
46030305252
8420498962
2258251113
27506232
68319419
207160055
1622379737
322505
134601932
809056043
1962784119
241057236
12539614
19610103
33663938
22657883637
456197976
113652004
219749600
1165914817
1929865013
-1
940504451
1977593
6225034462
2258503910
2070971557
6870574250
2035596835
38304163
54648099
119180236
-1
19191550
9096063674
2766039
3145444199
-1
-1
455078000
3973002632
1630421291
1405188743
16619123
3272529
1314832194
2161441985
1793174544
264434201
475485037
15003377
285283931
64654124
27985358
390393562
27445301726
228667363
1321245259
15011786432
133930
127371916
1203139888
1647638
19664768
21343976
15459334
761610985
40274681
1133301224
4439204637
3686535297
446043808
416290822
28041715
786502965
1109308347
158747520
3106176379
31467411895
10782153469
40564627599
-1
18542475445
24299174037
11778322848
359738843
11582730447
2507165885
971785009
2818019641
965291036
3654052247
456003
84181995
2718641
23996745
364703883
5242977179
-1
2232955102
88087034
310410788
-1
95969245
98230
1597080175
15876337623
2096445321
33839187
1884952
186589080
9136019
65842855
2664660744
-1
645698107
-1
4125553916
3649606
494722
313533319
12181278426
16039676340
31099638578
2246035115
1765487104
159786432
15541396276
9834507
2959327589
7135448345
9203459203
535566318
9543689
-1
31869630
-1
7473530
36488343803
151871338
252893317
87037
28576679
781901137
4311185
951223074
-1
4878164
211888459
5695076960
396299306
138317
6081805856
9246880
84695
240932540
724381748
441359707
35359868539
369264727
31151809111
18327647
379213970
956806269
4194726408
2331958060
7649843143
15434230653
1129540635
5161929844
180314395
8706147213
-1
-1
22840959
-1
969085883
552563926
23940155
6088463939
8554453
2499111
1552279188
877094222
139225666
538130
81907622
1550156494
-1
23984670691
1005519267
62670108
1178294906
17511583572
11040492779
9661284
28110452
94416836
1803766678
592267246
25306916833
5123798
5371798564
203583848
5157007201
714366692
1505167876
19781717726
1967136
2686318889
10476479220
1994956
74130704734
878278208
-1
-1
23876335900
4031631033
4099144223
1990403328
2767044
32076465550
1711588
5044303647
61751421382
328683
162183088
-1
15039757
869213109
6227268259
27910079
135069805202
10370620
221857
119192383
338953
1613058
31571796356
395885
-1
67422815
1350775575
602033
5247602424
16354788293
-1
3049370616
13935501730
10288088234
87749047
1051827836
2178456724
407483545
2026147
448001648
3263023805
1663324792
-1
14561947740
66520915
4204821
1335410430
523523299
70311355
189046651
8086849
491841556
49953695
-1
68477678
306412727
7925452
2174446298
31425942
31445645
410566488
4068479890
15085879
60216484
578167356
1144401634
16152805099
581807987
179524326
78211536
30778148245
643434607
29157082
13347447
82751756534
366408433
129569312
106028328
2780975157
78303892
9444647321
134941912
59200252695
10085504296
532775668
59222996782
73169559
81270237
33851201775
222775650
953606
553488974
81864164
12608772496
580836499
116370653
67992312
-1
778244652
235457405
100591541
27446343881
1889808954
114980138
22087497774
6686264669
5602702759
4562463
403468399
9983496
-1
79990699
345641443
-1
21923149
87863870
42484977231
1001153312
-1
26916500
2559576441
1755186715
4181229314
-1
18712519
664244189
34161026575
3266872919
309183498
8241778
1306204029
89186253
590264509
456499338
20379116
8647696
-1
156150
126073504
9844876055
809461696
33328935
221199689
19786629514
4940512870
100390109
10541745939
49889919
3954058486
4191502298
542888043
234840
10803561
23813423524
7998541887
31133931
1889571525
145135686
4614847752
6816952988
139216349
26485023
10944536
100951500
42059714386
10597937371
623751429
370451528
8251791491
15856851
70152855
66633157
31000733865
-1
9038755
39918515
135138332
8199181828
22242317
10154955
5080075434
66850233
489590151
44344459570
65393091375
30643516
68427345
2079753489
8332012941
110175831799
578453266
4809796881
1025067235
306242
485952640
28379159916
107626377
21433550949
266943707
115575827029
1800348
454809291
71458247
13798858353
2353168674
781407414
-1
76545892
404421726
9433205
9572080324
268557596
70688047
6744437466
124103046
1232529782
377702114
33663420137
1731562843
50720619601
-1
4402373061
134257414
1772335
309531770
695440464
12946674
4644664681
14642917990
691646876
-1
3129489918
134325310
876952877
148591
30295
-1
97531962
59475352032
23474426
1138153327
30683318
32165947
7595371
35739209986
36856507019
43466100052
753121906
1521248515
-1
500062487
534332986
-1
190201814
528552590
1475327986
566514122
-1
2587967384
4478530
111322599
5959077061
15717283735
5150462181
28309419669
3040590500
13697269226
3411391
12129237
1583807573
13428401732
57271945
28592289
141836314
12073742179
21465806
98298335
-1
52761612
51770317
135689392335
1454790196
3938344
19704312695
-1
643556285
2385654344
-1
4098744979
10714510
14063480
-1
9077620286
10282173660
270228050
2454696662
499796156
1744278015
26355300
73332574226
27034704
1116453740
1015232441
2381024261
68294843
79258838
3428554999
35074875168
201442240
552229082
14431945555
3843293270
720254988
5080091437
70045282
2777974446
1906833226
9711697
17852792629
537986756
434175821
557700856
118037374
27258
60946195
139327380
399563032297
997613751
20970713
2136448
42723502220
1086620128
718932885
321252709
85948701
45740352958
112585404305
70280955
189305881
-1
34091990321
117656787
187138957
53959012391
7427099
11586358764
840746538
735155285
143212889
30584593
544187663
5645224
-1
64989659
920942829
1132808
1151526459
896678959
45297410
3522212018
2316990
3136964054
61333143728
103632359
479569660
221995856
73192777
3266780741
3938913969
1214290738
41511806069
140384098
18481071517
3510236340
11016254
21948608667
23529916
5656350
842333396
763893162
251216060
615578697
83875803
712162
262664542
14446811293
2253431
365978
10113054846
1144798000
23597512547
1628441587
579433956
552810995
-1
833535486
2673288
29346579743
-1
173714659
218492680
28284690844
12137693128
87856768
1468932180
362812090
231598407
252318027
1130379882
212619
-1
92135
123993
62668403
1164898958
494537484
95400287
93907815
107630682236
3803562433
6498106275
645593092
6667959867
538882227
15204920277
34246536
3547909093
112932126
5407835
40917498
1705284
29263377371
363353334
497457261
20619261570
22283852
1446098087
228886007
-1
186244073
736861739
752174901
23210736
993130
7161173226
24909391
14515866
169151716
3562960531
141811412
1923587958
7678593
317550755
2489936022
10358224143
10976622308
138523474
2268243819
1779139234
3118254
67789111
-1
81193580355
1628582428
29711750177
6443967
22289450897
241659080
2530808715
1053150968
5005660153
208067680
2330200
6305680198
1212411368
44502092
32726417
6464755
233363798
-1
186740484
240970241
3138674749
7175557483
4776675720
1293783
67157204
123207
4165814
84926326
1076022
3934293853
55971197
107292088
12012665995
3940607
33157220667
19946630593
31007176
6003972
729347999
4236083458
19385067886
16146066
12626385183
104147524454
2848161539
-1
189935765
275563446
272169432
614724515
14416894
7485605132
465514081
3766064446
1403605116
16713187816
3937438710
7243179239
261716822
-1
215014414
10650858332
102566019457
518883
85707120453
9206299380
273530379
62699088
15927310
68970267
6351561949
13638939668
661743666
94286709119
778657965
840225121
209801146
-1
772852984
457943360
1068095480
569250
289808304
392400789
820081423
6838367107
2340146320
1302102386
-1
59480176
1424160819
165363863
317884827
-1
55528732
4161255238
31038644
-1
1354709449
353308904
174872051
162188433
53992002
446261808
15820866
876007
9447250574
1783310444
4036167786
2362842879
2275250
160500
4685930252
95549481100
222752268
1545829093
423971
1170154
162805927
2889066699
305112957
7863662911
456547281
1624597349
532955630
8146683072
4505496632
11639166
1108426
1640113
386923692
11629248
31214832643
430612950
67898832
312138936
48005396
71676819970
1490133327
23183245919
240389
3783501126
-1
408803
765334808
2885764044
90824925478
575765142
379736061
340499
92321518986
-1
-1
12029392937
-1
1069045466
4729659
18011863050
77543766
18279770
199378326
135435178
6433547526
1587137231
28519153
5657193
251416314
8382969488
728617910
5599288830
2137879780
24640809629
366017869
-1
13242821464
-1
279965368
44697354
5232145218
234139877
5062018
5587191082
5953559353
3385685996
785927130
30932291951
5712504946
18293813514
3377179336
1091646641
69517145
394359419
961385219
2588400149
20371091
4750437862
6213627530
294281613
268766509
-1
19678470669
1892552396
6014409190
21072272277
70456895
173713575
655565
57995061
5178127429
8759678
87159546
3197720045
37275030712
4393362167
836195
27929995
2360153535
1731006544
-1
73086714
1118454844
18084162788
633937526
15682853
538456545
2441031543
53859221
373227976
-1
95781226
2524441134
954014313
292526724
238012861
-1
3800943792
608494666
1564227021
19078949465
171801410
1024425854
2380305
62815360
6109366719
1704563868
1067084209
24507561
267720391
835468
2938234232
6349670524
-1
5135226964
48224438
18000401799
64171346
7460831762
13926399619
70814490
3918965020
1279419921
318474
14726478214
10881922099
1438381066
-1
1646492
1932382
128318159
518275
662528031
-1
251191680
433940390
23672300
28326158
48590174870
15721730146
983439137
-1
13002930981
163163543
14513703
12786764
3116152032
326644664
21931819457
19951484867
47788762779
-1
10942005270
15219833898
11959972218
19458504318
109145
-1
11612042164
2617934939
87078777
34043257
-1
14209068
944286028
-1
119969001
11570138814
65117
22942660062
605425265
3754891153
3539962
14811957598
3790603632
2971768247
-1
400737276
6930499515
54739410
552289028
178495426
-1
2146494
35289944977
2082842577
56175220
4339630914
112791288
204872591
962773333
2205265953
31888566042
816504114
3533488672
12772512
81228793
1717452
6095329296
-1
58608030
441840158
4290669
335713073
81459380101
-1
13547591
443847
48764466218
111440199
77858927
3701460033
169411892
6693179367
226146147
4600386
9099813
8372405382
348013
15924155322
4705340844
62538245
2827381
118342
172418950
61548096
195421821
922650280
2866019895
96694294170
18072962591
23498209627
67957435
20332986
-1
153688844369
-1
2027482068
1279389798
1327833301
312335497
19351389961
4286368
43216654
2762913009
165860337
-1
-1
4805279
17006955162
258937507746
-1
1251959613
72524143
4027381499
23163470601
22633796
107243056981
42417140
894090794
1021305720
522823
-1
141267910
83659706
87235859
47708557
116637
20096194
4384651258
3169150916
2154717784
2200642042
436512
17782342
36402997629
750687
925049008
2231865
100506504
-1
3547757
282767672
4911258379
50643637
10349349673
7381460721
3271988071
7966726225
685959872
861
537892901
1250040229
9818238333
865078103
702082970
11159138588
9205420425
227748376
4543715571
15120471089
27096367817
349053010
78660714
1079054086
611690930
-1
-1
3745365282
16969269972
9431726649
1916415015
19673107593
43831606518
10200759
82263679
1732459739
86973472
1602412304
5528220647
44886709402
112079047
1831931
46699885183
1149478827
25396644137
9719379415
800999123
13950844767
10971895255
557397725
10507473537
-1
549767936
-1
1445119905
1972405440
52213096751
388516726
4698644
-1
179076983
23457243
6327173596
21469360537
5197514207
-1
992601330
379484883
1443270269
2424385750
-1
2523890
30432653
11623645
3889524
8371569538
1020202
2999556935
7151995
584315166
684499470
198956456
24408409144
712041563
1653050042
38520354
987502059
4767917956
10134285225
3737071825
2499025236
487065
48941989
19583
5376732925
177643503
1020293
4191882457
1836119220
22578692964
555885698
590316062
1378315568
9224083093
-1
8583287414
128486616
613241846
19015372144
23684840
2062828445
3497282305
30303255029
1770067
182891384
265795568
17001269
4080841463
-1
242214943
16595942727
1761489962
2408358157
93655163
-1
19623340736
655804581
103891263
487729601
14323432
361650533
-1
842113924
6469653781
522572665
1400991382
7975566
21247106065
189534913
8129289506
4722155113
3514118
1597118
818231390
2156512413
25457177129
220295877
247120046
607075782
19471393
802132379
186081186
879596623
82317149
99403
813842738
28358737
273160103
-1
114538340
25975947
3118063
769186054
275338281
350072597
20193
166092026
6775089
11273090249
1172569141
977837545
62463495
410013493
-1
-1
179926423
188127920
543152339
147144948
14382310698
71145282
4353166223
-1
694254219
1104552569
1953778444
140326561493
511084638
6277513
1181669874
3434953326
710257
838045396
733169
696045287
18602204393
-1
1562714530
4308091129
52082477721
63803484
1286969984
3559132175
2115633556
71154026
4209818943
1439799651
23556609652
1984013
-1
11444434976
16509386
22092801998
2949515934
60551906
99230930785
158102
1287486409
115914512
878778237
10580269
8919241
3172714444
3876422
2584454
2423570573
-1
496432188
37862086
14539065267
342271851
325697612
4308716
282679736565
1093967231
14761939
56511932
3032361481
187564577594
1960052251
-1
2391375387
617064464
59962476
64547449464
82616154
146390011
9901898528
283181031
34755727337
-1
46360570
42502990
831169797
13097581
463127378
-1
3175617
3466707077
1768155459
385446282
52502793041
2865130098
842925053
30948373
48231035338
61296790
10626830627
142728727
456475
14232778
14067444463
86524144
-1
724156363
18605110121
1520703008
13808523631
220797739
5986766
3384609264
21944465
2520068791
233956277
6663338754
787889279
5710675997
71567240
2724034901
-1
5048740345
2513327507
261905512
329267149
199376500
3635160208
467513886
5640931
212256654
1282231630
58395014189
23513858
57690922
4818824814
11302757662
846197000
-1
-1
189992179
6368426500
2991270820
4546007604
495729
17747435695
-1
3280977557
85901077
1853788449
2278505698
312335284
-1
9632489
2746470
121124438569
-1
231347023
571563334
233411729
-1
1550401976
498568235
343407699
2083851
12736796
86597242
4737821975
56616469
91196069
10622995615
731785010
407214222
400090853
19866821320
1970151689
9655419431
40966953
468450120
512945
105288764
465267023
1021832024
141096258
38193805130
-1
523644354
22914442218
-1
12097654
470780340
444564372
742058066
142011438
810823911
605759919
762416884
22760321
664415662
1792277910
7931436568
16341727
6169122
2938588623
120173881
1283427498
516345458
50471666
677958425
6794351
647435
3915147450
4734441
7163794
160422595
4108528809
20688727244
139590518
15683619876
3342676
2154046843
3350443976
19568638704
4155999621
21065184
163838428
13690748369
49260825
16346035724
221690465
201167895
75955081
6619351
9165891441
7599461
397629588
945857777
-1
130076950
-1
1012254731
1302522
-1
231450214
10426716145
108228323
980369477
385606741
2081191751
156155430168
1234495
-1
1653524221
72818972
9183109039
2326886400
29659289312
234016868
-1
569114153
78192315
9972583278
5119579392
61466085
4071813934
145397421
4944000336
-1
11942176
40970279
16566409339
403670730
1047747894
5063088275
7971092874
16830252
53726931004
8060777
7690492
22620596
207752351
274959296
-1
13506540
894436104
7046158976
3440785351
-1
3119733538
781035880
-1
2746872066
33165120
420478610
3541000518
-1
17891739
73099438
160990919
10078332862
1427291088
7284673743
1847013
100737593313
9522087
18519
9803099920
1491203404
211961641
22891228
-1
800748084
113036506
19029273360
271871173
-1
27395648
9473040572
423714721
17984770088
408640
1214709617
-1
673942428
328904998
102618055
64138017
961256183
662824810
1652842133
692242142
21450931
1074862566
-1
17199946
8846487434
9250673717
-1
597016440
4222372021
2594431071
116187306
1737033494
3073122826
25980310962
15861969
299850704558
934524580
2307154499
1096156659
19575516
48756871
343012620
4512164
3193503649
229128065
69447583096
969714
1019926479
5021298
15618456
1337958892
-1
354870743
1472006424
11611755
9830799249
69691104
12368937
58922444
3300359614
452422
489172
299822
360080998
222202402
3148680861
15590376659
100430732
103179190
12055085
15263694315
6189823458
180155235
106748905
498953164
228708
906497340
236120483
68616416
9813234923
2860750658
17799396703
130571
8254800040
8321028169
686095529
-1
9563763046
291470987
164632690
1778740
339491715
42344725187
6859682666
38502272
1588396
334101204
100888005
761320715
1862965
-1
1519581522
2565945158
426221058
-1
9247408505
-1
1166076446
10567840734
17678058928
6233057894
4410014324
1225170694
15731068
14363107168
127373223
-1
3130402206
266886836
3238579656
3343454
81229145
419560671
-1
988814113
-1
5796677492
24746706
695589435
119205728
43646078
935791638
1620794580
87299433
3815442
49903987
14672035571
24711349723
830138006
25232743882
415860513
317512717
28087883787
130245088
12202127423
3189455294
22749901654
-1
1548349382
2031428486
-1
2042648883
953513
167876302
22856946270
-1
-1
52983378
13723136381
104126876
481423418
3442284254
301514216
128444672565
282586047
44292506
1242467028
69996283
467743780
1132793
307381481
304730694
23101501116
3052590
8825
409846862
18077125713
266729532
862941662
493466747
324817316
248902495
519873866
156586904
14871339877
-1
-1
53278937814
1404834463
98972345
-1
2210839610
29943947542
1535296597
3201099
1342441155
1567472592
118218236
170412478
2410378
153936309112
218800
1849739954
310574747
280040429
112995163
10380148589
1161874041
280249696
43770555
38045266058
3880038710
930513032
173051773
2388328040
322160448
12177617
13845098591
7826633882
3370347554
35080278
872201945
446637774
3443160038
20285662
136242
26647293584
268978314
-1
48132938
276023282
851943082
688821407
-1
6950675240
4875489374
100770
16084662386
52316623
123495708
-1
5462748936
348664643
19262797181
7060684
71631622
9191490566
33363361
216831595
65921945869
628725164
991213328
162990865
143058011
28869867332
1639157331
87667757
229548438
247074535
255640
2974626325
42579765
436220615
9880590201
142236003
20385036
87816105
627864253
240268370
2355042144
117948121401
91727396886
-1
969631
25691653
2428768043
-1
2088577781
-1
6024724697
148572
10370825
55070898
41952523614
1616263
2071185298
21465950884
5862797021
183058783
157016751
4551474002
6794231129
58682487608
124042902
25132733
1488496598
58145620316
42811954
4155659105
438470
2466588549
-1
11793066762
75866301
17742016
139456152
155844472
17135801
7045428736
-1
122531371
295021691
6110244348
-1
-1
9747429
119311764
4943114939
60609106
22961694
157904415
7904561485
-1
183526337
2902193439
10408166
1639818118
53746749
54955531
1291965892
211655297633
2987856660
312524360
50892308
-1
8079454297
539872699
4564410720
407497317
2594743152
25980889988
175339704
1535496
7021228680
218361110
181131708
1946799528
1469459173
22163707
9023079740
1184793094
126487147
20180533
2233413401
-1
486114
354647835
5702651513
102908687
776836948
17921288
7912852007
106102885
6313610
2686782279
1117355500
29548280068
331624456
15749458
64390392234
7548961696
53185524
199147921
274092
68538991571
16472925
786889312
20840486
1535439471
2001221091
5955061
101259455
3292603728
-1
5204962
4984802151
130171984
3246061578
7101904460
182510341
631191261
3279973865
6005074
2744948
10149676535
1662263
155603539
42597895461
795728538
4302327092
-1
404679033
237489410
1506324960
543818095
4777336062
634387220
585868371
872407160
17419857915
5586457
1793142707
-1
-1
351325353
397990616
1027087907
1316403461
7989509974
179170744
3682401863
59485823
3937661
4717162091
123282086930
5406709380
57391213
36828130
232610080
1572717615
410697671
7548325
149279320
4557863520
130667885
327917592
240249350
2566771
29309303753
25537130
7152801412
77543011
-1
73290626
2301373880
10665250825
5606142358
1189641341
983845276
383895
41680545601
9668755783
8901663789
4177469465
2575609617
717495938
1536026523
42376346199
5610829831
7181905
405012183
1284625403
3220192333
4939982707
371869185
9778859
-1
16712170
4058699024
2338196620
12789900623
30486134
-1
813201960
24179961544
112477250
58572278580
2167428298
37519225183
600656994
3361549519
1264206
3572989435
107722866
984608324
42909994548
176269697415
46226454
1178288207
27323113964
553410150
198639613
198099983
85136528
20447941
16519078
41834637607
560039125
487067683
53948476419
7400035887
531179250
16043308597
629150466
2714106779
10693986953
924066790
6956938
14822494446
2800013553
142089203
158735
49886569
1386397421
300464435
-1
20995257619
234738451
9506762
-1
-1
8056603753
342002604
1033480
-1
5344878783
496545260
101282512
6360659333
9976218
7685403285
1671762216
50765298
52191592418
-1
3997464
10082830266
296755900
2973374
1174640698
2540680976
-1
16250959
1825529083
14046046
123564682
75062799
31393110
7593176106
1168310
1561139113
730705102
15541476275
406537180
4216728
4730252877
84914479
33740952
1423437979
62004713176
1507062
3165090279
30193937878
5138294504
79885959731
55306639
107677500301
27074837
1613916391
9441250160
1104142261
67368471642
4014237
351477548
2707444149
3605301753
44505074
5780276594
8810464459
27337
40044602532
235370389
352371024
978179002
1734702812
42812373187
117817115
75920798
4854877955
97836999
10740294366
546209267
182700981
116785551
816210228
95606
16540597
123199778
163927428
14370244830
56481701795
19874905213
119673519
1055873413
3659861353
187761086
119601270
-1
4414457
2110571370
640447871
37588302473
9573311473
522355913
2237360288
658006436
52573481
2693885125
630576319
17262208
17511994735
5318083820
152013336
21185652456
34421636108
124030014
640930
2045948505
349408239
635294223
104538831941
1994559016
221427741
10092520072
143544935
18483195
4559857726
911489271
19986851
92896767
566868182
10927083112
290930114
1625619573
9392424
5236735533
-1
985996103
866898538
191188274
6021570829
143803
-1
1723710367
18101255924
5188557
44340059944
540265
4626010336
20466
1256451622
23085624
-1
86699621
4453756820
8830768219
280307192
230070650
900492950
57934426
89210319
29150515714
368609506
-1
1348844935
458891924
26730752
6792468988
9015526259
900365854
111694288
905712218
-1
31443053
68486940
13829430
-1
275893255
-1
-1
1273216633
396451904
5817703
-1
1842302429
142805840
346117268
1150241
161000725
523823507
253100804
12522935
10203848565
47345507
-1
948807521
33170432
-1
6580223460
11592317671
7824537100
35785
-1
22463162138
11998739725
1769179375
2077378114
27880899335
9774565480
464242454
54637030
2466747
2730143202
440497464
5956566613
741915277
781673080
40722371
105107066
451899200
1802214
257281818
812909155
78076312
70652872769
223366554
109843313911
351923625
31667086
626194555
18095581580
824706
31340805
16405871459
174427057
25178934
41232400253
75639436744
757933117
21618562199
5513670
33930465
109675322
1331427892
3051762
115267477
31289277
8084595360
1064429018
491448693
1144125358
1058992490
933963276
889965147
10810270756
6322605248
110322070
228833041
1247262
1052748
367189102
161884811
20110094345
1134635501
3415605093
76757504258
2368392104
821545
909361151
2833940122
1052660776
138007091
118421335
4114236
1052164950
1333587828
2195399
25289692941
1595554744
126070277
95663409
1742862
-1
25270439613
68197
39364710
5769756078
378876985
3118174091
2778842670
143301685667
69935758927
249309156519
29448266637
181439330
1888936957
1198071719
6728239911
3233658672
2748035549
7922979
1369142808
70677714502
3156134586
14140880
4442557
55890228
9378501
11924936
128793231
217041418
8163019479
463024156
695240005
2310819102
19367165
8019315419
8257517
373769707
20990324402
108580442
37602632
28368252914
4147059333
29133923703
1492466703
941509410
285887063
846839020
8834701524
11792557
2030971773
15400354322
34139104917
50834706
7253916
18253376
332889132
-1
5727949600
1036778569
232713362
1562931052
1004776017
127493176
105332586
963682448
33715544223
4891015024
93945645
5091383800
16287831824
86406357
578268795
726751591
2478182
133894200
86666464
3882384
160297414
65109707
155887
9102309
143587468665
436223918
192198986
7128179493
688909710
24491567827
16390346
125380218
449065458
5277060611
7331796
1974982509
204835849
545732936
-1
2365736835
-1
7069321347
3854863
457856644
-1
296500371
232655627
14451899182
50073491
32887128
1461786884
430010562
223143521
5655917
3029429
59063659
435252
86420181
4570697835
24245835480
24835101078
141910034
721978759
1320388186
19600630
278152125
1677520298
18387789
-1
5330433462
8140017160
2154319276
12026513
38583414
1349813597
421853534
2523364595
815953537
38562665870
107263396
389323815
711753075
927228391
31651360
10120848454
13360430765
62090306
170158980
202338458
1097658
13720252285
27948491544
12790755724
20389680558
2793673110
796253059
4230839978
35806889
63216717
3277654744
5786461714
10239088
1701481
6089320845
2175000851
85015456
1490585396
9971697081
1131160
-1
2903460756
2337852
49576221
20711549
5715219316
26236266
3590098930
1406083444
1363401432
17544073719
256910859
2656866585
213440
1348598566
4350060717
2148198368
4649049277
162640185
596660593
27133
250650047381
-1
9965781
8204202703
-1
-1
399773
7729458461
160006653
26760923
51695079927
11284282
47210392
11834544
11675700058
6476767264
6508952826
35365373
682895871
3799372805
234752436
5561343874
9191664123
131583322
8648233
3143651921
417819042
7543219175
-1
6411230760
76269765665
17440368697
193986596
-1
-1
51113037318
1463447384
6900910977
374004550
9857187982
41008927153
861398764
673575243
20007793110
2518957114
-1
12614697073
1121189118
19203602114
4660162029
1224705
462606555
314038010
324362996
1650280167
559746
58160335
25821219041
1372897526
170611
76631232233
462651017
627702842
6442705482
2760256300
23398310314
4769628288
344488877
-1
120097849669
65963366
2698231020
3808604
1913699629
152755725
101251328
8436950088
17427316065
522450501
207112184
18533380614
309087888
-1
411956137
1071522
97474006
870182055
578039229
7414904730
-1
4734709887
376543663
-1
416518166
54530039148
17502655
247394267
25220636717
5256079163
50424432
23848075874
4797560662
679618290
1105588898
15823847075
65749828728
1437475466
34310214
478036754
1225880250
1328862157
14874507
9049394
192632361
1282002006
108518559
113353166252
568730825
139074118
484886
7068398779
970055703
218113169
60154119
99434776
7114776936
31560153
19880283
7649072
2076357847
1224602721
15499496002
390253
23162299
49947915389
285073646
647978681
1617797267
1047173
5005190
95582450
1329289952
1432460698
37094758992
568919666
10699595712
2154812
438426433
3697989331
98354144
635091681
56395305
2623489751
50892031
53105863
83934291168
49250372556
412117729
1166821957
3517188628
24677944
3112483889
16644918
-1
123814547520
152908737
207803511
423070378
19544710171
23391237
78239943
15230632237
2347117706
102205248
108165065
4187776
2817798261
55405938
5666235640
666396551
4584897816
22044388673
28103130
391986774
1180819749
135638713
113063
719252434
588269253
-1
94368616
5855317
5302697600
18568498921
538691060
522859009
1052571580
137915064
1692553
27528004
4963941732
156322499
55045161
2546442
46523351
6657404207
9098567765
203687129
-1
469715681
54971694
4430564
2263520672
442301872
244466027
22347702202
1370223
550192625
-1
344362019
7580012743
55718302
3361713920
-1
12943
4397143907
23543308
8246712608
843881307
11667550716
19729999492
7438410112
1709074
147924647
754486564
178579332
274793
124570701
18477982354
32999715261
38048417984
73922139
5576540243
1254529399
128093326
106123134287
111145017
2577209
374347988
6108673384
1381095473
-1
167701753
8258625
136584836
15891475440
543434521
10378903
955793
571
9510726084
173784148
163754644
144085407
420478322
557918482
71744609384
26745209
131147111
1895505141
397274910
2637377298
332267031
10421232
4458661
233775
49563457
22475117
79644180
18094982114
458541337
1158220
398858033
101938916
5645680
241251177
12626423175
303216534
3766971711
984868368
6446901687
6391698166
12830669
58432378
122286558462
-1
310061404
186775378
10817654652
1614687747
20733543
30311872348
415629113
4314758897
-1
26926568
636953645
215832806
109659406
74620135
1185667971
370091079
78657483297
15192539841
21710457
31569951
2763233659
10556207948
1065704415
239481
2287581
1842932486
55550715
17022695
6059304856
493143787236
19449381579
540
1089425698
13318711
-1
5250990708
8631436788
9638654
11136506283
247163798
19888444
16053781376
26962970
308130892
629387
1907473709
181628753460
1319970
3135551297
-1
5517430419
921734362
83388630
680884
103913578171
31354199257
221828526191
70626
10914179400
937792757
3093112785
1864619
6616268392
1624347056
10593942297
296646949
783592096
-1
575451
203795189
87321179
7084212
9329713
3160070
16329743942
37889423738
78449034
1478777709
1890264179
1819262
23484030065
352296402
14724495346
491486716
16923137940
-1
12479199
-1
2243204630
16499886793
756879132
39695582962
203998109
9879634018
104301999
-1
247699006
288340412
619215730
6651618
21478750
334861392
39429307
161109541
3671704313
363054675
405042651
11961703
37492749871
14061259162
14975842034
5858116
-1
25381742
11638801905
14273202027
127753238703
20236940173
52447444546
5531627916
4322223
11960575125
522008357
29705113
64906317353
6169620
536627678
1703894078
1476569678
1442566298
10707841
629333349
14576571
128374640
274462
113637926
22143427200
2610304043
3545257774
6941976421
1831830614
3277472038
672373051
153550529
7621965395
44681
27920067312
19087839387
3993220228
2685893
1897804
4209255830
317184298
-1
26685706501
24030474785
1148773758
5379153289
1021241671
102114641
2294588915
527311750
176627973
2577278578
8636195635
199633489
3825999
9343713
3523886
-1
17805530
538183120
21179748808
808922723
10675767743
28416643
8710877238
-1
75634468622
75950882
23912719945
4663686210
8536149257
94874091093
735592801
6916328
962503134
1207218613
35427508
480236276
821624680
10922830
5463238
543255634
18001
168264732
893737
2697868953
470487860
54365214501
1817759
3325823957
1820313742
62034543401
106621679
31034449113
77757134
3797709932
7511301
1667644127
2457402377
308811292
39786441
19953943810
400705535
2542743140
99831012
594326473
57960940
354797420
546163237
1775917828
14888337529
2847022085
777727337
8518925724
686637529
25032114504
96543050
3682806
6068484239
252688047
18116379
646092
26315266
147403742
-1
585231936
250048598
1958737415
187702719
305142186
598648
521330540
712204652
13114133
2589616
78399820
740721
49045417
1108432623
1054981203
2789234137
2405724543
9990350616
29219860
18280876
2792267798
216055451926
21653865768
3213365263
5588492
221723515
1223342130
1945487364
14451088025
100988154
20287100
8622199991
2657544039
62859383
94298931
265144775
964673581
177774207
6559158564
2901501
-1
1847196
12231
4264618790
15136635
1791760409
10222073924
199868213
3007750795
-1
1210109696
744509337
355210607
12026860183
295090912
98879449
5176474350
4301588044
6520186314
48946841
3871371
1040621641
8804854236
791442203
1412701356
17920971
9747164675
11689737
40844500
4128945177
5671301694
2748472598
1977071418
2963479172
16545127244
1809067556
9785386293
2832142
482876749
1540261
145227985
252994349
1754532
96779579
75953
-1
507405672
1190641684
4468405111
75387928048
409707440
1475609988
3486106585
126252
648835872
46839619
8214872757
7380226
353780700
750660135
52157306
973429267
2077751
579281795
10159921062
299010364
18877962404
267745133
11091252880
735562
35819768926
5247525079
22406396597
5581402611
18590935181
36701835
6730699
30319755
11330164
3669657
1711134
458984939
6107440
-1
76387217
192253493
12870407174
633046722
-1
53492064
178346054
6388041
2123257002
2373613
148614208576
160070348597
9145786
16660212
4229057196
32609952
3471541273
2809492879
807691455
264632453
745455557
-1
206743572
55419244033
297443022
1100918650
241829536
477344936
28905202
24994512
84749600
-1
25873442025
48274836998
12686672
38873209
2915201
2771525420
161190057
7630560
3716669700
1549385574
156350957
133929416
8428549829
20243060
24413543
4086111985
352893104
2029306280
-1
12625449969
39578631
430838776
22981358
1577439363
2968102816
3295051075
6889620363
1638788344
13384728
166464825
290045441
129656160
88877359
117707813
98633
66137
26329838258
1461599890
-1
1615483422
6766351148
13135954990
851433332
715868536
-1
17631267024
2599730540
-1
4777391219
4161727
26690906
18675128568
1478687350
73957175
224883042
41124963092
305501409
19877842
20906161286
8699892715
61929284
3603560
387589122
9477939968
856486836
20174407097
7363511598
7485289001
147536566
1183182106
1950614467
15357007
11441433
-1
187128341
16299515929
3573035
320838007
256393
50328289
1345985084
420553194
131972022
7249742113
1247790676
1147340117
98075758274
3897033
345568994
627763229
1408401
6483517355
502052400
27764886147
25580547026
403362427
3890353202
63711180
13261405177
18159466881
6220041007
786812060
729959412
7138889
3090492
989501047
3639975514
72695289
-1
60952342
-1
270416367
310766265
-1
41217559
568220990
2042061942
21878066506
1370187853
64632581
711027
5319583257
98832430
375781819
256690640
-1
215594640
190954217
4071232339
234535361
132082892
5790916
13588100948
648291684
-1
-1
2188197380
8034156958
4019889050
225344623
183108448
6929078623
2036688070
195792636
3893324
-1
7972204
82489138
297537714
1097708361
27546775821
6801750275
49049375
405505771
-1
444912652
110395955
13329343355
-1
11446383
1296443419
-1
4760348131
19107982
228241508
13455193818
281569648
11260026730
1330768402
-1
182564928
569925754
859571146
20288212313
2157814142
1215216972
3623122687
174040230
258783594
75328456
1332221343
287518126
28251283125
2317496916
35008175
1503425311
7763435455
25674191058
53536888
-1
7172126
49088645
787907653
1161877024
82297084
209838186
35168733
93685767
994082858
15530171534
951809308
1604862015
238265414036
254131553
3195754256
651233819
37426479
35764997521
4148058665
988195350
462899818
29519420248
13298925
3585878692
131342130
733324936
9739157
11758485191
16700412573
1066254493
2288946573
133753908
488801011
4704507307
59846234
2508737489
4573122374
1022403410
1172097702
2158657
955225
220600
11470193
81182938701
91633639
10301066
209844498
418483328
364796642
3375589727
765530191
1487327609
112330500
42383822
2226206001
-1
50929395
7503936045
48152321322
3923862
1891700921
356219679
16078092
99202186717
-1
3924328787
982287452
1132584
313787332
136235174
39643352
-1
1516926
116261011
1158773618
12827646462
1146241392
107631405
1277344090
4608342665
4555478227
551166128
17438237
905411388
87149775
50086473
24048450786
51591991886
18325550
10578186
2573180420
-1
139727933947
12175294
10150033062
4409106617
11309637
2655460892
293720222
12035467561
3795742
-1
98435523
775380584
6226202928
113692378
4299795612
2322712420
353291205
-1
-1
64739415830
44476929
454839992
36715202
69810526861
698365260
87403
11312696963
577715773
8055676762
3741401257
1397826127
9671484985
414106
9479473485
22812310857
70981017
-1
655650682
10187069
820721345
28993640777
298425637
14694949
10135770773
25445830
477221802
5933138383
1524051078
76237292
9618220549
5160489
2458099810
18876827836
157226117114
-1
745790785
6751521
7823422
960786719
21739600
-1
60967438
135260150
56583023
961997062
-1
3207211842
125441952
1089283414
127215589027
1557322272
4409002791
1971620023
-1
135151534
4181078384
-1
1153837103
9104864195
8241667
-1
5131589384
8138780
1028793601
13226292453
228170666
1163834953
27759392684
104688550
30224656744
77360536
29947500
8763355627
7697694110
1960710
14042542
36035705
1586330
1267917668
9872275
2225018906
3538488116
27064321
4932052677
-1
-1
4530172198
114548
17170402374
6182841
1122110852
841669
635294457
137029819
7234641
3144143835
19229612
967937268
959295495
37003699012
20116315
128469130
6112116
-1
18332984
35946078
1000562816
6309383012
5278659131
-1
710177413
3844539048
47493187
866584303
442149773
3383150364
1263893898
64270049
59149360
250000990
7645662
168023622
-1
2005732638
35568
1808985364
698684052
19078270
33970713
1745558395
-1
-1
31111727
408154138
296174
14706359
1676066
2325988
1494911
8816164173
152054876
11944424564
5169512060
-1
14548423601
1273547
4273465687
2867234559
-1
1172433
3523436219
424327558657
95006025570
262343317
825692865
1615849885
27142001694
117077404
54525151
462441757
67448607
-1
111431031
2516894
36529049
7332917934
3361198858
5818475513
1278340599
19541756
50011816
21692744225
2032052
332981930
1027771309
2187025806
71227786
2203747487
384993889
36801410881
69473076
1208124081
6857951252
19627270
4198998587
15391304
132084725
128786311
15605275
-1
14694658
7636363990
2618396
2312399578
795127825
3292109142
2701493907
2187650180
1429521
2032078463
490461535
12063193073
220682677
5878888
63933907190
120705309
4317322
186635018197
4657080431
-1
14363386226
1452262736
209368732779
118945988
62982245
8635022699
133538053
14796687
1097739138
162962525
990506035
28499034
-1
403648564
-1
915160429
64762072636
2096510154
-1
6149091319
9693782
674044819
2487899
-1
3719474420
7124060851
4105018293
8357168
84002830
15333233
398917949
1141707135
9745270153
33171905
40869020107
565712789
191859713
10980265
18956165007
9154164
7550735344
1567467
61506459688
277152841
10357669385
30288301190
390225257
40470733
-1
258713
107768503
14002053
1088712008
32463776
1487018117
2597812325
3021957028
45428784138
262283605
152966792
1294173
364774542
344040429
5738656161
643172153
34518099
2211212
19475240911
6716547808
25056761
33963873
6124411719
4624389517
330990
132713472
532208615
9823492900
11428695636
412778508
-1
-1
62934091
32465538
954642444
268710398
62427980599
391195852
3452241456
4614464554
74866
536189442
24009640
-1
5989073816
69365853
13763084802
6038841997
175725820
-1
-1
204790
8536595227
5785446393
61881284
863675402
189422609
616848942
9076916944
1042764733
606233216
2677418542
2133427464
4108821
46369287740
12632473071
389160947
3294634
232480592
218168110
13613200314
367826248
43532551816
4892220
2499302
-1
94264188
104684412
821500714
523004322
-1
-1
1129574652
1185665155
345770886
284304
19035073
326881553
924599220
3070264340
783647798
51868721941
1320549793
175632535
865481118
190906036
1630915
4756214625
359419319
1954231
1808184133
1136754899
5957962
5027631262
27584336701
1029034521
5895472721
79589876
3234127
177782226
61944877034
41422001
647720503
580504
34561630677
-1
12504675
294850241
468616002
162030989
145192
9280722
1827490649
6584509951
5289331391
33413137
546595027
6672491359
10657704111
6497652
13084335
61528003
23282163986
4684732749
6622094693
413733447
683716927
-1
17655658
2672145811
1507059
358341842
6082396594
3417913
185182026
537926
-1
27175459760
290440879
3154359781
2076907792
16353854
6009005
107817213
2063260334
94963152749
316760
4181825980
15483480
30114464
2062071982
13064427114
2515976578
20457085
748032278
-1
2038311999
36716076
11702899916
1194210342
35362804340
27820348
7454081145
450238
31306128
-1
54553862566
1924176766
101436108
38656200
64714
993756845
55356826
18103461
10660037171
2189446
51967304
1091396079
172041857
1971987203
57006719964
12954438664
284429461
