1770889
160773309
2328833158
-1
5142968880
4501267344
9130552403
975572679
276143
1759680
10071296
63505326805
18288904914
250240860
26088595750
33311928336
49731200
3623585094
3836524
782712177
4535429738
110846550
15853192672
24058608770
89270671
6017481728
2268930309
138692972
545813706
757389723
12058130919
153533949
-1
3533457725
168823441
94316675388
1158078
35683565
134993859657
6880695
972089402
21989815
1951262
161476694
7977426008
544380874
13632345
7774381132
1640754
474048
859786791
280862053
21648496476
44604919
16876515
143658086
1854335875
78104381432
1773418630
116755881
12514386
70236234
3903857678
295994281
245817793
-1
8936423632
16605583
3002026497
226789570
175280336
88235893
394974292
1384000288
-1
-1
154382388
12283996128
26459216304
11290149743
4799159092
230411395
-1
8858428
53239833
2497790
354942774976
4427267531
3087701138
3683217
3086541860
115667
36189013085
692147583
96483842
204290550
16742954
-1
237522519
485439709
1723307915
79791386792
893483496
18839630
66903273
379956836
12245140121
21474852669
58521133
98813945
9947620559
204573457
888060455
34016059100
412203414
21179481459
238276011
7212876301
7048244748
757309673
79887249
58776589
11405750
65357408
12020254269
70077733
1348455266
18054050354
22785301
37271799887
149329223
3574904
1344071
70237277
66378759
45685076
7213307599
29953716711
5687386
18247085558
-1
162991173
761146689
379694119
11159069233
7644886648
2588123154
2939522447
1598838219
57155042
90370135
-1
2209192370
14098766
3701316
445084626
22734199173
-1
10813465917
190828897
-1
5596534542
794557833
4375093563
2363476
120173926
13556485067
80450917
281482978
59702271
68377782
34254784
-1
1086640
23715701614
13103977710
13294397
137129226
1640598
190825444
57708123
101048617363
62854842352
35872937
2644275947
2719709
1058378490
8347708037
8974226953
641719647
1337677713
26985585863
51959267
8264956170
199850693
128940920
-1
1321094529
3881187120
354875487
735274
5227957741
36353332061
36620781118
452177434
26204720012
281395413
8145122
1042443477
29533914232
4112465438
4679444694
67892497525
9885232405
61527841
7421067986
-1
11784094077
16584286955
36225525
3794790
551253527
7192434065
16308195194
37975524
1050195002
1167686440
29782196
14150967
15704542547
175373076
27872539
180372057
23540024
2602370794
37819537
25087718408
63756932
55127395
50325349
1144983253
4346379293
971250491
41467477821
128680606060
457218261
151334865
188084
1198756652
-1
37680084
579570504
3894859526
33771208094
873924736
13350948
14121551387
3786317592
909770656
51273937041
9129770175
14827790328
240614453
30146156
43664648
26977582
-1
526195
52167157
-1
2956618352
37115503631
72375061
289891130
294341726
350965
5614278879
30538212
263675501
5672978
5200217
7300064443
175490
4482372463
10593976994
1238840962
415841
303031
266574260
367138236
50608323853
3009134868
65672090
1426734471
2116688923
55348353392
154869003
113564232
13192632041
-1
2198190015
1322
3298854
599835707
109067264
164004874
53220184
14460001
9599075969
2030680873
882054893
406127
16839134
99963122
1434138522
-1
721480055
118670379
234008390
-1
19177669
14091865466
164404922
439908983
17159267
161923167
-1
19667165152
3851002
-1
5681502352
10814672
9782172218
2403308278
1685117
48414501
397565131
29532270
2930979530
1391055
3705705
1746287114
16845261877
1957298916
2688991452
1442074989
2056017744
31224863640
855335714
1528497610
63059975
1272375
1016028180
461389562
160244306
10776548769
378641744
12676753
-1
176580053
3794803552
12966055
-1
2771350290
31342062
33154732
5861825601
-1
3584098676
10054961
454346460
489766
15080095423
3292046027
1153306219
1938771863
804834606
-1
58160267290
351265565
62670471
1004601411
9468840
-1
-1
154772584
12300271374
-1
46564652
22988920546
1800742
27601542420
-1
10783594
1200866600
602811004
11786320
41475546191
120925594
71932150
586215
6835157259
201376
1436853649
-1
3251376508
2771301
757779689
552474244
1315833696
740315082
608584713
-1
62944888
-1
25850484
53375371
1526075794
1234547939
2956766384
4003748
12001713444
1024072307
93846611990
12156054
11520874253
5433989
26800832
8034955782
4112198
790468044
-1
861234
1894946232
2003212931
336335841
11587158
26241029
49417212
160464213
6021022
2476121895
1476523391
2670772
35350920464
189325386
6353715408
205483052
5566398062
10214939498
-1
3546892784
4479079881
43521197
334309834
30347275
936752147
309772172
-1
1332475396
170368055
65732002172
4146046
4179091814
2124492448
595644232
5630243596
1502966497
7811676078
278258543
271272102
206282528
3571588105
31738887
39101176
120309519433
95246843
27616005
-1
3870354307
815162985
58608327
314396882
27378722
446890232
48328882
382741655
43037715
7292679103
899623192
3699437
769323965
8547667251
2109684261
-1
370103307
8843600231
2968797969
119518357
-1
-1
436004947
433497619
2753704001
12528012631
2702015
18034818
25468035196
991195055
-1
9900275425
199742050
210132076
95445498
5187841116
6868626
704737
1450624100
3236997274
81636706
14155173169
48156562988
-1
2739845289
34859603
26474451
-1
1742703482
45434337
52365606873
1665431296
33335988364
4360795
165151419
574635
13447094
30173310835
310923657
37667140
5387634592
8514904506
4973359985
161558261
2270138250
253171
-1
11616424749
273673969
7067512907
629167658
17106456291
17560610711
-1
676778036
19057487
38153587
-1
454575333
2674431
2573361440
3096073724
5969721680
26507958
20089393104
63735136767
28471218
12774798654
3210159693
98905594
4097437106
1036265069
25093495
2595839903
6616064151
871064864
34777686192
31814090418
2222222271
-1
5740475656
-1
8245902260
656573519
677437387
438714671
106084276
68000950277
-1
285139757
34512149
946435499
64310054668
4858225791
335433613
55948277198
300038247
1889677
1283371
2130775789
14511
402136964
458221361
4283105704
14799486642
51144013
20142987
1720244022
4264944122
368062475
486148529
2039475
278442637
50667357
5961447014
11885870648
14756200
2538707736
1556067080
8741793972
2270938110
123296334
9653810147
-1
-1
289977901
389920389
993551488
197178425
142425654412
61573283
22087821136
1011726148
64605792
1573738226
11753629578
463183766
56846006
1961220291
5956317795
1398575925
1104963467
400347437
8016242538
820541116
1477823
245790232
397486020
359643395
29036849
293327823
8780336932
4195755163
18555299
4201603336
17190060988
25999188
88957418853
5311637
69264846
-1
7135752
410168495
9929218165
1449449406
174667552
169920689
38837241
353152674
1025759223
14750849965
40548
19090136
360685
3630736815
859586175
41012896437
62048665
844477344
3146227940
21385076
23705988
151987569
2688307020
764749522
1848341462
79819769
183869130210
1403656
1386602939
833006251
15055376158
169291486
610148541
2114230049
3435620285
867135182
3816687424
-1
133111045
1531830923
84631781
128368383
181767955635
815415397
2283463405
3694130726
135127287
5078909359
20653160823
837034790
446632311
601458802
2172976662
83780632
1435108
3959748041
76309260281
18826582133
670886009
6785295015
11867398723
8191448315
-1
1181438175
680049556
57940627793
16965954391
1309318649
1993434810
-1
6997237916
246562405777
3337109605
476226004
195009914
1036566628
277035460
4419251749
10744183233
1687711689
246524335
61598591117
14321916221
12902056
996110365
57112919
6586231680
3169469
292031711
5541865395
4645218422
117323182
103841022081
16252228515
4235288862
1276917226
12279166
8129752735
195181444
681551873
764383140
433293388
5510720
389133443
4715168552
56254445
9178257630
16897823482
3041717747
16607744954
25047529617
2388906820
10864459681
25433923
2650050818
4894989280
7219571115
43172761
156011326441
1066744513
10743896328
19909063666
2822395475
-1
28666023263
-1
113333855
32994
110846180
810323575
3415269888
1791062508
3516939617
34362313051
-1
3492629227
301529429
476552744
53939282
549637591
2838938544
1076835
2661662176
112531710
354248804
49771052930
1205437
48355525
70612479
1919519457
40468564895
416163061
22367635276
456683323
1772559176
12970450412
10802470
2293911341
517387
9318408
532144185
-1
-1
2478136418
2878683538
23673947
54165500236
108350402
-1
17366932038
7775587732
999972205
5924930309
80424871
135502905371
43690470
635064
3447976224
170679049
29698742
1792060026
4539713880
7722283
86166373
6060096599
722502074
337522822
86782294
2005088333
12368
2221768285
5806694930
569352017
67189253
-1
140404400
2984875432
1537149814
6047761
1001582722
28668018
40614702
12616312747
670854091
19098480674
332792329668
269705736
-1
908817
7114
2762550
3725779
13210143526
3410075
785288780
224485920
243485164
1660231906
154212697
1469405428
1047313807
340333732
19937514884
3916665788
3949894335
2935758247
62597584
410315804
4441377208
19866692488
206484482
808953485
3313408
3875696508
4896914
4623187886
131954439
259093674
20109853
29038015
1160347
349727410
67584719
58144121
753891845
3446622
64106846
-1
503032452
334788970
475443307
206489632
127635438
228586294
1200727236
29128307949
717811231
46393687539
4923872
221395416
284292012
13610277157
-1
10265042312
38391919
1357968499
463178192
5032734
5465764030
7959236
24710369
6950295381
4863232843
285649798
1101480103
1203054480
6461518
8850701
14516616011
3365780128
16228318848
38682080
87283444
23066367572
22316400800
1527503223
5507601694
159569060
15266603124
32660113
2475932
7011008758
295951818
232620813
82400655
387947178
22496985
332124118
16241149596
599984
-1
6906395985
3909056800
367445892
352325602
59048306035
180900827
1399324492
161883671
4794061
11043720
13011821618
380161574
19159826
19522211
3141502116
2895155
2755707890
4964878696
4012480
215217695
19276933789
30350829594
774516726
1517383331
141444088
97482449
870354413
1041295
908248209
16100891
459553908
9637667355
187186876
12459471651
4481733505
324351311
-1
827436675
285578748
260089659
21195
-1
15086053846
80003730
-1
332818128
536773
418168487
1590874935
573100253
95957068
-1
783253632
-1
1916319379
487525078
-1
932047288
8126866293
3233449690
490891364
1309509779
33761580
4867614577
-1
52119654754
274224670648
229017940
14796171347
25562240049
3120004769
512896848
43594550928
52583672
113233188
29689370
495790498
15362484
6210399936
-1
17289323
61734975
9027444548
71497822316
3255498880
203785944
-1
515430969
28117074497
262154302
7552572390
-1
2262375659
1057972957
9152108
2144436624
318891836
9225520627
1653655962
4063158642
299099562230
1474276892
202832224
486742790
2444398118
6104807
1414505149
30660198
161747725
6873159
3329605632
502093105
-1
2713627147
1369991583
56314510109
1907418589
8686137075
63496518
7114414
10071658
114431753663
5965014626
12007552849
58036555383
-1
1245803143
19113082
787847134
3157719701
9388452
4563364434
99893716
284030693
34094668
303084348
88812763
137503901
15851655
29059611
296746
-1
6540275
69899811
3787158411
113530785262
1331877141
-1
97785652
38919853
22306858
70666244972
-1
1943460589
188209643
243311237
7156211888
549486918
37240655363
9650436730
64878918
96883946
11386526518
69547745
13676261168
17597264600
-1
86206158
-1
5750958930
27134581824
986990992
1633216295
1190570712
849684143
-1
4417309
-1
4996419181
1851421995
4175305
-1
5510321596
802435500
15216323
53068964682
746542624
107581947
36784883
-1
81671685
13801606
10009631
13604600693
3858296960
417449244
2800714085
197639709
32105327
16425607
80224
2237764
32754356
10101966903
373777650
55050466
766471558
132499202
2028045989
497058695
38359
17488642
1769651471
785341821
-1
7163457
4133447
1177018713
7663938
39733808
1965894068
131742692
87189341
-1
84154173737
469511250
643008142
80730758
6132078050
4175313620
35308435
2199411602
1359982402
-1
85284298702
8143504081
28384411934
175679065
247578275
51618021
7704358340
57054079
51683109
23814104
2225475965
734755
201482564
39255234398
768826
4264274045
40113
18250722292
2328445
12034784518
943227
7529132921
81352
2003042661
730601202
787894943
28635969
120547121
3001179
628419
12969089
15833673647
650674586
89097813
127958151
937872274
13536504
48425867
103221361
52265421503
4603822679
8485426
21889045054
522064487
7415085998
87982965
737428068
446110256
98406649
40581361795
16742242
5437975
52392498
13778475
7549968297
1648235
-1
68633761692
2451507051
4906576
1338337010
9111184542
7118189
160401776
15670446167
1455647307
-1
547787768
2790707842
2596061
-1
1429634678
4173652667
7433797
568926
2110454733
1875925633
11233210
621236171
257046457
1246327081
716386
44108592870
24079375743
32826158
17619870
99998217
1151437499
23764722
2098589648
8695733
12269191661
168928666617
25916084
-1
-1
289977976
70828947
366379
16437649722
65857034983
1365399305
206930
1008286190
5899769580
991189662
37744522
327946739
1551436707
62877301
-1
54905118099
3854919110
31096537211
1054413253
7791398
1122247875
2341380241
3309720162
-1
5650881
214604658
1535979681
82817454
27077672917
5224017884
1815353165
591951772
270051655
231418567
2333769439
2221725047
2137426320
604300
25635997112
11803154
701440783
11601393849
6708223892
869716687
1196440
18994532
681418546
25644736
22298906468
20018690151
2667423
41355393325
1327701755
20420358914
91479572
-1
4490065
274248205
13343353161
206498988
1608608281
425806633834
3219851
10766040566
9080049207
787548357
1380420383
2360561972
208337317
3596971104
15551843606
2988270229
143629469
168276480
54608133437
26575422
21969876
453437481
362738507
464007703
344649617
9874693701
3531669518
708395867
302764019
13502
-1
3895060
5506061
35521575
1910529713
-1
2047825833
792448891
1126121668
-1
503694091
7819248
88818087
22389428485
1556855
1073375555
64469153056
100516461
380895935
844603937
287655821
49069503
646875581
35010100572
445895410
2188360
27673839762
54012677
370317288
3212086554
37834109236
4499630
151736
-1
295008
235089
34021298
82497912
128594231
195798635
12604202
5818042
297125236
-1
109699058
1016759943
33036626361
-1
17330690
3912036
6976349170
14036895239
292892254
14863045
1752301766
877044492
4338007448
643972
121146035
81811
99224312
1888962568
17110347
11610858188
110631709
1243152328
88967358
1772196906
46584886
23336817
18340398
947825635
1223874111
-1
52381754
2290916420
125264426451
31050680490
1641283627
369155660
4295516869
-1
21719778
85517836
38320472886
33521213
6017621914
79802787
506958113
21215532
1816968
35897725
34667536
12164102756
185263783
5474934235
299940362
90388740
335641421
558371142
2234106
5558272098
951418414
685469917
39388971
21283020
177641241
3630975157
1124471118
56168516
2490243349
7481063699
79270184748
85031028
142621448451
-1
4405493401
523277901
8546467260
9833385844
2136616069
52916687
-1
223410
106746375
6218735343
1773967
102648672
6867946
51922966
3623056
2447197632
3003533777
2371311
-1
1980598554
66771263485
533635741
1634532837
217285207
1550491264
64433033
531598789
282712241
1208410
21743476719
95643709
114188097
19839034971
6596852820
12735739068
1743207
3293565553
1005611229
4378211140
-1
991159223
1188065
22256949
893306613
4773024386
6789762005
31186177468
1116760737
729051107
27661883071
2461126455
128453583
1057498522
2575407328
7631944788
434579499
111362701
1973998320
2320572965
3289847
6770958
1293640674
5198517637
-1
91649853
63372200
531355124
15863198
6975621113
6034940264
11015924181
694878509
1162603722
7704548
70348
2162641088
2998402015
224025847
823955
1914769
143005694
15317463265
19689624658
49513669
602329375
6930057901
13557365
3561224082
3238570414
105069345798
37359449530
980519476
1780993075
190192276
436514338
64753580
266712
3708409158
286385543
279239644
725813478
766222876
-1
-1
5522648853
-1
22307459644
29143625
3165242578
215931656
-1
166323726
45564983
6348943
11064917443
12967007095
6907424
965807689
1204353783
270949507
45559964
1657465926
2517782
14947628075
756711614
132814421
514208576
219675512
73006402
530257695
-1
487238399
22271737
9975447011
432749688
939167702
7052425
19263011711
5141900567
552347261
108331041
1343800
-1
5910706542
100217665
49244206
5522314688
3001833583
-1
1151522530
16171797
2143064363
5245497035
1754594535
-1
27057650431
787575357
475919620
233836957
162003058
71175285
11226170570
1577417
40175532
719741
11680667611
264246953
12297633
56862201
143002391
732761774
1921870545
546941747
403988803
17451084
82185852
153771832
173316657
3511710348
8253367484
37449905
22175927084
378531983
2263048
-1
3040358691
988498158
5012286473
274381
34197922
-1
982609506
112154721
-1
53131386
571246597
31693017
925824
14789303868
16496154
46483221
58137
2589688
25857072415
4437558379
1078516846
71883170
10106928
445614878
145624300
2004909469
12815714522
68245531
117659528161
65277
113691120
114197599
56142686
40028171
5386058287
32707790720
61329276150
-1
17617625447
1283767
1322613489
2915650022
243613022
1809815110
9675785
1359499
4500873
1338941174
10864106684
146304789
1399244
1182448045
470841013
7535528
1014631076
277127427
2323624549
190474246
619869057
57158134
439859430
67919822459
17147197350
9419201231
2595811414
18961152
4038195100
9549475
68590689
2021437357
1605647895
186851355
1224879183
124374142643
29633162
508023182
13404295
917312767
12393432
6423510457
-1
-1
46375386
671285446
123235511
5248671998
80794325191
21352395742
279837469
159519992
8968579
312053631
167702664
47828403
1046308401
40077656
4105022271
10694361434
3862461
4832635
7817399
264753083
129058622
21471449
46004664394
1057629274
4329856
41890802414
1974937055
828
79448991
874189
6616559046
-1
100619966
1259341237
3062172
27120180515
78799
236068749
462041794
1509748974
-1
820155942
1963611296
23599998766
2877206005
108172493
1611729670
821655930
42755072
6525100105
20067783
1223043549
10772379556
242999
63705043
1216993028
36730461
2990688718
63016166
6553100464
1112995528
2624986387
309530274
62300405
211753998
39112108319
3113264998
884139482
216493929
2399193066
10306874
7425893909
1235307067
344149
207243009
2572746
135066867
9353895985
4034863997
717409236
809730213
624555562
176501
19815134392
459316460
24311137
252959427
731087795
1154826318
30622192
1884155983
8277515326
314681425
78513130
1007114020
7442549
7039767610
3556382243
811031802
796925927
-1
216632182
23239820749
73061204
380391
1112977
1817673573
854954052
570506040
235979356751
6903276098
11743337853
202196426
1649986252
8174460263
1087787698
5650312378
5372395
1159540915
10559202
6250952234
15711519
17818441559
25578820
219576192
543383769
51480643
1092832604
5998933640
2439038
-1
51806561
18877712172
8732335891
5042773590
88595641
3075128477
-1
4805376498
14624565849
-1
176186841
-1
177302476
97800255
883592131
2016699275
11545240245
3411912291
246313491
222221311
14358269342
-1
173458349
18224381
4934570805
1304354670
242907084
415366670
12922029
159354299717
52926134794
4227800252
73608321
1564370470
273782927
36119306992
2388125932
51219898
139859694
15289418648
1422270825
294215528
9630661237
2886369711
4163470186
118474841
56768772
28022007
519851918
-1
5602499134
410174
1098950089
11568074
84127217
2116113918
60709270
16979408
2168754798
13852
4264323649
94583496979
1455809322
2307448580
98838859
13669306
-1
1723506312
218530
1805217135
26732675108
36186191
2395260143
124478813
2833152
-1
1614011
71533008
68304
90559785
24560520289
39384119428
35206979
609916313
5425756309
142203828
18864792321
19537529
2217181
30351562680
8422719
1846802
355624995064
3811927551
2089784
415102173
174137013
17446514
611113626
108016272
234693933
938466605
19603
40684682
8196812012
7486663576
39528963
1795000302
65471550296
331262325
-1
110856931163
4633438569
6533603885
20629317
9018168412
-1
290024864
146270240
750102011
7128023690
31224136374
262852054
877947842
849118757
171417591
13727546866
8463034357
1560664338
-1
-1
17163331325
16718230803
498307537
-1
640702432
-1
693173557
32229078
965358935
3408593282
2411533091
1512005
247454575
5719645320
1726014583
1038653943
506827393
139635386
5835439578
11146786760
33714085
197176247362
143247793
2712757899
107087987
-1
6578603430
185825298
369544133
1359122290
-1
5952227167
10244250240
579383807
7657874
1075527650
3894908
118326
286865287
1103239668
242180226
104581358
76532242
267928
-1
6146891439
65280158
569335993
952624303
23186251990
-1
337658780
9526035
12619533227
99214646
61877380
915440238
586084823
730113993
2374148354
162584817
9381871
32803008684
-1
25791890
140411622
2489921620
10420236910
4307897482
82935699
126540956
23579062954
15317952451
743195482
94733303
2374966
9372321287
5147824568
547111246
30980406
26448173505
7053791
651992984
-1
2421819641
4675740275
2917347028
1648609703
1074016252
11274927
7126683673
-1
433285123
3950317798
107909759
54046532451
108540
562247377
39665506
1268889699
416143307
668980473
142609178
1893354396
12678756939
1826471228
75946105
56081686
319716260
19044722
-1
6002891
33976599
228887718
797197948
10630727963
2504964894
2147879263
-1
89246943767
30101936
6340454256
5980261544
18398507096
248457039
10056559032
442602578
5530666
666726
3933679175
113301473
295205413
516923492
23481995
60473176
2171528307
487522852
498834313
77595594
27401324240
73791
4811290795
8329720
34582834182
2857080
2078333
25882198513
36347911
-1
35620
1478099
30662360
-1
2501062
949716921
569059460
133067785
3402598145
71764749
44064945
11049383836
14631418403
76881987
7082749378
163184361
211520738
148661
2091099
86073920
32766545553
686281512
961408
2573011956
453416737
909732660
50965060785
-1
27756251515
171283522
1638289163
28956732917
316768169
8023032239
59549040548
12476889184
2924636131
236330719
3381900553
857571959
7457696391
23555511
-1
15177582
12900176
210041532
255430774
255597034
1475815850
-1
139903532
308663409
65751923663
854697562
9434497484
3337664263
11912185352
407809438
18240271480
8692997343
5973824861
943064
203948874
351818428
11988545
1904375963
389489109
570707
315548064
189403668
-1
14826064
49021535
262913966
3078746141
15419543
263347797407
1602848798
17337163355
5026089479
5836823521
482475596
24800044011
9303185383
12633643855
33586606751
13488321571
2648084
524022054
196462443
24598107
-1
13669075336
454423263
2609971525
93891108
38659117
627757653
28672085
104191028
1286958113
87249474
-1
608513448
188117598
149179627
253484923
84301200
9239652
-1
18372866443
982775
20172977
-1
-1
192918870
6182041907
694552071
-1
102358
16712519
-1
3661516785
870648173
607684633
32001014015
16919268525
258845664
3172430
7160222784
4522084775
103236677
9778094
62777994
100200009
143843191
3053647
137906500
38174950
4062477913
792008537
-1
-1
1205686816
31187071
16689211719
10921617
3963748511
7700016041
11596237451
10033783844
-1
2113082073
1034400165
6362773878
-1
20125425600
6616999620
4271106
135959659
2474760831
3811117064
90076069271
3825969879
25973570002
2995326181
4172155
7045987965
2301801
3969104
28124833
1563573581
42991506673
4326303047
42455507
1106105813
-1
81559063
61047778
74454195
3139939125
2262893943
598586878
91036288
498804766
17384450320
-1
339891024
-1
-1
22549057494
6815331393
213193715
109491043
-1
10589922844
14219329809
68032232
42702981
495021448
2102201609
5166083
1858323976
29582
1211268438
17437924478
-1
33876111465
994260173
235361820
10836408949
5913595174
2286561750
140488940
491336712
3938047646
30125430471
233678224
25231981
23879455
2797131665
9824417
-1
1142032764
616310806
4562810
-1
16908760
4478205536
251839530
2194353435
705089652
7627811487
5263813796
15083919646
29076096
438540473
2440576631
2418279921
1463551
115098534
19364459
7716477558
15206897802
175878879
2413419700
3879612246
2678303421
1339933984
101828370
1153529
68979491
3183865473
292248287
336794
3433863
2018282007
4525381735
2193381099
197888625
2189269577
78890051
128798482
75014862
1296778109
31260554023
5685402662
10365050242
886699600
679129
305471479
377726441
7158023643
1001677227
7396428327
3667287127
71258906
78135296
14499211968
4414693
332111554
27305222
22988791869
21592621481
12544161
628858570
1764910741
14082651
49723156
17130794106
267844
126978977
455568486
599102756
38713379
44722
2430893764
490490468
828319604
28635188356
2532131261
55238011
681124518
63387416
1999509983
35073099988
21055819155
502730653
14207061982
150393520
846849632
1125177387
163808
814405
11329659678
3060630742
23898
6067671
4653934297
4772487159
3339063738
1051129427
238283571
319689982
-1
13923743838
75785752
1122721523
131413015
419709
1148824382
2173093756
9164070378
80234217
81970378
12203761
-1
8042165
6079017724
7024141796
753345954
23360622
47647018
56778091
719191761
-1
34025406
1175084224
274308245
1469794444
10800323781
425409213
1507088694
-1
1914580312
374581
19258754573
1559559896
1626093
1823463
-1
2299726961
60185779999
8360816
960467526
732520546
28408982
8861381
1454255672
239611719
7594530508
2753379
282523656
23581430517
1362526
-1
114959370
6894872225
170493483
306920
15911393
8909456
54309941
8682657916
245941753
4724439116
2242073055
209052833
8798982115
891022556
175490151
73962618
11784401915
170373516
214632896
42528023466
4315154007
20265579866
828403829
18194783569
820616993
159494168
1180746921
328855016
6085661
14413751
3361556275
345226
197917257
311521629
-1
738341725
6061556
1463706274
249104445
3099066647
11496871670
2886180
602049631
37156770
83573299
86115429176
178127
79710319
173693557
628128897
1454938607
2384372
4368562
48864016166
482332624
37557323
90796831
1618447723
72691586004
4406348177
374982209
454413615
61954705
2193857
10841673885
3002942379
43640439
-1
93175289727
1082246089
967313425
8849598
-1
980992799
-1
36433251
166058842
4173410
-1
53179198
8900759168
275521300
-1
701585924
131708
13560938
184344252
5124834
4304552032
357251558
21478135094
284726844
105459461
-1
7155028025
8877131709
59157270
405774801
24029086781
47061320
3243984909
24803408
45976871
63690010
18733419588
56477916
-1
742583684
9531968947
8308451017
32715100262
888655849
4514742
3961599354
2637053
-1
12072392
4584218739
7848343
5576896876
-1
-1
3379051146
30329588
2675185
67263638
121297008890
483626125
15137319399
12443346
44552
26478387
161301
238634964
83622155
-1
3475662
348509213
53346106097
8562879
1585695873
87860115541
71514741
2325559073
13696825626
180756952
921253
17789775
332523847
80909955
16594055615
227080718
4573541828
236441126
605946292
14142300185
192055844
2731441787
144815
373156636
3670370
16867899287
1028183063
22173643
465563694508
2882879
2125020783
17997408
2716944331
3175686222
9118641118
2114863
40203468
-1
1972486
1421776411
-1
50370662548
2902138092
116658801
6070240399
-1
572330321
1160553720
1960035326
7543639770
32305951
163216075
13193862960
1211592
-1
151950688
2205451375
911802493
5980716687
9216949
743044937
67579049
90890371
35338763914
1644505074
207547722
3673217556
644641344
9050223329
4976548606
2326558105
6573691
2265835129
436166349
5082211751
37617571770
967728404
22539279
5196988989
5443138113
5189207923
69891514521
22951495
-1
24709915
-1
-1
1095628440
1785108319
51391186
718561541
425851438
1972077255
118641192
266445460
3226768091
111213284
92153286
2746706458
-1
5634761284
13613064
44893220
6308600
3942356819
335211633
147683174
23647312
-1
13778750534
23735257520
280089662
653114193
4672887
453410315
3409
330643
446471466
6815824822
306233
342545233
2734033
5610708025
1230348
322668633
37154980273
176690719
42410493469
33329842
579577091
190412920
56049408
537352567
2116468955
32175844
22699427017
970104582
10040792794
16962039919
23984037438
18746292962
103412681
764475362
20941722442
5793667725
78070727305
96517279957
12636537
2623041939
120891008
94614915187
35776645941
-1
633612377
3412939
6847343892
9158360
58268307664
9084472179
3976728
1113250644
24130463
595528014
9214253109
3775151463
888280167
1961869928
19031839527
383623814
20395464853
138374160
2334550921
6283279545
3429649963
3237745003
13981845
6695991
230278328
266136926
6222154554
6435862245
-1
989689120
4124069458
52964621735
157915016
26749051682
152237286
61968323
-1
21070508
958873433
5125229274
46941136
941533050
346610197
-1
528426108
-1
2674383074
-1
3263242
-1
27422436
-1
864399050
190142785
1325879425
39903481
7911069
219196770
728083266
344731200
15919465
5044170370
302414454
36248039988
18726001012
1350703203
103061038234
167218975
48927465
9629437745
678158
125014736
150387554
2112431672
6888047817
26216906958
2240970712
29163268028
518535490
13298399
6420777164
143043163
49928423
188030804
78192621557
476212
3546544401
45579119386
41284460623
8469599478
110259844
-1
4820941247
-1
491550807
5499239196
13690984156
140284679
21768539988
-1
1098784905
1129275484
696921
2469410524
467896105
418969036
944263425
-1
3878262
1024994688
198702330
169169
8555416
199670349
-1
81908267
222022687
64784406
-1
2686011961
205481131
-1
-1
-1
822593910
240286979
53847455
3292843497
5135573575
1690475
1180126240
40449174
-1
213520624
3636269
39677541
-1
1709652203
10439753
6569454754
606242
38831433
143065440363
3482229973
-1
35783953
607912
42798227
546702184
447773188
9900946784
13248830695
22563283
73681351
91366357
653268
124580930
204036717
4180775288
-1
13314844
980955644
580590
28404702579
20270242167
-1
239214120
29876539814
230972607
6793230999
115959084
337918292
1574421
136262528
21992930
218055682060
1359457068
6559524
548402101
1028879696
62507044169
534819005
5474027524
345744706
6053134040
678357483
16579477230
12953792439
156219173
2062164647
42968716
3016162371
800765
1572738513
34174601587
88663398
-1
2657475172
774990402
2653905370
2049577054
306194788156
36619730603
7157946344
2159685586
44976748399
15886279283
616446160
198579818
55736491
-1
33607599
107887453
1072832554
909095813
4061156934
25634607792
12429856336
185857783
521432174
103631292
374422993
6269285
286474255
15078061666
2118644090
5716890596
72733764386
341454077
247211983
65507881
1494937
453072763
79187116
5689076
29789320
2545356
-1
414247409
6919840549
159062807
778323258
508093
847745
827341259
62326544
2423322374
213961726
16200665741
15677379
12599760
63313943
4909942
1781622739
26876647869
779259671
494886714
6179057
410956
13883743
101089852
386853331
2273903
2589418118
425475780
3504139692
4788883978
22264454
-1
104500981
157242306
599282525
93334087
753564587
1219171811
650812036
1056967834
61169350031
325011153
-1
5792533
51737891881
6535213913
202544410
71611393
717136946
572734249
152469462
1087605767
-1
3517048721
12427865
2459723866
109817954
8852859081
8025969239
-1
4802790561
2749632781
6884581648
27584488
32605462951
-1
181539278
549482413
1287793135
-1
482679
1864412
6841374013
536463076
8597865749
-1
1740416
-1
1020530
969696858
-1
292267537
244785227
17985402
1584922806
664050745
17625108
286068111
3047426234
2910041
11179315491
166171125156
11080348981
7790189
142739202
257233704
65353997
9960
13074099
3815603109
7781654150
91974957
78825278264
-1
236922666
665509406
35809988789
151218233
1359472
34646316
12829181797
2667153
41213798
39808711
345452116119
883126026
502160396
4763865890
2107790572
3950191
1206150191
74256474
162269569
99060483
2332890
8956482895
55113161105
9315148589
6351
9236055797
42358113
555864903
7648515880
2543012449
11505702
2905527718
635718345
24735818396
305623977
40040414
18428984
3233892666
1056110102
1061147301
20841768880
222409776
5808588
2956238600
347545975
-1
2338074163
2272347
-1
186522714
3641595996
566285936
10205712
2616296758
-1
19934081202
5860762895
53737276
1941613230
3397074
34487745902
9921768
443273678
2825770222
90547526
2098594504
2657041260
-1
232798934
10919081
5777358
24213469255
2262810497
2904745279
68777794
-1
226006
60936162
10200674
23214804753
21832599
7382001992
-1
53856498995
1392051971
393796988
-1
209036
1082984431
32669790
6794428
1421386914
45664781
28320664322
117572679
149381228
67910200
-1
20885696826
2336901274
1171508949
9179072
-1
36003697
10410038329
2711214904
16494565734
53997225217
19395022238
320676470
1106356591
5362060191
263086345
38418359
508360752
43274453
182877895
-1
1569769773
71382614
1188021766
20766263
10241133501
15620967707
119533886
3139106
132448459
8512402
103139808
-1
418574258
14367385146
50605057846
3316381
830920640
538055635
13410563103
244330252
18641510749
360986991
145841454422
1202975303
114626566
1098366
248345128
1227438134
127876915
80950571
8144942131
1274695935
1545816406
15343743143
-1
593193840
955633327
406167282
65261634
3893326575
393736535
32332535
2142265091
417555110
725067669
15647869
2537355
18884919888
4925452997
2001927617
1591911214
79373258
1981928390
1035735294
13845177370
4734370604
1722959
2777157927
152792280
1546059512
114405791
1423971441
1840883842
145595857
48587135
507216514
65829
2934509532
3596011646
7281316693
262569155
39920
144931584
6159568008
7661047
1181655898
7592619098
3844567996
222892825
40096691
1242081682
5347450
6185104360
27575716631
974176129
505267617
395406229
80409612
284475723
702354875
4624503
146929326
-1
13281297
260196534
1360907063
337326066
4716182552
16538178
63231831
2934582979
-1
255174160
2476509508
15640341098
19274961
22142933
5951960
668936206
207562498
102741494
22036015837
6916361060
28585761
166538113
107038645442
6041840274
3498011307
-1
120103683
2722630886
6063936074
15963487342
76748488
731698683
274420668
-1
2206373
8147284487
1002029125
26362201518
64544235463
1868356008
26747880
353048628
26550554372
14144339817
14368025
10826451586
6019098928
1575078649
456627753
24073007029
816960675
206856621
2520140600
995882
31392067
18522442487
3704479299
8742274830
98256789725
257359498
2167019
12514085137
406238335
543013740
4602114753
49134104
8690859596
398332393
3122729176
9925560120
48031818025
5626203042
68294955332
84975715
520377988
32574450945
44984011
2899808380
-1
79878928178
44137278
12601389309
-1
4293544
8449428432
87847562
161817924
10258815038
263105143872
18207511322
191891
4309186377
4132667
93609693194
806354
472404513
826264
649684934
24295550
120761432
4351213325
347284892
5102409
77939490
20890648376
4653799285
10360117216
4701830
10818830942
9065169674
187950887
602262946
144735033
81885978655
2154164
1348748760
657044
87646600
6353089522
164740672591
6151603021
610
156777215
28663566
10543555
-1
2515005
27477604516
3412633859
3174881753
249787478
48654927
255870822181
10849421
37872079
33583208
39720801884
25772484
181552372
34774291
24852096
41746235
5408166075
23054759
53898523
21391662399
7017705
837097879
228685593
305843109
34817555
5145509
184022985
190912431
7785155337
53665831047
1680018499
341557029
8759310146
17353641
3942721053
-1
77576486
3406239868
460083034
83658056
233415877
-1
74396928
10617789
1598546895
485474845
128270946
401781748
3151278062
21242596
341036360
96434492
644241840
136736132
3657381
-1
679507697
2523310732
13767920
94901962
80686866
123688249
6620935679
333536087
11460509
186302425
894683453
1141078691
12181879
119434544
495909282
-1
5815785436
6459571413
1623845461
18439406713
4817592172
3539523820
543089
4641134270
1389510282
257800108
2587801348
39606338
1168695612
67726657479
22915067337
19684407766
4135041
239563701
25351281
2377848984
241141620
-1
37675273
5121805
15074128
3326733
9790953375
8545480
643440820
94055555
17595849
528141442
18307506000
177906036
249521114
-1
69969035404
8806911078
228997
14021036
32305390464
1625319705
21167859
12958045
37889223937
3586913
237945128
22482836
7282268862
224002238
6030776
15916402293
230734970
2149231282
49049267
2305105896
924465
4756546574
2785042318
17581921419
63256714
2192197
54662128
9054853
72989316
339802379
12254483
-1
558105007
245129375
8789908535
1243097361
-1
19699697
269809806
973178354
591629792
1731742688
3787493184
9886568
3355940
76354013330
661569274
26696638
80155832
1861922438
35808167671
282860262
1034431
188572169
-1
1123843563
2055934348
9010779
925516741
1003887487
117102190102
18304952
38423418140
1809836
10634971
23289577
16805
4025912
26897245
10307510
91027460
14166245370
978097822
3547415580
21713500923
6297820497
7413308311
-1
571587220
745111069
2810155161
5877899
28776169
3208139661
41102335
34091460281
344993312
3238528793
98675754
196171400
666148292
9436496477
72471
5679475775
32965988107
154414020
-1
7411368252
5598603
9377766905
783852618
8378893613
5268559458
235154776
23292998
357051797
12930398
994281165
145689018
1220564036
4709268778
52321947
5920370595
11842327
14044569655
225343816
56218614254
375110169
1957352654
-1
1174953918
580348956
-1
399580979
3349771519
380360887
330560037
484099254
697811231
40028593
1736044856
195989672
968389
10796337913
26909687
1039063192
1476989163
142306361
10772461859
-1
1418424323
560736512
4222529885
6369580
260361178
1345573836
5550816898
3587513
3381104
2313269
163462335
289689814
181897818
31013665
11939112
99375705
3242477
775279383
47331414774
-1
156536161
13372905784
20305302
53693455
-1
124421193
1416870535
2897194712
784709315
218688659
108168778
327057982
377246375
22136008
64193655
3559842837
18523567316
16094910895
206680003246
15412831
1455876692
1163031867
98551970
27460283
81494638
318047001
2788196537
381368482
2687461
23411422645
2469333894
55585834
818122569
153592123
223915037
25350340358
4497006641
-1
193719627
-1
24380604
4441612063
-1
24974896
-1
-1
3150676716
650540416
-1
175292759
1880849428
2451518174
5531974
51635916164
4233095836
46581445
76349450
1004803011
437303346
1991882810
7165004447
126965617
509833112
-1
4503417073
38275600462
-1
263946008
23303506622
18606907
101832004
381332691
48965500
93534309
39440844000
396150681
318516487
1387015606
187846605
273322520
946596457
6189200301
368768230
367895216
792279912
551444164
4168501
1804264298
-1
-1
-1
13753327
11504
4544264126
1134349066
234568130
3668352042
5040251347
35137205
3945006
204384808
654849625
46071185
18951179
-1
186285430
2747102201
10159208
12862862
2668267738
109509393
82387012548
24188568133
3866064547
1528937
834614806
190457750
79266448
2499126224
1028126740
21091996
11544962731
119579868
24223332
9452905501
6800360
11335996
463685602
55508442
8610105
214551388
6012208009
406358352
499617701
15211212448
79780919
425704422
258393437664
-1
330920605
7531103
4385494745
72816533
156101799
2316581468
106046074274
1608446133
464975001
690169359
348528642
12444032327
-1
13854968
1907937416
-1
1477227321
6656870502
36789157
1423337941
1090405413
11977131951
6858839
59665012
6047764218
1949079648
95625808
5064351524
797405134
1576628
-1
22572391736
-1
343612077
278733844
899078650
4300922361
100661555
334829984
1434390
250755
83125406799
7565069326
7844931086
73099699
16505697840
3986959453
441162
5931674160
733225534
13868744372
6694327199
41122705383
-1
528532
65385688
193968543
664873558
1168489894
2042961217
34654579439
-1
195566836
10198922534
277072249
559574185
4824845
329912942
4963307009
340897751
346139426
7019880002
35766707
1365595
5912938
18535008847
2836738751
9930079819
4359068
58262269562
3344258581
6078883039
11851473982
524600813
85672761243
99846960
1968177806
18950654478
1113332
634528103
58872680
966680312
199753326
10654339544
253777585
-1
74693072
114348164
5405782600
158428580
419765798
2981584
6191668197
-1
19353285
45449576
6759289381
2051256152
108412010025
4492452980
439796021
25431076
-1
4747689910
15742802489
318739865
51398214
3285698761
743643677
57062358
11345552
162265570
1023185884
12849246630
1251855344
19739914817
18551009187
2763527
14804021
25946393098
2348001276
1012088504
-1
-1
-1
4942441105
5289552564
-1
9185140419
6313341837
49017495
57697508363
4688436734
7239701411
48115072195
7407936
61499294
2216108174
9784522
-1
-1
25359629
22730049
166536547
-1
22921356
177341203
14291168
1027279210
1825253529
20794670
-1
4112713691
516331872
37244684093
1355303
-1
-1
47886249239
54830497445
1116042
-1
3312082846
1712315980
53570709065
628791810
-1
16412689
11166322
4373474776
576107
2614305834
856463737
965747807
142716402
2862017665
27647747
1550031
1447865899
256239150
990228408
1543179941
261408050
4741079405
560177
15397139447
3397372
240917076
1006397574
7461705823
1024619
72050933
58185655
17552921
575485452
1084537
91546799284
850830156
11718141698
11544613
-1
404131925
-1
12136461
34602782342
133228216
227649889
20838214019
13703160671
102524348
1275299242
463138988
5808835336
66870832
567585210
100398661
325798381
-1
7622752
133103336
16573043666
8854161473
4758712
1727054145
109842464
23099032
796494613
52864941139
-1
38937435
1223695861
796589
189351080
610216
5015542170
8681630
260330076
12126880788
439849955
33006119
1861353315
3924094
51927338
19977436057
30206662183
182565113
3704353444
615252331
1070814538
167205551
29471894
409312144
871229388
36158274
214908066
60558054
420701158
51343074
114057584
47328324188
13903285
68493732
4277433887
-1
70713836
3736124586
86630209772
-1
-1
7713303592
138746824
255514043
2226231242
520094695
1513191326
8918361595
64348918
55290534634
585311
814922828
512064053
184317654
1734348449
13938797772
1180196253
141618049826
5169050
72040405
-1
8743629
1407202802
2104330285
2299741
7576728575
9405869874
82232012993
269918167
139180538
866163
6024334824
646076795
23315639622
2579513068
688983172
-1
532547458
768216
381728087
22777656956
30622676291
427948751
8346129862
80871557
521272269
1626444745
263070721
706081537
37270039
2237358311
170839582
1357112
159966438
681529145
13710186701
22469522159
66049517
1758739305
221565886
17579367
104190410408
165018580
9768865
2650372637
18767313677
3687225169
3474230863
461417979
542360
2656620725
4591728535
1128903818
2003118561
83091508
4252173838
47235990155
1528728691
167531008
7481843
721440695
321826280
20009974594
102828779
905823362
2649579
2749467
108461109268
167989
226208
30443057
60045316
706622508
7201591
187633944
2961769741
3962750204
575257
6047241602
216188
205755207
54392908
41909303
10971484024
77860613
1587923302
28012371621
41989698320
1578981
1758343095
7076921
6896124049
9470193403
14317536737
8609716
406523075
550639952
28832543
44811511676
10462471
217270510
-1
55509370
79027156
161553423
18034049454
-1
119808788021
-1
1694921198
285029429
59378367363
5035714042
381563405
145655003977
27987618122
1016797871
510693061
443002599
-1
15286922
1154178659
742829563
27581267586
17529943305
477987344
23345102
1152652835
34463333
5909581056
29575689
25628964
73075060
61752100104
939253442
3656649294
420511909
48639177
700001778
6766388
328160742
2157407737
439004829
1034471326
76481883817
109482662406
34301927
14960293667
91995634734
59484606
1202486721
168512243
58281931
9733499403
1435028656
119327419
-1
342601101882
2372028
572697
5368924688
2265723
498984022
31341850155
5161228
-1
651183792
4187593702
19888331426
1400160527
3931925
9677655189
34541008
20757101
156728522
268034
112674
381568606
17135
550141809
-1
7759804071
-1
1791683099
79772527701
-1
1050875550
185162412
4242114
43501564738
4216128
90684295
-1
16628900
788409820
728877
4494175021
3219982
2110764726
55032690
3115128
2442421915
-1
16986896
10105162
53147836156
3703787567
115819911
106713895
4421902605
33719091441
83339982058
319243734
3563286135
638732713
51969846
26035193021
34275576
698459
-1
799655022
83372
12386126
84757320
-1
16257554756
2490316520
10413307537
542333119
6091897
142822193
2817887807
1044649982
2786560043
-1
53412270630
430719909
187514877
821057176
34737638
602316195
13431390648
768233534
14364245178
175495424
43262924
122676323
-1
302732834
30487510496
4334086934
39306091244
676580792
24420170
88301516
5233343161
300782462
4515472
10159213322
1370837166
83858741
-1
548862
174307654
8508005655
1212535777
122061138
44713082450
18321895
146065909
28590747
1937248058
118271074110
1719601885
80406562
3030804571
140183103
17313076
1242470497
3788417289
49104897443
625393994
61963321
24489771048
6020192967
14431473043
-1
46706619
4718249286
13512711219
61846411
12138512526
1410080144
184575382
8434201668
1620302562
1055828672
227060751
96734107
2423633975
5109299
17407673
15565978896
5690591068
287103816
4381863449
6846136
53999295
-1
1082250323
-1
385269
12130843
25749414031
2192516
446681943
578366107
572366
39517986
23643998843
2622976924
3197639961
175312385418
7505282539
68043
22569920603
129658570860
5003068364
12961607
2667727073
26414534
37708851
4206481
221958129
33600610
18043176786
92681198
40939739
21588399946
24419
25650
4745541772
3585037
943832780
8361332553
327505114
20578008095
20870463547
422986319
56589446
1594901406
790022948
5030044198
795221980
-1
546806963
1702616997
979357839
754411187
118391312
624640422
126020522
5955020059
1807363242
3589227848
231317552
79644334
92337693
1008692480
-1
5887784399
31651018120
732993677
38507129
3218718
1562245367
188761669
477893
1960198457
294989354
103719317
457816441
14214187692
821321615
3418741743
59910
142553321
450628859
12662389
5463382321
7993029248
1616904477
153729057
28537704565
2208738894
56806552
4257561
-1
19694510646
210978931
180709
15855248612
5602602
25020993
1284078474
13285608094
684027707
1932347418
2353960370
18942359861
37429
27201471
405452187
147631434
9520275
4113010163
274200286
191339814
115586272683
4962129375
1490556
13659037
6703849588
-1
15379109
9970166318
40847097975
5584118249
1723040055
240624052
6273598360
2988174906
171302442
3077818588
2313427
3279329912
176668269
15476260447
319395693
106703360
7915697442
700131953
6159834670
516805022
3989490
103073960
-1
34064196434
11686937
1104229112
837837
1014600246
565729705
3488812467
-1
65504393
3140010
34464629
1344504260
58520648
58139428
843010349
320967303
938414363
248777756
186197471
106880486
69124459
68220193
12284561
602068276
29396388
147534954705
727798556
92656698717
357623821
631520986
1627441830
32584382
13553976
44650894142
1275244996
385931
39888529783
149463733
51376226
143991919
48618313067
445847073
504522470
406664
-1
6103260773
2720923231
37406148640
925584929
1069437516
41995233044
652134397
12643194
180611763
-1
42600442
607069588
226574694
11567230
49496290676
2213297492
38896669
5226884998
1926506358
5146255
244656628
72056095
4517894606
3561536768
599790855
17153
98122553
521094459
57477994389
1197603290
978753793
17546005
1829668273
12413407490
12933168792
164583477
3029418433
55896986
810650168
85492453007
677271643
738726643
-1
184038006
144619447
844639991
-1
5986443652
120887872
2100946384
1035820228
2028523817
519084
-1
-1
14952938167
18018286081
1273654387
14353870905
14367206741
39969632153
5317947898
1963461868
1338538492
9835185
45588008905
81043228130
770523384
359559029
66741322
5936172334
101376042
3037770777
-1
17518750207
2963481113
86640658
170977004
993947786
130446148
416776143
43456876180
18909361887
86041535
38488087
1207313
1507805
29630812568
197471639
185970113
77775943482
6456597
355366776
1357467589
78984564
119562967
5386787534
3199231728
20719144905
50229774
5544996532
481556655
44849348972
5942966039
-1
46171747695
-1
5730879
3139437
6182678
11969667147
16809674384
-1
11080972
7885197
3790047532
128121898
42530668
2436137970
38394679
637299177
28252496
73761455
87189768
953819253
6183637140
1912181334
860134023
118811553430
8799198228
34776141
1234429916
6101726208
1226101895
42165495119
3347424453
3981376364
4133045092
-1
12264855
-1
996019033
10293562064
45080037491
9861820893
1357812075
5116463536
2222461352
1030947623
188302719
66333816
1258323738
2683608541
11821525358
736414543
6238824
17712073
1897632771
237594205
25081987568
-1
388209028
2369103544
-1
9592480920
823034062
11514514
387790925
1609830
1152470374
340122044
70628811
1030832257
636265491
698669802
-1
72226168
2947217906
441319217
15478791123
916943285
2023972523
3265308036
11613342482
121503063
935230
1566276210
1252636
49657274
27937908
381824468
32212082
11013199981
359052295
24094168
1638540597
599920160
23043335
48841403
10949130627
74653295
264911628
255335745
-1
29671945
201236815
194288291
964492098
5069634480
5801612
1611297021
8336971108
601275288
561508757
985928872
23634692
11771696561
108655699
4550263
115696818361
-1
53662223637
2771292361
17350426
816593
2135160237
197317543
76795075
73046384
326580
13298388
3175227067
17586027226
729378801
3910034287
35490714
25467778
5115544214
405928892
142456523
1753174
3618016039
9538632400
2673087232
836922943
26932526
342078403
-1
4271621169
1123264
19562067370
-1
71214400
2762829
32247608910
52601165
3592253914
498882560
8188466562
-1
2382225
1638733
846875326
10823482220
32505786
31144114
400784978
194275
4239668119
2000713534
6059302219
13318752
1804521159
992617076
7371008542
28236035250
28478628
7316332
10580835805
428042766
345616284
10431753
52259168017
3303489
282462649
12361225555
6505044
90804505
640394846
-1
2309737
306514
76689006
-1
60571678
490520429
10413820729
3734048989
509540
419258311
166646973
414384332
14746438549
5648176263
58913916
-1
1342347594
5842842320
1369831250
32358461414
-1
71150767701
157017822
487234659
512668848
21192114
8071024965
37292285
47830122
102954634
1458264978
30726307
60335005
3775952220
396862270
-1
3862816885
47973577
29781324206
477094925
482484916
119185676
596352990
2950255108
99468074
1282156712
-1
6979693696
985025831
1206499771
258063596
198801
2501138741
35838366599
14815327038
24071238
785007772
49035920
16569308
-1
4767973202
82435189643
6959041427
3258196374
914984024
661266
23743946303
79996940
3906616877
77677066
5632018380
37598854701
1951280305
-1
367173698
219735277
896236
290354
-1
693480931
147694336
10136272540
48061403317
12022362014
453024643
-1
764127
662746079
187515899
104037394
155901502
12939058948
521850
13492705574
201779649
826954790
195215537
-1
173185998
4102868236
3040889335
269920746
1485348579
-1
8086849
51142162
106046598427
162937291
22792944
1813536594
17866409910
23986914
390642
7186264
2906101026
1338819999
2699333943
-1
2957
371285519
469739610
58543026
36177239
7347527851
66373394
12599546588
3953089557
1731103704
1081646930
1054891709
727782429
27253335342
136557868199
805167621
16729314
27996613332
2556217
813992381
936424055
41215824
9384198993
15562612
6082779798
236487967
4508340
250731419
35907564986
73887531
1215838088
34397194629
238784825
657622617
35400128
23495075221
1608042426
23858709468
645027885
380855
27584840
9282474350
62688488
818380259
49675608228
3619648299
1552541380
255207359
27989408
18996464
11010130
28853054772
3818470175
3691323
313626770
1016471881
17174803224
8310141
7021098
36712430245
18925315
351032970
-1
1282481692
243255
25750644422
6394942079
2294455406
5522124
6588049991
444477
2077403436
27885970
289234323
5318456321
1750464
52965250
3067148693
1142069465
1316406166
-1
-1
2638931086
245196369
950823095
10300426965
167492002
-1
14441624415
4000952
103381601
799360100
2922678763
317043377
6600695368
4287808067
7063147
-1
239275506
12803631711
703685737
697436387
-1
20211354
16200393864
1012359248
74739872
1839537468
60667887
1951768798
1340952692
8510462964
37761602493
2353558300
424858518
772581504
-1
729306
2338284552
16198377308
689027861
9656619677
11395669169
60354840
7070061
17126015527
37714906986
15864349468
2758953965
1909794414
66995489
5189377580
97408345
747387
48407990
12593245666
444519881
1029026434
59984257153
1157817039
12021623565
321024019
3630681879
2223176674
237355390
70042844
8438758296
5003477100
2082653305
9264824
1791821454
1282040030
1303991962
153817717
17142077165
2960568352
48227100
108196543
16115805
6880850663
1564634
10593992142
416038493
27741631776
110150556017
370214320
167856731
-1
91626366
105604239
17452298107
613463605
774154597
177008
1928842969
6877873872
4885564393
54129832
-1
16700801
11339916369
57065027
-1
83273948
78791737812
3293429005
807128944
6801679338
6041389
7206501
1012536374
191240127
397247412
22341588019
-1
553056
31338848
25546698825
6281749876
3668958385
17912217034
6412255677
2737555141
12180014687
22753112557
2657826453
10255542985
6549510859
16435987498
5417965032
38743548
15538934
5994449
17669718
8547080880
4011034174
13623854
13999080535
1031780225
45639760
4595774198
120362631
788076988
1341504167
11341738908
-1
9006305462
846282482
103561870
1283004
2199411665
17175109329
20197472887
9232171097
6790410562
3565143792
11403987539
114831554222
1551430594
19974096088
167025121
10191753300
3576416
2591736904
32330207
4361818479
6770974849
193445431
2001402333
3129644521
9320936097
1170202178
-1
505430914
35895461354
9110017
27126999754
15569979157
71786956
-1
219971
171315657
2334900752
36565517
1013178
826653044
378727021
355320613
53960083
3950039
252830825
1593501944
337298763
82562525
36909087036
1174136048
2869900001
334393278
23927933073
104615897
19481659
805229670
27443977500
3329727503
421301884
4305338
310950337
947925456
-1
3453451778
3736214
39972054293
831893481
141020907
-1
990601908
4687938953
225933083
216671794
1476091868
4196815331
9824141
-1
983719
1652769421
-1
5765497674
-1
4449863923
627639285
3712926888
91459026108
18045625852
533398867
3255120054
22979270514
56765039
132425688
53865575
38673513
9183414948
39613242318
2343323
-1
150950950
-1
5667152370
3457283051
1512852500
7410341003
1396356293
174238
121673309
142213901
1218067469
942031
244009582
28791
249777
33354638151
182177119
1302296093
173560633
1805682837
1998132694
2108457264
4161881428
12670
6255418664
613415951
2200128303
213948517
158968338
-1
52556562
2444732
-1
129395967
17210255
1170403587
567167407
67779004
67288062
-1
1905136126
149824402
19236400
1216242472
-1
1684963902
65690198
315890112
2209961
3973564073
132063758
351434611
18062098155
5068790612
1799992659
53771283
4368717971
4472229374
106602327
308707981
43898641
-1
171071997
313741301
356063899
34292914843
1428714671
346932573
389262
1302826527
53491170
2801912889
175620418
17404726159
927484
48824641
212711907
70123184
31596808479
-1
13506926386
219916705
7662074634
1082213402
999873418
760406232
1917247643
81846302
429336394
594355086
29141315663
5163753990
57399442
22292
10868838
19339566755
-1
19729812985
27750705
85123194
-1
663276580
3656674871
36043529
4112823
4623386162
383251
35559003
24119
193781793
191426678
8267013456
-1
867524
201126712296
123758186
5321005832
-1
15306441
106588915
610315887
523040026
2978722670
55951403
537360968
453311602
-1
19803119
3979914809
470078346
1461872
24943927
130622
3786850130
699347680
76095841
107899303
56018513079
27761738
35245999
20266702025
2256849351
3829324429
3400301
12479270483
14381307491
53372
376486922
2471709429
27566261011
184458470
-1
-1
425497295
6666901
1067581342
128601078
662851981
9604612
469078930
8371179142
7650439
52484896
250260440
1625038097
1565719536
3276758628
1239689032
-1
41620226383
48475046
10641646
773833408
204463661
5723499587
28015591565
7958767
456655158
975004
38344435
793753
22165738
1056317
805714252
6932140514
530618236
4717203870
7976804123
216937744
28135449060
11931539
64814179
4097672988
-1
10833109
771127608
101935526
-1
20748043
23381733882
6003017098
1131038497
396259330
1225514919
5296719233
20728753012
460330340
4485030
4471279
89078725
244806
-1
40125410
1248445071
10697515
-1
4108329791
58429674
34947455
872014716
39636328
17418095554
315524375
-1
1467451020
206619124
36215048
19482754
3170809
542928030
209500300
41266248
8923049304
147099703
18348861
3132108583
-1
130539799
61184350
7124586953
50556644
6674760237
363721585
224786747
54774077
1200319133
1555622
3202403
51659575
1575131421
7730580279
204300078
307358270
185648373
5820476201
834856312
42708992
-1
3579956
477648711
4031669
-1
326442388
287305459
52648410
797297
1620561106
10118964
6702207
145936497628
50257754
6163992
-1
476921881
18604227070
116292874
43316969207
1891984158
9709618382
5341361347
22736205
2496731331
1993420970
11152896696
16876312
445156107
1121099478
12819193261
-1
2694637999
26533442560
21785629921
534566675
61537476
790521845
15212529
8200493198
8623193
6506510719
73492807887
521935581
10475356435
33172725593
2461907898
1823729538
20907900508
541632964
136827337
898889537
-1
4766318976
-1
274686881
5758584909
131132890
84826946
46967533753
544288733
584524
548222167
7776622499
986694382
19269241
1097332956
78772294
12755671500
53991713
2289186377
11738077595
9125188839
7176565
251791128
27846159954
168805076
1993584759
57635368914
4256030617
48406527449
919670166
43402369
-1
1770320160
168858106
17274295116
62766922
4927073
57949619240
17332421866
426588
3591535375
258912518
1258028
17068494
8054955
4710692987
11086322831
1749963371
5431006761
4726711923
239607468
1461764650
-1
626692547
219661809
6956857
1120990905
1710705818
16354124
60769795384
18733909
1123080823
-1
470833411
36450734752
858139200
41267561
101676286
1323086829
12401446902
15679744
107038431
76976423521
122917535
1652326779
9214751
338628985
88533027
752269319
11209322801
-1
1402092971
909247190
3069018006
113335286
5137217395
33068242
152368502
6909172193
853876194
331422145
6071336412
461480095
289372209
262254637
-1
9746523
447299420
-1
1256228822
79095066890
90779529626
-1
17268338243
912608296
21225883
157527747135
143659164
5554918070
7274772
2290187004
24641684723
36984
4041713
22124680915
68624554848
342647255
2573365918
-1
1963674407
17168131
3538287996
382758695
4280283243
259260109
138590883
323002119
300703628
47786027433
3565523976
2839807207
133259111
1991231543
29014307
2230781784
4658696
3310089873
45488992
726954411
-1
22962529596
482759061
26343754965
2212219
4338671864
6042757841
28528952456
10995491
6052777649
124498640
14278905
477897864
160601398
567263012
19471755
497243486
-1
-1
1070139
276208584
28737060
8448828307
269222
16133222573
137627
248415858
7965629719
3850943345
215610382
-1
360197092
14467669758
71177884
2649406
22998196245
305270
10351088
368620210
3451023623
39765025
35267564329
247699775
5928718445
3554148766
1439906965
691064024
106427871
633048
784920872
1625538
74201674146
-1
292745188
350156
87447176764
5697876654
120135119
480628863
2068123
59314068
334677907
5096595
898860887
4903182
2161106699
253273848
171191392
16483882801
14849426419
110565572
40522257
3697003
728853926
17985708674
2302686860
29798576
11373430
13437305
-1
550728644
17339421621
30577990
1756469199
442943009
3467152007
3158213405
18891255
311493937
1129053
112658611
754882539
34045165607
59120404
3637080
995457449
2504476596
13133552
18784449748
1992205737
7426663396
394535924
255910782
93376292
10334128328
25601873
3428075262
9540095153
2512404399
472087693
447435420
33607608
26082917505
519017821
43406488
4163084793
9554155453
120081891
450661191
38494764
-1
4749359936
9342863847
5313635747
87301152776
1470794162
39324633
2245473292
4342996213
1789873072
255305524
-1
64361161
2152896614
196209923
1539858825
516378239
633540265
27840339
3308794
788953687
992349
16963735077
1343780
538911
145153492
34599573
717376763
870209112
122307147
77882140
10745063239
2010721
2121847661
155328854
5727331018
26052407041
4822297750
12455749655
23742099891
122855217
16727727350
7512202598
65329692
2834972777
222803637
-1
2878065959
2473635655
3033057
57346044309
-1
2380011669
89848583338
379683130
4458769127
365618698
3196192
344308143
9054696793
29261999
19869440
585549844
-1
428398
3466598568
4966888712
31006622
30941948862
18426240
899737814
73101
-1
526583
546829129
550053431
175376864
19899425
9082987
8713956932
11549053
6838947
343118
34584874518
206671
2457570374
7375617299
48376083
874675936
79166051
7537502716
4147036346
831740962
63705274
11433797
507927
1343379748
9942593
37334265730
187297294592
1077827757
690468910
790072961
158794218
6291440623
56659
1053419757
51959150
77345740
685730255
26655158709
5829460697
87001238028
2618831168
514433591
-1
1395654231
23239294077
24355665
6190927603
450780063
283119304
33131483148
1172574640
18255156703
446672293
15799651
2394636380
14950160224
7427756380
333747788
31890418
-1
1060747738
1834584456
2450416131
653352562
42928987
5768723730
14567093
-1
15471115430
-1
19773159
30845684
3481681272
2049734455
294881425
4548793283
7474906909
-1
9156197604
8299556111
66445
1434953220
1124828859
13106234
1053729705
4010078
242949817
149021004
10637041684
24160802
-1
1227036388
10241198
13147124926
5930494936
1946607118
37219209
-1
19886372431
53711437
121126593
1804906772
155229122
198256338
1182973392
539377691
-1
21003346
59907389
1262311340
3256212804
466781480
491870632
39740117566
5058154
85914612
1303060576
4093797674
234760172
-1
7900685473
12153284366
12692021616
4940189
2320948685
1162892269
788455581
126035304
8780852
7693130385
8070811439
-1
524608692
1818348849
602464426
609430015
-1
3413829
-1
3716512
92311064
3672024436
3951782
6609989
6824717920
3182402
60808655
159184208
2188109
267542636
1146114629
21583029475
16617317
-1
2453897656
210788582
10003063247
15669973
2022143193
34427389
21106294985
275105611
46123070882
73990966742
19852313969
2064357
2084545249
1035548809
3012149020
123210610441
19185892
1614151472
1779039125
1127361065
8423235
253474099
946494227
1017216224
215872582
13397397
2347317567
9128328857
2806411952
924560920
1656865340
1703226808
7297750
314423573
1145677061
1467344266
245971913
59207855
-1
7918456050
140957922
886477809
25013181048
54905795536
591712128
2954933286
1424091188
1994837
12402902554
666208860
1302917472
30475358235
2628254659
13604146347
-1
719624
175996587
886661712
1390671
177478849
36056989503
6561535318
5283534823
1268466
1525010707
2145909274
205412601
39049660
25481723
74790923797
-1
61633587
11284946472
63791677
162648527
635616
3008452367
1755153950
268129505
787510443
2019192118
152168
264077
8966184806
390174432
844268898
-1
417826877689
2549372993
449061074
19948591503
8551341582
840788397
36158203799
15844466
111420290
883658005
10042260029
70833049
112196196
17030261
6086621824
1894686324
12566061668
22768153355
285211
-1
210780388
11625297
3569787487
46278136
268226625
14171521438
6474372
106657510
221735815
331261885
1573477692
1169075
7380323732
5815436169
39343602124
816256915
293524179
-1
304835087
1798954888
236956902
-1
2626733
87518918
61083658
3611094
5819258
6522186724
8481359155
27481402
12050580
8852883
9730201207
7138998
6083161039
55175141014
19436457694
-1
1505307510
11185375
27532404335
-1
3378918
79581867
23026705995
570160377
63854512
14955306103
92470526
20769753763
1617255529
200387027783
39001247
76158329
3949473143
-1
317903795
-1
210514957
212030702
137350930120
2627224884
494962425
639740
929873426
100949220
-1
131254095
23940316710
8740852542
28434665
46234799
6736625926
12041006949
691608776
12298714
312306328
171755104
2734558071
-1
715833183
9836851853
-1
7802077507
10767774
-1
454729022
-1
33390815
8441850
57030706045
588855
-1
-1
93799500
5033429
399536201
1000230937
14177804
22898017
-1
457789295
2793758518
29345873835
36118000162
22524360
345602752
2923546590
139688621
-1
8342124206
9256039122
663033640
139050219388
13126499343
5611253889
1888156287
23301968921
830592234
733437223
616849546
2401889912
13194216678
29705285
24104420
11112690
1145522238
49661254156
21804356624
52621688
8810576724
1764416921
162759331
13263232487
15996503668
-1
51235009310
20033072839
2264376966
-1
47526900762
207806582
15569597
344931921
335555918
2708091132
19820379790
2716737310
1054178680
3514581447
1481010014
245186648
16526228
47129213332
369288273
56202707
171297854
5867906
16101977037
80715353
10014620191
2913702905
7940939911
10494185804
34202355
276302365
2302234603
12500485140
745541487
868228043
3573618503
834048
30099725756
240005431
3336805641
6470053285
38407842926
14976053
-1
4124984710
31659214
-1
3789684155
4596286663
9686997
1584515948
265552591
844482
1640351789
27078258300
12292344142
53893464
58581500748
249178011
76992904
-1
20016439
-1
405451548
11019978
223189120
-1
5563585866
2614502098
3284579544
544375
154854091
23058698
32287422138
83845796
45849393645
10382739532
619336321
6548113183
77289369
1372513498
301416356
54005
1135291685
-1
5438387168
2451238222
4838012473
7036777650
309605265
126005977693
2645592622
2302816589
7959998812
18926702344
56207636196
-1
3630045898
1039225621
312738841
16999794
5589069
8420840
137542467
14858556778
281695970
7480836111
299686063
29860308
4215582851
48861517352
14815344592
161091600
16826864
274749
3793261
915310332
482591317203
1994211150
15531888
4608855880
34534413151
-1
327320449
3489280057
-1
999834975
187432564
64370325
429845934
38037000
5179451744
187915087
7818296235
261769937
11731371733
26161751
6186196671
16070290
5190172
2210167
43410886
9400992893
67293015926
156500929
74786528
22511255
270239956
185705488
8796610054
219344379
772976516
22568332
776931322
18306278026
8619913328
196119641
-1
37611732935
5527966297
404974534
112137967861
112627103
55964142713
17945813247
13731279
160942949
-1
31069657620
547879187
594970875
8652198815
95242620
134837692
722048266
13114725
33601683
952667
12963631092
76991078
-1
708245601
1503818395
245298306
21407451575
1212872228
4882043778
-1
78550333
1240127257
291685686
444639201
-1
1505739216
-1
5221895678
14227798145
-1
15733317562
6269284012
5695261
23617860
134267647
223698
924880155
22035522397
30316542
3403271596
2762278
87447096
194610743
3067906897
7466876875
184537775
435584692
5153309
24896642
2447518018
-1
18022658
847024862
8184616553
443093397
33670045
3480662836
24892973
31619602
357346235
534828
6497030509
823942482
-1
4293001422
1990685991
16669555
28726597
1366063
20790861
-1
44239109
731486496
2310480573
40296365
961510036
1209192138
10773251
33649745062
10592600478
6012000954
461725503
4685999576
2041938199
1125863817
1837755
6764373523
2542654
495324300
40394599
764324150
2321518442
344163096
3751050533
1128948309
60983
24117432
10891432653
3528754487
77542
54641198
2795710981
168148860
13702525845
549285
-1
-1
172640707527
557024091
266161463
17992452
1104709760
4575573355
1577377549
30775048
31658430825
182173326
3678732816
1148064162
-1
481712873
-1
586777961
13588076182
40531282
844865435
154116482
3392937495
16705118225
1216687
168455
441443956
13842655
26409298095
2533486898
77760
34277612421
15514746
11485177
1968843288
9810199246
23907060282
455368320
119453032151
750085296
295926469
1478621145
1152476847
11737318
32954307
11123209
20296659288
393765273
4017894170
2289279953
87515529727
1735034579
93105092
97276197
3686294791
2752162279
-1
18674777
4126698727
5845558
193882
300074710
-1
347963228
1685165491
144885465
66658477
1326368246
88757464
15364081
43347716521
17170631920
13805534563
746151459
11097719
847353294
1504016471
55279177801
924698278
1896754078
22166074808
66231260
13199575261
-1
648327677
15232364
208423764
13060418669
-1
2661867575
5772944605
5887672540
12574202758
4173513597
305328074
-1
9417282026
20394396
1620302152
40724689
368115814
9433772
47305647
839481
94943534
2171576893
-1
-1
328214360
1286140743
14070828
260775
530315016
206786745
79959779
42161076
643622031
18257978
6909728028
19457213
41063870
21673321257
2483699579
190404172
4176860008
1505992659
-1
63281646032
3448382132
6491368642
39474
126227691
29674546596
284442103
8965043224
103233150
20431196461
8112530042
485604340
2438404976
78707342313
1052109893
157143905
618853804
493555881
79398152
3377596
1657748024
591885046
1937128776
35114701433
-1
101453573
9563511343
4568974
13964574014
19244724
3056414
636691002
181160531
349220514
14083308
-1
1185514485
47662064
914631938
185956635
21924656942
-1
598635334
494585555
1872949802
1293960022
1087689210
-1
74187606
128739568
27468883
6154973721
1500277551
1028985
2084042834
211359992084
1787357968
15862372791
30996497996
861800
25209888810
5997781229
709775451
428592339
33977017
3472132587
-1
3883704094
22989458262
15465967862
59664
56349582
3501941771
176879651
51449049614
531770440
5646365071
245751969
787062052
1210002413
31286136
302342408
65131384
45198063
7164760865
14302956905
241804296
27574272
52037093532
18730284
42010599
4260604
417352263
5375423358
44277332
16871744098
1614106798
9145422038
94537699
1892652887
103626433
17727087
160458631
129453150
6024285
5912501
29044899
18450138
15532395663
100174155
169702
303389968
2966933057
20442909031
-1
2847514904
-1
112948485
2962673213
380191454
31852015
-1
1097341
32228319
2960183676
10865265546
16702662444
30886943117
32544896
24194049
18501906
142191908
14373542894
114503904
704683377
101667113
2270267679
390983684
6738386684
470355496
348503433
634400398
483939517
1610645019
4803273315
32960243
17046572713
124664276
777732942
8172403523
104847436
33198844247
859029915
60013782
41617314
4868862936
2070091
1563431946
871029
17489977947
1322683
20225322865
16938768
362292712
1086703403
1369060629
10466354642
365310055
1431608373
298547680
1050782345
34231624838
90246136008
32995410
33392291
7073847573
-1
40809959
4927721681
121730955
5414251
232197482
-1
-1
162219345
694448301
36492986
15783443140
1500131711
-1
41985787
7569700371
4675180642
170408748
63298389
-1
-1
232253372
354073055
326711300
123148748
-1
99836771185
29977594175
5301550007
5866313536
118320822
4097134573
160880146
892834
3129843156
495746338
1049938710
820461
1017655233
75127899
12109931946
2174
1468070072
595715774
77965146606
-1
-1
25027309536
525552654
155199464
12959609577
947523642
5238381477
6895198453
-1
-1
12579304339
-1
6970317249
406521405
21455524433
3429721559
233812541
-1
287022542
4550047777
19405531640
1528410905
28132809
17082874113
43482714310
809104639
9227144
-1
207319354
38105130
18302341
26038122187
1191683170
-1
372871633
1155870692
97042095133
376378716
6030246276
9620933841
1726099731
101606657
25715541
-1
198727597
44465861
5924303
6392853
53525636
16610518709
7651325554
39880954
-1
805502676
5155053680
9912525
1655887334
13292019
33066742314
986904662
91479463
2909777340
-1
13507528
800553640
89066951
12211779844
-1
3804332044
779050431
594391195
-1
70965004031
7574566219
460805411
32197562
3044593571
41979658
268971969
470537
6649359
356871024
-1
1084676429
-1
27040621868
1801903397
19177934
18819060
41308679
31365385
27063194
1259286
2538370865
148166027
9834297
8935921603
985336970
724037807
69699208
1730924742
296232663
1696121379
191883003
-1
3874057
778915560
1320598359
1109087970
51820264
16694334203
-1
217138253
10611796208
10245348436
872719686
1865294075
653641196
23605969202
6927094
6116870
4047388
27860771635
16279686302
36502233996
-1
1972810969
127497436255
5706168626
2420903285
16488003665
157139589
662918
-1
20517232012
1519081507
9287130
8635317190
1918247398
267741
981260283
602152483
2374
618207
6223149065
9988
9332114057
83152142454
2011250709
3879690558
796295144
9300990444
748789
6569876
37356210216
-1
9997004
108505262
2033910282
3394758615
19394457088
2266676
11648939284
244515099
1344717131
2663071584
1498213929
17578780142
1432116
10281921910
481229381
43759087
239471747687
-1
-1
-1
145981232620
4648986565
5957139085
10618047059
4551856218
37356639965
3423729979
5631806699
641486
2724433840
15227760341
107225480780
270186377
24702253467
8847722953
74383201
-1
2201796
8082201154
-1
55772586
1868049603
15378645
39173627563
454328564
855203642
1426842855
1907787
588289195
592179523
-1
380552134
1476072773
63369452
339747366
74833307
630178818
8316787763
160640
-1
13009273143
310523054
733254321
107264
57739442
4781541041
4549332728
70740207
718696320
19839612
3781774547
13852229984
18752322960
124958342
1493637938
135810737
49755767110
1420541842
6272261
3613243631
429574745
64043756
257050574
172662841
1323592414
235407
26526614
19135787573
391781129
163995525
517820104
1699459931
3198683349
-1
177466294
1461764743
797214080
2096068957
35035905
4635852547
197234046
459669379
7946601
390304790
5448822640
6395690418
18009324
36562049
50150727
758385357
33154018
23950411067
7472602537
417203776
45290355509
11189078
454117868
981104247
8267657600
11848865022
19645242567
24653455635
-1
364067989
2241343828
7155658158
213933806
20783356
1292345
7876654
40706088150
2847604
108198072
59802532
22677123148
691629475
3975333
1023974965
51434731
49667629035
262420763
492697467
18079491649
5804882490
42750749
40851749
9450900
15821178
-1
34925740
243292522
252506
4513586194
492868186
39685329
477611099
-1
10295963736
19310637418
122452744
3436143
923690186
4925965846
462536836
10181155604
263666470
466271600
-1
4131939230
5537691235
73623839137
3433892319
3811565417
5687756266
16907511
10365255
643106947
-1
4834984765
159970206
37041513
99734105
399310608
196734648
5299955
114018835489
123698493
38974040
-1
371181650
-1
35966551
61195
19059989579
59246456130
-1
49642218
293742572
23250288
41978480
1203661
16875540
6029188205
150093792
3365485673
96454995
54186395
188015
515525250
616648977
-1
217508208
3621388
11942878710
-1
-1
508667803
1957267550
4520081
558999001
133934937
23704309256
19316482
-1
1431566514
245975570
825700355
331379
-1
21531219221
152234981
15415682308
434161717
34349483963
-1
-1
31260219
-1
4340837346
129738776
2386367934
3987616444
82013127
72474085
3939672811
78921187945
14265677064
1911372310
2605396875
551078055
699538360
833939382
1601379419
1218020314
2821125
12546197
2186430221
5005793447
124080547784
2421532
432211819
-1
5941377
2906455253
58983358355
14041152530
1264586009
2435994256
4036578
24466669
368598918
2013358
367157290
5011598
189906624
49109377
648716964
1339644172
7647078
516627695
3097403842
107596098050
20756120782
-1
40387849
1041485
703683662
4586349592
3565016207
50829217
-1
-1
1132
21426118323
7001914044
3923975736
32917297
7993294033
273724843
55113596
8197016801
39427973
34786551
9480437934
15388518918
289546469
165186510
974242599
1925324199
-1
11368350
9312099696
-1
3239848993
-1
5013448826
4429131636
70863280629
203176018
30674306886
20591345
919064869
189819605
5677733302
29136
277464339
2009948
887677621
13604549
105383064390
8153117551
12300552
149513779281
54965919
5676414770
1212119146
74469100
288514990
36505924
3240065558
1054488242
131230543
2082300637
61995839
541619094
2453404130
326806830
562815285
984518934
4274770658
147793598
1085071
934980
12305573377
370
3538684
476282823
7783337
182528474
3091739851
2146571860
163813799
37546672
30010245417
4578430768
1730411
24937805274
11963265008
328555079
2589177846
11384197142
44814388
37056779612
37557334118
5782979063
385719435
2251265946
512397684
194242497247
82316
223710500
17144907927
1149247025
213287107
8035382
376740161
1723351247
39225632886
665329819
63615942349
213506526
2238034396
15220607
358701
12114602042
812956734
-1
131649094
1850662
25148164066
249442268
688756489
192078213
71020295
11348661
15358046
14313172619
214025722
-1
8135725
-1
98459
748520
9247308
58935079108
1284504
590078651
3298503354
1285687039
1863710497
16496845639
592514774
11983093
5958616
82665995415
-1
2761594880
886484636
16486799111
62390701435
132482938
14876628592
-1
1486472509
178028206
426996002
261609456
3616968194
18596362127
119729
20188610
3004016164
699367361
-1
1049116895
129164855
-1
64613318
4260536511
480911
33807791848
82144513
1072169549
540675329
806860655
1541690276
10619137
36760010540
2955347706
2179245650
624588929
-1
5954149141
336420627
-1
6305714019
69081113081
163765361
500626640
217527206
2498639872
2168155851
97058352
80974234
5269085
341508747
17438835732
670343882
6131695
7218123074
136876560
720861263
1051219577
-1
4046849557
9496037431
1735005
3222912664
498505430
82247558
473382133
516748405
933060605
894550718
71786690509
18749806
477413
2034444892
23392941
4416252513
36148078
392934
-1
509820065
83785228
-1
18611266540
29690274571
3762251
6114137
140791358
44757807
178453797
595134096
64184969
15379143434
4834978
146156049
752367159
-1
21555449736
72681180899
54271687
912244123
100471817
2303468162
1681262073
66806202
304653919
2453925
116950
-1
198468941
7998831
1700172
423912857
208505466
181188002
262670308
1013327866
-1
133556340209
370867737
5706296460
-1
14364727926
7893578433
13357072
2854572446
13078789073
9322838
1591374967
64675867
4623717111
138536645
848269404
2017914143
2401599611
254772814
-1
38938903220
12008991195
4504382
74139549
286195287
12760282445
370140962
15375006
119669026
3850882465
-1
130350
19323490849
3838997613
382929245
19030197
9471672
73430746
39589986866
27164180652
13786614
-1
8356120
175575021
2823151201
1145203292
166896431
9309254085
44875576
109854
6584486839
425069890
62831063
-1
-1
-1
3744418
17301124985
28097072645
1470734616
6946256
71143817
46813
216120136
82882053
371774697
12630246649
476688160
350226409
943691
4297123
51984522
6719908382
2570147
8265931
40689987648
22088339339
1913917202
4199163976
2915117287
85567401
105358144
51710356
1601787
797951857
11233813568
16972052713
256448360
11453455
4057952048
615461
80694799
2288572870
1822549846
18763490
-1
4247802679
-1
5457683630
205679890
178440077
471269542
521697451
146898092
112235087
88136722
104029081
17677422
69585128
1151122139
2532953805
6296107131
197866561
105146459
4371611795
12509965
214629444
-1
90173213
100110959
582396867
596623894
54333472
4764957290
3131600763
1132332121
247157252
1128748405
4365422
77067213667
-1
38474165
-1
19440702699
448712055
5297728771
2293262349
10781205075
480719319
2214425157
600761282
147084566
15435709213
115251067700
164594879
2846654725
289966907
99924325
5793447910
113711509
30133318
637057881
58949642
131639839
2166949
-1
41409252
9510972
611223041
1361860990
12062595985
-1
3025940999
2445709597
19621115539
1122761
36957547
375133469
10506782137
19230299946
5172561560
13717535
-1
449072986
2132953383
52326782449
143276639
3181067011
-1
1357882590
139043651
4107173240
885116980
54601133
48016417379
1898513879
88158464
88792944
-1
6348528
121612403
354031583
127616260
-1
-1
453604120
290126633
495313545
207532158
1026299127
530253
683905574
14011304054
187239457
-1
336831293
4263935454
20779881
1501084
21836823868
1009698341
-1
4914042581
771710
1134779089
349006283
307129658
319948805
5762468018
26198683599
331020774
9099033646
662295184
832705333
7278706
-1
2118024819
3397160831
8214527
-1
25417378
43191153358
17347965
743092211
266571642
5026206125
-1
40498230087
6355403810
24313754686
1889368908
192330155
-1
9278978670
1959200550
72322688
88530
-1
3374519908
690511707
-1
12540808
27898632503
40128194505
22227942
87925751
30440708177
12356677702
679609791
761317
36647025680
25752034
-1
76609132931
3877680
143529216
9321508651
925318100
579420312
9071530813
177238368410
792812
4354378381
92604250585
29682403
377371824
421920753
289744042
2599979
2491571879
20818523277
652088
742034222
27078015
109387105
1475352461
-1
340266322
43020068503
10034104
68041009622
3086100193
3669798564
5389281
36292224
51746551
9094187
5683067143
8460918
10035708563
119830
36301338803
54033960
183267748
-1
20894886269
336604429
158703663269
111141091
618966197
448622796
48534433
34583511
577324778
456926397
2855377976
51984483
6365154459
89636237
28292572005
1504193316
2408393905
34003782
29984106
529991244
1094849
16082655267
-1
383271
12728682
2113114
3208
58338121
71982415
1001097522
672618289
8391263
267836227
13147171258
474562
29026470
145581
1270235556
5568120805
658926500
1542878330
421303343
2328363995
2062671271
541921269
9584487684
393852614
4723702125
13205430597
321623
29075838
1424068126
15104117455
10954759
6760146711
65407554596
98194262
15782030
8024682855
3658989617
323501126
6619261793
379409601
404424422
4690459566
331608382
269584043
411289532
3069648820
4057546739
56706427
15788637045
2693334
3453379225
44075554201
46373907
12888412125
3238933212
41754421218
2694143576
5583503307
5533761258
300163067
-1
7180720876
484531697
7706333217
41415729
410806875
254921845
26114455
76157400
123957532
5922343247
13368749
803447983
1988441520
11084151856
559750192
752744137
2258708627
566380
18018031
517362
52565995712
13111283888
-1
581085541
229622556
279209
19055780519
152486747
38496093
22750570216
115092847895
22882707790
3151713529
2945850399
3749153418
287487662
2089176
1116405821
467626580
146384393
9514833208
139815403
109575487
36064194
4535195296
10827240506
1110323
225172845
11828762168
20024704
78368
59022836051
103685770
86131596
45245575
556805696
11254662467
437490959
501983612
10130742
11073057714
3034626224
1605499988
267544847
559996219
11723400
7060128288
5556891
722849380
771772418
383453
25919387
6014997562
667370636
71509209
44164378912
390138900
2379219
16125009
97034765
252935810
741089
18767216582
544416392
7658433
-1
356281803692
2169613960
36470025
18834360
15115202152
33774277460
198705333
1275795878
1187486
22318046208
1209116174
78870431
206903685
2825117289
25545610
4402330
105767554
3622031052
11879252
412766131
9574949200
272529349259
578668594
412461663
22837813
1217991340
-1
398956230
-1
49390537
15916410
556890682
15534996998
2554672779
86982777122
2301249329
83942790
64863177
184758225
10125134
11458907511
1475190073
2671246727
-1
803441668
3367417796
3675198326
1832089064
1635126198
10544600895
75201220771
471002715
1329264
7248065161
-1
75328963732
17444353
124863468122
2346285968
-1
355980770
15360330558
944729351
29174153
12514830
968415877
1184378100
-1
410686776
21781775616
834547961
37276423095
19719452
396484367
1730433935
318217
675807404
348951580
-1
66773313
1084404366
-1
139205657
26482836847
265054735
11518495743
2960221195
795368596
13983114982
38236724
117042
14085166245
550426172
5651833961
819329703
3863340
9569646
1628981342
4703598
3393171166
7213737823
7338902420
-1
89334865
74116746
3490091
33561531624
213087713
1941484048
273950723
122755974
574072295
4604648072
17156214
6898852
12660688
104379501
29840510
524819375
48053639398
455726677
6370503793
193015276
157912
1198804427
24673977210
2611767229
28571984
37210
1650301450
9988055255
1158190868
520909325
1465907489
979991592
228911298
42636065528
-1
-1
347426767
882686853
29852104
265377487
2976628
171216860
3409522776
6232260
4924460642
5999820653
-1
954687573
133614418
1166551231
22495697767
265086853
100369917
605025471
297080493
-1
53183394155
7398713227
19570484
35959625918
1160769945
512742221
-1
864578
2514659563
53903028
-1
-1
44314793
-1
8374384477
2788008449
3497150006
311099852
40842
-1
98613028707
3560003375
31289933
927175510
1166574144
886088535
16785806
6156928
134730075
68796327
43266706
119604006293
12727612729
47830072
101445586
317751057
936469761
78434462
7922557837
9044792700
7130039253
3844142393
4730645906
14496327502
89491092
230436882
4421613939
27193405004
19972295664
5524861056
1605341541
-1
122027
-1
48747861610
4474222538
33951227
-1
12421913958
-1
55328935
77556418
28248740
569777708
137581141
2784242095
3066791
22068535550
746791063
123035223
8848558179
14618905
675925137
1700872889
336808164300
-1
320015353
4610818795
60981507514
655309633
66577364321
131279262
351287082
208391638
22164174156
2868572584
44069859
9638191
4069123104
26781213
274280593
71354637
1135793700
722462042
312910321981
15290584107
1528186
5642233908
3169678602
755043347
1072307036
211625060
32391548
13493267625
85303643
45072492
1298507
21381962558
2426153
863890
92596824
4125634
26899336
25918632744
24797859361
2483277898
300780893
2535352334
146531466
-1
16097419
407249639
800584984
2423583419
6464202088
85137587
36418872457
4363204898
449511775
88295739
3981535
93204983
4506476158
29836542
20675549858
11049340937
1400367227
9574688
-1
13743723777
40491213762
11661837
6132869888
-1
44852257
157749554
-1
13417944600
3266411
363588559
3385330760
622072905
24425785
1012471359
1369188596
166269937
23726978
11992852
58701894
12898056556
42810587829
2293797570
24263392168
18507335
5810427241
4027589385
21006184170
19590546838
2842559933
618948406
1722540498
976667
8076516416
1340738128
8173364
15049677
10987993
19876027
5592708119
-1
10552830643
599403430
1372086831
3768678
1860241611
22065396046
43410497
-1
88167442
829238956
1750569316
2040318
242946170969
249126322
-1
2763292005
6975732952
1699550787
16283590716
5955289195
1676686
8272793741
-1
4953919767
1488631675
62387414
1137260100
-1
791837861
110457485
-1
7757862
969599759
396077840
9771040
7433533044
3752770515
40981455549
46290014107
1621262273
41720350
24935051
22074134
32150344212
1000604786
3010005793
4267688285
25613
44357330
527423811
17783063132
172510142
8589996800
358050478
10149985304
7553721473
-1
15304753260
88517205
16511811308
-1
5213958
6286863102
3198584046
2905037049
3358144
7005347091
179666542
3846538449
116327121
3384855997
211128
778155
84533101
19576515245
32019872
38995481562
24716437086
126518407
6934875372
2635323035
2938659
32005476766
458865781
37782164238
683442821
180963231
11957406716
4874722729
258784057
10105006
31450733
212745896
179761
488133956
-1
22230628661
640427461
406946265
4630923524
437967072
6464379
47262350
14106508
4323063503
47572583
601098671
291988912
213767790
29238048
466011229
-1
-1
7106866
1140757
94678914
134340613
16268188
1831422346
13585116259
28191491556
134726931
4560848411
-1
4469550149
736392670
22371431111
119856773
1147060835
1355007636
6781411952
150163701
21465679
4123115739
81398
14069120075
-1
3142015916
4634994133
9958938407
638696770
8216613
67733184
3024703011
9098121
591581671
3940997997
14739018328
1312318031
1293064405
1370716775
6591839
640621127
16262943866
50465972
65557105141
1063925373
6654978064
7663428
16271325
29709144
32912447
3592541090
4795542780
6591426
87502437
1171375121
938087573
71120510355
449649511
52222503631
1871771648
5424919911
429555
-1
859748102
16830
28857304918
10196455565
8453827
35588386
306856540
542072928
305087093
-1
16071692034
829423930
109240123
995393271
8732480144
2473843789
6458960423
10146675451
3821574479
782559229
2185673
-1
6274941464
208704135
502696582
154839394
23173629
6059106042
1073147004
5491614
2148928651
15325899
24489204
499150482
6577970025
6014245161
9902300997
13212111567
1803291
13991526
2956835813
23452485
-1
38113770
1197476074
6797081
6526129983
39269565
68643152
479510664
-1
186656774
88688
12060494072
44283785
2142779619
37533601178
1515469
-1
335940134
9682367489
-1
55852623760
1726479
13626556728
390706
6151494094
12662106720
3482238
44553797
201213100
625797525
181075784
2041110
1014103364
523293247
2310577798
143107615
6874577075
32699043011
21091362
16539952
-1
-1
2417321331
1796805245
101708874
98417052
864763391
10515
13661040
23263904
452701226
2092780610
401529558
534975589
2737682938
1305855537
64935659
-1
27339337
-1
6534278
383878668
21482427
-1
2258938524
39394259
42105606
987667272
109499032
276834023
392857730
12460232550
1500091
5566309087
1848672936
834292398
57605299
2614972855
768196052
-1
758670720
267193379
614665320
11994081082
231326312
22335372
227961867
32306925860
10492286519
-1
16586788451
4956416032
7777980020
8524419531
770796643
663340
211857175
-1
333458898
60851443
4908717100
483211288
22690231157
159335713
13653053
8248165
27099794205
545788724
302729364
2409210
65002274
105664986
72353147
399705685
-1
431894755
5423858074
26964855
-1
1870320944
1252166459
1518855798
21596496659
205842
94225047
62564979359
79793877
-1
17373414387
30839452376
1064085725
-1
14208477
801808065
350171601
77472128909
-1
8668691767
8148422094
2681317
15639691042
-1
1016479515
3457507
2686924821
68188453
8235717
23767290612
38904661145
5721225268
180523672
7098466907
2181641298
26250414029
14582153
725846155
482165643
601872
69231665156
9496080
430271273
411947850
9603434178
8526273897
1635855
6326697
720462
155134094
8251488
28510206
4668971890
4448257146
48281370
39835008391
5052552816
689774542
12009603921
44679616
7265974714
15808062517
339564316
24936216
2718651263
2413238655
42378440
2146290360
-1
-1
15199460696
9218851734
3362717587
230905379
374508466
10975853709
1326559416
37820741
6964171235
410603083
42878035
247041771
852759108
84087932
58493510
6207058662
12288051
74026331
343105118
221999933
3552232
916321254
2974766573
1443
2466022532
382436005
4127791065
1065064697
30393262
4494822857
12152968
35101167
2015071270
220600527
3268343112
22706690631
175691482
2975891582
1480911519
2555749
101012614
5117025521
33854989
467407411
111871516669
14444233
5567899810
748983086
40529397033
-1
4535740292
-1
293859574
-1
16142501146
-1
11822731646
9033472
84843936
40515625
21210013638
795065
17027896
47282121786
6402525561
29620250
13078730052
20368366022
-1
4530353996
20793576
1036549795
1785785646
25980315301
305285183
4599699328
2812301678
39227238
180693098
-1
5785169871
3718745120
164011191
5654745314
10616796741
3310830
162004861
-1
450568815
65266482
1303311943
13068257688
1368006110
132522885
50247573
93240733
16617572
1459115955
17200664327
58376402
1051441241
1985294659
2975200
5873061
1315267201
18058208
424407
-1
2967486858
1202160260
3736178139
23214202
58153336
1943999287
17733283731
609505561
180660393
75415882
1166584
8500327779
7131411551
126056738
-1
36698246
55441244
16178604
35371042601
408221377
7406659218
942478
580436296
310515911
422733009
501196811
6106523
92654775123
435557832
65146627
3654486600
16562519
38829339
810510530
747778084
1586575993
21355982
1896915599
12782867
2080536096
-1
-1
711355801
2113897391
320292829
5233495861
3864804
143455990
11996877181
56883682041
1257363992
3465683560
25747654
623430277
-1
7894773
21694547
159114
6034644985
58938824
-1
2984931
29531559332
19816541424
23789490056
51673301
55890
64782999
1746010405
-1
12025038867
5984410879
199931073
10050440
4545963
55033500171
1583701
-1
966414926
1922687164
43868460
-1
47100655926
453183054
17308218644
18585778637
5780846196
188719779
636781689
304870580
1062476947
413048691
37511322
183428393
111404345
2693136356
650451137
87942393
6409828482
342512593
6989111326
-1
90919986188
7416181
2271864173
173940116
149975408
25702409
6283985
3539437537
26829
1530573895
17537454
836386691
10148277
2746036654
7583459411
2791455730
1570694205
203353772
68213417
127868961
9283066987
99038
1337322465
4336169160
11247119
79100146548
6906442912
53767789
953274706
227363801
42084653
679235423
240248750
3009492
354809115
9339847780
52864823
1076061230
638135028
637217336
2840077
38610227
9669601090
914252318
130797332
607163193
2889893159
991645212
37742392957
28370723
41121087
67630769928
692022171
668289111
26752143189
37980
29808369
177962347
32724694038
828496
475568888
4936727112
51253562
1787082
125667640
58748001
3435329608
146892788
76128083088
25343862
-1
7960791744
272841593
1610101457
20674911
1748143227
904768675
-1
149039
15675356301
3049910842
70925
1344509
56842371
465590174
33271487
8270764285
64731371
593598
1227136145
26547104763
40549300
26205455955
19643457
-1
3837137843
217506
6358896343
2622289629
-1
15881264223
10101598
31200444
188979246
135696265
328015914
3268797
1833485831
28181459549
-1
13563135272
1069253
36737923730
12896948978
3516303585
99006709159
414277730
68164645
143524625
243786475
888550463
542906892
17851845
345721065
-1
-1
176877431
2564654342
221631488
-1
-1
1245805012
99631193
6878830
230143444
1220040620
11656068438
19462959550
607433820
275542
624630
706267603
4247931302
36110651236
3100926887
17712944122
22013935568
388529799
2667279443
3905418116
-1
82703595
3560063
5659326747
-1
229046368
2165760478
351566340
2562410430
8058521272
13621642011
3348169053
662749175
97427207
1082024009
652005857
527990587
15640715
24819321
6299430
1951033175
67378731
67506185725
632112379
4227357
27292533309
6261276885
153185701
72635589107
-1
98145443
9312245
384972051
122531061
26131725
1895531985
256116356
55941473459
799624231
68240786
45743545
10170360880
3082394343
187866802
-1
676919597
391473834
24870109
102067684
151237
7038347031
11544000008
1969230
8020854
400681159
2315917
472510865
-1
722887774
1766513833
521221758
59363211
-1
9384404901
10176546272
180294307028
4312281
23632852
91931605489
5402448354
46098829
1014609415
13241801172
4673044764
2709725749
215485185
3940019194
91269785
10120958988
3549415978
841583242
202705408
-1
179930802
25285103718
100347541
810131025
18415426
595225392
2773267445
614798441
207470419
63610542406
63803436397
37179293
333896744
20878288068
28263669
298139181
2332362641
144070695
85598
44904398116
2566274368
46002962
34177300799
46974581
124058748
5961660
2206044
400861568
13846171
197417704
18412211546
13824700
961604213
133254988
618121580
619686655
4679052
4442035
1234372048
2945665760
5535616650
2358905215
132597047
91125749
12792954519
23349494998
2017833331
204287183
264551715
153734025
60766725519
3451681
514340910
1543824854
196370683
69191775
5049142526
4047398248
161172499
1911803540
789661509
17709955829
93384145
996062606
320007104
-1
108780397
1152334570
415193764
113999810446
-1
566603585
4473104106
1640874
218364985
7393643675
5774378248
830781073
1387094209
3110657156
61668076
195585142
9061921391
23879
-1
3254651749
107356321
28546935763
55953917
405735790
138218
2040059620
860245297
1919297
2020864034
239735198
2486393160
24183852303
1169745362
574143043
324360086
71086846
-1
12111045
461651
397599841
3506690656
49071632
-1
1599325985
29559256012
39458501
76584219
533496761
567980021
-1
11123818
3930300387
330153881
933933281
30293823508
3083799612
28065693
7762060400
61414940
82412896
516362873
2407885766
2409787
39862051
1457850887
1333143776
548564998
-1
57440475
68014275754
12525190620
54043
587134721
132222131
17212175527
73289070
779954790
4452912797
15665963456
30432519628
559433770
2808091169
603064020
5653275788
3209128703
1906210
134686430
60097759583
31391148
866140305
227757166
7865251201
86969666372
20529189187
471529528
-1
260943158
1167292492
86610128
3076164211
1251248498
3260542865
14486558743
18638101614
38354383
1463296
931529
159813281
12858727
518960
75059450
333595572
34499692
43446336065
542058
12244949190
19027676107
760286848
13847009
17256870777
10320643379
433768265
54710699
38847375
59167665
9726413566
92683667218
542530759
9536952157
16413326
147971484
1396782614
154337
469764877
9740264050
291939
41198258
52388448
1641287529
372974284
23937950
277528326
207609722
9771132370
1243195170
-1
104759057
61364743
54312107599
2603012501
2852279
48697710492
819411131
26658658243
293682788
400998472
22996038358
1004558936
216531725
279120329
1756121
96495423
1781434069
387810171
11939132
22063120094
1407512978
18452817
158023674
14052653
-1
60953340169
93421970751
48515815
34179685
3079153099
471505696
8888080700
16918350
73059024
2818915471
1029316
248966370
14488014856
-1
-1
140979970
536392776
18875186
27505835320
3703381378
290335089
700641177
3190031579
2679103739
2786629020
4133030909
709665684
813544885
481622701
273713860
228488
762647450
3854603715
199183776183
10220244004
6612676
968521679
640361948
2686432895
58769591252
-1
96059830
28918505
95108552
257502022
36620438
537961928
9714593327
1817301651
101070872
458403941
-1
65113648
51304875
2177201964
79139810
2919228243
828744100
32938035
305122646
28756317
9086297709
103929478
25300896893
9514051435
21933697797
-1
2982231262
4626403
106145890
4396056965
447172421
3427692
54007800
4786785203
120918027
296954059
7145782
1910071759
7262932391
578838994
702594278
24247735
113394
2864757849
12080190
64053214
90654132
34309876831
17183833
1182313646
3859922461
42764514367
85207905
47333047
358847337
127660475
1160128044
77272646
693034766
38040228
17170448551
53523443
501813
2000753777
2814450579
4583424789
2905691633
42931256
88894223
349389861
9093700
539953465
92858676917
857857209
159159
17506810
1427934347
1166708174
157969845
179370349
928325948
48149841
6340253
453159798
240558708
734810375
29168805686
4174061
34933293272
-1
90123777
125919540
12002284568
7928529579
672968268
47086852001
2970227589
7783410190
21904530
3829034
37066151267
8436519717
52677079
1445895833
87716614
3778080457
35216995
10744643
772628290
43023745031
5303713390
3819057458
108016052147
-1
370954824
242151663
1362517972
257730874
29693727997
-1
4931202438
22258348
20532251163
167464798170
1079606965
-1
15588610
71154993
200743150
430117624
57077057
50369800177
-1
20055985784
609050011
2643564672
2311228468
176506907
21262660
761842351
45270885
-1
358889512
61849589
42085449
697348015
55095913766
77399591
610140442
100323609
-1
582513113
-1
-1
499006984
21783961
1555109525
12779321578
276414176
501849722
298294492
194314089
280664392
1218553179
145075366
402185413
4454426
11852823007
7250609758
20098461715
14036926127
116790203
-1
32566286
52379577061
28635902
109960233
4815150241
4395984455
8171938
610647160
11323158616
1635086310
22015503
5976099013
660187597
979084
471793
449377369
20153417148
1223396
30733149
7528650774
28783427109
125087477
6252575491
10395989
7763104610
17553626285
100181918
48042093
2611696842
14287793667
1665053061
17949023
12077875861
-1
9927351572
13199957957
177553473
68982850276
12367341
55042096989
45072032110
2330755
249193984
1358157546
22053654
105213762
6041150326
10944429987
-1
192492576
546561942
6686011979
224161
185081253
170608
244455
358295038
249574033
31853834872
20550148873
120611306
33454130
4797843
-1
79960906
340267108
197503781
1529129946
57081596154
1968342083
302955815
10563922017
9434891698
11081416
356964124
18612144737
11711258488
883574874
11572015890
504270670
199892334
2845592
5981027
1653917
2929151725
3467428929
166283548576
19379647
24693148723
