135699
2639
34692378
423283
388694
5109
-1
148624
151220
2214
1320898
28237
119660
4727
3544
2149
-1
218942
1385768
2654039
741
868
2087741
6815
699
-1
2780155
83591
8485
4631
3560
3971
-1
17713
7938
1994
304
317849
-1
1296691
92321
168118
6983722
1459
327517
6810
505638
27777
13843
384768
-1
12625761
3863
656789
3638
14511
9560
671019
2533051
2186798
11314
-1
280
30741
38919
-1
2652066
231655
540431
14452
2312161
10894
16985
818176
36883
7696
32995
5148
30176
20628
1635
39080
1839511
168467
35
5657192
-1
1622786
-1
1493144
139545
75113
8087043
23604
1190
13111
198764
1220967
13401
34042
