21370
180
2806334
424
32280
25
2914
3177
1378
150633
69139
189217
50474
226097
-1
39296
44110
15787
337386
356
159938
73341
3821
2004319
6352
10102
87172
300
1689908
20547
-1
3777
24571
1354948
1351903
610
-1
42963
690929
-1
482322
420025
135471
2294
-1
112
23007
4143654
2986945
74628
-1
87963
21032
59457
95850
1693076
59138
3285
4776
1654736
33872
153675
65989
-1
4244295
1314655
83628
155031
35315
361009
19232
424439
-1
-1
13540
-1
5253
142747
144
2529
65013
6536890
42719
12
152995
25143
12790
433356
3981
2551157
530131
5998040
126818
11481
133391
38831
17549
3075714
33254
98699
