247952
2447
6325
442
16106
18775
421021
-1
1417
115915
1466
84033
241096
623
-1
753733
5818
32537
-1
501
746350
82593
13883
40011
497956
716780
836366
13273
298924
4289
532807
8452
381
711376
48606
833
2281
12999
448389
17088
45120
8119
17940
3465
14590
-1
888590
236868
3800654
461149
984
1537
5462
162212
18893
2933554
105131
-1
3841618
12314
3421
-1
760
1810434
2378139
13236
1954258
1268510
28851
18493
2810826
1858300
90334
3422920
56626
20724
13170
863
18035
745081
55878
18287
116619
1691591
2334
1661
18002
-1
-1
422
340229
137465
1864
2557
21151
5626
585483
307699
1292170
169433
