82639
105396
31091
6
9586717
171725
199225
133742
12695
253897
6790
239757
1152934
6779
-1
27627
16120
51359
9354142
274595
1146918
156948
106900
6032
153606
-1
13873
1349
549
3940
4172
6783
356929
344974
3196
625
7262686
85098
420
111574
1230
681501
-1
1772
653795
5967
660122
1634
39674
-1
10851
100653
6432
-1
101506
305568
3279918
-1
89761
16355
10711
1015
805255
-1
840835
31464
5578
7916
-1
11123
7591
1073
51362
13572
261
1771
1502185
-1
8484369
264509
69237
5235563
17628
29468
89770
46519
6507
147330
232662
256994
2038
12568
391320
405
1264052
61
7455
416624
1810977
3229682
