1837
21947
25939
205266
32574
12643
216902
7083996
2
3181774
6141
4877
9976
1548
890791
2607
8998
114300
1259746
102915
1594
2267719
40930
54489
68494
-1
325
85577
4443
11977
701715
578731
337323
35296
580607
-1
82054
172323
699095
103679
65608
-1
142132
9800
113218
148722
1724428
-1
26831
865381
236
79582
2309
-1
2355434
129620
40
15080
-1
174549
288942
171
28508
1052713
451076
22110
35466
602856
1597978
46126
574459
808257
11554
5263
234
210827
137945
1750
16050
834794
-1
5358
23356
93335
76231
1849
2814
362106
635
155730
6680102
33985
110928
393
4100
6250
4710
219367
2437
7069651
