1350088
3978
13471
4434
20864
2465
46866
5435
77452
4858
5883
949
-1
21665
155697
36876
21935
-1
15436
9147
84790
52512
2279213
12325204
46341
1356932
6525
5845246
1778250
3229
406
2792
100872
123887
3293
1063
45868
166924
482893
-1
28092
13063
14263
12063
15467
8045
1314882
1458409
8576
174662
51686
-1
2121
3950
151848
4361
-1
9460
12918918
-1
33618
2979
27227
92220
30719
2554
3672
3708
1649579
37434
16492
34012
14538
343126
1527034
-1
2077850
5193
46882
5986
47283
2748
133493
2237
472785
23152
-1
9664
273029
20898
26728
290793
8413
33891
-1
321300
6013448
53468
766206
19685
