155872977
40244883316
98740233
2199628065
-1
1599199398
44244807
-1
40545729762
22814791
-1
872001562
2247224885
737475609
-1
323428096
1982663238
179524070
75212568959
6018787448
246203216
70479121
89116850
54183094500
-1
472242614
155644756
1690922
784885164
124413722
584995621
47659700473
760480197
-1
99470725
78678792
11462845
1623825728
27524731250
12301689
3492872039
-1
4234683445
301986143
123163844479
1783040
11758824938
-1
360239063
8143569636
268363
341393871
5410431
363318617
57121112
56206063
12611867435
10935965815
48419119
35908589
74290568
26692339
10539355
86097289
7998667035
5116709
3518718278
138175267
344062407
411134917
7744453
1056979733
18570691868
992748190
32563032073
10362831670
33134400
3066607
12589007
713936299
5232920264
133956990
174341283
3847702845
101812257
742771116
2582783681
978144
6816284
133134388
6393032385
50057537
1257359626
35024964
6447341850
17460265023
2239971
1353869555
253289896
13194811441
639060967
1206067247
5587827
-1
-1
1488125
28736340
31564994064
831201647
13044432610
34379178548
963458702
-1
1105265152
222977698934
18336839
-1
-1
22536573261
10620703500
183716
130903
14490731
372191959
7835309
2155287080
1476811142
1618461
19809606218
44546862334
7420010858
32236704499
3786769686
117517297789
5304850
8258576217
3900015843
729533537
26707334092
2715022603
85148417
463990758
7995780951
-1
66011327701
15519517808
-1
12560183
-1
56240403
4176103223
503536889
51124712
6629845162
1146097930
4337041367
4087043231
11680663763
76661116216
4887863850
32514928393
36666381
59519152
13896298049
546993449
-1
50826901101
84585807
5846881493
1260720
10995126370
7107528
5043375855
5995536
1470800125
673514868
516923791
5815772589
-1
1579817804
287297836
2972198650
15131552099
26516804956
28626764
49493117
2049327236
332121038
799737207
425296984
122862284
122521180
147997418
70263980
3215788636
7239421
535546946
46842711
612217703
330615879
961076110
1170083716
1219274894
7180780866
491515460
2307705454
571003230
371073422
31959540
-1
10834453508
99829998
7371716470
2046184641
384820
-1
171017329
22354852
4733684878
2433008150
1068605473
10828344
989766762
111808
483227483
42472880458
5309742760
2199983792
933959596
28265672376
97865263267
25775689
5892935
2735255391
1331200717
307250731
-1
2403942298
621706279
1984721
218087032
20856786
2562295850
7472394
32775148
485844406
8124237
3490529975
6136395694
10323637926
9335621056
179686261
3270809470
525939
1015364747
128288674
59616
321263292
109737588
8170798696
220355601
1264383973
88052353608
12444631894
839332552
4169028219
523765316
2643670549
34804884
252576919
2122221333
185883315
1091151821
-1
29985086403
1291884973
4332588734
2702252
119847346
50672402
513032285
4393027
357636788
11141589763
-1
55871833
905814
13173657
22988214
46037760
1288914585
316920726
16229493
11654628107
40694684
3049366326
111169940
5006616
2220609
17004833205
7990165490
343419173
132175686
5678103
24728398172
1176506642
8952464790
11239935525
10446396191
125175680
72646609953
14835432029
1609810747
100252712416
-1
14501228004
4276385
110801038
9361186692
1190343642
61396332
4018513
168927767
29064190
105591196
39135385
27811799153
2187844901
60624763066
89863993
6290442327
17054544
5467848442
61429606
57116219615
2085701495
2292151516
148428122533
1085823
16293185261
12168363308
48078056
12737054
56583699
104393693
1438026499
1253785945
2618835034
771741190
2094849291
488231502
323567001
57865065216
3334355
358943172
6419195413
1592272528
7056185855
42671504
1018990042
663961
396948939
524877128
179827008870
-1
3865720
5096653638
1945898157
405207661
2745131
30797327
-1
64678166638
2177934010
217330224
895545971
1135786
10547423637
38134292683
126913872
35571712
27977411783
847836782
60647702
1378831283
30864356
109033732
-1
833641177
6970881954
46929698
18741775327
1463506410
7452828322
5984449459
185570761
852140758
180886365
5671050
64852679114
7018950
300930898
1991923988
6250066
44604552
25762504
75576061
1709600112
3784034073
31819898
3008098714
569764609
176021057
-1
12421825126
7406521941
283030887
215067667
5899417
1153084383
5874423266
3636677761
3061825699
2241507
392952426
366922106
60023197
3509392522
962275417
9212207
1112502537
3706760736
6757221618
4114472039
526383021
127196245
27558702
86042535
69531649
2473718978
9475723402
28104766
6527264700
-1
4325012666
1499379723
563611
857791856
991581493
3641046548
1202223472
5167168867
504991280
2425525794
38507953164
5848851
6760573951
2653189418
294513988
80226
-1
32038005363
2390033739
71085857
5953704901
211282712
886278
60859169
18833621
5842589611
4520044
12412377905
93363429
1969257124
3422086486
-1
11718579880
30758720
11201285
-1
856247988
3001047450
2869454284
19219104525
-1
893407550
-1
1812989111
754510165
17023764
9870083367
5557609938
5780255216
40346788447
471627559
1633712213
8601861
40284840
45937826
4729988
-1
2106426962
-1
10260784
39055523099
88710890
1494718317
2838842689
4450472344
2709690379
243875415
-1
-1
384214638
3610735577
-1
37491878
943867
1019771124
31718268
5723367173
288254218
1290710071
665568160
149765769
2889384975
5405958464
2484537788
10940857660
490302637
19442443
19210514
4369236433
181242600
5671453741
1834920004
6847348598
208978103286
15745217
207114885
-1
15587348138
78513419
807208691
14385327
15525266992
-1
654283398
4818136
29235844217
191592627726
714768566
15039013548
3039398158
83798958538
-1
1048431530
884133
368554321
39253661
75942
73310046
29891617860
-1
5385820702
2929539568
312341812
1487899683
992393154
159603335
1731130
81033921
275378411
19380570951
475471825
4873633368
9285009106
2364478448
1784191599
71867947
11362099
26313566
36732401
2676428543
19235849
-1
1347193173
19796444808
341781667
351098080
2390184088
30042337
5356058
413847385
175354325
150637815
1318076557
861276
-1
265121846
1292146604
211590918
700830726
11846116
-1
344037132
10360899824
6403890
9540158960
39343697
1908139800
149266306
30996514874
-1
914035134
1165243318
10742035
41310363032
1216607155
7996127962
95912872
1494442303
815537437
99941351
-1
1766113
7361477554
1023001582
770671962
105224966
71131503966
3123864153
987947738
31776180853
152309556
88727490
95172091609
160796331109
-1
26409304
1660302983
6172848341
7852736999
3130592
1481300
57588146237
308369928
2532810
232267482
-1
6126738746
44335809930
47108579
199118834
136778140
133650342652
757630178
233492907
7403582278
1022474900
8994209785
-1
3531996337
302688715897
4105735
1630241564
80575826
-1
176034332242
4030742
19100613
131085059
37584511197
12582068087
-1
11513759339
10232465672
9397
-1
22198331979
201800256
2358022
120347
350294481
341435
-1
20063219437
12418261817
144778500
7020104236
25569427638
6813964767
78748541
385487007
18650527
-1
73431991
1727484503
21852143
114229254
329626737
5784531596
1554829572
-1
5239711021
61254583736
69259908
307770442
7118827184
49229199184
9646967
-1
58461823
5812462084
907024456
27007411
4755347
7701037550
637483239
3057866509
569127144
42102263
-1
3335519890
97950490
66771348684
9173969
15109014062
556682
824710555
712539807
13313472292
2158787403
266859716
91989717
3546715
30646222
3600264907
1341664994
196987234
14276718232
8850401289
120305728
1127222905
20156888
15912913
8796624
6103006883
2203062943
-1
3903353541
142589475
664520
7222049292
4496339572
-1
1534074219
44835781
42775675579
4813663642
140470938
301427145
636248284
-1
1413135303
597833932
93887949
266960027
100961965
29482963
-1
2423802203
5720933152
-1
54522230
62711271
-1
73459345
-1
48266367
-1
311615480
123051936
10855528029
174035385
17917444
1400968397
1506159504
1568546362
4015167
7050326521
36357013
3947104642
33159048
-1
231648544
950071962
6940370294
30023980
138046398
7155778
3242392461
-1
50127308738
11404561
274330982
20607279966
10354337562
480614245
3877410032
-1
6617203129
8243088207
1528323533
1031269508
2130863622
1355613095
86052431
10310584127
-1
188346760
2407421743
5339550060
45377217
39269017
3018990
13701187
-1
3479348860
21835
27013811674
14584131070
2211179
3370793
5494582
208350
90003991
472975599
153609877
1672237383
22304923741
91657163
21064453413
4024004234
10020870
1061574142
59124173
65307035080
138319681
95638594
-1
6661225591
8436705857
18072887928
2818653098
105609709
7541442
15625488
134339027
496653765
13705847063
566961071
27382893696
17038936503
38741654
7104413543
719294482
1800409
31005779
4332179975
-1
-1
862979266
479244446
3826607377
160225873
53962926167
66985222
2671003614
1059186
6184022051
2903912
362496788
464334806
14404733238
-1
-1
61205276
94875012
1561958158
18847684333
104012384
6034406875
44958236
32094817
40224757164
6326691
3110339495
24122908015
782068113
1415802077
24214381332
2536868169
1667763990
1786273793
4400076
-1
1033922579
12164752979
852614055
196043698
3610958
8703431039
148919776
136331234
7378328
1502099087
97090073
118990651
-1
10605181137
259349700
4145101506
393229230
1810952861
930796943
431896024
2282716998
342204762
-1
4713497495
8049526012
49903897872
1431397794
-1
19063398
272698893
1920739394
356856120
2322868540
585364603
621923976
89198533
3069289037
3563168742
-1
811241158
2313725
145806241
2392986047
3468332141
1327610170
37523562
2024166993
92104156
52530326553
4907289
563024368
9932705321
775320489
39404900
1004836
-1
819578182
727288010
945713
39182141876
-1
16585017478
20285334284
15162676
49008690
6642302526
528036062
22705529
54186012
14492375
70716602
3019167
17012125
-1
8101500796
176738
48484653875
15365617280
2347270722
816079915
12083886309
41361398225
616861006
576210
504948429
519947894
3566952083
5798271190
17888879100
263137190
1026002122
6029233023
2206807085
19426350
-1
42055441
-1
2155679547
18667895650
33170278
686682928
6049370
3671167
745455
26973188075
545602201
59151150
3304066
18479542
394495424
779017381
-1
467837513
-1
21940729
3353583107
1173564534
687752
1381997108
64308737
-1
2182208386
1946909
16489173470
366106495
396921142
19061285
14222336167
28518014
212257743
352210
-1
645181858
36854883
66856735
29758831
37069503691
2412762187
22174575
411081089
101342590
90308197
1742250
886192383
11188939
358055900
28444837
6207315
2272584468
-1
135256388
111540872
129410791
180445642
-1
5201534
255193472
15448608951
8299463539
23872962
19346800386
2144728860
613587319
1270547686
802382898
34221889780
90740229
194261
1420390448
109505596
-1
3245781
3253288953
23527881
1530227
382436983
3244700
1023030258
1917234785
1199230210
95952257
1665957913
1133214487
34377800954
11347450131
9623326
1212741
1095212059
14229503
192701035
-1
20128089412
2068823
4952245429
-1
11350081956
1544657349
506634075
-1
-1
-1
1094777927
2892931
56935167
1861059
2038300490
15768617
65842911
123543042
-1
21025495356
4390743
-1
1678525004
-1
1535932
8959834662
36438244
869896
6444225668
387968723
4931591278
9595523
1601594555
641816975
1109557580
3638952878
917773039
-1
10001761018
8371132083
47739935
477126656
-1
-1
168578591
877534687
264245561581
8754050004
-1
2406973198
77890697
6368872799
14777483490
3147245
370609408
3398299095
9784718
143987058
3991482738
148225
5895724322
5202959303
62253329
3359607
-1
1166894093
2653598183
6585050475
2855330496
1390554
35981870266
502843240
1462564
24518241569
1404864501
11145495193
334476002
6362248475
1678492008
1969811051
42551481
38487923265
3525790317
2422469408
249891839
802402446
4772112266
-1
395474168
50950368
29810652204
143880761
-1
5474797
3591993635
3555848386
3038454948
1241460042
711833
21666830
1707267597
785345388
318054478
4476591583
130752787
52609943
8695206494
-1
17792036
2637809320
325703189
818170313
10829797989
382310378
62697104
19396823500
494580584
3743472124
37210534744
727896490
16735894796
51330940
8944401
63953894
7229287108
3977266
49753188
5856567221
1544329949
728334
560332160
3486073
49510906
-1
596127058
27020244
4658694
1211337301
4163584781
123660250
194749
300840572
737047314
4769269269
946305492
1285051
47784221
19969784
309764191
61851862
610698293
287786743
2339939557
267349995
471153325
39604489
20127048
43472834
4562244
587585330
391462
34923408
1824925747
113753338
577973032
18846088607
4049798007
-1
163891798
978818116
204770642
6850310259
2560849
20908377816
1015663783
205505232
339699904
-1
1818334116
1805659972
279297998
28010987
12654972093
8470428304
13805814
385467317
392168265
53971574
6398225080
137169033
-1
456600966
25313572
718818159
82236780
1152053686
79058437229
1253179805
485641
88202490
687181972
1045499154
52223905
18573693
113389672927
1258413588
7537942
83184606
1977176793
1172126
1472058347
42663007
12202057
2401945288
2075234036
8724602709
402697789
11874281038
8031548295
1286181387
8747600616
18536017171
272623669
7408768268
11163478583
22871464487
7690919055
-1
200576355
700203937
186269911
39377204
3399217731
2688421218
966750672
906102046
28928587487
270055375
176971
37117942
65297145029
6680095714
32584439297
1327007306
19337686
977055371
1607191172
53157611365
27027078786
754335098
24084694
108791804
12019336048
1021734930
7946128901
623921841
6184738
5947518761
9358148946
884741619
83353
1310721052
123964592
498344677
185607801
4998355
111586825
1272656505
28203034858
382244205
2672799
27855244
9324255546
1065109245
229442741
4275575210
125776972
106625310
-1
125206904
615737499
261799519
-1
7556341512
447927669
544218504
167955698
349422704
14343340429
68509
1209174478
3272808406
140957296
250518826
259891918
461954801
-1
-1
53235038
3441651029
19445483
1438338040
1315122269
431389631
10286259
14792397614
-1
8664233
20756859
6671699
1764600862
7008248
2347063937
4129849842
4215116205
10745751
18477477
6342895
40271
58302424
493024612
3968901486
142310817
146185890
69988900
47264133
73009217
-1
6144587342
-1
39068491
306275642
2933740238
75208693
309679002
56236423
7471763433
-1
170745227
61908903
6019331705
-1
121184724
482362654
92352093265
2444689236
25566945
18977717979
2975431289
4511065896
13436023
1485552313
3892373470
521994777
-1
33343626
28488798296
7090234
-1
199538391
326430792
8166196
26843059582
163383465
9155
682949897
222453255
1866500832
-1
77096385
68923677
14517981108
-1
18668467
216457813
5759508
1503328787
200830373
549105323
11994526994
379127002
4854166944
51667742495
1328170540
2978286018
13012849382
101194922
240807
7512443
31945688
12798689
2569632442
7703059018
34676510
28830494
159056134031
302284905
1150462184
47397809
584938545
7154743066
252294481
5277341008
10654881
4927408153
68294484082
25650155924
530690149
46943271
289475
6244119497
10341654404
241801227
106504292
786911483
629278204
781942339
90718
10847970293
84924142
367496850
160393445
29981448665
135887450517
1044945030
1317513
1306080071
4598711037
39819269
42775828
8854946412
2272669355
431607330
7200989545
10804291
362773155
495341081
8190944
8462086867
10912181575
3208666057
22037611045
-1
-1
-1
40279465652
280320243
99558518
1387915571
1032129556
15486113284
8213085420
176867776
3733216882
8955237
21896334
8546202461
14242190292
8324771
313610108
29282477
-1
4371511210
44854871386
939556893
32335728170
47655271
5734210008
78094479
74414174
-1
6466783559
-1
9544783762
171768702
164479192
36364859
12364766
37228896
811045132
-1
11711091
20957105
17858231930
58876449
6394849756
6694379
3055905957
11415556781
4568194031
-1
9915
1771229685
105568367
801195790
-1
306031549858
1319021
17691500075
7528048618
358589250
21248120224
273552788
4346814336
-1
185476973
1165289121
2798039533
100728
6605812
4196578
70169462486
45007655
2501612536
30133069270
20793680204
14284363
13052705
1906198169
349852883
16589098311
637750333
267939069
8044522
7117595287
16447
157942882
15165676
38751331
1222166055
78338
21053726
156570404
970422353
1650045290
123485539
134321875176
249379210
20966807
7343737162
-1
12558075
196153755
82812
390027477
-1
39099821047
4354918830
10070821400
73603658
-1
709322867
2367420
12739049175
477141028
135601090609
2874065
524527150
-1
1050927304
60435502
4325003679
526100344
6136453472
435673
5581673666
1228282
9985480169
-1
1620965
207268524
1468451
2113025530
482614
387434838
4478143256
8552018720
52748229
59944233203
59000854
2547855617
579795101
1657645796
40629646126
2074519643
398582790
5163478385
336558892
307807821
78086609
60618646
3919090323
15072486456
17787820
1252906
8434435
1288211209
11738496333
428768463
62075809728
6552008202
1145910500
5230785956
3870306779
158553235
-1
470904211
440269
36629455
182768
12853806
139173963
276675700
7420774
2717183445
246061165
29320130972
122184
43114397
2487564387
-1
1442701733
1022110817
6407006
976912345
1792415
507569659
22293512
608632947
5011247900
3040202588
45101443
15094020
207148822
672945068
24702950
6961435099
2149863070
2121437501
6857157
47550
595795903
1643626928
9340814082
100014987
7829531
365992403
2183328
-1
25375604
2988034048
6063555
3076433920
-1
516892621
11885506260
31021314
4476562
1164190488
4503996090
215966110
3471314
6834912135
55066502930
328577503
5355897
801645951
7813833
21795340313
7743506455
33816010
10663629
8403083813
110368
14143765070
9206884470
91105482
166387275564
24701564191
7361740
833644282
118344066
1057476635
878578189
56033698
1416404
399268781
64584716
-1
849978219
5008758348
221819694
491517130
1380872
641644535
10901673498
6614013538
2483487
71213973
757013859
9130989705
989231669
13799029643
729164907
534903726
71603459
22646209861
12925025
40774027855
24621089059
139229914017
6157131
279891522
243170268
-1
21414530
1388177570
15266098846
2927918186
1324066624
27361901796
3448350306
1101097242
446871188
119323425689
465031918
-1
837027988
1035919
2617690850
5615010
123765014
44551083
728560189
415275248
196165319
3714061213
12004753636
15170820115
363154742
22908282718
2146665061
144942736
-1
62156100
33845173
674432251
2621581777
80913149
102146579
2139101181
23149
5430829
10287832746
3389291485
1031809941
4050684022
1499869130
4916909
21900314
6832801115
1667748707
56251892
5820807636
241510419
16627669
27233053012
52976385542
24428739
55095482057
4055502420
5548553
4261375918
275992177
3146057878
5337704285
574479143
2673588
340981286
15036165746
785825654
979284290
208273428
5775603
7297802573
6404384411
761352182
6995429
17215682
23495461648
1455736122
39109895706
10622773
45402309
241473
1026343034
199831500
671944163
-1
1203151927
924682
4363525560
22293089
473166688
188836691
1896946942
33926046796
50341886830
154306382
592902
10577943903
3336596208
1017686994
1671825044
11327062325
64454418
196685799
1683792514
187859924
7027263
99053786
69158421
-1
241223663
-1
2592303
23604034
469568673
42937825
-1
-1
-1
393258991
3682222613
480429998
53865723
2189629726
1023991
20888810
22071521
144918447367
208050
10632898265
115216286
238247151
63576963
105907187
25351572931
391604506
30007259
11916919
1186395276
15941867121
1318723
-1
59490325
2044560405
1071667
1178289913
3604164250
17118273
1131376670
694591959
108689110
22813836
54962124
6996383
34241458
506479491
5793479579
68288170
-1
11649093
6946452
30628710
1545504643
263460721
126332914
8997263380
12451279915
653631422
1929415297
13399254703
1586937783
1907888998
1654769075
127889897
230842472
4306032356
-1
2197870465
799910627
132210626
-1
16775324
3517418189
130402203
115000397
26762
-1
41122124
79380973
574218353
781127880
359477689
27908519741
10039509
1702980303
21247033
1490878436
-1
13091375901
3732943
2971125551
73396824
1614258994
1393766210
3896211349
56274387235
23593799175
2130975686
787490964
22296426
510513644
20015809208
712707
30058281
1119424
4643604
52292400802
91880771
41852949
6760762654
7788434993
601847708
21435087
1795558826
7408048490
7515075562
873716
3404206330
1001754291
1845095716
11191856
186912576
2355882454
128003963
78706889
598883303
1165411629
347668781
423505587
154012247
134259132
767571331
22291163087
1716387647
4251715
69403001
-1
17880615081
5143995455
29669753
455462619
8105810
29102457555
395378676
17966418
7018485355
44538075
25950615782
3244915354
736978
38723585
1056637968
2196531802
43208513
-1
4464553049
5548794
19409132856
11950295
1090241956
578726134
6317982405
-1
9439500
66169512383
-1
-1
8039063
28664013644
134216022
-1
422790394
776605989
41980811132
29826364
89078517463
13291068
404147836
3235592
5865115325
8448047
2479817949
19458455271
75544656
656832133
2076244936
255576901
1278128886
-1
46518277
55866673
2798862
5042064
-1
1260627736
243876257
17059467
783893
25667809477
806285640
10880963
873292367
30422950168
3120536900
579915933
16070420
2931424
1666381518
-1
20847902
889704079
15325998741
2962630000
413505002
189237313
54801343
-1
1530576787
39296578
4529721602
14927609
2571928
182082351
1098504428
1482391487
199321035
283191683
2579605538
2114543952
58059069990
83227
29427421990
15951
508511
13158040
1850968498
579814519
43784480
1522334342
13904909
-1
458051
2496393791
3609805666
30349658
36256160787
525084712
4395683377
7442648
6705869168
1188211
15972706132
572069
2339361592
61716835
28576463467
30167387123
502966565
-1
118375490
74255742
220390401444
825513
4308762
9997225494
8145922
1879922310
792704977
8186472703
1300352356
525981850
71443267
4782673
17348932
44286285
304467665
1080635
586971496
745443191
47496302322
315320898
3044090608
2644547798
5679312408
5956639372
1659020
-1
1836335418
103142571
26235336
79973154
236410741
20435846428
20291530
2343053344
5536562313
263497
2389761459
23402797044
5220886
66759308
19501885460
-1
19319651196
14867208
2446889888
-1
266424507184
-1
-1
8016371214
12228880213
298994438
566557023
4248152257
548753872
4681749999
411468326
2260441983
144945384
236016851
25436252
2819745
776154984
211468744
783519982
1142380676
394626752
24190287
805319237
22190830864
10353568
-1
1934756
410542439
208900740
1819570376
848791135
100818563706
1638412
106130871
38838692813
-1
8779059
34152760
73524079
4008378980
275784417
22733797760
5151483265
644807
83938970492
48007353534
18648631101
-1
107428200
299958012
91269692
-1
28102181
-1
-1
5427824597
25253900
13257102295
314729278
480585341
5902330
378682471
10364227640
28366928326
43799170
872996745
3498593
5385766
-1
27081475165
304782579
14158751
1192067224
33073265
1292528
809597
1713130
19692046
102380700
88914418
-1
884130403
2008238
613553417
6226185
52057100
276132108
405317
54796042
7988945
10797128358
37662710840
4289198
11953060234
-1
584163815
295469690
-1
947593044
-1
36414854
62706684
593471213
1732074250
-1
155701810
1742888522
1207902551
3394603
2514174539
974681
31468005863
480925276
110960870
16019478
4475479
-1
58205989
22295542
6200775
39422685438
-1
40004057184
63376267
105506210
358942722
-1
48239069148
5915345
833639319
13316475999
913765667
1385133086
2986503026
34981159403
6424519164
3496441462
2228973951
30656948482
-1
341741216
37610362
7050059252
15477503736
898362040
229724666
28259399042
-1
32982502172
300134868
14934133
-1
14352764
180519111
1645608375
24407516553
618629928
717728602
1434291000
19797215478
4255068277
7068009
523620042
8778880194
6614075
902310559
59188718
4036879326
88532554472
278958488
77735991
7414646315
65033901
729628612
26378443538
83710785
4721698536
443597215
137717885
325397038
129655678
5078447435
22395255462
1543735769
11013761438
31563839
127303975
7864281453
720203042
25327931766
8190099334
3753565667
-1
772072307
7186699
691288812
2981988044
15050017664
95714202
132427182
12898216
23925039405
99046570
2396745
36135620730
72565062452
12428624776
1141268254
4294126836
11338099
8966345893
22103108646
3001206142
1037305
8630279782
24507902253
438662571
1155801561
11885061264
467928302
14341848964
55593795
4734814343
-1
2779754616
162884562
492587999
2953572254
7171964
11305653
7477740
4933913448
20076600
710982
1073012005
500043318
7145673081
1744896707
8509061
605756222
5724662868
40261591
831325096
17507339793
-1
396178062
16967381256
5060642
77387723
18892880
607352891
87188634
19893465
-1
3543509240
94613147
14790849
79015401013
2073354185
1690509096
35333496999
17618710639
2314298
448253362
290827378
447543558
2368540698
32588640194
3191174751
904735447
1126587338
19947383778
8787107349
153233143
13413493189
1864283
237031350
2417009709
2127918663
186809
34071
440491512
21730841
351709184
173718818
8332800
412349363
4150926955
-1
22050274
53296305
-1
66974221
32570391
316113589
107923010
34501773
5188420793
3455557
12390310
1153467
121753586
-1
52645677
2979462760
-1
-1
59245152
23117085
-1
9250661
558279396
1405705
155399451
989240329
14174668
193331559
6422379744
76132156
615671774
42753223338
396125985
342477600
3492983351
35859203
50856882218
-1
1044093074
5372872668
-1
688639378
922311
45054846
10410797792
-1
12645027
-1
565505993
86495961
60673
5099130
184484231
91991837
2594583975
39170883911
-1
129837
536006031
4674655190
437514
48326202454
803203350
223113933
328520702
646868768
554866903
4150507073
-1
4011575898
660710948
21683234783
15604350
861008572
29086059
5240298652
51862946258
596600344
29733004252
5833699528
7441079
31179248
767080854
2445933112
635649
6818512382
759527006
1588735669
279951631
567530747
166657011
145244228288
3849337175
131637864
2155699741
57361672
6234165677
1721118812
2389150277
49907181
4516116873
17538059
9175016914
14963490816
5589719
1696067
6664465002
2183049448
248364347
50920170
98690475
8314714513
-1
1308582982
6313908338
560237094
6037718605
45577603026
1029372717
10620789370
537875970
-1
54701826
9266409595
267362567
1071882494
4951906
15124841
10106337
-1
25869935
11598262043
6702864008
194962736
4912409
74164867
2452026413
3632324
11071844
54635046
-1
1083828498
15540656096
49793263
529021
1187460635
29913251
26396468
253059
80365500
877346194
245637485
1565605
9043203783
11077705
1139487037
2991705
13577808
239927355
42586704713
-1
-1
130268782
1706729214
56325110
234359583
6525408694
379708281
-1
282041514
240074277
4530427703
1843574
31308638
20008320569
2333953924
10718637
56781915290
42543300425
9203701500
1336864597
1368276
3048503000
1123956419
140966604
-1
197439111
161272574
44462734
10494244956
8725920534
258513873
-1
994751455
15373289
6049589
562056536
468994358
7627994153
1179342074
23026653
6149999
92958671
20096363669
145360685
21100889
681077725
28604731
349100887
3117864346
32809946098
112296315
21472072161
1915297864
12670922
70667468
322571137
5424088097
11573333498
6299921
231577910323
284076166
1448790
60894905
1095021028
85424908
371871
56959623
767146626
11922007
13323167780
1116526
423921198
4095279267
1291555077
3787150551
823666317
23467894853
593048
2347273876
3685562621
-1
19521303017
1610883084
44034377610
135555388351
2875912933
113040424696
153230951
5253117834
174767771192
615080648
14952609620
12076432147
462025886
8731597751
8919220
20343699
46181026
7411184787
11523177994
-1
28744608907
6704694765
17113239945
7203749089
463111908
88718095
204897118
886702263
131620289767
11200464651
-1
33558142664
68927257
284853425
855217265
480432008
977281304
823663604
121696425
994720
2167715456
40654758028
35382188
1475538561
121723045
573990
26434599
27270838323
207566822
1698594
8176159989
26985639
6380252085
142520044
20933614265
404375076
1423986690
-1
23505171579
414174897
10309762
3302719
225143464
200223603
29256004884
301529917
828292274
51893020048
34617122589
12336683
42510379
656714881
167508106
4368921491
17344879
596815420
7533490198
2302013521
843142575
-1
4804093783
19862414
2850105399
370809551
61742639
-1
4433503505
7308986004
2747118903
38393363284
244616769
1917799505
92603824
7877756
98855129707
2169664225
1211515504
192508755
294742244
511353188
40323874515
-1
51226088
1877811
-1
11319121887
9186366678
39531103
48167291
78223393
30546219
97445124
44184205
22556850
5517684624
16650520452
179944944
2185230901
1792660921
1059828789
225467454
-1
44838745
6090141374
2606080731
-1
1840799152
329315
144899315
3415012542
87869001
1164070796
16942166670
17823766
83560677
25698844428
1066551943
192688574388
86763941
761925
183365571766
12565917
165722
58362250
96789716540
2091931136
79728331275
-1
830592445
81931830
99055938995
13820313
909140647
2663945
-1
2186417609
-1
977546
1815964134
631175787
316638488
194735486
2712090409
17414634
13634632753
786632531
9945196046
24782337043
553461537
707073450
2009318336
27020320
4224550845
78617271
14946909467
136605
258769698
352645679
1640840811
1874855688
70643439
131801078
-1
8733222909
296506804
6275793130
2828358
9562107051
4692640401
90584127
221487081
430685242
2603898183
1363783590
6129579
-1
11688441
201814459
7081597091
11858198569
-1
13771959997
1155698508
308180895
-1
481127477
75609789694
962979563
2591595
18424374952
-1
143772765
54883422
178643733
253161827
2131173214
9881674422
742745866
-1
1806753053
6540883843
235903418
2341834307
313824744
1590501159
-1
-1
7557785169
1186691
84536698
997468137
-1
5382072520
6967552388
-1
32520438
1000886128
774714812
21817991109
893723651
554984649
25185664
269797371
22376254290
2508225508
5793423360
3772066995
417448581
126999
75267845
347762383
-1
215842700
32809079225
2535551512
722886100
4995376740
925513648
27427343
2793291212
133478176
179036305
1296834229
88612454
20928922
53478008927
1903405974
3131859996
4251021
1020028840
4910229598
557503399
134152689
117022811926
391053857
147015629
2495435566
557476576
286175753
253496516
7993055
420613759
11806611280
-1
11687816
33113082
353617416
9362757263
42867249653
-1
10954559911
59260332
13131712
14732853089
358330461
2228797339
13295549552
2076337549
3336741315
3092369
670349532
1329785768
4209761427
24163778
4876441552
91417354
105825849
372785289
21175196812
9127218
314279829
14896093
35709058
36845010
75349019
424788311
8813896113
59180609983
2867371166
6353532796
5278708696
4817723471
342005692
-1
1688855480
187034248
17460079424
233511900
278738036
61329842
902249496
76611975400
69068862
12194380
2725420091
1375239
693264930
44896563143
1167403199
13207051657
1207442
325546644
-1
805115523
82527158050
88652633
22833811
1972091212
75481785
7567192
8919797293
6539176587
15242620522
770120940
1365145133
52746578
477339643
179510
14975991336
547427819
-1
442739119
3105864084
-1
9714572
3587468111
13070359243
17242333
56323598
1847381602
4963578611
352454731
1314942843
2937819663
3658073656
746175432
6750396894
16149708
6192966782
1003492360
5119186
1473501307
985300911
19893324
3351292116
43818
2950113389
99815489
19258768
5890464459
131601192
3648206954
1915527695
325517414
5996052068
25026919
1734819613
1028685014
1658854
482270647
1337612036
-1
994603
12997483193
419675049
1351932819
263879100
403680721
4019005
11847175267
1382021891
-1
-1
4641976281
-1
8107606523
2581305834
128867187239
622567
247744562
9677359
20240165327
12994431929
1542782601
12730712819
632428716
612222665
556750912
4050830902
60585457
8288945235
11763674277
90279928
80896988
293027803
135307807
186151461
3700464110
191582791
-1
67897888
75185881
110520944778
149495607
1245885564
6693645335
52825826600
962199627
456721879
6863681176
201285370
11088213680
-1
1052962
1189873168
53289757
18183963875
15790
81651519
491233405
-1
2520790862
1550962405
32176943868
164504204
6026986614
1586538984
-1
2665025
1970441176
55318249109
6962665380
5107419796
142600734
4822293
1272706868
5822720601
15844002089
9937422460
1080078
13561361392
19945018
1546234246
31710024
1261961607
1156693936
162883425904
4762425053
6868313186
52708692
238345630
36637936057
2745859881
97874360145
379114021
2481092
4848189024
4897976686
38970521493
3613152
4940048691
35378812
18304878778
10132806388
9677557419
-1
87481529
1727971
113015
193544900
82788873
4681244485
179864733
12509912837
74078825
19688696
93384824307
57391549
5444472418
829464615
31484038
135642789639
1955204419
577310791
239917005
196873084
773413818
155989063
18850686
186958906
16557853
410951
52126890629
22471600105
15617069478
8905987101
432096025
1001732805
115769033
2620229855
587725252
2334625509
33913137
932459758
3481525688
93407014
110134549
12487005
41595361840
8315262858
480412144
7732808
758022449
390158076
26344424292
14027516731
29039683
605492707
7377664330
1180785171
8476714
151615554
533684468
1196927679
104125614206
9172985759
32780556154
569235472
-1
956565121
10796110
356448410
-1
2080802323
1117460403
8477032
2487543202
1724545
2842025538
741032074
107376492
10497373192
1807859829
7366584879
1663133689
8882066
1305295637
8908155648
40167934
11827964378
-1
1834143
60483852
9405655187
265203979
52274
-1
812747
6994321
266405317
3106612820
216523666
2403514327
3978540
1002730278
11180322
-1
1043183765
648279317
212575885
482097
80964456274
31240693
940807697
1919329976
115755682
64586425
11506600640
640269459
10460777
687123355
419510869
-1
27133751
-1
40000104
135205959
58925478059
27926067
-1
8356049184
588169
82446839
1105582840
2387600
140062792
5255220583
93880633254
6551635556
13679349416
1012372091
7205342005
3452986871
1224952193
2633430587
-1
912255069
11095230297
11518272
11191072163
217430461
1601264025
73764319
4497679986
161086643
3296108
6302857
336034822
54396364
25498598
1702556654
69452926
2277276207
9445790508
1849629502
119758664719
336675544
173315697
68448579338
2854468689
41891095468
139806079880
79212407
42666849870
66455519430
1295769852
3464323176
3079509848
147239484847
181901356
19466755116
833322956
592771525
2452397
-1
9205816007
23390994567
435959571
3321002
38935393845
1281867345
628425240
135224286
435146968
3346711008
84684411
6048725197
8608636873
8244177131
135198679
33489368
2190464282
54406242627
-1
1007204757
2553025020
1215129524
2041762082
150684924
40911660
828815471
10952420
20957670
-1
2209625734
4015729422
-1
99169531
24468306842
3793898454
-1
363679479
2358829
6930225
6480206709
121297055
-1
2223276213
5993800812
7905589321
22297501
124020190
18992079508
3281432692
13032134807
8637813489
-1
8478832299
802178015
18311804
519761616
115286027
23704501
1132785345
3961681
-1
2980620766
550910814
937327184
77564134
2702399247
638998101
56952888438
46884508
1696801769
-1
23698254765
469484624
6730565
2375317
28655801484
18179687932
184551575
104811721307
6498831
266299175
97744765
1077026418
11823390
5649075093
7530466042
346523019
496657732
1810428982
929722932
18030469704
8060152888
17494683420
713524973
42457366
2923378148
2809639719
4754929
1244294942
17765096344
-1
1014636
1828828268
509035105
104291991
300429427
2005116806
5831702
1296897553
9919358659
21389454568
914957
376923502
97984602553
1439743
391674141
786729593
2778273806
3521626303
107927985
35634836
667707
1715463986
57382118
6143066181
3812678781
179416822
2586137958
1440726768
34083876
3822732602
-1
-1
9589071918
7115791374
20758544
16001234771
26989682577
2720428398
54019833
235425317
5713886811
1896459445
4232430
5951347089
792085058
57216265
4006061918
23413576705
2396916634
694314592
313816219
636625500
44920
1968959882
25270320510
39885838
1517048184
185448227
1817337
-1
103413932
9438800005
292208686
503231716
1984347594
192913056
570590316
4631163271
33854699809
213339206
161696176
345886372
-1
17523455
5295340521
20266633713
108224029
-1
1468273
316864768951
10247954
3228465018
25170784
304106
526548126
268241967
278039122
34632624
12862942
838377463
99383197
3757648
28795711
35668990417
48247690697
8776059902
13855396834
597571005
41659249
1833760008
11701522
1656889353
12380695
11378974
18181812
34783142
1593149149
30026451
-1
6990839374
1121424019
-1
22565650
100837536
-1
916974870
-1
966014302
3873088
13607381292
584668466
10711244
32487923844
-1
3909133479
4989722711
776907880
951445315
22358146549
15975449891
34395880150
-1
64496895
16634939
451029976
84359746221
437982026
337302515
624675309
2412945480
17361140
2214334369
335105184
219717647
18681945
212371689
140090904
3074613308
-1
1485194041
110183836152
4941982048
13224166660
3176239822
-1
5174357823
5146304933
4995835
208268593
3843927
-1
22479202
225169718
24654128
11480727297
191187019
12645338410
8741612713
453304868
2924288444
1447515996
120333755
121974896
12832864
505976591
30019829
-1
2035216314
1060365902
4749668
36480612
132795567
-1
12773840
6449697090
1820825904
17688027
214185053
73196
90152782
-1
9751926099
8628090065
20946644
26951228415
59124419
62123159
190212109
-1
4910318938
11802718725
1113701892
2607011078
47974789
287746196
1234432369
4065823
147010994
222960120
4096072
6650001155
11445466244
587920158
42703108
849647695
21441493972
297880283
1707693
43330754316
37495668
-1
214770
2583519331
52294382958
606900764
437700230
-1
29290821
-1
10145392923
29806136
1986869075
100912682
311567
2763412530
1179152
262260
9503391820
-1
7897672
-1
7649616
170889
9740975794
-1
3955196673
16473907
-1
705861
1288587388
45639174575
26278052909
6271640
388594454
615147978
1798855
17693249644
888095660
192524593
2543300783
2584942660
72420227
37948644
-1
23635847418
72663593
4426612634
350670
14465209
1440287347
6584777898
29276810
478071
2749767
101931411
2745710
5413144
6287180
24009694994
3215285255
165453063
60062779
1131762185
17038667898
64096897
820019
116572478
121266737065
429756383
19864708486
1032258656
314218974
-1
-1
1561110199
31607473
6124754151
150162504
5569329522
4748538
7486007958
752163732
8733685905
562354049
29975152
212827322
-1
5512660
837098044
18297101
87393470
96248310
311280030
36683674
1550921
44765125254
-1
29917602
3587239
27113541473
2793136350
3070723884
97319869
3862544651
2721836994
71523463
658815464
-1
88219213
499737463
66798528
59119309760
1423135770
3877950
16604737488
2667467
8887168
45530354071
67590759588
27240857838
13246216229
8805153
19525018
857016694
-1
9047145
37639706241
2120622
-1
143006570
982561977
712446421
1312573827
2167874117
19048592032
28307450901
2264999934
352996761
47322995
14763818321
10608218010
2489340601
11994242995
8963057203
14901538
1207213625
605641025
804108760
75577030
25794367
1612931627
23602989
2175777101
6831287623
117415261
-1
138413703
4355824429
-1
8883931535
6960142
4013137240
28520455408
192427697
4755651452
-1
8826885277
720139921
1859764970
30954262947
950330024
20853261
144837389
33943139390
3421112150
4689829289
887423
-1
112838831894
30450514
3104152307
5812908
463847728
153570
6157922036
1554247022
1002792957
11079322098
683978577
5348377265
820624205
20153423
15853978536
5827854
397436
36566117982
19709871772
3140047789
732269700
147981914
-1
5858275329
3592949241
2807357639
-1
178843590
122121953
28421289
64369846
5415967525
22203013
207058341
94933380
2586462766
29229422865
5933465642
32996991480
-1
141989952156
636889413
-1
4633723625
49101012106
92579101868
153709577
35817325
6700805007
-1
592035112
13415232
13720920
339906059
1494631394
995650706
96085965
-1
56099628
1853805799
2269902
1557553
3500799520
171208439
13285668
2908564180
-1
5535366
-1
-1
3801177033
11402717063
163084946
872169417
150101300
18759584
18429868
1779548101
22253821
358673629
1702914337
13192440607
1205392677
28072163
3120579351
35515054304
3392764968
5009835017
73215691
165543770
229847541
683464001
571873
297686981
49397746442
57606861
8942
3701680571
48510
214159460
12009078911
570131898
1794861605
10388452425
1069150719
3631994019
334207885
12399021
751291987
591417758
265835745
6042903
47517586
312696205
5140712948
4554922
23780772
6434843647
27020828203
2143628497
22252902
7974268
1736824358
-1
1402168020
119532741
15374583
-1
1043551603
62386532
7059996
22102443
8272395280
581658597
4602484624
27297327
4336959849
23722751888
37575595
6610634834
3097412620
6407325
2519174
3748517120
2741986019
920274
-1
31712290
-1
216881864
68326862
210734006
42348446711
1321072685
12396877143
2731180096
1138384
360228879
802871283
4652038210
-1
752976676
1621687437
3380030043
3177886792
186875392
78603524994
1372878731
20749389
499227525
19270294720
1996600929
1249531
-1
89745073
368773552
10008970
72257921130
99956448
-1
-1
49337970
5439382065
-1
482558282
942923244
1146136163
268237135
3025107753
688188
19399624
11779813
19845955779
165683384
132476191
20169572988
49389481
304627168
93646623
90596
404923092
18413055510
425607427
12158658
9683610670
45119456
8333735096
302113298
36430563
241438453
31169245520
32186154
5141399156
202543666
25403493
41317871054
26179736859
15924113
68720
10697893919
18168499066
13320717340
23903564
1319876895
1258193
1930310793
15619104433
934096576
968166598
7468593
53721218686
974018440
43313552
98105438
3503577172
109420294
10655475741
5360264075
12679378
1105307
850758029
802675781
91821885
10502901
24061293
7972206114
57532468
1871724547
11821401625
1050527511
127317826
9054652095
785045801
21287588
22253346176
3603437296
595921808
2410319665
1437519868
761272334
3166595344
-1
679723711
14167220
5480323067
21142560
6321421
-1
1733836003
8174945213
12909435370
12386490318
5808952
94469967
716049066
3920428
2609826708
12758854575
16050337
41531193817
173125687
64209532
55424857
9592780
238351096
-1
3698308
99088040
183396131
37100100537
126598415125
-1
175589542
-1
40419692
6915231452
792702501
106357453
7040432
403950510
8131006178
17616964132
-1
10455007087
1476612530
5840
193361464
7480424
83478061
5901037131
1363790831
2308949472
5956615770
551995
9709708229
3448877
483981496
1081142
62624170827
182507343450
87805921757
1899102097
250718719
9871891
52844100850
1275490359
25724278665
28871824606
205732172
613011021
54122252
370723497
7556262
-1
139750729
4530478
282441041
116046550
1646560004
14210746
18202591
1666990
919534728
5809312378
1111375976
167749851
12579566414
17046571480
-1
-1
555463516
2852148
-1
88801302
12171611418
4928384
40005560
39555868
56106485204
15437246
5173824902
1384272
29260
3980101
1629038273
3332389120
-1
-1
414038270
-1
10441361171
1869881640
56923181
12733793
153244031
14911891
211729957
5039308
477917818
35399983
2662546595
30355113
-1
2130180975
-1
1013306
160456586882
-1
-1
208392291
4097285627
295750842
326001673
37197633
200625030
7724540391
4227743695
114965711
6718865867
823055156
-1
8107880880
3055563
34066232311
131649416162
-1
6461284039
4808734769
855474458
695185416
121786339
443982092
586330775
1468782
-1
-1
560694279
150581117
165931448139
521424025
643279321
1793823673
602985581
46084645169
898357305
33720628
4937564393
3839856314
11568392146
267928
3920767831
1383153590
9773041676
259579036
858275374
895083664
4770579024
192732438
11426076851
185484389
23202593
242863609
1010582399
16087805620
68656269483
2087077241
274108162
639389691
-1
42646009425
310145556
9689058145
27364460
9127039309
2580270
186184707
1672519632
690774576
28195289
39460020
13343605
8085608
-1
2470241529
13256752
16627513
317713634
1338346257
1379537016
1313182501
2658987061
985503338
4914290
329274323
-1
225050675
7037596867
68392079
264928783
7207057571
5133280127
1605778340
2309864476
421921832
28430262
-1
23035944887
18723955
14837567
284249427
387607885
766979701
80050245
130381341
2507491602
26888129666
81330364601
434111331
30998408823
1614055178
25490633
188403028
3116158981
313551154
1003486325
40913
21786825111
785256652
12828635343
17970510607
8112318927
1803122
200390015
9998743
251867175
70211231286
1553186
173878740
128922
33149213994
472222277
124555777
21705362650
7416570216
6362187189
-1
-1
2337512718
1911547814
33689279126
10925576
25715687557
1011438234
89059750
477934171
-1
1059383340
15434281833
2801428989
1689773866
89419977772
26137249
4162245092
-1
-1
188997900
1879685354
77632152
229063888
588540888
9839125106
79591175
160356347
30455683213
133778874
182780138
37621688
3726966949
2181627115
6219681
2150951878
187440250
15692259
269258220
-1
51655221
1544470112
163355625
458685550
6041800216
2193798066
66429136994
570199340
46175
41627632
131945264
27374996220
33216619500
266392161
9657675980
89519403
-1
53103918
2567164166
127724452
7847435332
345047353
7487336650
843089874
429790762
17085200
1351025270
4118558
2509504240
95247807
574976356
1797793076
259081371
2726890344
-1
4036097048
3046333437
18025064972
7885960957
442680842
2602039752
13471919346
3650246
85401821
10965393564
745422702
1615310205
270035719
235704146
30070009
163810480
-1
151620887
211915058
3837131766
-1
2751690
-1
523398583
45926682914
1351776056
13939255
3873237632
1855406756
9947022
845346361
94652414895
4464733427
2323414268
17386703674
2409003
1555694229
206764099
39855303444
-1
1686604719
21293377893
-1
35159910643
-1
126914342
18428038
1728845586
30311470
5239287931
265445122
29131835
4603872828
111832392
947808
11357515448
35501881
235903058
139477
71307052
548344860
16595651399
417344255
27084400340
1525342164
1887865591
102026447
1091528114
195059427
35787830
5659092
896870447
752050978
2864789051
4292784615
443572814
104049518
31680129
35341742504
383529348
13665637
26090960562
2163253433
-1
9559642
44163942932
24765311115
20885523612
45101929064
185770738
2353191862
3679443004
15972324
2513262200
41936116003
29705367490
18811763207
6731020556
370100985
401040536
9876738
773901992
214074280
51700116
-1
-1
759915223
-1
1030160
25955242401
13106571
11933633293
94895847
83565291
209473327
65191521
1692334044
3770352837
1725079978
3066277
26926861
5068632331
18033395468
-1
2134616129
5283138174
605174430
4493831976
424947828
4589291889
667502022
60555762
13517765671
8212745983
2396541907
19907070012
1200387113
498395568
595998119
476299086
164977944
3767031
-1
6208472989
987766375
23965308
333537923
376228231
212299518
664844304
126034380
2396140839
13799454
415083494
15042706010
24129858
1287490
1735082
4416173486
39530861
114269987607
20125938609
3311777792
309116327
438205
2180475909
921723186
1151613633
41621117130
2021785032
49159001
407592688
2728199444
82333046
28886445278
38428848
868639
7756455968
9665095
21434155516
2249791574
11635385330
10880173513
9878725329
6796755
-1
5469320
16488160704
-1
412546730
485987488
3598833903
200839107
33296126876
-1
9269365719
19836599
6498396611
18636301662
59411396425
569644445
2786257
2841027
264872195
1168510
-1
7356532278
37731413
15542895089
15908545
481072184
42630171291
3182096834
61912894
7451964330
16518327049
56117509610
115877105
4105676
6012466584
178237692
77827589826
30760934
216354304
116567811
2545518155
2540943187
1331590251
259380936
36030773
-1
727510128
701416502
349230795921
1414607479
8518918
10314003
85721296
921795902
25774597
3732001713
3732002185
17993390052
49326200213
814440073
8262147
111749209
37929463
1007406308
25322921
-1
845246734
5627873206
382772032
8896202
2133934479
203781381
20524810945
39323367
2043927
270673439
39016911213
2164332775
688344384
4246619
161820925
59817769
1623469693
482149877
439617817
3529235481
7516172152
11777218992
84283674
5962395017
590818761
24051417629
396458800
271655392
310106758
31145032
18064549
7863262
6282105608
49996672
880527684
1316349101
14142863570
832183415
31630881723
15583507
-1
34116097885
4233543671
222769466
-1
166375329
355825012
93988354341
40952718092
1018058685
2586198118
39841245973
26166298531
98932806
23140518402
-1
1697424
63456071
10672120339
13617136
2492218920
19775026810
21157340768
120385317
1566330313
128793841
125247131
15695202786
18558650950
232466497
306206244
4436307
518606605
119344255
2244084690
-1
37712654558
10275920
2112533722
9045033153
7072739
11179623
256938458
516115565
5915054160
14936644431
6863622174
3511433357
1442490093
263312086
1089735698
19396065
11161208998
62339632
792986699
4355336818
190413539
-1
634180937
434821189
6124607129
8315738410
29008689040
9539715091
43571801419
813356408
277062267
730812619
5908331521
46060423
-1
2965153798
1271598485
8294305829
497277055
741576169
499233891
2479557685
67578816
6055471891
45192132094
102119784
4627924153
2564510326
3476363611
9039015577
717335497
26021503261
33514482494
1197619237
212952599
32043803146
7952832395
-1
691708190
5280117
8063813174
2567919575
6176033405
-1
37439426
110648726
1772261671
-1
1694429676
16202242564
67134339
7623572648
-1
103767019157
9355201
11376454
91434404
4187479954
72946523675
3464694213
12276807
2537080035
-1
12129656918
-1
-1
2456605686
3682918308
63362741
1182603820
1781660859
1401925
12093663
32590711
1638623775
132577120
10233772828
1762730690
247758398
184254922
1520974338
224640423
614833383
228642768
22989390
582812458
10155286
13718148473
15014728911
423023082
62198268401
2485967690
448111814
146309641
54008063
131806340461
1168749886
11992568845
-1
51712289
236621513
128534443
124550457
-1
11342856
1440384170
4349152626
50242781360
73961303
17328030
-1
-1
1328079437
9903482685
247895094
993800399
-1
86207059
162598319
10710
1567650973
1888775279
4077997122
22767622578
7986385416
2706489892
540558969
308276820
185805931
16292320
1457580
4692785
3757052599
-1
4115049
2013645161
23283982
77234684
29633491057
82153029
90472207138
190841440
23406195
76105378
44901733
4522313046
41587463
24549073673
4422939673
69975650045
-1
18324271
2096705176
10601433564
242791810
26004698581
-1
7195647770
15368566471
509524299
27187529
26221561912
17215472234
391009548
22882964
28931270
4499879355
321174971
37238201138
1522906470
160366804
819964241
156446813
57902448
64938565
8217437
79787096
10549247
504039753
32936482
186308634
905991595
26276622
1720771091
117915182
10001312
26173638444
6197713423
494546083
-1
10688503
30392294
9775932288
56470690158
23581458390
319948
43837258
-1
93036616
23989448368
-1
53207868
425648266
949785431
3510358923
1660323827
1902564375
1303123570
875227
4645420569
217098939
2823528104
-1
12508320937
33658907
24416411024
368383730
206551712
73117369482
38341817
418209946
152700616
16317856
209182169
2646191611
1728522692
226923307
14559362
137094794569
8750946
2077245104
141095793
6921998
7618331690
29587919
1208494067
-1
21132369586
702321272
1330905520
350607
13314514824
508744701
24365228149
3468519
10664578
43833044969
100904079685
6355936489
2310794997
132508039
10858263
46714438055
14751614345
33569337593
5807958247
22957354675
3761815212
8771279
184964520
8268759226
405370542
3548602614
522423361571
74642207
15062165396
16842418
20414747512
752723198
245249835985
6218950822
102970133
38336969845
3440227
423916710
16760396557
493114743
1361037419
116281677
2234591015
10137354024
6710516527
3799314592
2706865101
3961042239
16599449369
197618418
320814238
76679863
1382388
264846061
-1
85558640
3936616
10821895877
878357
24238134916
-1
592569451
151642196
3038362970
5521083879
-1
476541863
610283598
338695003
2207128405
-1
-1
684732076
703757248
1482388
170068282
18688137361
53092514
6852109344
742082938
-1
53339998
104936994
533437
34413013
530005086
19902525
36436670396
102736742
27955741702
25321267380
497809075
394395535
47065267
1763430858
78895
18605571
367637
610251119
101597878
307818627
18128151
-1
473251109
2766446
62644468
1490682
543068
286880678
5491843
961888
282816047
1265290523
12240213
19384757
91364554708
1634256233
5907495034
8953804278
8874365707
165142827
-1
8112435535
232040572598
5084307
167502542
44089870
-1
22021566996
840386210
37019228029
-1
6958498895
313119336
19316183829
-1
258902
112451344
7647562
4763505941
1040080347
869927362
-1
566394663
2845394673
205586882
7033094842
7097639803
3590787
119440966
4594502139
782329050
1671676013
21380640
8831177
13720197536
862637405
4795414902
98583551
-1
72934139602
6350375601
6494615855
3571623
106836923943
1054759056
222868719
102984882
1428162321
23489334
1005755944
291069000
13158573
5129323
-1
62881383852
41775768
1281266519
4024546686
9866438
3984542600
4495675704
169763030
8251782300
102829403
176851445
4844531398
557354262
298889633
28089036
599673194
-1
227092632
71590496109
147461626
231569801
-1
445498949
-1
695407
246643846
-1
388893003
9948199571
-1
310554
19619
-1
6239838263
10120686524
651565190
5429116874
10754516058
1204206757
-1
27463126568
65304274
14243409
-1
2892595336
901777142
21132365
-1
42990403
127521456
17507601
-1
-1
414484782
492840010
818411098
2112362
108298772
1691913936
164486557
40751156037
1712182494
7789906
1020640144
-1
520366260915
87770114066
38957272045
62834153
106556872
5185329654
5716243
265969
101441
142391937
199437
-1
11222494124
2953273614
766774
2795695
157064658
30295397
1440588653
36834965
57047326
524319209
299048
6678296251
123955312
26626675
697944332
13154934995
1502618858
3715731579
283861600
3944778426
16859144
3772713
19452834956
40522265759
36525539
61783423211
46152836893
927610012
181221855791
389232059
246825037
15182085
4822859970
213673163
1284129073
68258142
466968
96313509
81099222
42631712653
889056402
207485080
106192231799
-1
24428995366
2625754
8643627808
17726137398
12218001172
6224268822
75882205200
49467262
877719917
3474259765
661143089
572278910
421822628
695365388
22349018375
3645703
975644026
31629517
14010710233
30740427
568344482
29454114495
-1
242793535
3028345318
2063754460
191795576
9530450042
18473155
176038510
25448883524
15581758
2456662879
75348564
-1
2038072239
252428560
97347922
144847587
703740261
8860238810
-1
4127679
12767024890
142038089
272489001
21256093505
-1
682477607
137618930
158363371
64928575068
188271166
786464628
974043893
10234506160
5102824
835542
36953410
15882154
74399127
7027322
32307993658
403011427
608995564
626270356
60403095
8743984420
1294574474
22232178924
197169340
80464059
174324
5174415
674135485
370456096
9164603
42404165
1021504
6916373148
487736326
5279836
12196883606
8335746
3775559490
3486287499
941502217
64355897
9675279845
955904281
346330716
9555205124
2351535641
969801435
241641311
10876966433
949759007
6405039
13801708510
712325078
518746
76341019
4203799872
6870262542
47024658
15544800768
-1
45486790
998147038
183333174
2732412
21863481
1415692886
7456520172
2388898
140103283
9597787546
-1
675223617
64013784
359763
81926528
2217839919
8488871768
15960489
52572585825
-1
37792911
-1
130365434
66387217
1185664252
11598353271
1728893736
198168111
461457939
7793778
1598918600
91343486
9161801738
290023520
350654184
176684239
948885244
433482827
5447669
18655036
169795372
106048339
163265
33591430
9118475
21995350254
17523915
5032686062
15296523
3233698036
225146300
330558024
35438954502
1685764976
1144910467
17526987
194476
230489158
94659272
103361065
16238678464
338293879
144426754
10117111474
70069790831
68114129
1079409859
163215855
444993353
14110324
100429447
29095538587
451980691
3948652
309567788
43776596
6280060069
8056189493
1010265247
19114878047
750240581
3648788725
1666812513
7861209
58426704
1969747438
941108363
4526229
674055652
6199781401
-1
-1
2040258735
2760712025
360585621
31905092326
6728873372
44381594985
-1
709207193
247888177
17258585
33470766859
-1
24244111265
205309503
131229242
128851681
226996531
12633424367
126409118
-1
55782259
296093671
8178274
54810166
561937264
10438818145
488443817
4401819876
85174123
244329520
66845251
21913338
367702036
3763052960
146169268
8456961365
8484291
371775105
753011777
814336157
227973711
22315164454
943319
24250957
3198819907
365611032
526267025
40269
-1
945240
207974948503
6626617830
1209055522
4506
7180454441
21163939202
34068127152
212627186
116477748
1020060
70229129
154081231
-1
75262503
2339303
5403205320
491396160
23673598
2339547410
529362828
3049295566
4387940
-1
2623227868
1658497
43171682
1441756755
178719304
1935874
30906351
2201137115
26368476
2712110351
1796461878
32820316779
3889873390
244565069
100450025
21401889747
95058964
33790774
1638952130
466112239
41762319
10485094
888114650
8806383
21000532065
475162
-1
333229
-1
18657242787
10989072
35061843837
775547263
15981243
20187131
363062000
13682243
464015658
1644318888
3547963777
3019843645
1271828159
78934728
27968103
-1
192339159
70844007
23550451851
232648
265385864
1041904868
3666817147
8750078742
10646728780
3096720973
23862551
2659260314
581491448
64516882
320805569
952347
669277535
28848263
6405690206
140702686
63661127
10629785
1253432
735490491
2386884968
121489339
-1
131477209
1147509
29830338844
23899795
276227247
21980717266
-1
168780255
1898613454
759671843
2139689
23748809
-1
3041531
82242998411
-1
70880781396
1717010471
799297079
2128401
78541772
63583286
2246361834
142167563302
28405532531
2198610201
7903710111
55423063692
725774218
129572427
2155929
1523696062
3646356918
337192134
8480548448
13389479254
312277136
221786501
-1
22546835292
16653352
154582595
12855456842
8127166
4862540536
4277486
114152242
41008735
277664149
3122950798
36304702027
730959780
48478516636
-1
259048387
430731009
312364867
-1
380335535
78830534
17172368217
914918
-1
3005297250
2369800696
114500558
33009111
181710785
455354295
23881430404
54362880
683940268
2248284
31848526313
1347223358
-1
506318375
48693324
2845552086
1121812625
284923691
40209880
28348850538
2357259051
5465967
6165061113
208161527
-1
714671517
218864098
170322378
8832905
554277064
2242794224
151777217
7285350400
1542861083
4992015131
5590628176
31095664
2055442716
23866540
45952357
-1
134684407
13677797637
52483912
129197337
940093616
2006246116
77423962
20359378992
3646653799
1111469895
-1
15779937152
1485603003
68368140829
10180019
552353925
461067480
6671388172
807048553
3236964534
1567192509
27955612879
440337155
-1
25824202
838555333
704276972
44758436362
-1
21604337691
5101039768
46164691
26637481205
1809112788
13330533060
64080920002
39380277
8056341
190516021
15665518511
54272099
60110876
9863791307
320209809
2470972378
937001191
11062318
79692847
5989497
89445
8891135937
30102364
-1
676398117
201580604
586075
739500404
524536058
103510622
2293734484
1283803526
181097151
285242
27988266
-1
7488616480
152107909050
3118362
74765000
2709159746
55687464689
5020307008
9662648
247053332
13188268
2920289017
-1
25230705
4799689087
168833034
7972481
22624660727
1633747868
1011859812
4863645621
1923792
4313290172
537135
267898679
7147325
69060886
2617051159
92084006
84246564
224550172
663543909
6297574470
-1
354220687
24407281
906397870
31757350548
176749920
9606136
495256724
14506989
-1
10579968046
422438493
22852548238
14947706223
25179448529
2214135189
14540772628
388015922
205695637
190563289
506533862
548310
3376888474
14735402616
186122744
16504262
77325231
3616657749
275191262
795470641
230108991
-1
137748895
47941596696
299980686965
1423518809
135860162
77010000
73857871
718533509
-1
18788204
274689567
869485486
6407694831
491316002
237246205
19934472655
446375439
189997831
6654187512
3985878019
340216992
534973776
-1
26020786
1057129792
30390454497
819551837
250540980
2546550887
1038386258
4107687
98845231
552674946
5109648495
276464785
3330743354
307192822
732202968
5022541899
187400094
505100928
288283882
79244713
139596224
44018270
6212348132
491569408
10231421
1398077498
-1
9842
1970149765
689203391
-1
11963158654
14169252004
-1
1666316247
3735364184
-1
6410569151
15551698
361167018
25612730
287291
3670181991
14836917223
172581
15979452422
11497048207
645835063
261309957
2350010990
123331475
27306651440
330362484
4007059564
63610205
7037060988
995472280
2858933168
110979603
83535226524
935011992
-1
251738694
326879549
2435703223
299995062
21675271
6020216514
991356531
18343132799
2569155650
292213199
20794019169
362107949
1338980278
6987984
3416898
142008030832
15348734667
-1
435928710
-1
18305032001
247268020
1456404657
13237020426
2383641788
3793395
4180128283
21025500
17866233423
2771908274
7370362772
42098178038
3693850066
1400135849
103576752
9620347
163619672
523219494
46634143436
257221365931
163094045
1099293793
9600863780
185303581
59660571
234479260
829265649
2705402
63895643
3518859
4952491
1253897
93231934
-1
16849308
8544523
4211572773
1218455136
392784796
55592013
152632470618
3741053
5340511333
582081158
8121744855
2385850407
580575368
3366873622
65198488493
9650673252
3682373266
9943822525
728822200
76966974
849146818
116127933394
11431092
3012650
267564357
46086601
42335944
54621791
12942270958
319393846
94317003
42796703
2978559668
1302359465
1176974
1053324336
1914239
3459248618
100174372
9972426534
1624545258
68227801425
143460178
100716198
180623955
15679346
558165
22406429
857338478
204467664
791174
580017
267438
-1
105556287
723971778
-1
13896580044
312990476
4032342606
13009613
257303525187
3062024999
193652916
10146491622
23118767435
24266401
617036039
84089769
338973119
-1
1378100
396637959
977490206
31390573026
58927650
-1
595586075
2760781089
63352389749
10238022
1036760469
1552584630
906207752
119276
31373299
490822406
48317192328
50009246
12618153104
9190
44081825
42404222
16889526072
-1
6333701975
204931897
2373200069
8354237140
823305904
3706217636
30583486
138902532
31648206
1538132402
29760373874
70088148417
209534259
916077773
230017562
144348417
3766888
29088211
105869832
397428134
2069429021
8851263798
4376826109
1134269779
1572163130
125419334
87250803
66870580
31718588466
20697325079
477390728
4029178016
530430
478571054
130759047
-1
2635508012
3619723
5067769172
3126288418
1409962447
14504263573
76826869955
19537461
-1
37844202
877950349
24018235371
27579818
105400233
11862009773
2305831327
9640432808
1266143532
146001
367986278
48504338799
170487654
-1
-1
19402177928
265962038
60366112
478193509
155692923
189005872
507691476
57441732186
755289155
30674114
512381
765301
2865051
27212298386
7220775
898060
-1
2068007
1999755572
1067499616
13574995992
2187847476
4162431862
1234354967
7100187326
-1
22331009544
-1
3928521099
26065965
25005790
18446707785
1651995763
212612998
701372274
75061615
33267580
2512479613
1167591263
1627270
2719906615
873176048
1192478975
92528126
73141641
-1
57265428
1320670450
-1
204348100143
1927710
23546975998
1717712022
12903825205
65088360325
16641314254
643258223
8375792834
1803724145
40793104295
174127
203289281
372318936
12450200
118698526
44821068659
1304416461
1064006673
19110915491
34571613613
29953
8658411885
39913724720
1760990521
186786521066
13787792318
155048769
4541912
-1
954392956
789736467
566947418
1568623270
16795606016
49145890780
44487051
94669969
8602465322
3903660626
66311370342
5183135
68910627554
1252912273
707888335
2881042607
2315038397
8065662
73755654
711300952
-1
870318135
367723326
112759048
34099972221
50892320278
16952916008
113400174
27315753998
-1
40682244
5423800234
41733906
35212589
119113428
21641937176
390698714
7927789033
179336
258849619
-1
8198288127
11798200994
108738531
8544838486
1293055769
3458
470096988
25628371822
-1
4305433
3397624166
-1
60293345370
363790698
4224380344
13173204195
41472288
22681833
2576209928
59235938459
23551074
2056166937
3844795
39121454
86509911
-1
1877785
77804156
167247815
1097106909
10448897
-1
207817591
5916273589
114127251
11869767581
2664070483
89232595429
4245328513
4649619622
16423862484
1692238979
48956982361
8179637
136013260697
43770205030
48000793
261568110
134891088
10255372948
373079609
3110268
50668569
25978998
3640911
32961807
41411590
10743171319
13126982666
5792084340
23105761028
29725269
2130911
6626099
131774899
423616682
10136844851
106881527308
43549225
416002
-1
32158752
98069008
53884861
3396088581
117228808
151164960
10343590735
533346377
58549053544
31763363603
832662648
39352423
87478010088
86094893
319867977
331180608
48062297
92061046
213284495
1905070600
787349018
43986695456
-1
276523027
8385171311
1194009383
1595287958
439300405
502619033
4082249379
765779
154210414
841077886
10064969
34681680
-1
20092600
1147048
41687289
165856276
438863080
434221763
13426167438
138293584
4601431217
29240251238
6068429
126006735
4167501494
5479625
17625170971
4556645504
8034463003
1643504968
82438780
-1
24897
258389192
263744565
26357487
88157941
169441605
2228864
1061906
11645796
-1
698889562
81927452
1143404582
24767476
15756595
9979842905
823012342
101800343
2814019047
181798342458
24203
618806637
29979728827
4510449186
254315836
-1
5089457
-1
1819067504
45962877593
1834630361
128911245
744019821
7765073274
53314285
449011964
24752872702
2036184474
16271589366
351900757
446437495
43954246
4344159037
800969070
338561309
567487999
3508421919
581416510
19888184
47567490092
362965673
4145998841
1957847148
1725555590
-1
1153290719
94089774
-1
137672720
831892604
1355516
54458185
5062834147
465252647
23187464953
4113047989
7628906
47461134
1353897374
247288721
1704491120
20639304473
4135946332
1738301267
370037439
-1
27876695947
244473067
286715
6063751817
20768496184
23503347
37213
-1
9113993
-1
3892595036
4377097748
6992832
32971055
556118265
981886410
1485710095
14545180
233352808
19588001261
3607507404
117629
141947986
674998082
71873168
-1
4933415304
6457526065
4872296543
43737786
21289958
389073349
82727312
-1
4147915954
331496168
1620564251
2555999
40773656970
26027233
1622629047
448258604
7698633475
3481742603
234180612
6463853
473644
1220870599
55232119919
77889456007
73836166385
65008705811
1190611742
597721070
8450433760
693647143
34534603051
31677636522
4481201541
14636488
-1
12787446636
38634058
173924977882
42553697712
-1
13642501851
8663624430
42776554
2984396759
1158592755
-1
231452311
-1
12919694511
21408441
28427794
20596973
116626781
5133305860
992059363
4316485
8356803530
8531959919
459153383
149277759
16285143899
292960
478360071
12267501
677417911
48753251
6413182
9324918
34393667003
21827844
3803298527
15953573320
60293029842
2278333069
32362517193
99258899
9113411
21847841582
28611118205
3380339096
48564838003
583433779
6713251777
145036427
4325493790
-1
29227501316
15944347235
1673311944
278931115
653780263
71971823
229394055
-1
727456282
235478533
2373420101
887204620
24310034544
6725741
144801472
492074928
1563493
4184764529
379457265
32392901
1054787280
7330498004
6106751
1567677
110957907
382477306
4196167592
246908998
614301552
-1
338581775
445686769
343479475
1018918255
46984946863
14690505
83099915
14752879990
8910619109
20353934
1272212171
16115751
307646005
10961135284
10684827657
242097014
4321716
4337082754
3521909
9858775687
2397657138
857297164
7690282115
11387655586
412004
10840895794
2979956262
335222926
21739869989
1705106969
6032555
8756901900
31626779
89145223108
2715175135
1986766007
113333098827
232462964
20071600
15897190
416314813
19436913216
167814519
134541039
307675096
72695255823
18470942
334150
-1
5781476556
49140728874
2492237
16507814582
-1
194826900
3197802669
2542885
6411470
22132021848
9321329
1533246539
38703550388
218599645
4511758411
3154510401
6625454633
823662
7763942872
5958360
26106458
86625753990
478617845
3497787695
124747702
2370950041
13530852059
2318814405
57289173
54118526
36519955
11046799364
9637269
199684373
1425129103
9024331478
127285091
7979370167
123673434
2360054282
139674516
421859474
1311776401
580851431
924038547
11260605952
301049
309956792
125054961
296221280
161137126
1284417966
3708097
4940994496
95334620
3989118
2727547963
97660532872
29521169074
108465311281
120912055670
369941934
10699396578
3559330
1198008119
697568
14573529181
3297740589
1765689950
468831631
-1
7410338131
557041316
137137753
4907514902
3626346405
38974020
3815961079
4827227308
108700298457
-1
-1
16940409
173252591
737113296
52528671
41866958
62482272
1961585304
2993484326
4811382058
953851133
62506573
569197144
21354019969
-1
834053486
4202361409
1114420502
109912095
492428337
321073845
6683220816
-1
1159525163
278691742
-1
25627725135
2687732834
789935348
132904120
2552101725
6249514708
22258962
36805012
31896
6951709
115501982
2406853162
476561595
12162316
-1
46571727
65554323
1551972962
948664174
374351594
-1
4183062
587495713
311160594
30382731
297917026
6085363
151702583
27265999
361944501
69568195
1768896516
9098846844
12217207808
23983321742
5671029435
25786772854
42135299
148485469
2089748968
971692560
6540827830
198265142
-1
115329576
236439926
6032470815
96847668
1066251226
12822335150
633339802
589313121
206877723
-1
11098448396
5692525771
1084357557
14507511197
97125093
128660769
3356902718
575737615
-1
212909688
4500750767
3966103376
30496004
182677110
1778883231
339284501
2030862276
1257314229
871592676
303755643
51832232
1760479274
18344681
6135389
1550059479
47054780
-1
178052961
-1
74957349
2344605727
29889115
199409546
3006958787
93014809
256775847
529450331
2326373213
7111297438
42631910
3446499148
10815068115
6849296356
96594724
59228830
-1
30083151
35117163150
74292734951
264771825
3042100126
2475410185
10084841694
106130958013
1006496112
4702956327
305019800
25419139
164042486
309635879
25363779
75829933201
10102094549
2075325006
652748082
-1
3606796011
950545830
1488966804
4248278
41958346
5671220843
16782897843
16955398675
-1
1071987416
984325473
14444185278
403290927
7124287468
5266010811
18201285
9817075
4698846
1009095
362884346
8707383816
1133042106
130305626
807126381
156901
30626177163
36448784
6631941202
11901070925
1512664841
10923579
16805346482
912142350
1142844919
-1
8747236957
53288022
563956831
-1
-1
105823630
245733541
354098795
63637257121
6972513810
19280594
188011632
3192073979
1346321
11492364353
19471222258
4603404692
303813282
275842178
100160465
640651028
423246526
817920952
2581867775
92821768
4062305317
246714867
142592288
152987
104105673
150273598
5060497562
34312915
878921346
-1
30850214
46216943457
15957744961
8313609825
48514318
141435771
865382085
73551829679
495620980
2759617221
1043470746
228374992
2700010706
13051485343
5894726202
16380560141
16730013
122583372
-1
29389597
309187089
536414572
5575279
-1
7215618182
40264095
1202269185
177944801
1128294554
761359012
-1
10748251095
2001835587
9572851407
5067395716
-1
1892007186
-1
4152728460
86070943
2599417732
1683280898
60483338
2518343
-1
2752874586
-1
271815538
5719091837
12563125
5924384317
-1
383694036
2293970882
832044887
249126966
38760319613
-1
-1
11346651
128684264
2513922427
1696661
201386
1932503430
5564777398
1403651
-1
18761158346
15916460
4585624801
21171072669
393620425
138741458
4506072807
427910395
25838364327
62523013
107479724396
584857569
139713775
4406920362
26521483536
551141702
5809417125
350981
213362974
723762188
208278995
961822569
54744398333
21399466
1084140766
72498962
870192559
-1
3138544229
6775245891
592898823
3896425392
817748979
23733765
69977047
1424810517
7937069
2764039438
2797923244
10042990847
13841068115
6693898053
3179903
242158347
17202052515
21143651552
14150655
7110857871
2989440072
20380757812
282616547339
90737249311
4379636
33000258
111027273135
4705669018
114904283
911332077
1615549952
1090210709
54756986959
23623
828470
87543142
9725897208
485490
502373807
43397401913
126843187
46079628413
73023433
484574912
115547831
4064562
3135828045
138835401289
3893699
253463068
4725312824
23456851578
40216001
9339325810
2768370
945974420
43054298
931836986
5073200113
3726240
18067422
7228592180
496081088
268240
1694390133
5048825
92750560
622191625
662797712
18554732929
125740276
845203314
3394889341
1661758046
1904140
257924098
7802399
-1
4020807303
61005200
-1
1121457068
-1
35248633911
48410529930
64332337
1277294734
-1
108703811353
366379408
39233601110
23008992
533152886
-1
12270463751
831102015
30898420
1468151141
9397013468
182724136662
2540808975
90515656
2267425347
207804
30495368
3741934650
637674415
8941903311
12949156544
34437300769
2464505516
1409668611
4949600
4023346662
19059964
-1
9450030220
32143490
1936359134
19246
41437546708
908777834
239233
-1
-1
110785464
14556652067
10278331529
877598
6359625
324435015
98691202067
18191838525
422500221
969098085
38822542331
3604131648
40392525836
5545495
822244481
25787044477
214345375
1820298146
74673178325
24637428094
25319696643
46520327752
9811772
34276536087
63258950
17855124167
1493596800
854943197
-1
1412651843
34703277019
-1
63733512
30020246669
15134869866
-1
139939941
5352326178
28163776129
2455188028
90042365
27443068643
110660833
802161244
2823438764
38039620
722706314
15411484899
3812636384
55973379968
345818479
-1
-1
5848184887
229004446
747187747
350602199
26855815
431367713
303829985
20413040380
3156903638
4999354174
172009909
969636468
219638693
11977804
600282997
7062190809
15030673993
1269544782
2084588731
37041025491
7368907
1918114611
6128828877
10008555487
1852021591
135559081
9054521
1375725547
-1
666430170
13938657540
3404512508
1972444
949814438
-1
9476744
4631297
2472866
1064022354
13395690282
16657990489
-1
2476643378
3217922717
483686328
1139461850
12984161
200398354
8498129
5095266517
402811902
50766330
43863585
626433
1139422165
889009570
435983
24864439044
512874813
579309674
-1
606414793
70586598
250673368
-1
11477180937
1182414325
831380126
164681622
1699600233
17523515
1159215316
4002039250
358098436
130144176
95144601
1782487574
86894007
10921668556
15598427409
93564291
5470591835
14712643
-1
-1
2074815
1219832008
956028788
209257
3498163286
7484814
-1
17071385
1068542718
697183786
45971731341
5188976959
469817632
2507600818
269586380742
49529572
323904333
127081575
250471124
27646953
208952559
15948776242
3377938
3679718211
-1
6909951365
2554631017
3022856091
8586622088
16972142
9361978499
839246017
298447410
2891176265
34126442
272973684
10142997267
2218778306
2390868919
8249522
41526016
1473618
-1
3371801059
5109424
3637386788
685013135
160945439
478096361
571844748
623383412
3956324191
30703682
523296288
2757962990
329039629
4158622923
-1
68538276863
106376500956
2797807003
14290303709
-1
-1
91148206
5583748
9129852
46113206875
190192196
1103562
171490938
38456124
9430797177
768190866
53385921
149027834
30062994
5355393
45046653235
11478607678
239923136
13558152647
15250901457
21548067
62875887
1078493211
1551228389
-1
6132009675
1381339725
93817816
2703894747
-1
592091624
54299046
2708329464
858682802
39728434640
46961267781
166185
-1
-1
26610211
31940
1119417614
111740614
4344814749
10393951
721363198
1374470972
1519587430
1578264770
269734020
10561228493
136111015
916337874
192716374
3465788
4442789720
176404504
3504983907
1233276144
1416527976
214794354
5584471461
3789271803
1843221315
989969958
1242740756
32250978880
51413664
550045748
32002057795
660643802
2607003012
79863101
-1
14096366533
57728563088
4225251
6633894
76808958589
1838000
261205101
1708668251
331051
2055851104
12509925
1533366
27681094
832839635
14838777243
181893332272
-1
88861501827
1339199131
76241864
22982877
758613992
2415260680
21777294
645665401
23360973092
824926100
868742255
22223728
22233283504
1348567
1217776581
49614910757
26538884
3894400386
173796531
42500673555
1697545029
3377856219
-1
1199895284
10665808192
5665445560
1481723317
512059355
641834585
84768893
28374358071
5457696
171352770
29273265
919259
1551453
28010659400
6265097525
265093
6196030463
6758458458
5366216124
4284503031
99024499
233098046
9493599767
-1
4058613798
16220689708
51879952
2984242881
5064102133
2509433
147202645
521293386
83142635
10357651622
7906
10786558622
26893473531
515405920
153118977
4443315623
1079787376
9057385759
2030806604
37614296
11901229499
656655344
6615830419
110939604418
-1
842127837
1335228375
4901795
35882265
15128862
3141378338
1233348248
3536751
45031422
3603769937
350199498
95418591
226549188
12958077748
159784366
1261027
728940195
592604
7546885
1520182956
697284801
1024861475
72616959
21147312837
2377792602
189947696
3657407962
431091536
82976097
31618620
617781154
432121340
163502683
426121875
60548583
19750499691
32017575
14677908724
7897241751
885003367
304140969
7284999
60233687
2322366484
6305897240
212617000
61440173055
547773267
327835324
7311490087
37440096
105727899
318599466
15079828
5985861110
109447836419
66023045009
136955
15092641163
20190548703
5915412146
780161629
2028826311
37900993
13823004
1177541898
10944478
24988164326
848483850
44331472634
1965067
10452692099
19606673
1002258885
-1
15633984
62995357
2408004461
7093621771
1138430598
8911866160
184621626
3368380803
3464501473
22823143375
19099213227
3225511
171686063
252360981
4951660
-1
21135323426
821974809
125029281
119016839341
5981558
690938444
650070191
27293204852
188124003
164338219
4398614420
100677133
510260
328114397
11172191111
13161932450
31875074
8108629218
80743
234104554
17248567332
12195914727
10554717228
2227161057
257607921
175101297
10834414
496049128
1446035798
-1
8504596
49816577
1383096562
874954580
1514383
241748101
4271875902
185366
808974046
68848316
332215793
11077203293
199902642
225178742
64921349
-1
98613511
12173443578
2079763
14759743
30773833
599291326
3488683915
347951032
533976405
4308924
24406673484
-1
80869581
320104216
145924394
-1
3056329986
117985253
1151674256
193403572
158490664
37384086749
2512819911
292957318
15294831
124668100
1002812977
24207140
758274979
45044609
83716224
9117231014
1056945951
119527210
691312158
1783247350
484569
2062288606
1110589853
13047816220
158617302
1605825005
-1
-1
98704113
18066693
-1
87061246
764919697
16097121
757384379
2407095068
646363176
2616701100
10373443
2353891
128023582
8092065204
279324084
25577303
1134873235
1197260557
1830199042
162764782
14530258220
1486797744
19964008020
101675164
21398518214
-1
-1
4515290
1727123066
131208576
18988210
-1
2109006
169575651
737631062
-1
29405499
261763149
289700
516598092
115243813
-1
166363746
19549437
582535447
3404396868
5909586755
455245394
5606719445
6744091
-1
10649589
395236768
215088481
2983593
8416451
2830345104
114560957
20150293090
63154804138
26484392
5624533976
442585626
1339675612
144723336
446942311
746618559
26550659226
13942141866
2989139346
3074861932
18153312078
12718605
148349697
87236852
25125163
1264010955
14005962
6202702
7577723
76712924
653646
16457996926
41330126
249969523
18125921
18399551648
29489789932
4895466612
44286724
1493652321
206509981
61262587401
5429005347
638392597
481673703
19606923562
6376735119
2034920274
324458375
283843
399025577
118587599
104025119
8909127795
-1
455937502
450717257
162506934
1850560708
37359764
1436909291
20959253229
21428654
3151547
163983725
266423782
-1
46235856
11096891021
7215866278
7790267947
70670000
2019200040
54483215466
10452126920
7394310282
3230990970
54386288
33535284
8403889
216185337
615705071
248862995
860057152
137932610
1491407144
1060440324
316382
4461439554
1548302451
7432819
1109944795
44740362
1844596135
51768427498
52125956
701508211
10399326734
50372465
3536316867
1180519663
894317390
2112201978
85054836226
179654499
40315837
11972249414
10940233532
13264742057
65809397
2608597156
3223616002
4171149650
26292333221
98676915
16731191
19574563739
-1
6044554914
1749156265
28689682
117404358383
213438231
205100396
-1
4567273302
628802089
98118632
-1
48463518681
2368188
1455457548
-1
-1
262811768
20379585793
608306063
3059897631
10763366970
457554786
481312799
15073705262
243791654
43826620888
128066512
589414047
9622843
13981351591
46800725607
30885573506
16087883279
189141497
44960668789
917380326
1843726916
31816154
81739471
3387768
105438785
32467163234
5662298965
1489887936
914913384
388453911
45280631
5930099943
2236726909
44007730068
493038734
329263745
1639713
382348200
132407790
99888898
25369979797
1008079374
76247519942
51209621
419518224
348742269
7176935
285924871
676623439
-1
301184587855
821931158
39421566
2280329
1656476308
531918612
1454233784
46474
449356230
14365858590
1513501004
5069380640
1112082061
369766158
3352386512
228266
2337019207
8844347
231495467
1262641982
40186983747
56438193
587901000
36684288009
1555634344
421518749
554673547
46787359
78044531
114841
108584777
791694622
623550075
166078507
7214398000
39063000319
41508219608
2302437873
8582803311
1749988864
133448438
6316422347
10118988
1190330311
11925643
2901487
107168682
12949663822
30171559
593651911
-1
714663407
16056036051
8960862210
58299357
1851682401
247609118
130286107
5007544
1123473
140128754
293362724
776954672
206250623
46371673
-1
15474971
56356665
656892349
37279976
45405212642
3848742
468729396
19134346
17704907
105545646646
10750917641
3119922845
8913725
46284885564
1518076951
4705467428
587207670
5266656476
147631354
1179500682
38372841
57168286407
2382402169
9280875493
21713039771
84687049
124772543
-1
843508248
8757124804
1363368037
5083429785
6673223126
19337901
1101581737
1777106840
5806721000
3929616830
5415130442
14729178679
174890865
7129860139
1868305440
11272129
7092662747
21198593927
38663793886
2671299790
62763373
10412488867
17352742
388780984
45305574
11647188
28019661159
69570821
317754042
-1
11230732810
31178307278
-1
19772905816
5615371264
107226484
7112809
147082574
-1
52651
338092840
15916660090
8470073
412294662
5487237
222665335
110352780
36528217
740278012
1559857455
10615055
-1
20273923
106375747
116094224
921793363
35244
542091703
-1
84643405
254865874
36615346318
8956327414
7842807321
37201656144
9939736553
476786550
1208224220
19888855
787358490
686553052
3848145727
54428313877
86284952
49130257824
244102738
224520417108
491591974
10004394
5824148422
372622917
735387701
2613981814
1844307
-1
339008993
-1
39573211
137589386
6889132644
-1
6788388
126242063
-1
1346139281
3587467632
44769670182
108606050
222196908
6082549071
2621556086
64535180
2868543
7783457165
1269321149
-1
2338345118
20098930388
49774
3376988120
7622089027
1904085
42216413
115835139
7507215567
1897850034
2123801
230860184
2879685346
3804841269
942523440
491896222
2083536990
251164421
6534994881
5563984912
78885650
444376082
-1
391298304
287957824
3570877762
-1
35135782475
9181860498
9891768114
19229721496
768633301
103048
110091921732
149135584
1948033186
3569766
1014433000
94434715
82456278
3797977
66297740
117888816747
1262846658
1133253204
7261678811
690118318
3503873884
67245671180
40229617
-1
77832828
300868582
-1
29262612
19614261785
2374167977
8884772476
5042072049
19231181
810229621
102058283
11720487703
4753743116
12428103
3517150534
16864142
29502529
6205589509
-1
135244639
106421256
-1
404354934
746911042
463331321
1310921880
245468661
204099483
47702970
66489907
2251823698
85301611
73613132
1855107122
6054341329
4165225164
11324346
202209714
142549295152
479052663
3699979245
14725994285
80178963579
378416855
416271683
12140738
53145417
40472812541
2025419194
-1
8522622515
6115893840
-1
1953896873
7210754045
342004910
11871300
5972196936
2382736
25747558
53065856
26565554
2371621
3396643
935661
-1
25501928086
2968726
5828990604
1101384741
1385950577
89721331462
977123696
1511584806
401406392
7995571461
541624971
14381097981
2562735671
4158777762
41534067
7397262
11558156967
135065304
24222169556
4191907522
433121283
9338089038
-1
1437154
-1
42835116
1512098
-1
63831766
8560600554
4166866583
-1
28325530
1244382433
2098244214
1419631063
44671592147
-1
1795824651
1068088448
51471207759
833145995
282171377
508632762
15811429
-1
16256149548
6260454502
4139115902
7831284078
1793940746
4188259746
47309033
3137985809
2947655
61077080
28510771
14822929
4834783086
5859442657
11356184535
-1
127165104
184083179
401688512
299174371
509685188
885276110
6579145
61319193347
95238432
10038216
4868788104
8394583084
4133367
8393891531
89974142
841813345
10436177026
-1
28504974020
469484906
58345947
21168583
41952003
36071723513
22840417190
830374129
3468156444
10100053095
44342156648
71733509
-1
14598802
34337218764
2762700
2626980351
61255520
72652317503
902555044
22588219
-1
224357682
278383
221397988
66333341159
93746142811
214002935
141237368
524942312
-1
7621053873
219793613234
4552926
167529871
91976860
36210793661
1024872372
2734185796
19665800
124819
6695027248
311797061
10803427
1084390159
174868284
58672828209
515760833
25353875603
64518677
21871850624
670232058
8675682610
17528453146
76672707266
3535481448
155848449387
90532805
15320783
-1
63321768513
21053036558
4744816258
2921595922
583032729
5583335327
5880140
219516230
13407372167
19941262
2694313826
1304730343
2202140362
1287537780
184702875
539164113
3862203063
-1
16644354738
4085814646
16507116275
22759861073
263006943
726367754
376630310
133055452
5048771247
1020299361
789565574
2143342069
49858247
551349029
46692765
30380236790
42335274166
9240762500
644085513
43173
16258128216
694243959
6068982
28702005156
3495670791
3849
75863697
72727373
14608278
24677306092
371195
2210532
183004207
4673371024
1083751190
4308683561
15119104444
43045161
4525437228
10661933
2250438614
1046315640
988844044
35728847087
307016853
81232735038
83946650
6827855619
2687361376
30510860420
16286623
85062808
6996357
393287436
81210272709
40260721
1561122
1573545031
1512245585
425361759
1456607651
64323348730
25488714
949063
28488012321
543069382
818296840
14022938
-1
2562532
27691397497
2116965503
652428970
9660747718
1702227155
13215425924
13683496
1440892068
109262234
-1
12364057013
93887019
21610712092
2783525576
3592515301
3464686150
37591305
5779061345
13542252941
16897445637
5203180
9110297624
120890530
23187642254
317585657
76385689
15434610438
111689101
1631484879
-1
67983240
2383400287
903803348
22151868910
158180952
33407033720
16086267
73149959
16430256
811021040
725280048
911770519
15671147533
-1
610392366
67337151
165564471
348437495
702843626
12050131
2602157637
1143777897
8830167164
-1
80681299355
6298813030
98143813
4504261196
884253960
836638851
2679642840
169796074
-1
1687507884
35090645363
41281067
106172839040
1857577603
14562018138
28432152
13763530
7710678779
2055003418
18926291
1647093006
4055098818
117390565
60949538
324723941
3352991240
145487892
40501698412
558269769
2572456646
-1
432209994
62006351451
7462557504
2942170688
2198302555
194321494
95109678
1650246533
103757991
42903795
92842880
179970250
995646683
3570869445
9138727808
12964887
64933848
1355992582
1434301383
217685276
241109953
1559496261
2177224
3979882
754357
6392249995
913416273
1379073679
105899321
3408771431
-1
3467515
-1
17271405
2644192335
36719907033
19318491
55174454463
90648025
133666781
589958240
2995973974
541173665
32429522
11902151222
25394209912
-1
5294286373
1243117953
44326790093
114713114
10361016113
1162229691
1412617398
2904180
-1
1043299273
3865678531
-1
1285163
408189523
948986172
8856364
1539588556
90377891
368906972
3308692123
26728479005
167317366608
29672155
-1
66600093
819704
1776654353
8592496145
1495134365
81760197
2700000065
456266643
88781027
-1
1320945768
3783995
2803385566
37030330690
89144683806
1226998
42284596
23712378
201691896
82826094
373160546544
20825289952
77237339
20515264
147360204
4587310492
8938955
47020255171
759736911
3827079
15452702799
17891036
22807088
20499305
13515955355
284365895
698887412
-1
-1
2984311700
558164929
70386704
3947311
139050072
1207870935
498751276
546824147
106371868
113162182
10216340665
30835619
3494185
61539276
32907010
124657522
147713121
1340053334
8111604645
31666749
12170173172
92384093
109642337
779064715
419216322
516871445
63661001
12516601678
67900945
2813530184
370355528
48252641
647250
711670822
59529517
25494823191
581471233
39362836
293608407
-1
-1
22230773656
124933711
1332853228
12423481043
22406952293
3825172672
975875468
12482934545
9811072222
526157926
5175610748
206646942
4686870887
767585142
1190039981
180578543
2917795951
717647539
228675887
26064092299
24217266739
49064620
557788154
15423721787
2382627588
14798229740
11622706
43975823039
-1
-1
1047571
22267005284
1418849524
13685570
598390465
463371510
3196551
1728737702
3630158004
169318982
12428507829
3001383042
-1
348588240
3590995348
985247815
1994151239
1267866099
110268221
7223141
-1
12541818202
8421677378
3880448665
215289
5997725
10156761
4326549465
643235649
4721916271
109788550
16133796771
7198012517
123487945
421205009
1292075401
2609965174
233116446
87142686803
-1
363987744
187695680557
3816553
239106
13379430
1209541720
2023220209
5215257
22346073756
721468682
1169631814
417451657
561982260
72489532962
176531474
101353748
2324719713
710053935
4781999
90630494
5037767156
31450230
-1
358857870
2298225862
-1
-1
533763360
768027
20468346883
1216826851
244285183
23973947318
-1
107273400
2404734
1628848136
18223122918
2080194950
-1
9145934603
1195447832
103588
157522743
25800666
853793172
35144733296
31839413
1005254
8807756980
71046304
2965477783
297606776
36739189544
2359954666
80868107
91553508247
10702942144
4549371767
-1
8807263
90462120
46618374990
6679486206
26838944861
936304038
-1
-1
127294656
-1
5493089578
21706605
13844532
81810892
975183677
119106726
30368915568
4768382702
-1
47602662
5837866
64776018226
747738664
1522768
57155731
140045893
6891378168
1352213229
4513281826
3614670466
17743482783
4785232
8718576349
754639695
55430341
10607652555
3306650358
876144
180244108
7811212161
124252547
690691446
4675259528
40786056613
2602344657
21675108
59006044870
13018995435
-1
744199705
2662235821
218329385
3177874882
2800052922
906051678
580613022
934
23289815790
173771004
376031837
27637441
8320691
221867483
3456084516
1639662409
271074181
38240820
-1
3025707818
1470403712
767956421
615856520
21134760
46957167220
132746146418
11224949
62116
9753942387
157663309
1128353346
6411989918
1269450347
183320
30833867
126894089
14550415
11612915
2496091251
11627680236
556456277
2557116649
268022992
-1
339356701
57212696
14467892285
19272048
1713485
3004335677
130636500
17330420
815983
-1
-1
28592646898
444806907
6420636
23194879293
657584971
585398335
200687985
8666809229
12095037992
18469910568
176835
1630198216
163550472
6935161
-1
27985433
28740405
27158884
417415
56519269
91367993
3236117628
56695803649
24737146196
-1
-1
40329510
851095950
23942420536
10258209236
417680794
310856555
3017273
5517880929
9293
14024089099
1998989
21066925
17374219786
555985455
111350242
-1
2104264574
213504873
25555938294
1685976935
89323678
-1
1485890627
2459681111
74315181
1656069039
163935827
39211296
26202585
1038367774
6376492
93402209
60479666
504898174
184353347
56058798951
158938235
425877917
2192165850
1515581340
1168531862
59850748
1624759168
9521717571
21342910747
-1
2244016486
184850721
5689357981
5538031709
4329438
1192944593
107721650
55345539
338760109
23122179
7096546816
9385335260
14681627461
560898561
-1
6843225132
160026170
57688968
350242046
41870038
93267227262
1711412139
802772483
60347276
23091159577
128774003187
22706268169
1482275650
-1
2399640552
9570439493
61113411
9353214
38984994
3839895828
726154683
1047975076
1324605481
1120566509
-1
3564246999
10672914
612854913
1426276870
375587224
257127
51012010
32233609
774322246
81442318
45749149
-1
70363
66081395
3106387312
1532428110
645840879
435878286
63864499
502873230
1288702592
8949348078
2198093287
17837323057
22786437813
79371724
1447529690
690818786
52415885611
-1
10145393950
1866554177
1707576
-1
5325198118
5507727746
2584043695
33134524925
338418322
21423241921
45738707
10145694
-1
143412078
890934
16617720580
6891118553
721039358
1652850
9924780709
152094015008
9223908146
391303300
16454369017
990033079
144268020
5710287205
17881844
19086189
5982408004
1172099338
2252564932
1911864937
12412155587
-1
34873162
17715806
-1
17093040
7309967
3542375333
-1
4636390587
67572532
1226428715
6108748296
325676998
622468
5576626151
116363949
41484214
-1
20152003
-1
4440192377
273732961
3132827
79353228
1179770
-1
23369666
19017741
121052680
483752818
227862150
11078856937
3089635906
12319792
675429396
5002916619
15082425480
1274356644
485184014
31047581798
223411981
-1
9161119721
2308309521
132331733
211218230
34463111415
20917017
84997096
719781981
3072002935
26685406186
765310555
1500762314
1522190892
13139777
42845724
130605086
3385276364
30194022
-1
1965322119
6091014
3201997702
4573137194
69903289
5535230
23123029479
22511444
9726634158
37618973
9980358767
12663438270
-1
37390297015
11842800351
8832321293
11396202
531718509
1063398
5417166967
648893608
1748911220
160322
95448417
897450895
1675953437
1587491923
28449059
20155196817
67468367
4472758
46011687143
2257415380
289094668
5748929087
201888761
-1
1583211
1279281667
24272614
974003434
143554419
1048570
150814078
25795763
-1
1928065692
68781869
38259529
123660772
409823511
19344611
211007597
14968122
18773797
1843074166
1303296600
9043152704
42548612172
51053513
1150604903
6556871
559296449
799710189
2788163700
3283590559
10693547113
590149
1029326894
2462788013
4673518823
113227386
1837077457
-1
1016829401
22596061
19993653
92908784763
2636899454
3521245316
1649381910
7575334855
3377704
7255307929
2276906
3118440267
459807406
417972
418306769
476260904
916746617
450256861
10207569198
101448444
351622311
1141968588
971312284
6454975998
301856819
250880028
1450966964
71117907
786127275
187042383
20321812
32100701347
5080852386
657741549
2277464412
1793053291
524611528
5985777734
-1
96658521
786065243
-1
2533375484
413569505
12954174300
1594695156
-1
25370425890
14501704
96530195
6635879379
21138255990
3505481691
439950088
2094519085
12131369
13683096688
88156372
34114208403
-1
4704561930
32754833462
7209764
497795
75535964
3144128
5179
6953203
14170301658
276973495
1118620
4905887713
10149423042
14310765326
22577820614
110770435538
12454189
272386
1584343
6132394996
12294783645
351240904
8399926779
106203393174
12039471904
224233779
450716316
3991568684
13774975574
806019916
2171273988
27959697915
4903104565
12224424
2305737590
5911314359
2984442690
601448377
8464799494
8161793610
12465410
5488416372
466511962
21248531
14550323276
-1
457935014
1972382510
50464609
1881592378
-1
16112167
32524303881
1837943
1256894591
-1
3059471
664669887
8789760
166848
34069738
7166778514
6131284064
6913678618
8975318271
43507580
112343714756
142135961
294324302
60126599
196631123
484695933
21797326
23680413798
1370408818
8559334849
133308
454189210
4312324619
55094256
52748690304
96520968
1375732549
133762264
-1
9919024192
48784376
-1
594420016
6335438
59132471
226578065
266967674
149439507
109459884
-1
1875941355
820242979
15099848721
114639615
32699260
4598674551
117167699
65770220
3622348376
1102949691
7656708875
1181934607
12208577
12590786793
3322922075
11537954457
25970203
88038301
1610716785
1864694578
594849313
8666403171
3191412040
397364
16834074
844198593
3803189097
1009740257
1406387548
3463779731
12292552073
-1
55049725
2236679191
-1
612544240
3600203560
70520518
521284200
-1
7397013276
124026598
41064175629
3538444359
492596605
1162011024
929670544
639085603
7122071837
71166480
5459357447
60554664
197397456
355266099
9707283170
4089453291
9528240
2005553198
1009413132
58434851618
3872385922
-1
9698385078
1430523541
13012070854
474554310
79368320
620049880
816726
19673312
23957267
-1
469705
583527355
429179056
9337814722
17262741848
2335946288
498025456
49347908
36601400647
161365157
-1
-1
747679488
4508788505
414975065
1971590
74582
1349549706
95580592
97711735
474260746
245802780
31509106
2794806776
77995282
2003895681
1208206552
13757204739
27187116
119146353824
17146024699
2556496930
57519446
3275554
1398640382
11935426
6996605672
441236154
214022485
286959066
16539329
48429452389
106757875
1419819630
813301892
12039652
1963436348
42530665921
2788779492
1153151525
39216080
17253403532
918001
60499706
2722723231
563425
3589372028
19181075
96803040
169361611
5820076
7665150
26323203
2703809321
95691732
56089296
7520357984
44334727
9339143889
10389383628
2611551
2166273260
13512563323
8627088
500223930
89754682773
17654936263
326363
1447314954
990787966
160551
11243553
1062547126
2791430431
2249238442
74922043
9540627
6149287564
1923431226
-1
3975111790
391455262
-1
-1
-1
423536127
323665
11875969332
6463670
88187
4512497
347814905
1328956823
94716136
-1
1361312662
221830196
11002654705
296235680
70496961355
33504924
128815552415
10641198
5644875660
38728372
-1
932853
13918490021
2703811085
136147006
3091498
4799742170
327557640
304995714
16746133355
12269776424
1365111859
18042355
329038690972
22218685915
4961671394
59497039232
39161115
16219824387
29503259
8914423546
4336705052
1767935817
459180527
72557670498
274096485
16277046
2562584201
46900127589
2000253867
148483282
1707410573
469304702
279020292
12065632
10851220664
11817721
-1
2049937893
56704333621
11938128930
410027106
2866392051
5959068220
140292445
1065136
35039773
-1
15795806
-1
304567459
501800677
6595316
23272862266
2110959887
1064425
11246250951
4916287
647378756
7119322099
1902396
-1
20653419
1437588787
13111623334
560579331
101494602
301108648
1433704010
1573814
12990962
3046395979
21054502
2012198605
29310328
8600838326
2184332090
2129063884
30962006
182934947
8108944159
473029
1175311349
22673815
2422114612
551782564
36089448945
1300551969
489280668
92283603
4943861807
122789403405
-1
26534242262
15911247331
-1
36446906274
193247324
5607321256
19762509536
1500297444
1665761093
3759813176
85697873
2483293105
300606072
920729
17607900
660238260
33049812
78149622
4285110882
20200258
932930
2776964
2502294898
524141648
551977705
5276027849
14073387426
-1
5554986208
93730905
980747061
213288864
635979985
4865089080
8508175363
3300464231
65797678
124743107
70916045818
948423005
67074239
-1
14785211
1055465462
12823632960
40848137692
14811516900
336979473
151358898
168132082
-1
20490335
4105246599
6019586
15351650341
5288033457
12968933
3990292324
5135287560
2155684
113853900
24667674641
749907168
1254223246
54565999
137585492
339453781
913213285
137666710
-1
503503862
27001940701
189059117
29034663166
65814134
2459152
1786378806
11688284880
3678710005
20399219
461431702
12400659
33855
422016773
46625886993
9406681077
57513290499
6698545417
17561865759
-1
5108038682
2985794214
-1
5635627897
824210010
6552906709
3474518145
30181532
7758688001
7404444303
9158332
12480124
18426441
6855828
143523
436822109
15892976641
181119
410956992
37369977918
1404800922
47964052
3555848456
441178073
3761505517
205446970
1824986915
29041692
1127852808
8329236
12880300351
54790604
7099736
763194460
822205040
64879099104
8791245
323620715
1326619685
7276582732
8848695
-1
