2 3
NO SOLUTION
INFINITE
1 4
NO SOLUTION
INFINITE
-1 0
INFINITE
-4 -2
-4 0
2 3
0 -4
NO SOLUTION
2 1
-1 -2
NO SOLUTION
INFINITE
1 5
-3 3
2 0
0 0
0 0
1 0
-2 1
-2 0
4 -3
-5 1
0 2
NO SOLUTION
1 2
NO SOLUTION
NO SOLUTION
NO SOLUTION
NO SOLUTION
INFINITE
-1 -3
NO SOLUTION
2 -2
NO SOLUTION
2 1
NO SOLUTION
0 1
NO SOLUTION
-5 -2
NO SOLUTION
INFINITE
NO SOLUTION
NO SOLUTION
-3 5
-4 -4
-1 1
-1 0
-5 -2
5 1
INFINITE
1 1
-1 0
-3 0
1 0
NO SOLUTION
INFINITE
5 0
NO SOLUTION
NO SOLUTION
0 -4
NO SOLUTION
NO SOLUTION
INFINITE
4 -5
-1 0
4 -3
NO SOLUTION
5 2
3 4
INFINITE
INFINITE
NO SOLUTION
-4 5
INFINITE
5 0
INFINITE
NO SOLUTION
NO SOLUTION
4 4
NO SOLUTION
4 3
INFINITE
-1 -1
-2 1
2 3
NO SOLUTION
-1 -1
NO SOLUTION
5 -2
INFINITE
2 2
NO SOLUTION
NO SOLUTION
0 -5
NO SOLUTION
