351501563
541918783
309280103
240690555
91854117
134140479
79295506
29255604
189259586
389977451
7295051
-1
15296114
23395391
430074114
246614622
39326116
2343600
71279781
69025076
25318269
-1
64946092
91980709
28964433
29886775
38467590
485613250
172917296
531825851
221192652
41598738
2193398
26859472
154363550
76844655
9303010
94861439
295244091
778524452
278679567
132838713
178693569
124245381
246004622
31820005
479568201
399844355
6129071
53743225
38332302
208710998
13222797
647058431
112587143
3492535
252136182
391647396
38950957
35061445
53927220
108486857
489123483
326839579
64641479
21301033
28962717
228076843
109028451
7636243
12273467
168145033
220057987
96317979
386140772
209230272
600831999
615309676
122706555
42184428
406347853
512678119
61663284
104519396
122276362
54530027
19355136
37755106
15767005
1838636
376002306
-1
121616846
32401389
35353687
51662242
75038921
23512323
-1
25965235
