6765557
8344540
201183419
115627968
32072782
5418189
47055132
200358209
375196464
42740093
9390871
143747535
107360443
109867452
35201828
192895307
225240901
353869939
125698859
67307572
98116456
75716449
60623354
66229424
58467080
59311312
43865
1973439
552835856
383406766
2443978
162114406
35724094
272816045
11201032
194458333
80149345
185049795
146773954
189948987
469882723
407954617
26345275
20475755
615654642
15824676
537113861
330110048
182116734
19425052
209483651
213230218
43154307
433417062
16039259
87620119
150046590
330787664
120790978
72128383
781670
67352775
31986624
22548566
382929009
668329
506156282
146370551
55167159
78315460
-1
47528219
255816040
86752132
28153062
168440401
1356442
4322480
-1
73087982
1325612
753594790
23631294
74902126
-1
719889700
65241569
72335621
33783883
778591978
111880720
101275813
27018979
310551613
90310102
49316383
182456061
123113078
279532834
335921358
