4403004
267788049
7736817596
13475068
1276078
27977915388
75693253
71120940512
514067855
1635335970
660813183
778285188
25615107
19478414
14851356
540627687
319096440
2340525
61203926
562828963
-1
24170276
3931897993
2555355786
357849583
9569616559
6256214336
108847300
504561611
31451796315
326671840
118296
8165090834
44694778
288129552
71324943
25375783
180804730
97235952
67896144
533830438
3641823
20017589
48551526
-1
46999505889
8246063
-1
148618723
337562
374741619
66641702
508508238
4855776618
517652116
245895283
13164455732
-1
832062
1803119855
4412731721
264878111
130284284
-1
249817207
5000023
2117306398
1166081
19174532
173415741
18883267
655341226
-1
-1
36232465
15420156399
1639375304
2731894421
270432943
67778872546
7673282798
342740900
1577626148
11057178
82802334
278327432
67853300
14970868262
326028808
3175570862
20526750
546065921
8882869
-1
-1
44644576
13439044929
195032952
2052160732
22342
40799042513
4454342
2144249714
4736090644
35298033517
2942907347
82539666
959744495
1499009
-1
218694223
370275097
1594017009
30221155
90378978
46614699827
9546564066
20412172
73594915539
16344707583
13556836
9497633
104051496
432908
25320694701
289715470
508256917
14351218
3400403210
2127305686
144019675
551823492
350347379
-1
793474868
590527002
84749543
2674804
7779186552
27669902
7878190
14483115
1219543677
1096922615
2041783278
548837909
216110617
9931293963
192667082
1402389641
230695554
940071369
7361334259
283901334
20681154
3413115913
1021123288
329503435
349579444
33436795595
82574809063
102014685
89585240
1298793971
-1
458904633
9785349810
94636009763
4235420742
-1
21173905059
2224575373
17685369
48790
34198304
13983045
453914577
71872444
221988
13175534374
6649207940
325837826
2282006751
38053089
32489816782
107406867
343923100
4600575424
1381704357
3181163024
58548
2887684453
1555217595
35653812
13502003
471592338
1199850306
433940002
853575696
1391991341
4977926345
358339700
486680
23667817
3704631925
3080375813
16735394
266960
16911266396
27279938
11988468939
3144808241
82447447
9677159432
-1
8828126618
3630571690
2050996530
85312498109
455883806
31837314
47120651
2149090591
152337417
66647
2513352272
1611893082
7413606311
369221692
456895
21989097973
749764194
426371365
509097307
128818437
5425444065
2453397391
14873909
5664803305
1174192629
760083203
1219982100
3529212564
5425388189
3984806233
2154836184
608683059
259263506
413597081
15357495
30252921152
-1
34744260614
246516131
57996466207
77764943
170461502
-1
76559738241
6830726493
469701847
393915
56001951652
512439392
67072134
70835764436
472794147
9395159311
415169324
20189818519
170379609
637982195
995175831
23743170771
86985520
22616358676
10549128
1745589
21060988113
2343968814
8743273947
7392461082
24045334362
7922001672
1599206593
21691794170
23113114
11434028021
974908187
371306453
5859112021
15863772
996823465
598218195
34861316
296732277
15862051973
347648593
44750815198
5322987820
25155647
3167624017
85917850
57804954
1313677144
13732751
22821596
7238146
29532519
12182508739
463827508
-1
280221324
9589803519
670815160
8803757957
1595131201
52392397
125952149
-1
139814924
53535861839
1103381808
-1
50131
222196022742
-1
3696803812
103478575
65728105
268820322
527943365
2960671
3227911908
17313623640
-1
16851510
11883885035
152717431
6486180232
342025846
75373510249
-1
824118404
91193388
11007559
267897
16234883435
416486677
662273810
1707729390
16204634
1480257
260811165
31395513
6516546
719069638
17076816733
160370186
23232324149
37516254
1798961414
-1
502334351
149748
85350082
32949396
382344
56540712
-1
204972043
195875265
1264983130
5683045
10329583740
2443176321
1926255
2664096334
968213509
42207425613
22214216
20701131118
6355401840
-1
16898253
55736248573
7036622978
335580770
6983023292
-1
2971034
3503788393
100985790701
454204297
31744888
16994803
29054924769
14472850860
28730609977
574686940
575587324
1467977648
94358700
289976
-1
285191247
2286965099
6673109449
54351497
217860
5788752266
4753345230
8457401255
79939785
583234020
21487271
12477485341
151473130
231660745
5800626622
2017813780
33983049
1811390887
15383471584
45608903443
-1
35144258613
200242557
1508672898
16972799134
507393156
92156373230
13998194
293354024
8183344967
598087935
50043159308
-1
21842381315
6754578973
8648256
44329800
4502796328
211523798421
6440078566
42420766
606582127
19450265098
11362558
1277242655
190589409
-1
2676979741
2043331363
25265778787
352039262
2935272590
23325833
5525784852
923516
128313982
42194320
79613944638
619251774
635905
768049580
11804025868
169364626
18066
30340004
29168430
18964486893
1047834
600904182
215530044
1488910714
241124459
441600203
280993205
54430724
36980892
3799135390
2440153124
1501104173
2514938481
265542191
376314746
1508419
15846082
51033762
23132001
-1
959257398
13467865345
57769846
221200035
-1
513706220
12373802185
18238546758
318728966
-1
936140801
3379201331
162653
802287004
2995211217
41168564
610997081
363093785
-1
1103866
131985985
135443026
3003539502
6419934580
1103237583
1230223
81959347
6768574925
93401572
468000622
1180140119
396638215
5292565738
54412076
16883079148
435282006
7038638
135482844
401078564
12466690949
44650507
162426995
3510404966
-1
10448264168
16313598
11520828
11957786526
63131056814
31891835
53556485
7767322
1528223299
1795709458
2159608970
189159031
2359053139
4973891
-1
12739285795
22165833598
1122165
1911619086
1921301203
162977728
22367900980
3489232746
41045345
79426
-1
82980604
8597059
231977174
89972328
1743214336
1927622075
849019434
7168654373
6280734260
3582622343
-1
513125363
255974345
62106109766
9576906
-1
32883064412
57880904
32190984120
33777498899
3351302
4898171797
763919267
11958270482
-1
480745458
46321641
155315963768
6721365535
688153222
7155949741
7633814
30668572
-1
221887236
28825330
133314767
3541129299
-1
26345471072
93041557
1027045236
28940917503
2514525537
8896388
-1
10407490506
1100340706
463481019
12495332419
92078228
-1
70670774963
246617495
-1
10073916230
10932609
17284047698
5887451
32396915
64625122
592740
5177056086
262696395
1019132
7111259
13747385
163271184
-1
1513436703
1638884
49430086
12291404503
9322013550
56042013
123496679859
9461348318
-1
5075182130
15958060717
3438081
73109330
137207
919053179
26285910
454753632
1850079486
-1
719748272
1018127357
1228320141
4482282288
34920370
2260644179
38070598
3113104556
2977886249
-1
744740633
2962388766
49818022
143715738
24917496
37539354641
24410354
196126059
11242802053
18831299716
13282109357
52476460
7100833417
2151995801
57956969
2555089
794875381
73521082
18435566665
55554040
-1
117581108
24317551
420450642
91908205
8956304794
2743751673
191859614
19667001
-1
1048775755
1307317198
157854
5162960006
32576906
37255697
-1
527411659
309342991
10963204410
15140525934
8375168
6779910593
69625181
32642355884
1539883319
657757225
444894043
7175686888
1295435
1721543873
25919116
10981549
-1
550425
251455133
6578734897
1722522106
1389308
11881629
876067529
3563315431
374203915
11129439836
-1
2736083061
11689898495
56253412147
-1
652044623
1322904932
57533489
5964186051
-1
1744125867
-1
16734609514
255759541
93197135
2603971502
4153114397
70209387
170930881101
1985196957
15059690628
9487853912
2137732388
8093150310
482762219
244700306
1295712092
189128363
4517399860
30168980
749580
5786962224
29270918669
25519379000
15871284786
11909172212
1325590440
618620079
1077072832
106144302
15098208
9823270854
173594609
235388
15693451
1197724638
38084477676
-1
38000752
342733584
37529703
-1
29871876
729490648
211494976
211801318
6976766752
-1
125951241
3758601031
63651706862
94024183423
5982328
404764
11984975272
15961603115
16992019553
10990892186
16751418
-1
115390429379
140890008
87474
472855061
469999749
1094469182
354897894
384811472
14768017675
101479
13328390715
18982081216
24452730
246188196
3993903210
129547308
6533892055
29114254952
446463498
174891302
1485379318
6896304
43700075
101399059
-1
2444172276
29715
15099891801
-1
-1
77883277
-1
5874692361
4937276
-1
6599816007
137059241963
2518409156
13021960189
7343145173
13764983
510373478
61799543
1190546127
123111402
24873113267
48372633360
8210118278
45584858932
82489632
4312399391
322726693
2574048387
743429038
3619085586
-1
3702325798
1028368
626495540
18284196
254160
2847120623
898745133
15620343205
-1
39825383
23469476
11771267
-1
4671739545
93405903
129123174795
4777618392
-1
1921724914
353503534
-1
104237075
649324095
958000
2724499105
47061683681
19149292
2026301
1447892
1999962118
11887270
132865686790
3318046929
1898645970
2806626681
-1
276932432
3367342092
6348336
5227813586
250029636
124657416
39750274
1023839827
78440545
103313741883
10260532217
1126744577
-1
13984806
6835645563
6854255539
1241921844
2443932920
5841449896
1659672662
310066
294000620
6835371537
112448558
12145353505
369387525
555037
676586992
3279976222
1451974499
-1
4990451699
22742952917
10885120212
85149662
10126876127
650163
1260619
31185782
743154596
4982107117
2285056742
7806864
138146562
2457263951
40652464
212984602
882336569
3120738043
141894390
3414013866
1188816
14067331
1644078
1146538220
9123753296
6202219703
45708987
173794185
4898564084
30656297
748580128
344172238
92232620650
-1
27927280
401236078
172006770
501798844
1704660617
629749
9226251
1722190
135010146
38318194
3019812
822306847
24048429
3673101375
32198722381
63756393
33217914
4877462997
201577618
2052704759
6079834183
20820150
59306591
57571363094
40871144261
33271696
10661604
-1
1501432536
815568035
-1
69072006322
131609077
134402078
889232246
605118851
6085733
4587493858
217687388
917495146
199765406
30767706195
542280846
47352789
30206787614
7805980
23451982924
545168
231472253
12656067011
10293670531
644416310
326477079
2838536732
-1
56321439
9069804
20596848
2604983622
3117099057
69749015805
398356604
1705890210
2988742079
5448251288
457094594
625919327
39634006
4602424326
111475428706
-1
7767037
3830592
3428462191
3700573
30540936
441130860
51170671
-1
6525647
1505378065
1077382206
165480153
1620910566
32334621
1666973888
8681714540
4056169
1941931483
183926815
56185102
1483197968
40069746686
36154681496
7289810120
18427654846
53580974
370406
-1
610883317
3452752857
7465987490
4667264354
65106366
27723242
14428538353
714928553
40747222
1379384314
33238301
-1
-1
121058307
2298625048
6559284950
993321084
21676298888
5203649
1619126570
121067755
9212507707
196005856
801938472
-1
223493247
360756
6152531923
-1
1072409257
-1
1255033
322954249
465958687
12989146389
896091
1434104276
36222274
7854189354
1826302418
18244727
1217169792
63919716
2835686946
1035557497
28812822594
77085479
16513559498
-1
182362494
6311829
187819226
10753988138
7579019792
-1
3360972221
-1
4306119595
134375123
15296542179
22571699862
2511051094
438626281
28689736263
12651490467
251609117
2916638989
538439830
24983436159
27526
7728386
130019823192
1802200601
2009833581
34822577
-1
1212531520
659943
2895206102
532734558
1291539131
1683219
236759642
7285994
21801719277
124918041
-1
-1
-1
5163110
1968969099
517725879
62487072
131562519945
170786135
6779548962
63113600
246214119
51752217
75793933
2763677924
19861328
3567433887
-1
1125030341
832948676
154378713
873083608
11501788
79193723292
-1
19182895
4673471538
1398143194
889969
1950884813
1096264
43680782299
109199071
2032832251
224460926
1534100884
1778729597
945652956
3177826685
92528425
73961358
9300473739
191653479
55146837
2471568913
217681025
2347591234
5378706575
88225815
2900661694
625475813
714441720
27756524484
530129045
1063307772
454590421
934396836
26241
84120938
-1
7906508324
-1
1518098773
479735277
7367973615
12860511
288862791
238759797
8957439902
102872701
565904
399415582
605327726
696416
8072328
16871934
2035642
30265228
98772938
-1
383398
11285508026
357383855
65684576
1461003508
2358427948
81063393
102874611
2129962347
2148928570
92661775835
2439047098
113772753
773525537
-1
5612548988
420690771
33347351
78948209
935491081
3197212919
123534091
4129729082
36525919834
46650501
916477
1198322259
8331287061
187799958
2550616
-1
375890841
3272400574
487585550
-1
7904538
521190128
125889841
15287596250
6261712368
2559028846
794
870813
992008
75414901
251712663
6591903976
4470417158
600402
70533155
93023376
10461153154
14637748591
9648726908
2678205994
1235148202
2696250436
634650251
859175605
-1
606265989
47565198
73674277519
1308426567
758517125
4195775178
856929205
156591934
1237594
-1
442265
1885086879
1547113771
133977965
12572522472
5012988780
10652223546
394666640
13550137982
6590615553
7026637
3810622026
45414865
9033319372
3929924
32941628
776742393
74481824761
2640469
524666991
10148751
52364
7749842540
210564645
3826598453
1663234314
1539761
42688202
34603692294
127679100
1224085223
6620388030
-1
4338244184
2601600846
1338121200
7965671704
4171703687
136539102
5783511768
78436598
175459371
280311085
1150115064
-1
93455941
15481950065
5486019786
54140009952
8092593305
30955604219
36623899
9179592
3805461
13942477
2846277895
-1
30009014538
1872521874
17904462
-1
26724442067
120053781
3436281312
18698606
49915357
16438207
124527631
44451995326
27928850
1523040917
4110432100
1279898277
6000868
3443438663
47138117342
67075255
1322513293
385395139
634612341
6589179
2631034092
1359829362
1356379930
20930567270
87009178
440557065
41027535568
43242515538
1116081499
10271670983
715944484
377773436
260273629
4744915772
1924574873
2341997
7582991655
56559970
560430800
28459539
15125816
76831
7909733495
650905187
72329393
85336419
366145153
5151757977
-1
18364899
14320147721
185292381
275114567
566570223
1097371608
68610639
1275850381
183461825
175572080
3798530476
-1
22591988106
-1
-1
10601582
37932472
620926867
70023742
10549968829
468637522
3374508065
901652174
173389005
8010508
28874207546
3454014
3569351430
804818961
103528676623
67717116
56907650
513103735
605585723
74946198719
1071275701
4240049
1179967289
-1
10195693223
4948690550
6377430892
373439901
7828946
5986770264
-1
4427355
47562016041
88116253
-1
-1
1686236716
60515397
5879104872
10643964265
110289357
252138284
866254256
10402278
18749862327
97382358
2617120965
8732118283
110526999
2025859260
1592341273
15375169923
2499699721
1895904478
3351749336
558646642
41115700
2158877337
902949127
1032666125
3403141623
36381956
2734312433
173665162
3170530398
159279013
60192361
1171316143
13966346
23571849844
506283324
2947947753
3034250892
224415598
6378593029
20991894971
12053871466
405124528
68495199
-1
50811935
15782306320
240016581
305680565
-1
8587713723
1009381130
231281360
635820849
4038025324
-1
-1
252629838
115490135
131801985
94554492
12973034117
40156897
1315687158
207231672
408827471
838848734
174450877
200596211
8159917851
364508
10334360
53435990
2196487692
801141981
79729592
5986539
157480967
5265531691
29480171442
12388268298
-1
2751617984
11817624
3100809
72237560
1215375170
1106934472
-1
22022646016
149932403
-1
57355146
570545666
-1
768246672
7533721
226146792
661444042
12337560
116482337
9618348133
211723
57454881503
158424194
590293
6008879
2589544231
568240630
613616790
185867715
930123
168606158
477583658
8470041
19919500
-1
35149
6801434
15622363227
18040540
914367107
165142313
55341127
207555911
58452603
191950066
383560657
712409679
110864594
17372942433
-1
1445688555
35140725710
3823304884
65850353
875893821
561871152
142624398
77113866
2639629
45226017
240393842
12987853018
1181904608
1792486468
28416486
700907749
-1
35495108
5812913482
259004165
-1
961613371
263246586
86735276
2253396
1104536352
15263813940
2735067475
137559735
124535704
332170576
1129717
170212019
1045005442
58157340455
33378850
363079
874684666
30515707486
10211305434
-1
66371387
309611660
52332095
6458917974
49129170
10171311905
2710982210
238639
297639417
14591370
8553980471
8198550030
4210949
44490901
7022431643
146075842
6179846308
905381789
38451915017
1033018
111708370
5805051719
1177316740
6033336779
58613801
182128
5167693
-1
92383599
12696803126
16009252627
1926993463
373698883
-1
-1
46622905850
20592690
2326780091
25627060
1199501
635519590
147863347
778034
799340469
2197417603
4333969
1517049
1816913
14566651
274200833
489653707
917124
3956554624
119112679
5383651
97933398
3505959
28793720
2138959684
1492247
3575437974
29669733403
5015596168
2689641296
5188981466
-1
2176485294
3331807
425213559
-1
42217389829
20669627
203631349825
19199628
116146167
162058089
489285295
23813800
4476387126
14764093231
116464079202
2767935
19042382
20347301
748864563
10111178239
9782684444
345840864
4573423017
148343538
5442434073
15423400995
84681717
2954098
94620687
19822375
4200845276
113543559
11136462948
9864366447
5968913115
58147494
8293477144
2353173864
37602413
3751175519
1115950397
120763658587
-1
440919289
472759646
584565507
-1
43545469074
27214334
1970281409
1156570475
2976060
-1
2929802417
1621666697
331181176
285903400
293117
10163235
-1
1037659
53024046
2415946
-1
-1
10473158
-1
915827935
1228166857
16493964
699862585
32989526
7972977909
144649721
1788205
6322574
278351576
1834904
531562850
20416816158
184228817
6640424
-1
-1
-1
171971053
6728606319
6854611986
1255027596
12038337
2321046381
1798663
547796593
6179533605
29944107210
2308138492
-1
29664083
172747
399527816
293020
155163
4539369421
287554626
10912896235
4399306627
8907855870
2819907470
27228020508
4130251446
11179333
18414619
8191462
2060633981
3766754
1695292837
233001994
180423581
63984741
2507283385
2903162523
-1
633497986
8057377849
3862215402
92173119
1048009153
4356816645
124029945
53601286
-1
7031535276
6071596
2034897188
5918874186
955460577
-1
156238545
41476811
14707461262
49993589
1284936576
2635305113
72360155009
758861783
183100463
1501492
3119994505
401308013
488151182
392930308
588113398
21140552710
14493536385
20230463214
889000360
483280279
35060711285
2246057
602305110
50638698159
429480003
17704758
1970350315
10653536
654676668
12042909953
2527180655
279395509
384947147
-1
62063101
68309711
2718297365
13373109888
1626686974
2834449
28001796
348926633450
665043578
1741916
780657
216185565
808581797
46348781
7538402512
19050114069
25067370
1524342719
795152855
678960880
33814438641
502729192
600836031
495234876
10772104
173755464575
12967685097
1303542618
97633064
-1
852072112
32393315
-1
4300198005
821878011
288890403
873846638
2503740
7396980796
2390881429
1272581706
2821408632
29761873
66578850706
-1
1287192988
57449103
3250292243
1698403
28129288460
118866706
272377728
787659453
446238054
2008221
23404237474
17002622705
28019647
49622345
23929501630
46317607818
469838886
-1
-1
-1
2269335114
-1
34065345
6348532777
2657794271
2564957147
7354166745
484998081
708672232
7418905
1522382705
-1
2610471401
7146155
12030410484
123508124
45889114385
3302333863
220651877
3510016964
486075868
250432159
447055
7339487211
1991451203
132056310
154417725
1677863882
1696746739
2007230331
14630130
2416638429
348081948
2775184273
477882162
-1
496943534
64095998
8772353816
2763347
1513848032
404613911
742457
425702192
6818434
97089
46606617891
3818993626
6433344416
1085509545
1072092114
11350069173
37163673974
4141947706
12721973130
192236578
312537342
231575279
9010222635
7326220869
31212640691
3117087736
15034682429
212187
21148790802
60362666
20798
2411337
2652495793
240161563
18373135
1009581796
15301991200
2477244
8551788605
626936909
1042968585
1217591
20137874418
13324838391
14392797
19245298203
17176769645
19412694
42924942009
17318841
2545185155
776876728
71653593
11167693
72476675
235982677
231281414
2127142778
28241675832
105177457
14862935
-1
13217874
3042158045
-1
84210232
-1
4957759
45130150
1283958188
1790039
3704191368
1447050639
887062583
498184239
32308978
1952814
15449806
1994139658
12946180902
356085525
14231765840
111535984
17521892822
30766036
2506277330
7187719228
5322103
157308103
857740319
7273716292
1520327393
138681898
47330567
134906664
2960167015
463233618
3396656120
427453267
163025445
319449566
-1
-1
175229654
-1
1644206593
-1
138247268
1401503938
30911434
139932272
18728935593
2746804304
13616222
8050324393
1568954456
50560844952
13082361
78837788
318249913
751923899
564258
550511466
177362625
47019633274
9678
-1
34744892853
-1
1450405731
482997555
-1
75945504848
4096543011
733603172
-1
4650454992
28786637087
5291610978
22054861244
78242281
76525664
838431
29160930323
2272878978
23426632
-1
322477631
-1
324027046
5741084940
4812436599
679892970
-1
4032986441
532424869
40081240
2286585358
-1
3189883300
1046467986
-1
111406459
125398884
853482553
2844298167
-1
304090
2134565010
13353685659
18328296
1338791493
105010552
-1
294025860
772191
1438424678
19807840
75841075
8584976
16903919009
9554673
315850674
-1
1098262
81039931
1121820684
52471168
248897127
-1
5351416709
171839683
-1
23481534947
48714970
4117112374
25527458125
1984084610
2103154868
9874841759
584164929
628309410
177460146
5362284663
18728331
1389456811
367782676
15143417
875560963
5904993348
2025570272
1027431
802602822
35148855
532817179
11059952
354303173
48175488
6796775
14123430521
2717053575
137618698
2861951021
1149326707
114364115160
7539234558
674150938
9473414
328846
307013527
715504209
438131871
310122961
3684323716
790070450
2760822442
15021497664
2231762146
217366859
-1
78031674
200140377
-1
785973038
-1
9067688
5075661126
-1
17357129
24411957
3404578365
11707604433
278114846
-1
27292601282
4443975951
8088532
-1
5172694
563380449
30014076
41794354
774437801
5980477574
5318278409
1278867
39434851583
370489318
2742858003
487233611
10692944287
10206390
48226062242
198304222
830993
-1
7482615
8260859
1140715104
2867125001
7808354996
76204370
11816912259
1724471507
11108760889
1379171
4000385066
146731001
9457214
94170977
305345011
27262184371
-1
2229730279
66629718
12974801398
45969592
4461531
878487218
3954482
107130298912
-1
1461248094
880199
648591720
2442754
11206470256
9305030152
43970437
-1
-1
537725
49717599533
94530895
39266388556
114407644
75522
1479649585
175842912550
12154796
784489635
228668004
37832054
1255587806
16201810
6942438035
10039353958
1254613703
7400728968
55298093
26550746183
32341854192
381041421
363272494
19266041362
179136953
331566625
4511023903
285471178
9096290654
-1
19066
511115555
113069512
73267430
376040854
9010236
265010131
10085969209
24563
-1
35630396337
44623701
155999743
25037357
-1
4419642897
56119307
4665595288
1422491067
324443270
25744123069
12284821404
106693384
1079197338
1191304939
3789392075
82562531916
865450
1171355
160303071
215720403
1714404913
13174424453
6858042
-1
134455972
643255
5774177826
1272651434
705698311
-1
4341978
7096528618
3217513
1432556042
88203862
15440282209
172333639
8238310848
18897895345
8124280207
47672880674
328699504
117438470
-1
226833739863
2402893456
-1
9513562190
-1
1939315835
-1
6169283433
322520195
21274631098
63260410
924650398
20805861
10518420692
366104
48835066244
7173812
-1
1706204658
22246903585
3098343501
1307516730
29836335304
71148870005
5259747201
-1
23598914
20048211
2585317412
3562651511
8773056550
-1
-1
1212601660
57453308
1302749187
-1
10617993030
-1
-1
9721857
72057213
17752869343
4693997
12632401676
122152152578
18179469
5904558160
16214372197
1637861303
934928131
-1
243420
1043777700
901591698
8912758
269643290
288422978
929718339
64819180
6240441276
853380924
1080401668
-1
185395365
11502158560
13764827449
827223
2787023221
44582981836
12865506712
61610154
13394389657
50388338
-1
7785855659
7236350859
5625275
14889523938
25543969541
257222780047
216874504
196243106
32891211161
427540963
15327662849
475955955
10744200
466164057
1002034705
185082316
39751691601
870909
8636278
-1
-1
3888105090
-1
12773417334
112192407
1983722109
515246477
48182989
4890659
3020158189
2490206389
1777478052
11132031
4194771369
16124370671
1675050509
1926570
26066496774
480648961
5935793265
7998839960
-1
-1
3077981091
-1
8453497045
3295927799
1182453
339769142
7915277
9983642402
49749608
320647967
31600696309
133921935
6496766791
957701681
2616165880
2015984557
14398852
4151650028
183204204
657588284
19784865633
32945496759
148813824
65705311
10733475950
269213241
18529613
6193522
499497414
5277631
216449804
989865373
829729741
104225908
16963080504
27709195
26988044116
238368957
24587200
2964867
701094
24181261588
736687196
25239389510
17101285
685791469
424961896
65995619
50100463
22052800
55890073441
70683184
302063599
39948855
999291945
1195813928
4456665743
-1
-1
2324493638
735928924
58535238537
2413146616
175647178
594063660
503750983
4406107078
7943741105
825696702
74979453
594558151
1561328928
94051451
2016727458
1061056919
84944
3980444104
14162132
3848001
4215820830
2150492265
18171684073
-1
182659599
362812215133
4353586
33357368
1990239117
1652349630
194177516
49868682026
847627779
429864966
518304239
-1
88813593
3141311204
375420670
1595420390
71598719
1053012689
13451699777
4538434004
11171662
-1
755832512
43429586
914265562
5326659871
2140650700
2468808641
89360491
2670447080
75582505
390565
6139747563
93191303
1770034825
315364847
866719722
698743969
292643155
789560478
3862848982
21126594908
56875584
2559536996
7513395
43914704722
380143
1132249668
16123440409
515135306
10950744067
4564561200
13055359484
244835523
-1
3355880599
2894894562
91097698
26274517275
1038342275
5605929715
11457383
789141396
44578609058
1611184395
1221427510
2516299714
73463449
30672118
23544400
19659716
1430586543
21227059603
6694350
106031098
1395461524
392180486
30295972843
144888335
-1
65794371248
66364552389
753788232
12141379182
3004952572
3893813
3435932206
14332914184
36660474
1099647
-1
92181711909
10783549958
-1
273542160
13892845969
218520803
14246010151
-1
6326817
96101839277
571246108
3676277148
24933
382723
228261568
626226562
1223136
2896925298
54976671
27478747
-1
3385054049
1608367
2624470204
397902823
8766857342
153112207
2183737168
136518426
-1
25188315
1076142978
27180881
547524728
45673
168550921
-1
60536538
407554168
3548662
42505902
315495859
2456237420
78048878
52199297
313054403
125048721
2399383400
-1
1733151776
274948118
35180678763
107806770
29377417374
75864
2169248276
59388471
950823400
356727127
667144120
5048014
383469
413204041
3755490797
1759681913
1129408
-1
28190598797
2314541621
335225512
5948547362
952315150
67313076
436984055
223896074
218395378
-1
543936437
146560682
91619971
3418359276
5337713
22034064397
1036335502
4299883
1743640866
14050498133
1323852
2812937816
10457402548
39503178
1184095
4883686841
3106972594
264977525
43073983
1477910596
244386
14714752
291867900
95684682
1172832
1311082939
26249250
-1
25129395021
33608866
920107007
2852555178
33697527
2230584996
-1
1247081966
355350063
117468344
37136295
655146827
1499624887
7548466674
168913010
60698225
52158516
498606058
213597901
20095073
-1
21680878
682121435
11473237025
54368827828
353785865
30886928
585098970
26564764716
-1
63888598
94662533891
4531144358
549442973
41896678474
6214209
827921525
33529714718
13018386
6059174656
1033173410
858442851
1672923253
2878350938
4923427
28902341
1884351474
22611171173
-1
389045988
13241167185
2159712408
46824764
2017692
1080922213
10342249445
90610443
814601012
406201000
731816847
504221203
161566996
1528825111
-1
-1
-1
2081521447
3295121671
16368746803
7217934247
344331059
873606
150904547
205867
7633280495
12705328
24578477
325673110
-1
780349
10009489173
125613214
314681698
54510274
5722337
1016042810
950101809
170927089
188138986
1097988130
1001103264
41883318
1417707910
53280450
118393633
-1
19572897675
78313445240
30038505
485987993
20118847018
316998463
295241044
260240889
48894217908
21671690462
141704008
14502030381
469771693
118150421
920450697
470754936
71185847
-1
21195052
40123234016
-1
87105273
3261708762
-1
8437373
1910039807
54993361
27367345076
2385343388
643168601
15617067
12719483
1164310995
12073783
15869106764
179777341
-1
1580320
40162081
5342019042
3256775
14468401
1087887
2398355187
1041976643
15051871271
260093640
-1
1749536670
378479637
38679715
112475240
119720119562
36228668169
27391565799
388118022
3760936311
8030522
20482284
4599540097
711878364
9146584080
2361618876
34478741549
336393906
263047739
129911605
1409689520
8235934738
150113260
-1
210705678
9456073076
159742199
4380466582
378120231
2034070510
151629109
-1
54153241
980332386
10627327
1770938
6830215978
329097950
18695414
1275
10647397923
3589195345
2275061461
2092198361
-1
8892801079
1583104210
1397467957
6097154085
47383911
6037515515
68456677
4243249908
44621
-1
-1
198896310
231104117
1480939105
18395100
15184682860
-1
-1
1117542
28093608
71654266468
159924303
5727233793
168123440
143787742
83250666417
4407056266
21953762
4024621050
84879487
47227423516
30923353290
88052
262900020
40406081
11244040
3700830179
50778909
5568763604
10076289976
1363661310
2099648392
961077797
326635119
225340397
7866952002
2330773362
4682753850
-1
9364653549
1791993530
-1
336367864
98665335
5921962
1265377444
26319658089
8107073764
254075714
1130526303
12589745108
21087833459
1473225
6310101037
10288691
26502264
168034042
8665454825
1024963775
40152490
219870434
8681451189
2019282240
285512862
4298600148
200948890
2821154
559263956
2961124
2723155
787759995
10661110736
28258207682
3804353719
623741
-1
43132081858
5317067
4385121750
446290
1064855904
155013925
-1
7337780212
6902898282
200886161
22214340927
1139342259
276135436
58444960
1639992874
249568812
868630423
261767839
2430189467
39409
12857023
6794028864
843280139
2687572377
4844589
849825238
5884053237
177552848
-1
56484632
1268028
13751251
4465632145
-1
37401830
1246385291
17767044526
4821381
5920418495
1047429489
3042899721
7861125
15215432669
22788052
409203246
845479427
1094909990
1936669161
3742777357
878531106
-1
12743499961
1324583589
860564960
86716
1327980288
78578242
142770561
888764143
1492909989
11297429166
10334548187
14589967
636811647
32335364147
8059050537
276877
148563447
28633502038
5105724926
113962268
1504427184
532960218
11515970544
7945630236
987285946
8744991597
862481908
6262495017
32493690694
3080273481
38074024901
3138772334
5154821573
1194420603
8034627
571527040
2064391
3416549555
10887521
9609232
77166456
333560126
877473054
268343644
1834067109
853169911
-1
7703753
7017994595
189564141
42849257300
2916575
2860221
296462065
1817883745
1283677305
11025244857
4109981734
1955279207
5800064306
6945903343
7913671
121521893
18993612
249993577589
45682436
38913421265
37675005652
7938228037
37901428
156207292
5388116042
149441798
1243468705
18966125274
375787640
4923813622
882840358
2698291
194760065
1571842141
991671808
1488038172
-1
903173673
232245045
51416002516
745219475
-1
30903
3650059
15816529139
2814703261
236395190
1018410212
1483270470
107105824906
-1
587594099
1139040844
650723418
32727736948
-1
543775705
16979253
1173907409
2057054089
3806445869
2221062
26772501
360058267
372844
3592751
39721100
146938912
27716283014
-1
-1
833073236
3258302786
25938015249
12554899
3846
1276769735
-1
5500338174
71561709
254969957
12210894035
128300972
11370974
-1
2095006
61348123
22622266
5610338439
64668770
24551856
2443440974
39954583
1321040116
21721978561
28138429
1412927956
4232431321
1278056014
702396622
7519001
141941331
24472656694
-1
3478664834
20810026378
73531655
11420876744
14099016271
75843321012
6204277816
3551337
2972795994
863895190
180831048
124991775
271001540
973938484
8573962
73153300929
13198698094
142927846
374071895
17017156
318739038
2027365110
67530
35431122
3296384356
8475392156
207866
1545721941
57970754496
861183749
974296720
13810968154
7173153397
24523435362
5340935989
14081464355
3910385037
670529379
51601593
2302865902
6469453963
77671592
612114
1356309215
-1
537747288
90641542
7632568
6654734661
2594387177
79408370
6049289
2174547262
-1
132462651
776279700
-1
64465
-1
2124109320
48462888593
8875605
88033823
797514354
1318857012
3998297
810045474
31027873
824257543
-1
9040138728
-1
247874964
127652488
18223739290
96252616
8071713788
204374
52802132217
433764785
5136693880
902815085
512245254
11867107
-1
17762285
-1
11143973468
1396024340
1022748828
21965332
12682638
8823767815
21376321417
-1
394475866
-1
885409818
93793097
22470365819
5828651
17555981
27378884280
323877717
86959590
8045061
163599059784
56587190
1879256513
5963773697
64321
261324311
929550231
21586374402
-1
75393561
8705808635
816001090
42178110
760448489
4290529
22190195
82971958
622265926
45402010
23276
12857935
1410401012
-1
444065
111801595
127717883510
93977539847
1503637172
3539863444
84381556
1639747610
50872695411
28654735
1193238763
5307047591
12897590
5080268154
13446737096
12410308
147564425
207746
1079893495
24287335
5288939334
856657675
126264696
588687463
2788834598
12012017
98692279
2528235871
2776191713
7559322
72970828401
855426163
2034214746
173602748
1292600449
5110881173
2114107618
1988072742
2128073885
50572615524
551834
7195857
932210288
81705
11436733701
2473409943
336556
3951129438
35414522
9521146852
1019791952
101526
11850683798
3881290330
5231412757
25925796104
38224324
212296235
27289500449
4738098475
215513606
91880051598
448020430
345589906
157130941
179690367
11317
1180692273
356415582
212360541
851607361
57257570
233255487
-1
7129630024
1200341832
5275074306
8634201
19659
-1
41558697060
26508325500
-1
106079628
-1
470985096
22424919
120988043779
12124240
182123484
3082756969
455365502
69272713
32760167244
33457825
2504971028
395662997
4680696
7858654
23619339767
-1
92934780
2660072319
9885749898
22571364
-1
1408103984
45929399
92410595
298362793
48103060453
27955843393
435220599
55867916
12231343018
169552396
13600145250
4117282
105603706
1221067791
42602391
1235618697
1950286489
2260787941
84299491
862965281
2567211030
383632
168223
-1
329228701
1138044
26748378599
782728966
6747816085
1046135598
796106010
212775283
298985323
3359746
-1
5061617858
79403060
103719974
43639641
5112356222
222867104
21268997
834986459
589591461
2280806
62983596
786271548
1274207180
16337438
8587
17743387
1160103
404566725
-1
480510844
-1
-1
20209097254
459527236
699572199
5271511046
16106153
134134044
13505534833
676362094
102843000
28879156
385812696
292393947
744457802
2034652529
1175852912
78902984
154400061
2049548707
6204609950
11788148
8092158
2244481143
143058800
-1
9059301414
2786962936
16922105834
-1
1419456620
7547899690
4384701357
5890221193
-1
163818597
-1
25866369562
23369183141
1013585802
61692424
2450446380
12697723293
-1
79678290862
8807151183
227688584
6027879230
7064796914
5579275909
5845138
362908024
6157351022
1420351350
2642029989
99452302
-1
35811446284
43787918
83683543262
8613395
494263437
28316520830
20295863955
231970631
2044485721
66442697
12625646
-1
9598454
5492257667
722298792
22590071
26309560
-1
1922377675
10747382255
144297523
5106298
2705827644
27091081399
488681590
225823326
1014948876
9142764
122957088
450800719
23458424
2338282927
361955453
503416678
188149687
-1
1774064
647212798
5786441162
4715980986
1199968187
10359865
29210734
14661697726
1107519310
-1
55256135
4244304589
61611899851
353216855
8463846855
1292716507
-1
486530092
21518227
-1
3166603246
738595195
50893593
14719213
831026175
11063289527
6016385261
1549235420
9768607210
311076316
3280013
754429
201892218
986668227
29197586274
253226335
16177064
22844974875
339927726
14609852
29349363
118692154
3811211291
240431462
4470136815
4354150864
3612314870
14764506
1641447
48491542
293873721
98731678
12736944
129091119
15624192
17080207
79658195
7977725812
4373214
5653165151
1506861653
900903684
7146277897
1831834360
454578339
73265184
1208967108
17393466898
70291500
32787399751
4844068446
3796036138
145365503
10220651213
100400266
1679541
81629979541
343817208
4137153673
1334070486
57558757
5898149782
3432594
5049492
3841552
2718461775
190842282
67532014
13323123881
-1
1665626425
75283601
12670775357
-1
3777217237
956923309
7654
3845543580
33850974
6688863294
213115785388
11840215462
1613537733
7321739
5787294957
3115717926
-1
2013070
-1
114703827521
8051451326
10990079713
18196732
5185977
2548347763
1862845132
285903266
29940845207
21270121913
782533
37171382
466725325
4846294
640043795
336773797
181490136758
25946981529
253156902
1591406006
168900563
96316903964
388712216
2989347824
55480131
37265210
24270419
28462691
8393742
3419759380
-1
2070807867
41561402
418354
80612185
277640214
2205702870
80289436
689788999
966839286
48410483
64261980
55551411
5781142618
18094043
2279261
974993367
-1
-1
4335436815
-1
13953214
2788143
10319342024
18467307099
2457427
231743834
812852455
107198098424
48699178
4049869
19783559558
-1
17730367783
3987641798
96220086503
1686110369
32269413
2548190857
929640990
1352695026
330976520
13422434100
5377500271
81606197887
8496357655
391917376
132653984
22416808
9585341244
17184964894
12060638122
5857758141
8430332
19556781604
8915601552
271944421
6769300
947052996
-1
58912926551
313295
1961948132
22981277788
112740464
508982
44821649
33216744406
373964103
4135283
4461879375
378248
507028560
2803511847
27474505
39709138
10489251855
27980850
4926109526
2013791594
332910082
-1
7240969037
50080946
170973576
5323425903
1433902214
13046481
103202559
1823344901
183710803
62168591
532658828
228266712
9728971526
27517653
303540401
246524258
58724810
2589027910
62292529
156117812
360148907
38653415
11302114367
-1
42510377
852202483
85883515
3962154094
10568699
20225726168
4028353916
15050554535
-1
1150283503
1164077100
-1
-1
6921375917
303950
885845873
169788
140408032
17168151
2314242882
143957799
767764120
-1
111197557
7126252904
16268842
787708557
45902398
317605
9301467342
10017131275
12494124
329838497
-1
-1
8146162526
116998388359
1672698563
919290118
5748822742
87573482
-1
609131221
3171002770
190403084
26787004272
-1
148512811
21632606124
1342475362
141302193
1916741397
4949813394
417560161
-1
2576185
4195101706
137096047903
14340450370
28497418
4813262795
7226188092
357012761
116869147872
841005251
52590872
30068437929
394261
7909446861
4215490
10304753086
2819479
1732636
1136608830
1240772
43456988
1256062075
56574079346
26918523686
9279763809
-1
49859507
1606027757
287179760
24598209749
15350733283
51560923777
97233984385
-1
380448807
445559012
1357869
350452095
7990483618
4254858
809613873
3336304214
438
3481794013
4474484683
23869555
943993360
8391957
54545319390
1261443362
195229628
21008337
9945380
5753690
1960365868
53464853
329637
1157127
1879989277
7975658572
8693811943
479611476
-1
188394684
8468801
801143614
2995955648
535565
1402559
90789473
-1
461803328
-1
1969274857
133432394
5845772
3120029857
118352
32076407
1675477436
92627
1451919750
2545379236
1004716716
802670832
41070177593
134410288
378116
9906329
11298172557
17592625454
7698996286
5142493974
974334738
-1
119460189
275206435
65686679
3294234
167357102798
488904338
2722477814
-1
2538889
18200403
169208818275
15930665667
5405427051
897796226
2485615217
920967871
-1
539685780
-1
260291334
7628591
56781509
111080773
1761035776
4679935785
28579807
33471771229
3800755
23176383755
462031617
79633317
6864850850
309946862
24165214
823514559
72555231658
-1
3726238501
22361453
856189606
5003269
542432706
191834205510
5793493988
288000926
349156501
1169750403
15625567141
527735
214706919
755139227
3911110775
6446459686
1507318673
2533362
10423
2452523985
116026758
2758174
5554602227
1733918840
5870304
-1
250320238
30318323
113196345
294316702
-1
3081480015
47718599234
3259590
2264816
7751971673
97905
233121833
17524050
1655886542
16540044
456515929
176213962
1067465502
4783070298
8477765
2354042
84280489
574859604
-1
950706291
119916544109
4270444
488926311
6157451268
6554444
60036278
135800436
277505857
149050700
4299420401
35967212
1142503157
973824255
36934717
141508017
206293909
155499995
174268372714
269563
-1
701179735
-1
1781459435
62464993
17088376011
6097475331
16906991
125603
12459423
690883870
701006
204325386
844446361
1576705
236120401
77075295755
5593521947
-1
118576469
1096129883
-1
299523002
954034117
29965574121
3671347
955003
-1
13740931552
154706389
8833085554
121279101
836102764
3418682
12438464179
2483050294
162900676326
74396976
-1
1365698189
16053810596
906820675
1418302786
298189424
187805885
1072764570
289186863
17859816
-1
7954919675
28911662
2908626781
-1
779727681
1781614301
110545950
70330052796
2131366
65350491
10931185822
7325824188
15335620
-1
6458333
87480640
96560583
2588635220
31019570
1381451841
1904604444
-1
118354
27505512729
13951465
-1
12540233
107006079251
2051232626
223718313
30623891
134935867
-1
4497957
-1
38051959
745030509
7599133373
-1
2598942176
2508076
5590228102
-1
164010465
3908118730
771381804
79578845
6547017078
9375744296
55002675
116880779
341497955
8001842
2401912642
263411563
818505404
21051186
514555915
3668503853
675898596
9701951410
17704664040
23279978035
120588276
-1
9413716
29716733143
12761125
-1
3757489089
12152942551
1073136879
1048408964
-1
-1
511840100
2335314463
941805821
70433424399
-1
3368991532
38420333
18342777
218814274
1182716592
29010924736
1011015635
62106122673
2433124472
-1
3782856010
960305406
292957751
59725948
19007270737
15734503026
364105480
1822960639
74488108
145173578
13697877
4996862740
785715615
945782076
289737639
503993
6856673
11084483628
21311055831
-1
10085130122
10049393910
-1
87251109
1868359563
39575121893
-1
69278361
6663240834
9018907374
239223209
25717447
406608
1443954551
2634960
317569192
112942558
185552092
688357482
1389521218
904519578
6994997287
7490125
-1
31081190
23339509
252855187
702534895
448426537
6137685695
377346839
27365275419
41717866
-1
13866083
89609399
298126374
-1
41708026303
6473332963
159689427
-1
812727138
6564829098
13330663442
356051340
6968140
13587994
-1
2582318385
3265050473
36108283
6402137965
2572066
851508099
-1
35823163
1276766962
27803678
57153030
31310496
6187132400
96121399
-1
72849102
3850110
65883775
-1
79303396382
14768611905
314830630
59658831666
1515136
-1
97170835
3200189208
2597393885
7826587439
-1
122308999
709368550
92508833
246133828
4875620138
6043658029
16843316185
746539746
182841038
1975900968
142191
903147
839482920
21417318716
6172135636
3726436017
221280086
4973439623
10635582210
114823866
2277439597
197948100
3859441481
917450128
8726045799
10089055361
4585165945
1368258749
642896467
592287078
71364894
31051979262
62330053
2478322
1934933409
54862735
3229218405
18267214
2749011176
31193208072
469044063
404679633
-1
4855147
-1
3354183192
154893638469
109757038
1067473
-1
17032867
4069965760
3047233839
366782164
6937914
4687664144
12995666
19709504
-1
1705952822
454401623
88391075
1456973751
992861134
29660624
-1
60586871271
24108447770
2248656
461921094
288025871
1295130913
8055256
10009946
6513310
688238807
-1
362711
60970135368
-1
1979693038
233382048
5051356181
434889950
113046024
21561884
38639887562
233243727
4817805
32679045654
565440881
133717862
1916568442
564666691
854707125
-1
170402910
508802417
9850207196
1220885327
43909298
4088713037
36528204
237103889
179133812
3959269
48221992
-1
7661582546
16794638549
-1
493194322
-1
34606
845467687
51800634
91952346
18493617475
1540106149
11886036418
306259789751
2543389438
7278637226
26046876
216909116775
405919671
-1
74255513
587141192
25764914
18284038218
219148300
9720165490
197587583
2465237650
21690555172
1193496135
646075340
10295149468
3468416473
271676841
1141383
3409478301
-1
1796099715
2935160740
1686734516
4734269682
144558273
267316141
15314804218
7055661344
3680431956
13155855
23043173
13319410190
-1
3678117391
10651362651
2307679132
496359506
439861183
23587408901
3771841918
38877567445
4159699938
14004328339
2345108
70400
24440927
26341451
1361041647
10187991100
389069178
4352099
636102943
999877739
5603906632
6544327581
-1
267816112
37424699490
3476795579
220946304
6927728558
168052760
464766549573
58896492
2040045077
7639136244
-1
577880527
1834821560
869956129
5924710
1248786348
294702527
140876672
62878999571
1585166841
407949220
22276655386
-1
232709320
1362487057
6426390
1478205153
4939182992
7571825877
65746728561
441375230830
13419364
38636462699
3431589
267813240
41069402
348078
889033268
32830612
653390
2061297924
2400393642
16599340
2151993314
8201902612
2604080048
28726059
3434556
500487866
14497370
7307549
27461142
157164896
219123573
-1
149225030
49340763
8459165
-1
2127261175
-1
3586504733
24792334
32255608429
11747231
4652868940
17480512
924518239
5014177639
1872095
1896990607
30517924346
2424918
1380786969
1298726631
1472517982
1627446569
-1
1819124185
33726564061
1270586832
20681226
-1
1706752165
4381638755
95792964
231043627
4851534387
3207459385
238793
622064
-1
-1
93390054
48252154
35767006
5377275
956316403
2315939946
17194697
423030770
2750299319
3681635834
7311888354
3003501843
74600777
125802
10537422539
2701809850
929451810
509464526
2428214
3436058788
3002216014
201483393
4775705719
1935645415
1399158680
5704627265
680995208
33815821
1581463573
3779067858
3100347
963840
1118542
20537782974
1348471391
5884701093
953248309
-1
91074246
-1
240798973
2590870129
1003052618
191431913
-1
13096422
79298792
4773880
85692499196
15512872
67017442
5516738943
5714794551
1527231558
549920590
39633675129
493178351
-1
617757234
67820556
1003263192
-1
3880362649
279853750
300171537
26825223297
2009044550
8349168
9319672760
214922456
96752778
576027797
2561244780
-1
-1
4028580
12096029
72192444713
109686356
1337122318
14611522
512832375
709540791
1395326557
9693503922
2176072170
22484362
162209502
48897443840
2722544
183662279
1594498608
9867923
11003947110
10971197854
-1
344630327
89064997
14717623
5002232714
1465400498
-1
28839757674
-1
4615417988
10848678
51916904
927132552
56373867536
433786009
8112058851
1133340681
1979169528
440299908
423738333
6611310
561619774
-1
2203932567
27998929712
-1
148927748
71873889737
1844459255
42663812243
9153939
10857954382
8015482940
18590060502
4581525206
55083787749
121899455
2665232678
3207106
69004058
4693759718
36763919
1075105393
365731855
339237
955241533
8939605603
7820939006
5469362656
16261688942
13943977168
6328514641
4859275
422952584
2884423095
18649296
284075147178
566001022
118705628
10264270
521554
1412266877
6484309102
42035638
395139420
69465820966
171926859
16653965666
47849428
393323150
22776857040
2271343763
106385179
1130160747
1569628015
3638905381
581654672
21640965105
12681194757
35484884
93012775
2871773729
265771741
516355018
7690411279
-1
5219933727
-1
3797236487
284808483
1052729984
336105632
207606172074
-1
28567355030
2155996627
666005093
76694728
1862709530
1844085
2008549
-1
1338298172
2415674668
213072945
31915890743
44488164422
85239482
-1
1958190416
4921997
6916122964
66875039
-1
46030810
-1
1253654655
1481516521
23391572578
2244953
109744712867
1145991424
125292076
-1
6348115
536951823
2130126753
7752472
83469750
194871166
55224288398
1061285569
6228512175
287736593
4268457
6152705850
5212421126
11525675716
1885416920
-1
14931059
-1
95665988
1019736930
2158088535
22403399
53050836
96348882
674445778
1049418087
690225719
-1
3413374826
7110121810
226237849
572304161
550357795
22803978898
230971388
1659498809
30324990
144592857
4250981088
-1
-1
5176724248
483280742
1353914
83691535402
44635230
48997475
19017533
250826903
4115281687
1132553881
836350721
199996516
10027495683
6519544490
17369424
-1
10822540
-1
729871343
44172324
256496605
988334414
3337975569
-1
477224992
21588397
12801402
1554801546
376423390
9160545361
6117747116
3686797539
7317405194
213790138022
496034568
286414528
398180023
307096608
63862708706
-1
6694407536
38019485
-1
7826377915
16551636757
291051079
1251721058
7319702012
-1
283014685
3688971898
-1
547361
21795708588
2814607496
1091654387
58624777
124407129
292568774
2348537125
10585609441
2759619
14428931
283800018
18048207345
958063421
1399150
1241268732
8577491898
218248166
-1
1679832189
353365
335465
158944070
802717286
169152310
3127323454
267981624
6092792122
1376490707
106733660615
2444883521
907259
179553655
347362582
104918459
4343495527
7466213808
14247836733
-1
4722751
25354125
14551368242
18647038
1294345702
1376201512
17703591
3685952581
1182212019
15251109
104548696
991238172
427666256
-1
6684822733
-1
219093698
42078095458
4393403358
30272946967
2062159332
11551071163
319608686
1583190549
3907162564
9720774443
322929657
1043449597
864798606
130173695
675249585
13345639223
764951925
3051153178
8653347998
1648962677
-1
20563348
23393741433
314265848
2153789744
94227579
25669076
-1
711375829
6858266500
443626574
1205949987
316255116
-1
48956635
8952287
17072
1435049155
213787504
-1
183045519
172187209
1138712743
-1
30234422
3185017585
23729953562
62117358
1871366674
61153
756223623
-1
7988586
2199918
11356159
48274787576
30201292823
2824213296
84730552
5391565
700273104
2954380291
493737004
781852769
15509936
470092768
1533848724
156037022
514835359
-1
927894734
1876666872
505189875
17416910
4131434
863560925
19891883091
11699935847
69222397676
2714203298
141163924
4182306656
9801193257
-1
1417612805
901669707
37621082
15899808
9294301843
36406372329
-1
1439677704
497148446
43070
29345861
26131219
3106538059
2522842286
53344623265
3516542678
26020194088
83705709890
3334661434
1116672
6467004273
6684617613
2560464172
26489089
-1
8325381444
8675335897
5277494831
-1
670451855
27649698221
155082391
109092117
20291017959
2575614
11865613062
12810097979
568844326
9124893979
-1
459673014
665817563
43427294
-1
3727497047
10759867364
3623157515
30022410
33945095770
279508146789
5060765
5550385968
3413293044
-1
-1
7672250530
6866389742
48839218
2917397171
5787189204
56058762
1077820157
22518576313
-1
2651297
628434352
509182267
120312581895
680618755
907402429
15693094
79403714
1065919263
1892770565
10290219
15742508548
1025105799
53698529911
5072632775
2526455221
37612197
74745933306
46362345
847955
21958771
64694677218
2771916
180528141
-1
-1
501160361
29591445
1091996426
17495264754
-1
314518728
-1
69469972
2645226585
30646894444
3537210682
23272724020
7922527298
531334448
81855286
10668438279
1414787969
3464224695
35609129
186182127
15321730
71556392343
10014223
448875480
18272194376
464130509
9234364449
53382997
449755644
86814
865859095
1582532093
5736142343
141358042
8017505317
2060294474
12764760
-1
69058624
20507509
197827619
10331568944
114915717
1140068
-1
1334521785
155269305
2219782659
3928553671
299696992
15825990115
723903731
1029641419
2099501
112026
25626264
10659107371
5167677792
2139633
2947678175
-1
19521519698
1209537828
6603028892
51610802637
23824787532
-1
1831660996
3265257
7147265918
11213701661
281668952
-1
1142609425
255582051
45551333308
1441013
1217137450
44057647
27556831
435515190
4904421212
706057897
24928109678
2395717690
2647019237
3628462525
2264424739
25856483
1864787363
524042092
98447020
5259413
1603418702
25599831360
47697449
5393454
26764230238
3221834
56809330
144517517
562361325
1076305778
1210167
9337549064
4893822
28533113027
13359151249
-1
257860478
10535327407
57208289
2074898885
180800895
12602506
38587630001
799696756
707401104
1158567304
5148851803
12673289
5563603
24430446376
23786196701
362694347
333828591
-1
2595995
105506291
5345376099
249638528
3872109034
-1
281034
5395276117
1722565989
182601918262
12806354454
1292664275
-1
65359540851
-1
-1
1276154061
40254350984
156018812
34208525700
284402845
69599468
627542367
24078711235
226914206610
7419556
29852632
1020339662
3242024711
188039971
2298078825
61826538674
1120428229
97889643
51792331
11395310494
25508736
4248192507
10611796002
2053396422
48569467499
657656753
16941660
2400099421
106107717
3418711
2121377068
78863
2248298208
44728699
99015361281
697461563
13554375261
248998386
9530594
608169795
1194525175
10126256397
3473281766
1220201022
3638693967
59947747003
3894486896
471020269
1577839675
43417835613
24734616823
2961841592
1454399251
44400657
1728924
190851890
2004923011
3714741070
10274493
786975310
7548244749
11979445646
951681517
11536455745
216107750
38162592
2896744998
36429090
722730494
3441411788
717809934
8251927331
2969568
43778127592
10855320718
275389175014
21053105482
3706202
27265905
779168
1479972364
1231683680
318490814
4009878747
53528469
12533596006
15619889240
13583718
605866863
10549548
166232723
284563955347
1699299
1253767809
2303807870
2155718392
7055024872
2585997418
10190085
12523320064
48293811
687318792
42434154
866228
1241719793
5463784
7764643550
4111691182
104176741
5199629797
1437751422
278885395
141599259
274325605
6911442532
981951
2774269604
3387768
12660507
3407387
2420808221
-1
13269943
14730882
11304609
237338342
79867375935
13622743
-1
20959461
2964935631
4858916876
192566
2134274781
30604403352
151651364
774090790
31521815514
425284653
96511747170
27978320330
5170536787
-1
125696966
7096454753
3938556302
817594555
24009103871
1483155
569032172
548984
1828136513
2566992755
46654
657589668
2817069615
4692513411
6928055
22331088
72604472
-1
1651425985
1255127123
55943389
17921003
129229888
50017410793
-1
335206184
201933544
1112792
7213351156
842764112
73927971413
1476697
585013589
809634482
16783562842
29666482
641236269
638633463
105144833
3496970250
10093322813
1069708220
1349892055
-1
779454940
16382364325
-1
923920924
147644518
5598536327
72039243568
34632779
309493449
17419144
54499307
4258879506
9719497774
16372993196
788451051
30754945
64108977540
22952742719
1469036678
249082705
4101291
2125363855
-1
129207593
128035
6492302
4183433720
487235988
62910983
527510139
15470389900
4805817593
177629613
14986757054
15569536
1737487805
1160454862
462024684
-1
151652852
1962878348
3848872819
5770813851
1384688187
583866317
62774609927
7086400
1450697
719663
10152165
43662152
19898716330
184506443
41935595114
29397951
-1
1883969432
139682
-1
95139436
922809759
1659365703
5544965
1312396647
6769816809
658800356
11515944
3621573188
10792525396
396217
-1
32000137
14781523
-1
881794392
307665552940
12735353
319032337
439349620
209488078
2215907270
99436
2210481708
3983729086
3350817926
12136796340
10617512576
565248
-1
11248509
364798993
5140075269
474307937
72141841
4215421591
961823077
2985028
171067805
-1
14636563
4699010087
22665115034
27907165742
286327571
1054224546
6837491082
445423303
861517988
51760449
2018493661
3510958750
5713531087
2082165
250057989
3957126929
61770885
62106599
835247977
7715674243
3558515916
5606546862
34092087
5292583318
1466103338
777475
3097755
1456421469
372164690
471042227
6245895125
70932739
39106785
98072634298
2876195
210915632
827141447
897204375
1366178019
327136853
19434433
985377
299016510
132868405
19230588640
-1
2129218
110350015
870028166
57025712521
7914191081
74254639
2890225318
553190535
10945011360
1574200955
2964090517
5220857937
8007078212
256032920569
241448181
2578171
1808234482
1101692
5744615884
1004142187
28573954678
186188508
16649852
2500873244
1064720
106439359
1536160131
364798257
234598651
1630012
46786079976
108471709
1336383247
17246312206
251506042
1932741363
139794254
293321708
897592403
51392854777
467958470
372740463
4049966053
1534778174
325484867
4196378235
107721357
5847895489
1941402
10749978749
72879007
9185894743
2154284677
31560319
76973219205
219011200
2320717
86733959642
162435499
255559830
11877157
17947459
10575486
-1
3060415
162608732
430374600
9308067
49124126
186662931
-1
14671208534
-1
6710518279
19672861
15615016272
45928
857540503
260539950
252330086
4641357155
388234179
352706046
8283099684
35020859
10362756
1054779100
74277162271
1459433612
-1
490311339
626831
592727
389864924
30926899
46194081337
10940542520
1589532223
33741687399
19132217
5282791979
260508508
24671201421
17161352
11263167632
98725589
273693
-1
14418154954
6985682
1845313
117523262
3648741
208014893
619531566
17434438600
548392361
154003691909
98457406
123381308
27108770
1148917263
5522351551
304538869
70452086
8644755304
14656521743
17204425564
6271038
913684717
2013810
127028152
1861703974
9908639
270158801
472725
12375133518
27852503
2934290983
-1
327722
4259830339
948541528
51529910
25257291
182451746
462660060
67204246145
296604639
709102
31563635
4041977
20281691
4962409397
278913774
222100927
37757542
-1
362234003
10234705935
1305602998
199209921
29582320
193861140
-1
2634118744
2490750451
1101715469
324828587
1760618
54967558
2852052794
6075085872
4664920833
4195991
598191614
1105638679
31515496250
426018253
92328954
64855513
396930746
79228681
6228085831
-1
3331901
126624773
444407
1159480404
323839929
27813236347
-1
4559267351
106900470
24980763676
17356023269
1169020549
-1
330563792
97464583
2058642790
722399180
-1
29910872
46855895
1835302107
2793932
1952083
3306190221
8879355
-1
108106118357
1587793097
690750
23010842082
3574775
192096470
2124606176
252938658
13401272404
847324972
8242820003
83285280
-1
799969
25099780566
79359878
-1
12784759
2211884058
13146502237
7459275601
12743311
4380442971
261345110
12629208899
1688053422
12303104480
13551523201
-1
92335804279
316438310
35797012
42890060887
2049217792
419867475
5651374
10161148
179781
18996187
6500347890
106109
-1
38408483
784852547
286152800
3797474649
81979648950
782048670
-1
86486042
5487486091
2275094960
3742162962
16112559
783464728
424146201
4127806937
644696142
3411524142
10640524480
7378837171
95729891
-1
178503508
6331270469
83974168
181144767
32560999883
5754486
7056743
127998784
81778236
6038038385
165579972
42320406
22475909616
411195994
6250535076
1564914030
103972940
346016107
2075365533
1286690668
408821634184
913650405
72921198
102851
542177184
1762108445
19601241218
-1
47786686
-1
948039586
1654584
14429966
31795378
404552437
6898675016
51430842780
187983280
37883103661
134295754
405423869
2981522518
39886599567
8629948
1104476
36552583645
1428008420
-1
2095877681
3798198479
-1
3474618449
112082067
1537000993
174255665656
13980427409
364627808
747383
123034971
234578948
966028318
73791625
-1
112362
3747862793
197530057
28042528224
113689736
2276365
9851042303
3369719754
12140087149
17812086950
583878162
23894005725
13686640
280997460
22540335049
219040605
9139382
304552845
2520915901
717335085
6107234137
848866287
2120143251
2797125
262919029
3680755220
3037448865
5031873725
11169261026
6194505526
1018606717
61857163
-1
11095820308
158091518
13766300780
18928131
611574571
49928276
111946403
25307414369
63553244
265884153
410726875
42609907
893678527
17891825
92609603
9849951816
101057466
105753673
35695842
4670000762
276479763
164054062
21391945065
80899999
-1
797313622
890492287
221353585
7050097885
208866424076
1788453563
11041497635
5617659
195159257
66159293655
1265980089
-1
17005342486
1486992490
1394832953
78176440
37397725847
6643509449
-1
1670909792
3258550356
294348050
68735793
164243610
801876
138899685
2355636600
11661848903
-1
7371850935
169777880
3610825631
-1
2983993811
97770561
19550798468
816542887
-1
488339569
113027989
452641028
154545771
766504772
5081123955
222923495
13694574
3301136
14133227837
1942990795
162534111953
345769014
99442735
236606424
869073419
4174878701
12160144
1555552
10636831419
84742914249
-1
1564126672
24505341201
284122311
13142039
491319
1085100579
2482559031
29951565
797905005
203478661
1345089568
2346118370
215551464
2770545195
5820028
538273
-1
842107478
1154237635
6199341
369445609
241394175201
5311390397
331450660
72190840
60979
8073423452
136141447
25794898
121504053350
2252415971
5205861371
157083104
37070265
1871012081
123539529
378998918
9917964748
11314232197
266541562
58406245
2836303
643255936
7548417
439233458
20545906888
24038401284
1080716310
-1
1911040
634892805
5699594686
15096622
10406802195
44748341655
2376954618
28160742791
503747615
30964640
4518380592
13517479
242978229
658231216
28859143
-1
-1
67268653
13638177250
9452886
311711
-1
1201996106
1469467972
-1
868551555
72913353
247387484
233200712
13495
-1
5068411252
9782794
17738681266
2057199018
41845416871
2467679
25294506700
399322
2159847195
-1
5694716641
33770898070
4505372925
7898856078
23108316361
-1
-1
624245723
284066673
695020988
815160
3116976
6244138725
-1
1793273161
8496916
115355662
1484022169
609727222
16410226
1186441514
729887776
10646712323
393534141
-1
97582232
1136235530
1081280272
55177002897
30598326
10993289166
12951177148
-1
11360222858
313132041
66191727
12813898
18855384268
4661543
13360141066
43956048
14082458
24519490005
2885631316
54859
91229104
22542897
348724726
3197394178
-1
13728459771
761060976
3700198
363552274
67918129795
404460111
1800829033
669243495
22331250957
-1
1307263211
13484436
108130404
194543
-1
252153
30480692392
6629706665
735224442
2026214836
244473347
47013
112181560
592758566
-1
1851216786
154817335045
2595464762
5264907499
-1
-1
1014803145
494588242
130680
21667359336
5577695
3466603012
27496970
89531765
271051240
2065169800
61182669
5769336
596576644
762034306
7026430
1017887502
10663489
1272178806
4296263033
77548307
2354827
2699342318
2100772
54030177
93798871878
209418268
-1
830937467
23601074
906795069
754810209
651815775
65537997018
39664213
19461979629
3966977739
8392944116
767484
32689508
60142619165
652319432
413128431
77753098
27571865
19892247840
9766890652
59773951211
110239432
28010658564
1269396534
109035164
2637421898
-1
131904178
2824659485
68126648
1604004239
3710437
227237665
1354968218
288070488
2318202399
8766632802
23693195
21981386
34245785
16165641
3187542870
163389
11169751511
8157742
772036828
17556605833
2275
30301283971
15758355
663265861
671266032
22635752232
30575848
5914390
1778722855
123453
165068713
76029906
2271498767
145361671777
40916937
1496855823
44907537
6523508662
22679412
11589916554
11984267
2965305343
666768379
42437648
-1
453169811
14003232
2702842018
12745195923
39231031
2368241139
1924299636
-1
747187967
28905209656
11914294
2499295772
143171371
110873117325
20033931751
208219
321792987
739905
874778244
-1
7291848445
10341739390
673021377
24713201
56241997192
1046480015
9722214697
3236303517
4190983401
2301251149
21596218
95347832
67084376
6983211537
856199540
11443303450
156386550
3484198175
8563713
150571033449
202219548
1188482345
2810746122
6583075
3420638567
2000155120
7309563
881710512
15919482
284894200
3591930299
4596365296
1185622388
62703985
5303441
2698880
3367894571
37801020
344708372
3825119985
51685854671
27972
57446602
708284796
262812035
-1
64541050
171682802
9327576626
328586216
16807540
994692
3752964498
34687872739
113659768
735605
-1
25587521
-1
26535383
294217937
1497223850
822467231
15379656
2579985735
46967003
201042131
54827353
50648753727
16437353541
317563679
28913356473
317951
-1
3259990725
7479446
87410810989
13730562
355512454
1145974159
198713177
2954963148
2440264
2065781162
2048346943
2487909885
4286661
39653315
92809693
28256215
36547228775
50235487
52870854
253926630
2679187441
64625195
7588854586
6002054692
5142113711
202918457615
3544252777
173044112
120099806
1434777424
507993055
6154034126
869039415
11339733493
455336047
845277497
12894223232
10676440639
4555325348
596066042
-1
3075966
4958976
7410051940
140127947
1080051364
13009358027
18334877079
979477990
65872044444
2740623
624253245
1011869873
795434910
6224050
397669236319
5023565682
148125376
-1
-1
753127857
6837669292
3265312003
143076310
23339671
9971567
2492226
26258755527
13791301592
132046456
-1
24458519119
20971718007
28107472
548517564
94457363815
43213017914
7875430082
-1
-1
906714880
12899059
5340654
7863083
5566481084
718895
-1
84986
-1
2234011
144617233
195620478
-1
763095
46132858940
277314735
19486182
30153718
403155235
10705623344
-1
464269865
1401339199
633419887
14149365
5500179
897535861
3044119578
180593979
7681623
702049898
17078610
25513036298
77123025655
164027776
2045172265
158123754
1623853635
196508151
431933359
433012
2127928826
1723638212
283263323
501233235
634854413
1032796959
1289802
414970919
22310051081
1262562582
355923289
339333985
4595833004
-1
536299770
91332909
1147066066
38242142610
6318072693
221242
35687
51740676112
1358773220
216972137
272047586
244303225
1784500
3219161998
3327704724
706923277
33858782119
1897678668
11916505077
19698290
992948
348441250
440763107
516307768
9888918670
8798205985
25400745056
1627607415
1219365106
5618605931
955834736
-1
5265132
2745075480
2700691744
18405187561
6893968016
6645783358
194878095295
133129892
191781783
152191361
50713965469
-1
-1
332684637
2624554
-1
8094164415
3421652
106011351807
15891647381
148629705
8754202599
19717991749
259182662
61067120
90903972
35316113653
1536305935
2017128
403943755
28428368634
318151150
1793938656
2847464156
240572246
3689721848
1892424934
704737788
2596252214
605122579
50041665
875531849
56037669134
584674132
939263930
1445067851
2685694859
230491335
155094353
4055128
17237236628
108273381
258881766
108666098150
3646021559
23623170
18679300
13422782873
183039634
77817024
1058109293
39556338658
-1
1344611122
26245845583
11979685987
376073949
412976813
1068489969
-1
15446547
27599160
9377197703
1791191
701154
134731904
1161149838
156524798
1223203898
6015280384
99906123
2026434374
2979536019
13912728
20651915809
11872108117
8380427251
11970672154
15556560221
4060291134
5785919542
166344769
176620064
250846251
6468134
5157305720
469288356
39231210
58867167310
561807172
51915546600
1732301026
372226449
38019874178
1607300
66720603
3463305411
379476284
81733983
196562
2606455
21257218
146974051751
743094192
12822102285
83498609
1024818009
14714035356
102628123
1156627042
76770988
78314622
2507540
180068085
25031388
55649293
327571519
1458692473
2071417788
19299248
1275103420
24465436
935731825
15102985
2889620090
1306900299
797608558
108015051
1063751298
71192787894
7120144087
-1
184241697
80610240
764607829
95848771
24435798724
156423338
217915656
20606775
840560346
201266389
206384480
18077161
316786452
1376115976
87595828
106999462
2015466275
5296019
-1
19281539227
3590868508
988223567
200091409
447326245
558523
12737575
26549789
13517752746
3439951596
21772344517
203550904
6524652
760576508
6710320728
3382420874
203237
3557678163
2253122823
5520007
1695417305
651187915
750520
143264120
345917819
46926116
31271895
1553068184
260938942
102188741
44809976142
6054260661
-1
1044810
216555749
1854909378
186882660
-1
-1
169832530
1988424933
1116068477
19045882086
1538880575
1804950217
27125782
10238154791
785176859
-1
51415155
65674605
-1
374813740
92730991
4092413489
881495485
1525822
490527984
611952690
18625256
-1
2715754510
18218082
748527452
36099272
161875678
756834
1894812424
3957113
4409545295
-1
9383206
25135444785
3992256490
17077197
2650905
4018956217
41421138618
792628735
-1
841333
1964702
13068
1112583349
3379351663
1928529
891727161
5018718212
33839535519
1255285156
837567476
980002134
2300732034
3717744921
6858959
13360376967
787956765
87045302182
64537304
507456343
28132031
2475339181
26239300
150764983
2400882582
-1
5846116139
614242117
21090754
6081232691
-1
1706063
800841058
19319281
7520722090
3291866420
1981419102
11470208131
2354195
17653408657
61847896
9384581
1576893448
6011545675
4439048166
234432189
161790463
-1
1232275605
527678324
1949040586
155028775
-1
1465112
63520948433
139395689877
856722535
296723384
504399418
-1
5393069097
73990414
52077544
8312180943
812507898
45500496
4213808247
346597544
7345052051
25228236922
1255476692
512214755
324225384
416020336
421567452
7886991
4557594131
-1
48861520
1185423549
662372802
1538475666
5959314437
17885407
70972303
91463417152
93207109
2544102600
678488527
-1
603572643
6807570
27326781917
-1
20511407
565980720
2014678818
12695175
7178326173
1730517
136844162
1232518810
-1
521590167
9502789
359609932
219636401
371228
47881758554
67770927
3793134825
201830992
2571099071
12225379807
3863812178
9210982
19889202
1543581629
1458620945
21002280512
15617184475
275034678
91510986
41113957
1311514417
106877931
355929
160885133030
2451587415
-1
15412243
776681893
3688932053
2883671015
1800923
7156613
510369672
4937838573
6755648
399934839
24607479181
278292666
603045596
337967688
34407964999
1767091335
6436052721
2171233090
6299361435
-1
-1
104506884
882082
25594509
344278307
200383589
10418037870
3149314
2751388879
496932610
31167435
51290243900
43696312
5882284385
3016794130
5300865485
31223341
7650570514
127099916
86626535697
154351972
202867611
7056609
50742601
49891102429
4056789
39016910521
299721008
10785570450
5531538313
3754537993
2021597
675493454
11902402951
6861699547
159689772
1600640591
932586698
51320476981
5474975
1930503052
4265665179
72541083
3142777592
193106217
342028289
20598010
269866744
416214755
1780891738
1481366543
-1
6620762644
679558890
-1
30719624
17665460224
1153098
3176750535
5872307786
834323912
128560271
2023438689
24054810
79936354
122728
16398116625
218152254
-1
880450
3056651
11550036742
1632779
3042505935
6547094511
4084477480
2100774826
1503018468
2195562134
104663830
459324894
995055440
1637901480
-1
11891869259
16506420772
14569641
356088851
33090035
70249286
2745953563
28028997
9465194
36188503077
3488767203
52936291245
465689934
724389879
93759347
332780914
523660
971239901
416564793
-1
16369360
8154548666
174461462
199288905
7207714
-1
5246731617
844623904
45602801618
1656062573
389067130
3383771183
246061329
26901414551
9114334
76672568
250292289
4296563792
45982322982
172326981
147819072
56476744172
2711299711
82967172
26137464374
-1
158010592
3482307681
762222334
737648
17461759770
21199576
22302479437
435210459
1119656275
22404929
31631227482
268673460
-1
9918206
18858107
129854
7880006303
11710644786
750174514
26064655
70416488
105884738
46010142
270312446
384627419
13584236326
21583144
2235261802
1161725919
862645557
-1
16052664
9697138
233665472
8637170
78411731
1696761890
219539535
16945904
1707702673
9251136281
6688536185
17480426
142966
210729
42713698608
39579297
1114033164
5411350
159027673519
334936432
1701841168
325491306
465026827
-1
3428933528
834232
12385515
31120706
1619625
2832656
1192466461
534466675
59171
491736
82305137
7570605
28444360
1164701405
34813834962
1148405988
212200719
216534701
19483353
76349133
713991507
901039806
62914356
116511457
1036162940
8440551392
5785000306
3141669009
108009699
674248341
11710156
21708791333
-1
114854199
1642488502
2122119431
240300692
-1
52919807976
28692121
8084761802
118400482
2434474
16169329654
521222377
44547129335
109140055100
28290294
8304645144
18159675
180674644
77345940
24197825747
14461962978
107582193
2449178233
101659153
580456169
-1
85256619
-1
5256441
72251179248
160886576
63975324
4487758084
1465414964
460006109
147826960318
12696834744
50011569
18885116746
2299704892
4705270771
65830484
984155667
445919969
33580636847
584350665
689132129
205483591
1480975608
1483168385
1474432315
36622220
474335766
3502375
16635904
2593802688
1308818588
816799122
70071039
19066367
3234209768
167317053
126452947
17982947
9296368799
11448984674
3936461
79494237
5485542099
114688442
2776261142
12621689810
4580388
16322971
43538884
206339965
79962598
4723238
92928752
8150364721
48096572
-1
20956155
132964915
5941682
1436334750
43267189
2922198
75323875239
29154
620051860
95547493504
2483354958
-1
1046091007
15836122471
8728903
661006858
281910
-1
250227231
1272428451
4839137133
4142885938
3002330210
70783440242
-1
193904542
1552910235
1662987492
4033874
129664654
1017070598
3781376
1777960345
14733566486
429725973
6272214672
-1
2151168650
106935
-1
51838796
8954019057
1868673635
1521677955
427658
4101402
28246579
3911740067
17976784640
4925380216
1875991676
-1
1305370
799812391
229015785
951325550
66582542765
1637477380
16741129722
1144019990
457198082
99086664
8755742305
44162842
37506945392
291551387
4124298
18648124225
830948220
1516167693
3223084086
59300829135
8146531419
5192495855
3904466
4640925697
111123859
73434635
238070111
66551790
-1
4756390
-1
5998455566
9763635494
308230282
3763387756
12651367
31775565000
24984798287
3611916416
1051594767
58046394
507557799
149104967
132635080705
20873758
357670590
1484812384
3448452085
72193389184
58286869
388960
31481635739
-1
7012548
174649428
2343204094
-1
16206534
19298636003
158232059
748697641
7327015970
9704354506
297427317
896509784
87512225
1957929
1145560183
27688232
1229378904
14167605
77309371
102251
13438182599
2022445113
39553996960
404786851
20894428784
3878194628
3733844145
88521379643
7370917295
46633786228
248522930
8961685
6655918327
15487149066
17290934647
24813534
-1
1089582399
-1
846282287
535563776
3123628
3386763168
16208290
27702182838
969869449
14278383946
2038198059
2254969833
60263819983
474175896
23173964647
20430056
5878335431
7176501231
278710525
395105484
437292975257
66560196
939979224
10436644
-1
113875045
3754295536
184477576
12423061
-1
170128
2941408
202805412
5212852
119684400
2773040899
689790026
53279939
67122061677
3644294912
27251920
1145609088
31662
39437241925
24265485
664183761
12550494
76645561
1509077378
5783689752
834948792
10616416
481405250
44080
33521695
1978713179
422417
1123622072
1079266939
9119003558
331441881
38990579541
5207329
19423231101
16539047133
28291212
15121851222
12905554344
771211777
8927062
1673496081
2116102497
-1
1510427
348405
986145294
744709
-1
-1
1805786995
10983738142
21442667
13355196
66222336
59684607
77180168523
8978469816
-1
229971597
28327025
3881161229
9691831
92330405675
38192647
2398470052
32605064
65176054
21563202117
1044896031
2890978743
4284220
503684424
58064989777
242266271
15716480
-1
3867002
927473495
116581864149
53750258
140526495
2739391
138533952
2286297
3756482295
1014644333
1222407579
5014571526
159725268
250397
1596078113
120296053
272791105
1347141488
16146496249
4099616473
3943200920
81540
19183439649
82310258
32072763039
4858768869
1850484276
54980669
-1
231950386869
41595685
329927597
373581371
11577868
969621900
254734537
9691773374
765525597
1929326659
133884023
1424711829
4379472961
248997302
15217738801
948009244
-1
14704175366
22699101612
20220156
25022068297
343410282
7194970
1680690314
190209520
20157795261
3533648248
20638716
2908326
59627755
3193003226
6252126580
54779395
205110548
1804874152
24422829
72471709568
85411560
3547438
1795619568
-1
38728911964
40501859
4877544957
2133885
441027892
1385949783
1515126178
6033160
1308062657
570438517
13547116139
3270656
13965542820
11474681808
1600827592
1125759884
9178267801
18647043536
2940301538
13678960
1644956516
1083352048
56921213
32658594
40046500602
17931806878
-1
1312018716
113643059
1906111
2095979486
8386622145
94443546
42666922552
-1
7868416013
2026668164
3963991581
-1
9116273
198243000
1899789272
144910093
658349951
25409897753
2186107
2774543508
684171405
28209076260
31512939
877447139
2794095430
-1
944840788
44303624
75803094
11876107161
5517211368
1978024684
5380493
1656927654
2881677
167211642
2173034899
123586
3389132681
100957262
35635658124
3725501037
6866329
3316053002
204083144
168979452
2811541654
6118125250
3046208096
3051756173
1530431718
-1
1688058
208760626
2297437420
8586634
-1
31540847
44363057433
42574190756
429689
176146209
5472478
2524389749
917485977
115831641
35996936290
4461278495
512944917
3404780311
153056031528
-1
1193616814
17540263518
42205089
-1
38109162
762086685
25284707
917024208
586800893
39064949
1123985511
5969824901
15787624
25962703754
6304218959
127471971
1951107541
53099166
11443784825
-1
24496560
2357932914
36433383
87351740
181934283
1412487101
17880013
177594749
2618698328
955822654
83959594552
1571281432
34000128245
99746441
77459146
7799577
9172849717
62803121
15570612370
31010410088
5328812966
1501610483
1145316662
1456565809
4391098
407786005
18924550
86768970849
126278889
-1
792125641
32025175893
132969797
8539861782
29298869
149493701
4624023
3518039844
-1
29832945
853813633
46717668
22487423
98987403
24510148206
836636961
50683013
196025115
3554097964
394050292
947120713
38428431892
747172543
21040383531
147007
4531086664
1164010454
4011195
909393609
9380689
2080125529
65889424191
25779929733
3647736623
-1
31221464
92010819
35967585
52655674
-1
403442377
384561114
2326503361
31145132
12530420449
1411516064
463237867
63094767451
822496426
26372390973
24560543371
9046687
178613038
-1
25642540686
12169126138
2305
52716327
-1
288247607
1006683423
74727185499
4007661
2024725547
201868
172216895358
10571351
89005067
28065341
203921132
-1
258836659
50430165499
2404908
6190090591
43320993640
2471479157
4186608660
843734456
2567929072
11887128126
8087
-1
160299527
6214170079
-1
1888475977
18271655802
469430329
21720383464
-1
2792581284
12258565
-1
9694947675
11501108280
9819487605
801723997
1295739631
10570552809
70701558
828313037
96644
2049105884
2710750066
154448743
779711618
20779603
6583537
632818454
737079659
540820845
1469299263
25435138096
4940
194785526
-1
26086989179
-1
7110177195
25562695034
59304405850
1704290196
11487226930
41751754
-1
136934088307
25568442
13742530961
7431827
1292789
5029971170
-1
598935456
27310526901
2445933591
64397642511
174196101
63433783
2206412
21525199
62028914
961404760
-1
6970535
13439680338
3042409
2368557840
666412353
1511616367
86916857269
23699449
3539611133
3937412147
-1
9724364896
30907130623
7461751
57874309
372007164
964401796
4149630
-1
358966316
474218900
10770319
2284373566
7391912482
5097868039
54407535786
365028
-1
7570015731
2797093061
15911133163
1946736111
209145497
551420015
1003938261
-1
99367288
1320513
3139586567
45485864
32793829416
8204373815
1727311383
8730378559
1547592892
1711737
2598649320
346289147
1881105665
126286766
1334463891
-1
1019564289
4675760405
6441291
609466634
5185591
556615058
17762379
1769629728
24153140373
43216122
243743260
236706
851633968
263797390
14038319576
146393708
157320241
6700623
20127473
200170138
-1
7805232607
4530660135
19016141448
43628918
645065726
26385577744
2429279098
8555509
49865143
76870336
10970419
65295005
8714915279
3933564452
7865418623
82970963
6316945426
48147614042
88876744
281405722
-1
58523948
102334234
59532452143
23670537
1840827
72338999
184304315
10896290441
167150261
2656789
1794044724
73335113
3834176366
1619435720
218154590
11445447546
20016605286
2991486157
500092288
13840725276
430503706
2250746
5541716325
4211551310
20126037068
27351259
142943954
1952370423
1894301181
35147602220
30453420165
21530667381
25137066113
115840707
265510131
340713000
1007031783
127776193
10176414048
3676298628
25940673945
26575308
65766039
4474176286
234818103
317142446
1516665
7464558727
1901252
63350144
6233432905
3093127993
424532819
1837123020
369425087
1205244576
11699678
110257671
1779365380
136404043
1493883954
240111499
365049595
5702150023
9031868493
109731172459
26891408794
58769998191
33350687
13895359160
67185095
24393713
7200685345
586985583
171950042
73364614
44302068
1860883568
49077893
3311104150
1690831544
-1
1181084993
191963332
17770135814
38758082
1165608751
398982840
390313270
1585936746
6441275764
1220132
5032653246
4130142672
23468092
24237126
1852338640
14045866235
66617250
574159391
486532
83314169
40994884
17870235246
670276474
-1
16326507
4137630
6892883
252451049
8601885
12772762
87287418357
535802
161107162
1598237608
37130054386
200290446
1451971472
5901918623
7040849715
13423919615
12279870
228752923
3214819211
11477937
-1
15914107
1741854602
6225991252
1754753898
84126954
3401970686
145809202140
7029367
158800446
3443808
17644666808
1026414636
5613239466
1282705131
1316401812
91806488
39368
25403241
654040206
751300340
564325968
2274623700
-1
85995138
1763111694
1387587920
73642197
1883516160
13604005135
34391170
5067091580
49214723
24575584
65557829
59571513
4968450217
1416869
4445230890
17596810494
394838416
-1
6282790
4244734793
3163017041
3574290932
1579969906
2568944
22604569
1309242
8334528546
3980328668
11278678
161686442
965265
534518464
1803531
15229893984
10836141759
3582907889
110599764
2496755332
26119776975
-1
3473783
3669596490
105821348
-1
469085178
16814442853
2052755
265172066
525469
45362838
4480858
844470
3329918140
4404938022
19147017
1618450308
13815402504
3828940
436467581
4053176857
154480939
11498192021
814732705
678957537
440769123
4052889364
-1
8254300
133479748
689874
3197286
652675
3667365411
5426311886
7842021094
161833896
129547262
-1
523754001
12882429
9626695652
116402191
-1
1630644123
-1
7534851761
-1
109995826
379572
6573763580
60636523
17355828
133569457
434734603
1069820515
153275259
782134981
-1
552699228
184427415
114668010
-1
5301556083
41798168
36542353
19898856
443611919
903179723
423398
1542897624
1502031026
385060980
10610411410
-1
-1
73605973240
2642602532
3969460466
266649214
-1
1416434773
2919232
4838882747
43689270
2168299592
54365388231
236012
2973239027
-1
1371107
2886768904
1747725428
138801567
6624712823
132311049
60591
64743706431
1233059798
2085230209
168876509
23534526
13982832959
7692489
162693145
3050652423
1501677259
202402326
136255780
-1
164569218
897395
10299066803
2823987
762858893
163192886
11695571
29945126
560550445
777492785
311826869413
39207698064
22478225
7710673201
2104543266
4864534
43621280
26801038
-1
34700839
42135116589
1517833807
226600147
-1
-1
130646352
186196422088
20250646
1012451195
9946296766
18860047866
362632777
2386721908
23288083
17249202784
9831172171
356691
973977830
973917891
16002963
-1
377147740
5273403390
139519
2870473391
1654948861
238728787
-1
240085372
3253525137
2977127197
11552046110
2720350504
49663229
661428943
980735138
1332257379
1766346127
84935489
92965114
2988214468
187414437
2672375368
942753387
1485799611
761794389
436282
-1
-1
2100685
3901435131
-1
353635792
725667875
159569878
1315337927
350798951
-1
129449146
390197473
1354600
66589685
2938110
276743796
142595830
630536750
14003344804
426025868
1556282048
99383674
5266951
2587138224
6278216
50457132
61481581751
51224914
171034650
2051899600
57939519
1632543886
4797491838
4679167851
64994835724
8635635493
4435305
4524732345
-1
114388133
26917824
16952097
1003272079
-1
29617702
1269856326
3735926626
-1
-1
1792346
660026176
1311590585
3272925226
583514984
645926
5616914
3468948
19656144488
74287039215
4843398273
5613175233
143660353
4003002
364465587
632847520
115931947472
2532721790
102356886
-1
1552761533
14913493782
9928128
10853329
5053608207
190489411
1848444418
301787255
3595142
1830083144
10737518
707829454
4107309672
5181823308
149054
657591730
499809611
16057292
305913302
1588139073
529538538
91442711
865797686
41903947
450812
2995904783
6815674082
2174900527
28552459
-1
22591237685
6920287921
10127040064
12256907098
1476193898
-1
363449401
4561783535
22017519891
1613020935
216243881
8058372536
11591050
1572736164
1339536392
1362779957
68680259
8725611299
16723813688
1251655
2113888790
549594492
9954627
2276728768
190516196
1599260789
299811220
35397569223
20144187734
35464176650
9056329
1031798281
412578503
2616387192
9273074945
15202733
367138129
42977941
79566530
-1
3309749195
-1
3301887727
928592
-1
-1
12773069587
826302205
10742384534
4272599406
152313677804
101966972
31450767930
1355602
71393504
-1
1028512578
350522
13085802975
9555499
-1
201653922
33089409
3929248
234714923
4385371601
7408920174
89616678
100876098
200199280
77328595124
42102226319
35476978440
2917575504
548315040
950577718
20548994
-1
104705229
5294093
729440891
1682361711
64169646
772880916
444837183
-1
92475465
2139968566
36013719
-1
144690942
9635405739
8770322172
416651074
1395514178
3808200280
6783769427
88500589
2162902477
9889737324
17448029083
595148696
172717042
23478546779
34063382
130113400
1019315192
12648029643
253227241
167842773914
98391307
14046736
6854437045
13094489
2320551
197129662
843876062
18687590155
2941794108
730775699
181068714
101772528
10697243687
16167489728
809716891
55120195
1234294478
2206047487
23787517308
439287983
1011348710
1420984852
111368104889
836247415
10512673213
1648015989
47711284065
137254339
178820354
27994
6670823091
1371810354
20489591
1080551666
39552144
30567384
2156881311
16184500240
1342310293
32181387
65310
83261958
320521148
13179374
511288526
6085709450
1601786365
698993457
-1
403125
16691652410
76276752
-1
1235252358
537277159
846367867
603193270
4501500
6920014
1864995248
23071379672
15349900
117803919
434078889
97623033
941416480
2079492330
160890917
-1
10606752
724257254
12429405045
82012617164
1698843963
-1
1665298392
181991018
5357205366
3978277185
833149
6341243161
54861504
1629653214
1704055
238166301
39813423
4606714977
-1
1866782501
-1
61666046
1468710090
8373462760
2896893787
68853875
970422590
749151095
1097469182
8480201575
1029499491
-1
158095249
909785456
2306330189
210314256
1054907909
105675987
-1
339946747
30553303780
3343064272
-1
19132128
511634584
11519196
1339242735
322133116
920351
17173596
16432231
4649294043
119991
225928060
58719014695
400734897
3281543053
12389368507
394024950
43274986
3313333
7223777
-1
204994310
2451917546
-1
4231723732
7737041495
500363561
7148723025
1643811713
1399237302
4450186161
9503570347
76790331
32531932
996959052
13036757599
1733211568
-1
100971875
110449469
813599409
-1
-1
569671189
87431396
1779312748
347376831
2946606046
2500611717
5803285531
1467659938
2617426
5316055
3419082058
865702422
510416888
347141453
2011249706
1368911
1412718812
4203755
438601821
217052249
832741349
1211431048
1427565426
12147612061
68916662387
64903205
655219633
12761270468
41930217
43805097
2661094
27313846
1605155137
85238089530
1221285842
367173
1074241398
741839561
7742387110
161558924283
61114970907
102228930
127474325
377256
19297824
14798534330
294930260
10554564
95636223
92351027
1172649938
8031786
20032207182
49088965
61656309228
252991356
1295215
74818763
1134144
689398036
231749653
692246316
310816201
41434263
1236820
7674345
3069899594
77864149
244430196
26143548
78821173
75749324
407903511
3232738
1579133142
124879282
771331090
-1
2120082038
169474330
936076108
429906
2701389677
221534706
2364341982
459982352
5724505180
-1
953610695
1573141647
207713242
154766089
8709411
150374290
90575680
1912879096
-1
45738921
26145245847
3597263539
317709700
2480989657
5085370298
217120132
3799710
2083355
-1
2007410169
150158097
276246631
2826366065
4713348
506875612
35303993624
-1
3851767844
194707684
3996806098
-1
20393038
587327338
1313951
1038709120
105896143
142089178
38780734
1108707321
7689739007
18513439
154973075
906261457
298298248
2274727063
8498394
1961847062
195154864
15756335403
40567076020
219518957
9466466064
8058310502
-1
611065
10013531062
-1
1314892
2217996637
71918882
17851676493
5878995933
2649068327
10857497468
188914287
-1
194604
5893337443
-1
-1
25932931495
4516735780
79702150
-1
505644124
4281923078
6962465010
8372676326
13440930
349096659
81996715
35674614
617288229
158187977
16737348
147069141
10181915649
20762812662
9445083
111279402019
1141333
-1
2263883207
94305565
1404431306
2849697
6832539034
6971908
10411130426
15125801427
17941314
2029142249
4688799356
1316
120877199756
3529426
246367
88053211
46210984
-1
5578352
34778361425
1268453635
278252211
251206233
58557029487
29571143
2013210049
454823484
106979104
155468962
2471092178
312520958
-1
319490488
780013031
206084
61513432
9913519460
11931174086
6506040637
341211449
816933390
115059894
603189583
14352006
2837187401
47022180614
4544990572
7587510
157194341
1008582604
7787625
356175578
241000137
38538779595
498057680
921629813
5827978547
3736371131
10679754
3210291941
78165307
6934848400
6914196451
175022786
51423
2434235
23082833
1662745192
1157479834
1131098738
244761546
24725248
48590858
-1
3906826779
-1
1178157603
154566646
71239978
-1
23011470
10644168281
-1
12697006971
9407913780
634839773
1316582721
-1
7431165428
2855274666
5968872
931018400
9978413
-1
24713182
8137036889
561152777
9558036794
415638477
8902836
1042237680
1667009719
8094144598
750764263
20059744
-1
38076473819
2824311214
-1
10413128375
-1
231157804
13992216606
24198218332
-1
300907597
2926191796
-1
9203383378
164829231
2723205622
3552594897
4673239
524792
84052758
14956725193
7529965541
26236579072
17616753583
1433320090
2101628
26838969635
39682479256
865904459
4623324100
1840106250
3423357937
91766766
1295785357
2936728463
24836078809
6763775
498021654
55467562
219313181
201066946
343495463
516861206
570014314
142452125
2136864141
32188810468
1572745323
2105325621
3225230
6224742
749485049
121288146
15800633
20688704
13719765078
3495941
-1
22345619
506216659
1153070588
8320736603
157471986
1070983155
1435378887
4782993330
1076042545
13516899
59288472
523056733
7054510849
34866749
912953255
563840
-1
8025526209
733141503
-1
273584264
348143916
204116556
19633883
1177788803
4728610271
-1
34213924
63980289413
2614
10234261089
5502949049
4415536320
29182318210
-1
23845031357
45432514
67288418468
-1
4533291
743576411
14594311
289688375
206549344
63667278
17780535
3582489694
995758064
2908685181
216964069
16076306030
434261026
520832680
62788491329
3025431
416949741
6833919309
539823163
2967387463
4743457407
789592
426541982
225287411
5986624587
91368616422
39558076
62838306
1357504713
-1
1707041
58539110
85798868204
-1
156959581
4098
236162
9292633905
169058590
-1
-1
2060137
124733
7994916281
206017
-1
319893861
1524882753
290058708
7140794409
3995307452
1334477
2326571702
60634433
130302366
-1
-1
-1
22155042739
64873429265
5008265
1453680
1883718156
699801740
439744
2353095888
71694949
969014570
7537494252
9541492
3520946470
6043038644
1123550652
14448959857
-1
23134588341
4440322190
19230932754
708273
-1
3176121986
16900055
17473189714
98555924
102705548
29343004
4304296
950133
25156058393
296675394
15863179
10775389157
99073833
3616842130
117077826
364366394
157610164
766513636
10060487
2633411520
11443172121
1416534195
236816547
-1
20250090
1003699762
46375312
-1
179212936
7550624694
25975078858
7236200099
22706930948
9686870060
3417138693
124701802
14329618301
115729800
12578336
94631906
5955830862
-1
-1
-1
-1
1868616
6112400352
39867932
14952590
5178134742
-1
4814308
4836603495
991497997
19095476
-1
2854372127
1233506639
27388165
7308063
476693992
938152953
123457090
22029458
26372691
548198131
-1
62828332
1730769999
23375081
2007935219
-1
22690358697
17119967
33539498267
19159128214
148527
1954378601
12632901
10888296233
80007
17084856284
1883281349
4955842884
364181691
485171
277140202
18530577
835919113
65646157
156795928
6488485045
8550908021
1824818272
-1
64854948232
703867687
117209013
77599679
167508583
2054393187
159563325
481951883
7112769
5068207262
16582603
15897993037
1916068900
6353619
103096
221489914
24801842
-1
972842368
155528817
27146763443
45396321218
1105137
1538715640
75774415
4820754617
-1
5788696849
122568
323930331
1224833830
2203906415
1247143406
-1
115527478
17248107
296224967
-1
-1
2554653192
8181408573
206232591
99581340
13159616732
390654943
13381169475
5360417
5076973391
573768127
3829977050
11554758132
64050552
40757078
9344087
914382888
-1
330429297
13682961
-1
828689609
394107271
57175911
19171038
50708601706
3524138588
11336624521
2248400076
385089261
-1
326790703
-1
27389468
6192981102
2950300256
37558661
4634632130
270464502
39256353775
18158836
964524818
2017015373
277458076
1260768137
8369215968
96097108
23396827393
4974417820
198016766
10555718141
48916118
18189663886
157432897
126317092
5355355434
3062337
-1
1069756554
1037042
2464504882
935
659558921
2022539458
195593
43498814
1966305
258600013
532530699
31373792
16415218
40703234
79973612
135971985
17062139
92175211
731801749
338972661
3443341706
4529893978
33488836
47160295109
6166481
1256597704
1680601815
95864107499
13869925200
78187059
454605
5416633326
422032
7822355376
137062959
4624152676
128695509
102076085221
185947747
-1
903611595
-1
10289651834
184770265
239465597
392183375
10465605
1835274957
41130580
3730685
375003464
482573257
1077137793
83321018
239768767
22533609
-1
7054265309
171760066
57032150
-1
6978878
93330424
95489105
-1
192711
3557449206
78050908
2624001660
2647874
110796560714
4767112786
11902670042
3258066460
18133000768
9363523368
1936066308
573094940
25940886
2866995064
914575599
183039458
2319916766
140631742
37007198
22224923983
64198678166
664429824
219732566
-1
8797534355
56535633
22048289283
444295177
1306258030
194572792
151265561
59385682
249762671
183956881
1058736329
208920570
1048008
9591324310
1412018369
13628933
443904293
513708198
-1
15414717674
5049757549
2375111162
3287763440
228129731
6824412943
3825597074
4051517562
34652050821
7121760649
337754686
1721685
61998774
683254951
31770575030
87206615
44049838496
697836
11629595168
95454470
811339984
2060176131
64977743
5242687837
21550804865
3857739198
4611582962
3108603780
180275397
2577370880
14121280
156313594
1732551
109112127
60394739128
117426094
66908750114
140026797
1247783223
-1
-1
242778749612
24014917391
1806189883
151171467
172290627
2295605
91648140004
762515276
6845781608
28149088596
339342106
431020861
16678115305
293823950
1100584454
1349655739
16580149
506739981
41653790
2129295438
7763022230
9163870707
943175193
332743866
1231829397
1448260458
4500108733
75796045
358037190
37655530
157063332
-1
6042754123
112872211
15240484543
295728495
9276228542
-1
-1
215548752
18037418003
162391193
397351851
-1
138558217
65962526
971993908
1056129453
30379339
-1
33954911
1843252619
226354087
3827896201
1860688739
21065902
348649131
29637736
6628986238
13744227201
2788395610
10022895
12268045168
55475463
34322646258
73259164
53300148
501612823
1829402905
6177717807
88476604599
-1
1211780
50597305088
1488054291
192439770
21830678
532585589
5673362480
458378054
194725856
172336705
10560123298
9845417848
48683798149
73535271
241626736
13153942
263769101
17449177846
1733257664
10505401019
-1
-1
7143799744
44740586
-1
8171830956
-1
2148758301
28638218306
691021653
3421501725
103171520439
7744623948
6429390753
-1
2017556700
42104977
29568639558
49956656
1558403
28076518
34963018675
134590379
8313537449
21603369
136138730
4893497971
820379383
31459323803
197967089
7186059
174477370
13279202
5405271602
469630679
4808099315
116072599938
22212342
1119014205
1111708
792439181
-1
-1
21179734368
64483222
167293
7536535402
71588160266
448466452
10506722
185099051
1684433933
10152388994
8433401232
79868289447
316952809
10450796383
91739000895
8799799
8934490
726445570
2546835869
3222690171
1498054745
43498832
2147849
660117
7853246039
3540460847
42593184
-1
296950071
4996029120
2582169625
5851304420
3927985
-1
493262216
1374516
25568666327
31363356
27903112
167462430
-1
10949390
1269034
607908255
44077709
517926143
2846141745
75701546625
6338596
582353965
309054
56632345020
447102444
7266189823
2327061908
19264634496
6076468667
480887778
1724246340
35447185366
18841247053
-1
85178134
4148733714
13128365282
148359816
98113649
43897670161
7800989
7665251903
447378089
308411887
5166576801
1963107123
10811535
60803828
6406234
39019106757
2467687665
12288667
146857078
1209886119
1887717
60966832
55786526
3036351019
25209606666
53711921501
68435429
283724
36283259
516373010
10039415
883907093
2134824708
32608191831
324839732
1055447
1093927
1710986032
477207
1498009678
1153230134
57325209
28602809
3687936121
27154593
1865508
692736899
4813752612
-1
-1
3932622398
70341270
2450964480
381017524
202788179
3257505208
8913233
38225049
3585686916
4739386023
46673206
11173938582
1900214330
2476221
242998309
73970327355
46154808630
20976016
1312430
174236378001
1065591386
43828914021
81264559
84042184871
5717570522
38990498
347604047
20793929842
128786904
46646724
4409477
942123458
14483189808
12960154
1285730717
15532769602
11531341
12711116127
86314998
2222347327
9829294058
1177978099
-1
271873714794
27681396
5022233699
6196897
15036615
-1
8073604521
834132110
1015567213
3743028076
19618
54511899
2238176878
170216748
166935643
8215849
7760169760
2212607145
3669622
2368694
33995048
14154830
5968280215
501065266
-1
209053462
104418227
78062866
67440479
421253299
1215302756
10814238636
4192400859
618512845
902609260
55680161
4212977353
639207065
-1
77556845970
12409639126
-1
2879704951
6670576512
6404446879
154795743
146997593279
45738264725
-1
16341863
742251317
10091214
73649152825
279267174
35300770
1166850760
24534073491
36420770
86425223
331056711
74563488
4602992275
821637929
1631264513
69221942
104608325
89850688
265830439
3499232843
-1
14748968179
96465475
95122268
2607171
896549068
1150468381
7886287865
354625771
19738190
3841030
1686111968
184575193
74188725731
1682312717
3976150617
59710499
-1
3761040997
245773954
18664459
2568672710
1405452416
6080712637
628510368
7996062
2822210908
30330607733
877532895
306210028
3119881238
11287036846
11142501778
9566327638
1002460008
1680937
10594489781
27030761067
-1
28352853175
1872390961
459012774
5088529007
274128762
8405642
-1
138100559
120240893
-1
4051594
40886682
2011692703
2659652342
484479270
140250991301
-1
8731836562
3265594096
22267766
175544102
3088108404
-1
1102228567
53319933
175960597
3561560
1162068707
-1
-1
1439768783
55175207
643876966
8445246488
248088414
32120162060
359049248
168943445
26469137
102750509
4142003105
-1
74040299707
8728634511
248610340
-1
5630350074
-1
1314971994
889918133
