38154633
120359744
168590650
356792618
59422979
378429221
19918831
103863789
107828575
71742386
16465148
303437867
109981911
7119182
167333635
78254299
603741553
25401525
380101
311368722
110211241
77015122
90015270
122032899
308940811
2224987
216049942
74849837
92534602
68211339
235465866
133903987
344092111
7027223
120099583
62424059
76633144
91331087
292900026
447631213
120855826
61845904
1206589
203540572
5679928
81957990
339068894
41705638
7334171
411592687
174372730
78253567
430892413
19024328
12648996
92894170
306546516
12201205
72656324
170337325
55587358
323371034
373206664
42506988
95072343
68443855
80281122
13744416
152202159
59757734
8735481
9350563
27534724
162828746
251723828
108203223
341320206
3303054
337097826
110479474
7194475
3591253
-1
66489653
631495887
24749390
6178257
153592086
12746725
65910419
21734069
58533772
51792766
38325696
18122585
99043117
12743810
301180619
464934533
250512057
