72800
-1
497094
13224
27590
2225
218563
358531
43741
192750
490497
175865
7698562
123225
260298
5031
-1
3886164
3199
133
20265
858508
2599
5241
210
22076
10719
162921
4644676
304043
5868
6371
59580
47279
183546
15156
93602
3853
131290
7283923
4014
21042
59509
839313
4820
4837
4770370
6404
1383
2082567
36876
56584
40622
14193
-1
948588
156517
-1
-1
3996
17164
75094
340215
39302
1015
11752
-1
3457
379
41953
33753
1199
1332
28364
103230
1721097
1106756
311552
209
24391
63217
-1
879752
3026892
-1
62996
3360
4065
55651
546513
252310
124752
3699
709751
830
89329
15955
51414
3281
-1
